%%%% artist:Glassjaw %%%%
%%%% url:http://www.e-chords.com/bass/glassjaw/when-one-eight-becomes-two-zeros %%%%
%%%% title:When One Eight Becomes Two Zeros  %%%%
%%%% difficulty:nolevel %%%%
%%%% key:None %%%%
%%%% provider:echords %%%%
%%%% contributor:None %%%%
%%%% type:bass %%%%
%%%% Tab:
	  




Intro

G:----------------------------------------------------------------------|
D:----------------------------------------------------------------------|
A:----------------------------------------------------------------------|
D:-17--17--17--17--17h18p17--17--17--17--17--17h18p17--17--17--17h18p17-|

G:----------------------------------------------------------------------|
D:----------------------------------------------------------------------|
A:----------------------------------------------------------------------|
D:-17--17--17--17--17h18p17--17--17--17--17--17h18p17--17--17--17h18p17-|

G:------------------------------------------------------------|
D:------------------------------------------------------------|
A:-19~----------------------------------------------------19~-|
D:-0~-----------------------------------------------------0~--|
(Above section is repeated all throughout beginning of song)

G:----|
D:-0~-|
A:-0~-|
D:-0~-|

Verse
  
() done on 2nd pass.
G:---------------------------------------------------------------------------------------------|
D:---------------------------------------------------------------------------------------------|
A:---------------------------------------------------------------------------------------------|
D:-0--0------------------0--0------------------------------------------------------------------|

G:-----------------------------------------------------------------|
D:-----------------------------------12----10----9h10p9p0----------|
A:--------------------------------------------------------8~-------|
D:-0--0------------------0--0--------------------------------------|

G:------------------------------(12)-|
D:---------------------12------------|
A:-8---8---10------------------------|
D:------------10--0-------(0)--------|
(Repeat Above)

Chorus

G:-------------------------------------------------------------------------------|
D:----------------------------------------------10-------------------------------|
A:----------8--8--8-----------8--8--8--------8-----------------------------------|
D:-0--0--0-----------0--0--0-----------0--0---------0--0--0--10--10--10--0--0--0-|

G:----------------------------------------------------------------------------------------------|
D:----------------------------------------------------------------------10----------------------|
A:-----7--8--10--8--7---------------8--8--8-----------8--8--8--------8--------------------------|
D:-10------------------10--0--0--0-----------0--0--0-----------0--0---------0--0--0--10--10--10-|                                                                                                                                                

G:---------------------------------|
D:---------------------------------|
A:--------------7--8--10--8--7-----|
D:-0--0--0--10------------------10-|

(Ring out chords)
G:------------------------------------------------------------------------------------|
D:------------------------------------------------------------------------------------|
A:----------------------------------------------8-------------------------------------|
D:-0--0--0--8--8--8--0--0--0--8--8--8--0--0--8-----0--0--0--3--3--3--0--0--0--3--3--3-|

G:-------------------------------------------------------------------------|
D:-------------------------------------------------------------3----3----0-|
A:----------3--------------------------------------------------3----3----0-|
D:-0--0--3-----0--0--0--8--8--8--0--0--0--8--8--8--0--0--8--0--3----3----0-|
          
G:----------------------------------------------------------------------|
D:----------------------------------------------------------------------|
A:----------------------------------------------------------------------|
D:-17--17--17--17--17h18p17--17--17--17--17--17h18p17--17--17--17h18p17-|

G:----------------------------------------------------------------------|
D:----------------------------------------------------------------------|
A:----------------------------------------------------------------------|
D:-17--17--17--17--17h18p17--17--17--17--17--17h18p17--17--17--17h18p17-|

G:----------------------------------------------------------------------|
D:----------------------------------------------------------------------|
A:----------------------------------------------------------------------|
D:-17--17--17--17--17h18p17--17--17--17--17--17h18p17--17--17--17h18p17-|

G:----------------------------------------------------------------------|
D:----------------------------------------------------------------------|
A:----------------------------------------------------------------------|
D:-17--17--17--17--17h18p17--17--17--17--17--17h18p17--17--17--17h18p17-|

G:------------------------------------------------------------|
D:------------------------------------------------------------|
A:-19~----------------------------------------------------19~-|
D:-0~-----------------------------------------------------0~--|

Verse

G:---------------------------------------------------------------------------------------------|
D:---------------------------------------------------------------------------------------------|
A:---------------------------------------------------------------------------------------------|
D:-0--0------------------0--0------------------------------------------------------------------|

G:-----------------------------------------------------------------|
D:-----------------------------------12----10----9h10p9p0----------|
A:--------------------------------------------------------8~-------|
D:-0--0------------------0--0--------------------------------------|

G:------------------------------(12)-|
D:---------------------12------------|
A:-8---8---10------------------------|
D:------------10--0-------(0)--------|

G:---------------------------------------------------------------------------------------------|
D:---------------------------------------------------------------------------------------------|
A:---------------------------------------------------------------------------------------------|
D:-0--0------------------0--0------------------------------------------------------------------|

G:-----------------------------|
D:-0--0------------------0--0--|
A:-0--0------------------0--0--|
D:-0--0------------------0--0--|(Do some crazy slide into the next chorus during the drum fill.)


Chorus

G:-------------------------------------------------------------------------------|
D:----------------------------------------------10-------------------------------|
A:----------8--8--8-----------8--8--8--------8-----------------------------------|
D:-0--0--0-----------0--0--0-----------0--0---------0--0--0--10--10--10--0--0--0-|

G:----------------------------------------------------------------------------------------------|
D:----------------------------------------------------------------------10----------------------|
A:-----7--8--10--8--7---------------8--8--8-----------8--8--8--------8--------------------------|
D:-10------------------10--0--0--0-----------0--0--0-----------0--0---------0--0--0--10--10--10-|                                                                                                                                                

G:---------------------------------|
D:---------------------------------|
A:--------------7--8--10--8--7-----|
D:-0--0--0--10------------------10-|

(Ring out chords)
G:------------------------------------------------------------------------------------|
D:------------------------------------------------------------------------------------|
A:----------------------------------------------8-------------------------------------|
D:-0--0--0--8--8--8--0--0--0--8--8--8--0--0--8-----0--0--0--3--3--3--0--0--0--3--3--3-|

G:-------------------------------------------------------------------------|
D:-------------------------------------------------------------3----3----0-|
A:----------3--------------------------------------------------3----3----0-|
D:-0--0--3-----0--0--0--8--8--8--0--0--0--8--8--8--0--0--8--0--3----3----0-|

G:------------------------|
D:------------------------|
A:------------------------|
D:-0--0--0--0--0--(slide)-|

Bridge, I guess?

G:-------------------------------------------------------------------------------------------|
D:---------------------11--11--11--9--9--9---------------------------------------------------|
A:---------------7/-9-----------------------9-------------------7--7--9--9--9--9--9----------|
D:-0----0--0--0--------------------------------0--7----7--7--7-----------------------9--9--9-|

G:-------------------------------------------------------------------------------------------|
D:---------------------11--11--11--9--9--9---------------------------------------------------|
A:---------------7/-9-----------------------9-------------------7--7--9--9--9--9--9----------|
D:-0----0--0--0--------------------------------0--7----7--7--7-----------------------9--9--9-|

G:--------------------------------------------------------------------------------------------|
D:-------------------------11--11--11--9--9--9------------------------------------------------|
A:-------------------7/-9-----------------------9-----------------------7---7---9---9---9---9-|
D:-0--0--0--0--0--0--------------------------------0--7--7--7--7--7--7------------------------|

G:---------------------------------------------------------------------------------------|
D:-------------------------------------11--11--11--9--9--9-------------------------------|
A:-9-----------------------------7/-9-----------------------9----------------------------|
D:----9--9--9--0--0--0--0--0--0--------------------------------0--9--9--9--9--9--9--9--9-|

G:---------------------------|
D:---------------------------|
A:---------------------------|
E:-9--9--9--9--9--9--(slide)-|

Last Chorus

G:-------------------------------------------------------------------------------|
D:----------------------------------------------10-------------------------------|
A:----------8--8--8-----------8--8--8--------8-----------------------------------|
D:-0--0--0-----------0--0--0-----------0--0---------0--0--0--10--10--10--0--0--0-|

G:------------------------------------------------------------------------------------------|
D:------------------------------------------------------------------------------------------|
A:-----7--8--10--8--7---------------------------------------------------8-------------------|
D:-10------------------10--0--0--0--8--8--8--0--0--0--8--8--8--0--0--8-----0--0--0--3--3--3-|

G:------------------------------|
D:------------------------------|
A:----------------------------3-|
D:-0--0--0--3--3--3--0--0--3----|

G:-------------------------------------------------------------------------------|
D:----------------------------------------------10-------------------------------|
A:----------8--8--8-----------8--8--8--------8-----------------------------------|
D:-0--0--0-----------0--0--0-----------0--0---------0--0--0--10--10--10--0--0--0-|

G:-------------------------------------------------------------------------------------|
D:-------------------------------------------------------------------------3----3----0-|
A:-----7--8--10--8--7------------------------------------------------------3----3----0-|
D:-10------------------10--0--0--0--8--8--8--0--0--0--8--8--8--0--0--8--0--3----3----0-|

G:------------------------|
D:------------------------|
A:------------------------|
D:-0--0--0--0--0--(slide)-|

G:----------------------------------------------------------------------|
D:----------------------------------------------------------------------|
A:----------------------------------------------------------------------|
D:-17--17--17--17--17h18p17--17--17--17--17--17h18p17--17--17--17h18p17-|

G:----------------------------------------------------------------------|
D:----------------------------------------------------------------------|
A:----------------------------------------------------------------------|
D:-17--17--17--17--17h18p17--17--17--17--17--17h18p17--17--17--17h18p17-|

G:----------------------------------------------------------------------|
D:----------------------------------------------------------------------|
A:----------------------------------------------------------------------|
D:-17--17--17--17--17h18p17--17--17--17--17--17h18p17--17--17--17h18p17-|

G:----------------------------------------------------------------------|
D:----------------------------------------------------------------------|
A:----------------------------------------------------------------------|
D:-17--17--17--17--17h18p17--17--17--17--17--17h18p17--17--17--17h18p17-|

G:------------------------------------------------------------|
D:------------------------------------------------------------|
A:-19~----------------------------------------------------19~-|
D:-0~-----------------------------------------------------0~--|

(Repeat Above)

G:---|
D:-0-|
A:-0-|
D:-0-| (Ring out chord and let fade.)

This is an official tab, tabbed by Manuel Carrero for www.glassjawband.com I just thought it was a shame it wasn't on this site :P I take no credit for it

plantypunk_182@yahoo.co.uk

	  
