%%%% artist:Gravenhurst %%%%
%%%% url:http://www.e-chords.com/chords/gravenhurst/romance/keyboard %%%%
%%%% title:Romance  %%%%
%%%% difficulty:nolevel %%%%
%%%% key:Am %%%%
%%%% provider:echords %%%%
%%%% contributor:aman_claudino %%%%
%%%% type:chords %%%%
%%%% Tab:
	  

<capo>4</capo> 

<b><i>Capo 4</i></b>


<i>Intro:</i> <u>Am</u> <u>F</u> <u>Am</u> <u>F</u> <i>(2x)</i>
 

<u>Am</u>      <u>F</u> <u>Am</u> <u>F</u> 
valentine 
<u>Am</u>      <u>F</u> <u>Am</u> <u>F</u> 
valentine    Spent to 
<u>G</u> 
long on my mind 
         <u>F</u>                <u>G</u> 
with the pain on the lies 

<u>Am</u>      <u>F</u> <u>Am</u> <u>F</u> 
valentine 
<u>Am</u>      <u>F</u> <u>Am</u> <u>F</u> 
valentine    spent to 
<u>G</u>               
long on the side 
                         <u>F</u>                   <u>G</u> 
trying to hide this from everyone, everyone 

<u>C</u>        <u>G</u>    <u>F</u>  <u>Am</u> 
when i return to you 
                 <u>E</u>                   <u>F</u> 
we`d chosed to ignore what i put you through 
      <u>C</u> 
still kicking around 
    <u>Dm</u> 
the same old ground 
         <u>E</u> 
the same old ground 

<u>C</u>                 <u>G</u>   <u>F</u>  <u>Am</u> 
you laugh like an old man 
              <u>E</u> 
crying in the sleep 
    <u>F</u> 
and you put on your best suite 
  <u>G</u>           /G#       <u>Am</u>    <u>F</u>   <u>Am</u> 
i follow you around the route  


<u>Am</u>           <u>F</u> <u>Am</u> <u>F</u> 
love of mine 
     <u>Am</u>           <u>F</u> <u>Am</u> <u>F</u> 
this love of mine      these fucked up  
<u>G</u> 
tricks on your mind 
                         <u>F</u>              <u>G</u>       
now i can`t hide it from anyone, anyone 

<u>C</u>        <u>G</u>    <u>F</u>  <u>Am</u> 
when i return to you 
                 <u>E</u>                   <u>F</u> 
we`d chosed to ignore what i put you through 
         <u>C</u> 
we still kicking around 
    <u>Dm</u> 
the same old ground 
         <u>E</u> 
the same old ground 

<u>C</u>                 <u>G</u>   <u>F</u>   <u>Am</u> 
you laugh like an old man 
              <u>E</u> 
crying in the sleep 
    <u>F</u> 
and you put on your best suite 
  <u>G</u>           /G#       <u>Am</u>    <u>F</u>  <u>Am</u> 
i follow you around the route 

solo 
 <u>Am</u>      <u>G</u>  
-5-------3- repeat 3 times more 
-5-7-7-6-3- (at the last time 
-5-------4- the Am-chord is played 
-7-------5- a bit longer - and the 
-7-------5- G-chord just very quick) 
-5-------3- 

<u>C</u>        <u>G</u>    <u>F</u>  <u>Am</u> 
when i return to you 
                 <u>E</u>                   <u>F</u> 
we`d chosed to ignore what i put you through 
         <u>C</u> 
we still kicking around 
    <u>Dm</u> 
the same old ground  
         <u>E</u> 
the same old ground 

<u>C</u>                 <u>G</u>   <u>F</u>  <u>Am</u> 
you laugh like an old man 
              <u>E</u> 
crying in the sleep 
    <u>F</u>  
and you put on your best suite 
  <u>G</u>           /G#       <u>Am</u>   <u>F</u> <u>Am</u> <u>Am</u> 
i follow you around the route 

<u>F</u> 
you put on your best suite 
  <u>G</u>           /G#       <u>Am</u>    <u>F</u> <u>Am</u> <u>Am</u> 
i follow you around the route 
<u>F</u>                
you put on your best suite 
  <u>G</u> 
i follow you around 

<u>Am</u> <u>F</u> <u>Am</u> <u>F</u> 
<u>Am</u> <u>F</u> <u>Asus2</u> 


01|2015 
	  
