%%%% artist:Grupo Guerra de Paz %%%%
%%%% url:http://www.e-chords.com/chords/grupo-guerra-de-paz/guerra-de-paz %%%%
%%%% title:Guerra De Paz  %%%%
%%%% difficulty:Advanced %%%%
%%%% key:Eb %%%%
%%%% provider:echords %%%%
%%%% contributor:Guerra2010 %%%%
%%%% type:chords %%%%
%%%% Tab:
	  Guerra de Paz – Grupo Guerra de Paz 
Composição: Muleke Binho 

    <u>Eb</u>         <u>D5+</u> 
* É............ ta tudo bem tanto faz 
   <u>Gm7(b5)</u>                    <u>C7</u> 
Se quiser     faço uma guerra de paz 
<u>Fm</u>                 <u>G#m7</u> 
Só fui sempre assim 
               <u>G7</u> 
Eu sei de mim 
               <u>Cm7</u> 
Passei por mil vendavais 
<u>F7</u>	                      <u>Bb4/7</u>    <u>Bb7</u> 
Tão seguro quanto cais 

<u>Eb</u>                  <u>D5+</u> 
Bem mais......do que me diz teu olhar 
     <u>Gm7(b5)</u>                      <u>C7</u> 
Escutei.... meu coração se fechar 
<u>Fm</u>              <u>G#m7</u> 
A........ um mal de amor 
            <u>G7</u>                        <u>Cm7</u> 
Reside a dor, por isso até nunca mais 
<u>F7</u>                             <u>Bb4/7</u> 
Só pra não ter que sofrer 

<u>Bb</u>                          <u>Bb5+</u> 
Eu tento que fugir, Pra não dizer 
<u>Bb6</u>             <u>Bb7</u>     <u>Eb</u> 
Meias verdades,    sei que pra mim 
<u>Eb5+</u>            <u>Eb6</u> 
Ter que fingir, é revelar 
<u>Eb7</u>			<u>G#</u>                  <u>C7</u> 
Minhas verdades, quer desistir sem acordar 
<u>Fm</u> 
De um sonho a mais 
<u>Bb4/7</u>			<u>Bb7</u> 
Se é bom pra você, pior pra mim * 
	  
