%%%% artist:Naif %%%%
%%%% url:http://www.e-chords.com/chords/naif/yts-ibu/keyboard %%%%
%%%% title:Yts Ibu  %%%%
%%%% difficulty:nolevel %%%%
%%%% key:D %%%%
%%%% provider:echords %%%%
%%%% contributor:robepoiel %%%%
%%%% type:chords %%%%
%%%% Tab:
	  
<i>Intro:</i> <u>D</u> 


<u>D</u> 
Wajahmu masih terlihat berseri 
Di hari yang telah senja ini 

<u>G</u>                <u>D</u> 
Oh manis selalu, Berseri. 

<u>D</u> 
Belai kasih sayangmu 
kian menghangat. 
Di hari yang berlalu dengan cepat, 
<u>G</u>                     <u>D</u> 
tak ada satupun,yang terlewat 


<u>G</u>                         <u>D</u> 
Oh kau dewi ingin kau di sini 
<u>G</u>                                     <u>D</u> 
Ku ingin berikan semua kasih sayangku ini 
<u>G</u>                           <u>D</u>    <u>F#m</u> 
Dan kau dewi janganlah kau pergi dariku 
<u>E</u>              <u>A</u>           <u>D</u> 
Temani diriku sampai akhir nanti 

<u>D</u>                        
Saat telunjuk jarimu terangkat 
Tak satupun berani melihat 
<u>G</u>                <u>D</u> 
Oh, semua selalu teringat 

<u>D</u> 
Belai kasih sayangmu 
kian menghangat. 
Di hari yang berlalu dengan cepat, 
<u>G</u>                     <u>D</u> 
tak ada satupun,yang terlewat 


<u>G</u>                         <u>D</u> 
Oh kau dewi ingin kau di sini 
<u>G</u>                                     <u>D</u> 
Ku ingin berikan semua kasih sayangku ini 
<u>G</u>                           <u>D</u>    <u>F#m</u> 
Dan kau dewi janganlah kau pergi dariku 
<u>E</u>              <u>A</u>           <u>D</u>        <u>D7</u> 
Temani diriku sampai akhir nanti.. ooo 

<u>G</u>                         <u>D</u> 
Oh kau dewi ingin kau di sini 
<u>G</u>                                     <u>D</u> 
Ku ingin berikan semua kasih sayangku ini 
<u>G</u>                           <u>D</u>    <u>F#m</u> 
Dan kau dewi janganlah kau pergi dariku 
<u>E</u>              <u>A</u>           <u>D</u> 
Temani diriku sampai akhir nanti  
	  
