%%%% artist:Naielly Leite %%%%
%%%% url:http://www.e-chords.com/chords/naielly-leite/sangue-o-preco-do-perdao/keyboard %%%%
%%%% title:Sangue, O Preço Do Perdão  %%%%
%%%% difficulty:Beginner %%%%
%%%% key:F %%%%
%%%% provider:echords %%%%
%%%% contributor:jessgomes %%%%
%%%% type:chords %%%%
%%%% Tab:
	  
<b>Intro:</b> <u>F</u> <u>C</u> <u>Bb/F</u> <u>C</u> <u>C</u> <u>F</u> <u>C</u> <u>Bb/F</u> <u>Csus</u> <u>C</u> 

    <u>F</u> 
Um dia no jardim 
  <u>G/F</u>	      <u>G/B</u> 
O mal se levantou 
   <u>Bb/F</u>       <u>F</u>   <u>Bb/F</u>   <u>C</u> 
Trazendo a desar- mo -   nia 

  <u>F</u>          <u>F/C</u> 
Ensinos desleais 
   <u>G/F</u>          <u>G/B</u> 
Mentiras mais e mais 
   <u>Bb/F</u>      <u>F</u>    <u>C</u>  <u>Bb/F</u> <u>C7</u> 
Distanciaram Deus do ho  - mem 

	     <u>F9</u>        <u>F7+/9</u> 
Foi quando o frio apareceu 
	    <u>Bb/F</u>   	  <u>F7+/9</u> 
Quando a primeira flor morreu 
	<u>Dm</u>  	     <u>Dm/C</u> 
Que uma sombra de maldade 
       <u>F/C</u>            <u>C</u> 
No coração de Adão nasceu 
	<u>F9</u>          <u>F7+/9</u> 
Mas haveria um Salvador 
	 <u>Bb/F</u>    <u>F7+/9</u>   <u>Dm</u> 
Que morreria     por     amor 
     <u>Bb/F</u>        <u>Dm7/A</u> 
O cordeiro aqueceria 
<u>Ab</u>          <u>Eb</u> 
Toda noite fria 
<u>Gb</u>             <u>Gb/Ab</u>   <u>Ab</u>    <u>F</u> 
Pra não mais haver     a    dor 

( <u>F</u> <u>C</u> <u>Bb/F</u> <u>C</u> <u>C</u> <u>F</u> <u>C</u> <u>Bb/F</u> <u>Csus</u> <u>C</u> ) 

   <u>F</u> 
A morte, a dor cruel 
   <u>G/F</u>	      <u>G/B</u> 
Rasgaram fino véu 
   <u>Bb/F</u>        <u>F</u>     <u>Bb/F</u>   <u>C</u> 
Da consciência do peca    - do 

  <u>F</u>        <u>F7+/9</u> 
A natureza má 
   <u>G/F</u>	      <u>G/B</u> 
Se alastrou então 
   <u>Bb/F</u>        <u>F</u>    <u>C</u>  <u>Bb/F</u>      <u>C7</u> 
Trazendo sofrimento a  to  -     dos 

             <u>F9</u>        <u>F7+/9</u> 
Foi quando o frio apareceu 
	    <u>Bb/F</u>   	  <u>F7+/9</u> 
Quando a primeira flor morreu 
	<u>Dm</u>  	     <u>Dm/C</u> 
Que uma sombra de maldade 
       <u>F/C</u>            <u>C</u> 
No coração de Adão nasceu 
        <u>F9</u>          <u>F7+/9</u> 
Mas haveria um Salvador 
	 <u>Bb/F</u>    <u>F7+/9</u>     <u>Dm</u> 
Que morreria     por      amor 
     <u>Bb/F</u>        <u>Dm7/A</u> 
O cordeiro aqueceria 
<u>Ab</u>         <u>Eb</u> 
Toda noite fria 
<u>Gb</u>     <u>Gb/Ab</u>  <u>Absus9</u> 
Pra trazer conforto 

<u>F#9</u>      <u>F#7+/9</u> 
Haverá lugar 
      <u>B/F#</u>         <u>F#7+/9</u> 
Para aquele que aceitar 
       <u>D#m</u>         <u>D#m/C#</u> 
O sacrifício do cordeiro 
          <u>F#/C#</u>       <u>C#</u> 
Que deu a vida pra salvar 
             <u>F#9</u>            <u>F#7+/9</u> 
Não mais tristeza, não mais dor 
          <u>B/F#</u>  <u>F#7+/9</u>     <u>D#m</u> 
Neste eternal lugar    de amor 
      <u>B/F#</u>        <u>D#m7/A#</u> 
Nossa vida foi comprada 
<u>A9</u>         <u>E/G#</u> 
Falta perdoada 
<u>G</u>               <u>Asus</u>     <u>Asus9</u>             <u>F#</u> 
Sangue, o preço do       per         -     dão 
	  
