%%%% artist:Grupo Chega na Moral %%%%
%%%% url:http://www.e-chords.com/chords/grupo-chega-na-moral/nosso-amor/keyboard %%%%
%%%% title:Nosso Amor  %%%%
%%%% difficulty:nolevel %%%%
%%%% key:A %%%%
%%%% provider:echords %%%%
%%%% contributor:tarikike %%%%
%%%% type:chords %%%%
%%%% Tab:
	  
<u>A7+</u> <u>C#m7</u>                <u>Bm7</u>     <u>E7</u> <u>A7+</u> 
É parece que o nosso amor adormeceu 
       <u>C#m7</u>                   <u>Em7</u>    <u>A7</u> 
e quase certo estou de que não vai voltar 
<u>D7+</u>       <u>Dm7</u>          <u>C#m7</u>        <u>F#7</u> 
deixando a gente assim ao leu sem direção 
<u>B7</u>       <u>E7</u>       <u>C#m7+</u> 
você já vai fugindo pela contra mão 
<u>Dm</u>                 <u>E7</u> 
me deixando nessa solidão 
<u>A7+</u> <u>C#m7</u>                <u>Bm7</u>     <u>E7</u> <u>A7+</u> 
É jamais eu vou trair meu coração 
<u>C#m7</u>                   <u>Em7</u>    <u>A7</u> 
existe um motivo uma rasão 
<u>D7+</u>       <u>Dm7</u>          <u>C#m7</u>        <u>F#7</u> 
e se corrermos juntos na mesma direção 
<u>B7</u>       <u>E7</u>       <u>C#m7+</u> 
podemo desaguar no mar dessa paixão 
<u>Dm</u>                 <u>E7</u> 
e salvar o nosso amor 
<u>D7+</u> 
o nosso amor 
   <u>Dm7</u>          <u>C#m7</u>        <u>F#7</u> 
não morreu apenas se perdeu na escuridão 
<u>B7</u>       <u>E7</u>       <u>C#m7+</u> 
talvez faltou dizer um sim depois perdão 
<u>Dm</u>                 <u>E7</u> 
teu orgulho nao deixou você me dar a mão 
<u>D7+</u>       <u>Dm7</u>          <u>C#m7</u>        <u>F#7</u> 
O nosso amor ainda esta no coração 
<u>B7</u> 
posso sentir 
  <u>E7</u>       <u>C#m7+</u> 
meu peito explode de emoção 
<u>Dm</u> 
vou resistir 
                <u>E7</u> 
não pode ser outra ilusão 
        <u>A7+</u> 
volta pra mim.. 
	  
