%%%% artist:Germano Fogaça e Lawrence Wendt %%%%
%%%% url:http://www.e-chords.com/chords/germano-fogaca-e-lawrence-wendt/sou-gaucho-da-serra/keyboard %%%%
%%%% title:Sou Gaúcho Da Serra  %%%%
%%%% difficulty:nolevel %%%%
%%%% key:Bm %%%%
%%%% provider:echords %%%%
%%%% contributor:hugo_rodrigues %%%%
%%%% type:chords %%%%
%%%% Tab:
	  <i>Intro:</i> <u>Bm</u>  <u>D</u>  <u>F#m</u> <u>E</u>  (2x) 

                  <u>Bm</u>      <u>D</u> 
Hoje é dia de fandango 
                   <u>F#m</u>    <u>E</u> 
To pilchado até os dente 
                  <u>Bm</u>    <u>D</u> 
Só comendo pelas beira 
                     <u>F#m</u>     <u>E</u> 
Tamo pior que mingau quente 

  <u>Bm</u>        <u>D</u>        <u>F#m</u>         <u>E</u> 
Bugio, vanerão, chamamé, vou dançar 
<u>Bm</u>        <u>D</u>         <u>F#m</u>            <u>E</u> 
Um, milongão, e uma valsa, pra acabar 

<u>Bm</u> 
  Puxo a loira e a morena 
<u>D</u> 
  A grandona e a pequena 
<u>F#m</u> 
  Bem dançador e não canso 
<u>E</u> 
  Pois sou gaúcho da serra (2x) 


<u>E</u> 
  Pois sou gaúcho da serra (3x) 


               <u>Bm</u>    <u>D</u> 
Danço 6 e paro uma 
                    <u>F#m</u>    <u>E</u> 
Que é pra guéla não secar 
                  <u>Bm</u>     <u>D</u> 
Num bailão véio gaúcho 
                 <u>F#m</u>   <u>E</u> 
Bamo até o sol raiar 
	  
