%%%% rating:None %%%%
%%%% artist:Turtle Shell Tanks Tabs %%%%
%%%% url:http://tabs.ultimate-guitar.com/t/turtle_shell_tanks/voodoo_2004_tab.htm %%%%
%%%% title:Voodoo 2004 Tab %%%%
%%%% comments:[] %%%%
%%%% difficulty:None %%%%
%%%% provider:ultimate-guitar %%%%
%%%% contributor:None %%%%
%%%% type:Tabs %%%%
%%%% Tab:<i></i>Title-VooDoo 2004
Band-Turtle Shell Tanks


Drop C turning

--Intro/Verses--

|----------|
|----------| after bass line is played 4 times
|--77/8/7--|
|--55/6/5--|
|----------|
|----------|

--Chorus--

|----------------------------------|
|----------------------------------| Play twice, both guitars at the same time
|----------------------------------| 
|----------------------------------|
|--55555--333--5-555555/888--777---|
|--55555--333--5-555555/888--777---|

thats about it, i will have the bass line is sometime soon

enjoy
