%%%% rating:r_4 %%%%
%%%% artist:Snowy White Tabs %%%%
%%%% url:http://tabs.ultimate-guitar.com/s/snowy_white/bird_of_paradise_crd.htm %%%%
%%%% title:Bird Of Paradise Chords %%%%
%%%% comments:[] %%%%
%%%% difficulty:None %%%%
%%%% provider:ultimate-guitar %%%%
%%%% contributor:
                                    novice                                 %%%%
%%%% type:Chords %%%%
%%%% Tab:<i></i>Intro-
               <span>Dm</span>     <span>C</span>
Saw you flying by
<span>Am</span>                 <span>Bb</span>  <span>C</span>   
Flash of Turquoise Blue
<span>Bb</span>              <span>Dm</span>   <span>C</span>
I just had to try
<span>Am</span>                 <span>Bb</span>    <span>C</span>...
To keep your life in view 

<span>Gm</span>  <span>Am</span>               <span>Dm</span>
  My bird of paradise
<span>Gm</span>  <span>Am</span>               <span>Dm</span>    <span>C</span>   <span>Bb</span>   <span>C</span>   
 Sweet bird of paradise 

                    Dm  and so on...
