%%%% rating:None %%%%
%%%% artist:Nacho Vegas Tabs %%%%
%%%% url:http://tabs.ultimate-guitar.com/n/nacho_vegas/cerca_del_cielo_ver2_crd.htm %%%%
%%%% title:Cerca Del Cielo (ver 2) Chords %%%%
%%%% comments:[] %%%%
%%%% difficulty:None %%%%
%%%% provider:ultimate-guitar %%%%
%%%% contributor:None %%%%
%%%% type:Chords %%%%
%%%% Tab:<i></i>Cejilla en el 5º traste


(1)
<span>C</span>               <span>Am</span>
Si pudiera elegir sólo un deseo

<span>F</span>           <span>G</span>
pediría vivir siempre cerca del cielo,

(1)
de un cielo tan real como el abismo,
en una guerra tan cruel
como la de uno contra uno mismo.

(2)
<span>Dm</span>            <span>G</span>
¿Querrás consentir

<span>Dm</span>             <span>G</span>
a quien quiere vivir
así, así, así ...

      <span>C</span>
como Sísifo?


(3)

<span>F</span>                      <span>G</span>
Empeñado en subir, para luego bajar

       <span>Em</span>        <span>Am</span>
por pendientes imposibles.

<span>Dm</span>                        <span>G</span>
No cejé un tanto así y al final conseguí

  <span>Em</span>                    <span>Am</span>
completar los catorce ocho miles,

           <span>F</span>                 <span>G</span>
y aún me sobró tiempo para gritarle a los astros:

     <span>Em</span>    <span>Am</span>
"ved lo que soy",


          <span>Dm</span>
y que el resto no es más

     <span>G</span>                   <span>Em</span>     <span>Am</span>
que guijarros que caen al vacío.


(1)
Sólo yo contra mí
y contra los elementos,
calculando al milímetro
el más leve movimiento.
Mi cruz es de piedra
y mira al precipicio.
Seguiré hasta el final,
seguiré hasta el día del Juicio.


(2)
¿Querrás consentir
a quien quiere morir
aquí, aquí, aquí ...
en los Alpes?


(3)
Y que vuelve a subir, y después descender
por terrenos casi impracticables.
Si consigo avanzar tal vez logre ahogar
algo dentro de mí inextirpable,
algo que se retuerce y que no se detiene
y que hará que ahora vuelva a repetirlo:
cuando haya de morir quiero hacerlo aquí,
CERCA DEL CIELO.

<span>F</span>                         <span>G</span>
Y me aferro a una roca más dura que dios

     <span>Em</span>              <span>Am</span>
y la falta de oxígeno nubla mi cabeza

  <span>C</span>                 <span>F</span>            <span>C</span>
y sé que un poco más bastará para salvarme,

                   <span>F</span>             <span>C</span>
un trozo de verdad bastará para salvarme,
un centímetro bastará para salvarme,
una sola gota bastará para salvarme,
un poco de paz bastará para salvarme,
un trozo de verdad bastará para salvarme.
