%%%% rating:r_4 %%%%
%%%% artist:Turtles Tabs %%%%
%%%% url:http://tabs.ultimate-guitar.com/t/turtles/so_happy_together_ver3_crd.htm %%%%
%%%% title:So Happy Together (ver 3) Chords %%%%
%%%% comments:[u'<p class="mtop5">the chorus is not the correct chord progression or same key as the verses</p>'] %%%%
%%%% difficulty:
                                    novice                                 %%%%
%%%% provider:ultimate-guitar %%%%
%%%% contributor:
                                     %%%%
%%%% type:Chords %%%%
%%%% Tab:<i></i>This is not the original key. This is a comfortable key for a slightly higher 
range than the original.

	        <span>Am</span>
	Imagine me and you, I do
	                   <span>G</span>
	I think about you day and night, it's only right
	                    <span>F</span>
	To think about the girl you love  and hold her tight
	           <span>E</span>
	So happy together


             <span>Am</span>
	If I should call you up, invest a dime
                 <span>G</span>
	And you say you belong to me  and ease my mind
                <span>F</span>
	Imagine how the world could be, so very fine
              <span>E</span>
	So happy together



	<span>A</span>              <span>G</span>                 <span>A</span>
	I can't see me lovin' nobody but you
	            <span>C</span>
	For all my life
	<span>A</span>                          <span>G</span>                  <span>A</span>
	When you're with me, baby the skies'll be blue
	            <span>C</span>
	For all my life


          <span>Am</span>
	Me and you and you and me
                      <span>G</span>
	No matter how they toss the dice, it has to be
                   <span>F</span>
	The only one for me is you, and you for me
              <span>E</span>
	So happy together



	<span>A</span>           <span>G</span>                   <span>A</span>            <span>C</span>
	Ba-ba-ba-ba  ba-ba-ba-ba  ba-ba-ba  ba-ba-ba-ba
	<span>A</span>           <span>G</span>                   <span>A</span>            <span>C</span>
	Ba-ba-ba-ba  ba-ba-ba-ba  ba-ba-ba  ba-ba-ba-ba

