%%%% rating:r_5 %%%%
%%%% artist:Turbowolf Tabs %%%%
%%%% url:http://tabs.ultimate-guitar.com/t/turbowolf/solid_gold_tab.htm %%%%
%%%% title:Solid Gold Tab %%%%
%%%% comments:[] %%%%
%%%% difficulty:
                                    advanced                                 %%%%
%%%% provider:ultimate-guitar %%%%
%%%% contributor:
                                     %%%%
%%%% type:Tabs %%%%
%%%% Tab:<i></i>This is a very hard song to tab out, I have seen them live with this song and he does in fact play each
note in the intro and outro guitar bits, not some sequenced pitch shifter doing the job for him (as I once
thought). This shows how much talent Andy actually has got!!!! THE INTRO INSANELY DIFFICULT TO PLAY

Intro

d|---------------------------------|---------------------------------|
A|---------------------------------|---------------------------------|
F|---------------------------------|---------------------------------|
C|---------------------------------|---------------------------------|
G|-0-3-0-3-0-3-0-3-0-3-0-3-0-3-0-3-|-0-3-0-3-0-3-0-3-0-3-0-3-0-3-0-3-|
D|---------------------------------|---------------------------------|

d|---------------------------------|---------------------------------|
A|---------------------------------|---------------------------------|
F|---------------------------------|---------------------------------|
C|---------------------------------|---------------------------------|
G|---------------------------------|-0-8-0-8-0-8-0-8-0-8-0-8---------|
D|-5-8-5-0-5-8-5-0-5-8-5-0-5-8-5-0-|---------------------------------|

Fiddly riff

d|---------------------------------|---------------------------------|
A|---------------------------------|---------------------------------|
F|---------------------------------|---------------------------------|
C|---------------------------------|---------------------------------|
G|---------------------------------|---------------------------------|
D|-5-8-5-0-5-8-5-0-5-8-5-0-5-8-5-0-|-0-3-0-7-0-3-0-7-0-3-0-7-0-3-0-7-|

d|---------------------------------|---------------------------------|
A|---------------------------------|---------------------------------|
F|---------------------------------|-----7-5-----7-5-----7-5-----7-5-|
C|-0-7-----0-7-----0-7-----0-7-----|---------------------------------|
G|-----7-8-----7-8-----7-8-----7-8-|-7-8-----7-8-----7-8-----7-8-----|
D|---------------------------------|---------------------------------|

d|---------------------------------|---------------------------------|
A|---------------------------------|---------------------------------|
F|---------------------------------|---------------------------------|
C|---------------------------------|---------------------------------|
G|---------------------------------|---------------------------------|
D|-5-8-5-0-5-8-5-0-5-8-5-0-5-8-5-0-|-0-3-0-7-0-3-0-7-0-3-0-7-0-3-0-7-|

d|---------------------------------|---------------------------------|
A|---------------------------------|---------------------------------|
F|---------------------------------|---------------------------------|
C|---------------------------------|---------------------------------|
G|-0-5-0-7-0-5-0-7-0-5-0-7-0-5-0-7-|---------------------------------|
D|---------------------------------|-0-8-0-8-0-8-0-8-0-7-0-7-0-7-0-7-| x3 (i think... figure it out yerself)

d|---------------------------------|---------------------------------|
A|---------------------------------|---------------------------------|
F|---------------------------------|---------------------------------|
C|---------------------------------|---------------------------------|
G|---------------------------------|---------------------------------|
D|-8-0-8-0-8-0-8-0-7-0-7-0-7-0-7-0-|-8-0-8-0-8-0-8-0-3-0-3-0-3-0-3-0-|

d|---------------------------------|----------------------------------------------------------|
A|---------------------------------|----------------------------------------------------------|
F|---------------------------------|----------------------------------------------------------|
C|-7--7--7--7--7-7-7--7--7--7--7-7/|-19--19--19--19--19-19-19-19-19--19--19-19-19-19-19-19----|
G|-7--7--7--7--7-7-7--7--7--7--7-7/|-19--19--19--19--19-19-19-19-19--19--19-19-19-19-19-19----|
D|-5--5--5--5--5-5-5--5--5--5--5-5/|-17--17--17--17--17-17-17-17-17--17--17-17-17-17-17-17----|

Verse Riff

d|---------------------------------|---------------------------------|
A|---------------------------------|---------------------------------|
F|---------------------------------|---------------------------------|
C|---------------------------------|---------------------------------|
G|------3-----------2--------------|------3-----------2--------------|
D|5-3-5---5-3--0--3---3-5-5555-5-5-|5-3-5---5-3--0--3---3-5-5555-5-5-|

d|---------------------------------|---------------------------------|
A|---------------------------------|---------------------------------|
F|---------------------------------|---------------------------------|
C|7-5----5--------------------7--5-|7-5---5--------------------------|
G|----7-----5-3------3--------7--5-|----7---5-3----3---------77777---|
D|---------------5-3---3-5-5555--3-|------------5-3--3-5-555555555---|

*singing enters*
d|---------------------------------|---------------------------------|
A|---------------------------------|---------------------------------|
F|---------------------------------|---------------------------------|
C|---------------------------------|---------------------------------|
G|------3-----------2--------------|------3-----------2--------------|
D|5-3-5---5-3--0--3---3-5-5555-5-5-|5-3-5---5-3--0--3---3-5-5555-5-5-|

d|---------------------------------|---------------------------------|
A|---------------------------------|---------------------------------|
F|---------------------------------|---------------------------------|
C|7-5----5--------------------7--5-|7-5---5--------------------------|
G|----7-----5-3------3--------7--5-|----7---5-3----3---------77777---|
D|---------------5-3---3-5-5555--3-|------------5-3--3-5-555555555---|

Chorus

d|---------------------------------------|
A|---------------------------------------|
F|---------------------------------------|
C|---------------------------------------|
G|10-10-12--14-14-14-7-7--14-14-12-12-10-|
D|-8--8-10--12-12-12-5-5--12-12-10-10--8-| x3

d|------------------------------------------|
A|------------------------------------------|
F|------------------------------------------|
C|----------------------------------12-10--9|
G|10-10-12--14-14-17-17-17-17-17-17---------|
D|-8--8-10--12-12-15-15-15-15-15-15-10--8--7|

Verse

d|---------------------------------|---------------------------------|
A|---------------------------------|---------------------------------|
F|---------------------------------|---------------------------------|
C|---------------------------------|---------------------------------|
G|------3-----------2--------------|------3-----------2--------------|
D|5-3-5---5-3--0--3---3-5-5555-5-5-|5-3-5---5-3--0--3---3-5-5555-5-5-|

d|---------------------------------|---------------------------------|
A|---------------------------------|---------------------------------|
F|---------------------------------|---------------------------------|
C|7-5----5--------------------7--5-|7-5---5--------------------------|
G|----7-----5-3------3--------7--5-|----7---5-3----3---------77777---|
D|---------------5-3---3-5-5555--3-|------------5-3--3-5-555555555---|

Chorus 2 Solo (whats played live on guitar)

d|---------------------------------|---------------------------------|
A|---------------------------------|---------------------------------|
F|-14b16b14---12h14----------------|-12b14b12-11b12b11---------------|
C|------------------12s14----12-14-|--------------------14-12-12s14--|
G|---------------------------------|---------------------------------|
D|---------------------------------|---------------------------------|
                                    
d|---------------------------------| 
A|---------------------------------|
F|-14b16b14---12h14----------------|
C|------------------12s14----12-14-|
G|---------------------------------|
D|---------------------------------|

(not too sure what he plays here but goes something like this down a G pentatonic scale)

d|-----------------------------------------------------------------|
A|-----------------------------------------------------------------|
F|-12-11----11------------9~---------------------------------------|
C|-------14----14-12-9-7-9~9-7-5-7-4-5-----------------------------|
G|-------------------------------------7-5-7-0-10-0-10-12-12---12\-|
D|-------------------------------------------------------------12\-|

Final Verse

d|---------------------------------|---------------------------------|
A|---------------------------------|---------------------------------|
F|---------------------------------|---------------------------------|
C|---------------------------------|---------------------------------|
G|------3-----------2--------------|------3-----------2--------------|
D|5-3-5---5-3--0--3---3-5-5555-5-5-|5-3-5---5-3--0--3---3-5-5555-5-5-|

d|---------------------------------|-----------------|
A|---------------------------------|-----------------|
F|---------------------------------|-----------------|
C|7-5----5--------------------7--5-|7-5---5----------|
G|----7-----5-3------3--------7--5-|----7---5-3------|
D|---------------5-3---3-5-5555--3-|------------5-3--|

Bridge

d|----------------------|------------------------------------|
A|----------------------|------------------------------------|
F|----------------------|------------------------------------|
C|----------------------|------------------------------------|
G|----------------------|------------------------------------|
D|-8-----8-7--8-----8-7-|-8-----8-7--8-----10-10-10-10-10----|

d|---------------------------------|---------------------------------|
A|---------------------------------|---------------------------------|
F|---------------------------------|---------------------------------|
C|---------------------------------|---------------------------------|
G|---------------------------------|---------------------------------|
D|-0--2--3--5--7-8-0--2--3--5--7-8-|-0--2--3--5--7-8-0--2--3--5--7-8-|x2

d|----------------------------|----------------------------|
A|----------------------------|----------------------------|
F|-9----7--------9----7-------|-9----7--------9----7-------|
C|---10---9----7---10---9----7|---10---9----7---10---9----9|
G|----------10------------10--|----------10------------10--|
D|----------------------------|----------------------------|

(up and down stroke tremolo here)
d|-----------------------|----------------------|
A|-----------------------|----------------------|
F|-----------------------|----------------------|
C|7---------9-----10-----|14----12---9-----5----|
G|-----------------------|----------------------|
D|-----------------------|----------------------|

d|---------------------------------|---------------------------------|
A|---------------------------------|---------------------------------|
F|---------------------------------|---------------------------------|
C|---------------------------------|---------------------------------|
G|-0-3-0-3-0-3-0-3-0-3-0-3-0-3-0-3-|-0-3-0-3-0-3-0-3-0-3-0-3-0-3-0-3-|
D|---------------------------------|---------------------------------|
           
d|---------------------------------|----------------------------------|
A|---------------------------------|----------------------------------|
F|---------------------------------|----------------------------------|
C|---------------------------------|----------------------------------|
G|-0-3-0-3-0-3-0-3-0-3-0-3-0-3-0-3-|-0-3-0-3-0-3-0-3-0-3-0-3-0-3-0-^0~|(last note louder)
D|---------------------------------|----------------------------------|

d|---------------------------------|---------------------------------|
A|---------------------------------|---------------------------------|
F|---------------------------------|---------------------------------|
C|---------------------------------|---------------------------------|
G|~~-3-0-3-0-3-0-3-0-3-0-3-0-3-0-3-|-0-3-0-3-0-3-0-3-0-3-0-3-0-3-0-3-|
D|---------------------------------|---------------------------------|

d|---------------------------------|---------------------------------|
A|---------------------------------|---------------------------------|
F|---------------------------------|---------------------------------|
C|---------------------------------|---------------------------------|
G|---------------------------------|-0-8-0-8-0-8-0-8-0-8-0-8---------|
D|-5-8-5-0-5-8-5-0-5-8-5-0-5-8-5-0-|---------------------------------|

Outro

d|---------------------------------|---------------------------------|
A|---------------------------------|---------------------------------|
F|---------------------------------|---------------------------------|
C|---------------------------------|---------------------------------|
G|---------------------------------|---------------------------------|
D|-5-8-5-0-5-8-5-0-5-8-5-0-5-8-5-0-|-0-3-0-7-0-3-0-7-0-3-0-7-0-3-0-7-|

d|---------------------------------|---------------------------------|
A|---------------------------------|---------------------------------|
F|---------------------------------|-----7-5-----7-5-----7-5-----7-5-|
C|-0-7-----0-7-----0-7-----0-7-----|---------------------------------|
G|-----7-8-----7-8-----7-8-----7-8-|-7-8-----7-8-----7-8-----7-8-----|
D|---------------------------------|---------------------------------|

d|---------------------------------|---------------------------------|
A|---------------------------------|---------------------------------|
F|---------------------------------|---------------------------------|
C|---------------------------------|---------------------------------|
G|---------------------------------|---------------------------------|
D|-5-8-5-0-5-8-5-0-5-8-5-0-5-8-5-0-|-0-3-0-7-0-3-0-7-0-3-0-7-0-3-0-7-|

d|---------------------------------|---------------------------------|
A|---------------------------------|---------------------------------|
F|---------------------------------|---------------------------------|
C|---------------------------------|---------------------------------|
G|-0-5-0-7-0-5-0-7-0-5-0-7-0-5-0-7-|---------------------------------|
D|---------------------------------|-0-8-0-8-0-8-0-8-0-7-0-7-0-7-0-7-|x? (until your hand goes numb i guess)

Probably not 100% but hopefully some 0.00001% close to it. This song is the hardest song I've came across to
tab, and I'm pretty sure that if it isn't exactly how it is, it sounds close enough to the song and is fun
to play, enjoy if you can play it haha
