%%%% rating:r_5 %%%%
%%%% artist:Snsd Tabs %%%%
%%%% url:http://tabs.ultimate-guitar.com/s/snsd/divine_crd.htm %%%%
%%%% title:Divine Chords %%%%
%%%% comments:[] %%%%
%%%% difficulty:
                                    advanced                                 %%%%
%%%% provider:ultimate-guitar %%%%
%%%% contributor:
                                     %%%%
%%%% type:Chords %%%%
%%%% Tab:<i></i>SNSD - Divine

Intro: <span>F#m</span> <span>Dmaj7</span> <span>E</span> <span>A</span>
       <span>F#m7</span> <span>Dmaj7</span> <span>E</span> <span>A</span>

Oh~ Oh~


::VERSE::
<span>F#m</span>
amarini mo moroi no ne
<span>Dmaj7</span>
kimochi wa tayasuku yurete
<span>E</span>                  <span>A</span>                 <span>Amaj7</span>
yogaakeru to kieru kotae sagashite teru
     <span>F#m</span>
tada tachihadakaru kono CROSSROAD
<span>Dmaj7</span>                          <span>E</span>
michishirube ni naru STARLIGHT ne
(E)               <span>A</span>            <span>C#</span>
oshiete hoshī no ikubeki basho o
  <span>Bm</span>              <span>A</span>
donani tōkute kujikesōde mo
 <span>G#m7b5</span>            <span>C#</span>
tenmei o matteru kore ga DESTINY


::CHORUS::
      <span>D</span>      <span>E</span>       <span>C#m</span>       <span>F#m</span>
todoroki o utsu aranami ni marude
       <span>D</span>     <span>E</span>         <span>Asus4</span> <span>A</span>
muryokude chīsana watashidakedo
      <span>D</span>    <span>E</span>
umi sae kitto
       <span>C#</span>        <span>F#m</span>       <span>Bm</span>
warete soko ni michiwotsukuru
        <span>Dm</span>             <span>F#m</span>
itsunohika WE CAN BE DIVINE WOO~


Interlude: <span>F#m</span> <span>Dmaj7</span>


::VERSE::
<span>F#m</span>
hieta tsuchi no ue o mo
<span>Dmaj7</span>
hadashi de aruite iku
<span>E</span>                         <span>A</span>          <span>Amaj7</span>
anata no MOVE nukumori ga sasae ni naru
(YOU’RE ALWAYS BY MY SIDE)
     <span>F#m</span>                  <span>Dmaj7</span>
naze hitori de umareta no ni

deaubeku shite deau
<span>E</span>                       <span>A</span>             <span>C#</span>
anata wa dare yori mo watashi o shitteru
     <span>Bm</span>            <span>A</span>
tachimukatte yuku okina FATE ni
   <span>G#m7b5</span>         <span>C#</span>
anata tonaraba tsuyoku nareru


::CHORUS::
       <span>D</span>    <span>E</span>          <span>C#m</span>     <span>F#m</span>
kowaimono nado nakatta hazunanoni
    <span>D</span>     <span>E</span>        <span>Asus4</span>  <span>A</span>
ima wa anata o ushinaitakunai
       <span>D</span>    <span>E</span>
kumono tsukiba hikari
<span>C#</span>       <span>F#m</span>       <span>Bm</span>
taerususono himattewa
         <span>Dm</span>          <span>Dmaj7</span>
sayonara wa iwanaide


::BRIDGE::
( <span>Dmaj7</span> )     <span>C#m</span>   <span>F#m</span>          <span>Bm</span>
sorezore no michi i aka reta sonotoki
<span>Bm7b5</span>     <span>A</span>             <span>A7</span>       <span>D</span>
kitto omoidasu nodeshou kono negai
              <span>C#m</span>       <span>F#m</span>
tomoni ayunda michinori o
 <span>Bm</span>          <span>A</span>        <span>F</span>
akashi ni shiyou eien ni
              <span>Esus4</span>  <span>E</span>
WE ARE ALWAYS ONE~
<span>D</span>       <span>E</span>              <span>C#m</span> <span>F#m</span>    <span>D</span> <span>E</span> <span>C#</span>  <span>E</span>
(WE ARE ALWAYS ONE~ ) (Oh~~~~~~~~~~Oh woah~)


::CHORUS::
      <span>D</span>    <span>E</span>       <span>C#m</span>      <span>F#m</span>
todoruku yōna aranami o mae ni
         <span>D</span>        <span>E</span>            <span>Asus4</span>  <span>A</span>
watashitachi nani ga dekiru to iu nodarou
     <span>D</span>     <span>E</span>
kono konan o sotto
           <span>C#</span>      <span>F#m</span>   <span>Bm</span>
[Tiff/All] yorisoi mukaeyou
           <span>Dm</span>             <span>F#m</span>  <span>Dmaj7</span>
shi einjiteru WE CAN BE DIVINE
          <span>F#m</span> <span>Dmaj7</span>  <span>Dm</span>          <span>A</span>
omoi wa hitotsu......WE CAN BE DIVINE
