%%%% rating:None %%%%
%%%% artist:Turos Hevi Gee Tabs %%%%
%%%% url:http://tabs.ultimate-guitar.com/t/turos_hevi_gee/shellin_paariin_ukulele_crd.htm %%%%
%%%% title:Shellin Paariin Ukulele Chords %%%%
%%%% comments:[] %%%%
%%%% difficulty:None %%%%
%%%% provider:ultimate-guitar %%%%
%%%% contributor:None %%%%
%%%% type:Ukulele %%%%
%%%% Tab:<i></i><span>C</span>                  <span>Em</span>          <span>Am</span>                <span>Em</span>
Mopon myin, hieman rahaa sain, pääsen viimeinkin veloistain,
    <span>Am</span>               <span>Dm</span>              <span>G</span>
jos jotain jää, yksi suunta on vain, Shellin paariin.
<span>C</span>              <span>Em</span>          <span>Am</span>              <span>Em</span>
Ostan jäävettä lasillisen, ilmatteeks luen iltalehden.
<span>Am</span>              <span>Dm</span>              <span>G</span>
Pelaamaan tänne vain himoitsen, Shellin paariin.

Chorus:
<span>C</span>
Shellin paariin, Shellin paariin,
   <span>Em</span>                <span>G</span>
Sen tunnelmaan tahdon pelaamaan.
<span>C</span>
Shellin paariin, Shellin paariin,
       <span>Em</span>                <span>G</span>
Soi vieläkin vaan siellä Tsingis Khan.

<span>Am</span>                          <span>G</span>
Ensin pannaan markan panos, voitot tuplataan
<span>Dm</span>                          <span>G</span>
kolme kertaa peräkkäin, tai kunnes väärin arvataan.
<span>Am</span>                
Shellin paariin.

kitarasoolo

<span>C</span>              <span>Em</span>             <span>Am</span>               <span>Em</span>
Annan kaikille ohjeitain, kun vartun kiihkeenä vuoroain.
 <span>Am</span>               <span>Dm</span>                     <span>G</span> 
"Tuo ei tuu. Kato tulipas vain!", kuuluu kaiken aikaa.

<span>C</span>                <span>Em</span>        <span>Am</span>               <span>Em</span>
Kauan sain siinä pelattuu, kunnes paari tuo sulkeutuu.
<span>Am</span>                <span>Dm</span>              <span>G</span> 
Päätän taas  enää koskaan en tuu, Shellin paariin.

Chorus

Bridge:
<span>Am</span>                       <span>G</span>
Korkein panoksin mä heti alkuun pelasin.
<span>Dm</span>                           <span>G</span> 
Arvaat varmaan kuinka paljon velkojani makselin
<span>Am</span>
Shellin paariin.

soolo:
ensimmäinen osa..
I------------------------------------------------------------------------------------I
I--------8--10-----------------------------------------------------------------------I
I-7-9--5-------9-----------------------------10-9-10-9---7--------------------14-12b-I
I----------------9-9-9-7------7-9-10-7-9-10------------10-----------9-11-12-14-------I
I-----------------------9-7---------------------------------10-10-10-----------------I
I------------------------------------------------------------------------------------I


http://www.turoshevigee.com/
