%%%% rating:None %%%%
%%%% artist:Symarip Tabs %%%%
%%%% url:http://tabs.ultimate-guitar.com/s/symarip/skin_flint_tab.htm %%%%
%%%% title:Skin Flint Tab %%%%
%%%% comments:[] %%%%
%%%% difficulty:
                                    intermediate                                 %%%%
%%%% provider:ultimate-guitar %%%%
%%%% contributor:
                                     %%%%
%%%% type:Tabs %%%%
%%%% Tab:<i></i>-------------------------------------------------------------------------------
                             SKIN FLINT - Symarip
-------------------------------------------------------------------------------
Tabbed by: DPL
Email: nizibian@gmail.com


Official band website: http://www.symarip.com/ or http://www.myspace.com/mrsymarip1


Tuning: Standard (EADGBe)


These are the only two chord progressions in this song, play them ska-style with a 
downward stroke mute on the downbeat and and upward stroke chord on the upbeat:

     B       E       G#m          
e|--x7x7x7x7--------x4x4x4x4x4x4x4x4-----------------------------------------|
B|--x7x7x7x7x9x9x9x9x4x4x4x4x4x4x4x4-----------------------------------------|
G|--x8x8x8x8x9x9x9x9x4x4x4x4x4x4x4x4-----------------------------------------|
D|--x9x9x9x9x9x9x9x9x6x6x6x6x6x6x6x6-----------------------------------------|
A|--x9x9x9x9x7x7x7x7x6x6x6x6x6x6x6x6-----------------------------------------|
E|--x7x7x7x7--------x4x4x4x4x4x4x4x4-----------------------------------------|


     B               G#m
e|--x7x7x7x7x7x7x7x7x4x4x4x4x4x4x4x4-----------------------------------------|
B|--x7x7x7x7x7x7x7x7x4x4x4x4x4x4x4x4-----------------------------------------|
G|--x8x8x8x8x8x8x8x8x4x4x4x4x4x4x4x4-----------------------------------------|
D|--x9x9x9x9x9x9x9x9x6x6x6x6x6x6x6x6-----------------------------------------|
A|--x9x9x9x9x9x9x9x9x6x6x6x6x6x6x6x6-----------------------------------------|
E|--x7x7x7x7x7x7x7x7x4x4x4x4x4x4x4x4-----------------------------------------|


Listen to the song to get the timing right and listen for palm mutes, especially 
on the lower notes.



   B           E           G#m
e|---------------------------------------------------------------------------|
B|---------------------------------------------------------------------------|
G|-----------------------9---------------------------------------------------|
D|-----------9-------6-9-------------6-----------6---------------------------|
A|-------6-9---7-7-7---------------6-----------6-----------------------------|
E|-7-7-7-------------------4-4-4-7-----4-4-4-7-------------------------------|

   B           E           G#m
e|---------------------------------------------------------------------------|
B|---------------------------------------------------------------------------|
G|-----------------------9---------------------------------------------------|
D|-----------9-------6-9-------------6-----------6---------------------------|
A|-------6-9---7-7-7---------------6-----------6-----------------------------|
E|-7-7-7-------------------4-444-7-----4-444-7-------------------------------|

   B           E           G#m
e|---------------------------------------------------------------------------|
B|-----------------------------------9-----------9---------------------------|
G|-----------------------9---------8-----------8-----------------------------|
D|-----------9-------6-9---6-666-9-----6-666-9-------------------------------|
A|-------6-9---7-777---------------------------------------------------------|
E|-7-777---------------------------------------------------------------------|

   B           E           G#m
e|---------------------------------------------------------------------------|
B|---------------------------------------------------------------------------|
G|-----------------------9---------------------------------------------------|
D|-----------9-------6-9-------------6-----------6---------------------------|
A|-------6-9---7-777---------------6-----------6-----------------------------|
E|-7-777-------------------4-444-7-----4-444-7-------------------------------|

   B           E           G#m
e|-------------------------------------4-4-4-4--6/-7-------------------------|
B|-------------------------------------4-4-4-4--6/-7-------------------------|
G|-----------------------9-------------4-4-4-4--7/-8-------------------------|
D|-----------9-------6-9---------------6-6-6-6--8/-9-------------------------|
A|-------6-9---7-777---------------6-----------------------------------------|
E|-7-777-------------------4-444-7-------------------------------------------|

   B                           G#m
e|-7-------------------------------------------------------------------------|
B|-7-------------------------------------------------------------------------|
G|-8-------------------------------------------------------------------------|
D|-9--------9------------9---------------66-6--------------------------------|
A|------6-9----------6-9---------------6-----6-------------------------------|
E|-------------7-777-----------4-444-7--------7------------------------------|

   B                     G#m
e|---------------------------------------------------------------------------|
B|---------------------------------------------------------------------------|
G|---------------------------------------------------------------------------|
D|---------------------------------------------------------------------------|
A|------6-6p4-----6-6p4---------6------5/64----------------------------------|
E|-7-777-----7-7-7-----7-444447---7-4------74--------------------------------|


   B                        G#m
e|---------------------------------------4-4-4-4-----------------------------|
B|---------------------------------------4-4-4-4-----------------------------|
G|---------------------------------------4-4-4-4-----------------------------|
D|---------------------------------------6-6-6-6-----------------------------|
A|---------6-4---------------------6-----------------------------------------|
E|-7-777-7----7-7-777-7-7-6-4-444-7--7-4-------------------------------------|

   B            E        G#m
e|----------------------------------4-4-4-7\\--------------------------------|
B|------------8/9--9----------------4-4-4------------------------------------|
G|------------8/9--9--9-------------4-4-4------------------------------------|
D|------------8/9--9---------------6-----------------------------------------|
A|---------6-4-------------------6-----------7\\-----------------------------|
E|-7-777-7---------------4-444-7---------------------------------------------|

   B           E           G#m
e|---------------------------------------------------------------------------|
B|---------------------------------------------------------------------------|
G|-----------------------9---------------------------------------------------|
D|-----------9-------6-9------------6-----------6----------------------------|
A|-------6-9---7-777--------------6---6--------6-----------------------------|
E|-7-7-7-------------------444447------44444-7-------------------------------|

   B           E            G#m
e|------------------------------------7\\--11\\------------------------------|
B|------------------------------------9\\--12\\------------------------------|
G|-----------------------9---------8-----------------------------------------|
D|-----------9-------6-9--9-6-666-9------------------------------------------|
A|-------6-9---7-777---------------------------------------------------------|
E|-7-777---------------------------------------------------------------------|

   B             E           G#m
e|---------------------------------------------------------------------------|
B|---------------------------------------------------------------------------|
G|-------------------------9-------------------------------------------------|
D|---------------------6-9-------------6-----------6-------------------------|
A|-------6-9-9---77777---------------6-----------6---------------------------|
E|-7-7-7---------------------44444-7-----44444-7-----------------------------|

   B           E           G#m 
e|-------------------------------------/4-4-4-4-4----------------------------|
B|-------------------------------------/4-4-4-4-4----------------------------|
G|-----------------------9-------------/4-4-4-4-4----------------------------|
D|-----------9-------6-9--9----------6---------------------------------------|
A|-------6-9---77777---------------6-----------------------------------------|
E|-77777-------------------4-444-7-------------------------------------------|

   B                       G#m                  B                    G#m
e|--------------------------------------------------------7-7-7-7-7\-------------------------|
B|----------------------------------------------------12--7-7-7-7-7\-------------------------|
G|--------------------------------------------------8-----8-8-8-8-8\-------------------------|
D|----------9-----------------------6-6-666677779-9-------9-9-9-9-9\-----------6-----------6-|
A|------6-9-----------------------6------------------------------------------6-----------6---|
E|-77777------7777-7-222333444447------------------------------------44444-7-----44444-7-----|

   B                        G#m      
e|---------------------------------------------------------------------------|
B|---------------------------------------------------------------------------|
G|---------------------------------------------------------------------------|
D|-----------9-----------------------6---------------------------------------|
A|-------6-9---------6-----------6-4-----------------------------------------|
E|-7-7-7-------77777---7-6--4444------4444-4-4444-6666-----------------------|

   B                       G#m
e|---------------------------------------------------------------------------|
B|---------------------------------------------------------------------------|
G|---------------------------------------------------------------------------|
D|-----------9-----------9-----------6-----------6---------------------------|
A|-------6-9---------6-9-----------6-----------6-----------------------------|
E|-7-7-7-------7-7-7-------44444-7-----44444-7-------------------------------|

   B           E           G#m
e|---------------------------------------------------------------------------|
B|---------------------------------------------------------------------------|
G|-----------------------9---------------------------------------------------|
D|-----------9-------6-9-------------6-----------6---------------------------|
A|-------6-9---77777---------------6-----------6-----------------------------|
E|-77777-------------------44444-7-----44444-7-------------------------------|

   B           E           G#m
e|---------------------------------------------------------------------------|
B|---------------------------------------------------------------------------|
G|------------------------9--------------------------------------------------|
D|-----------9--------6-9-------------6------------6-------------------------|
A|-------6-9---7-7--7---------------6------------6---------------------------|
E|-77777-------------------4-4--4-7-----4-4--4-7-----------------------------|

   B        E            G#m
e|--------6/7-----1212-//16--16-16-//16-//16-//16----------------------------|
B|--------8/9-----1212-//16--16-16-//16-//16-//16----------------------------|
G|--------8/9----------------------------------------------------------------|
D|---------------------------------------------------------------------------|
A|-----6-------------------------------------------11\\----------------------|
E|-7-7--7--------------------------------------------------------------------|

   B              E          G#m
e|---------------3/4-4-----7-7-7-7-7-7-7-------------------------------------|
B|---------------3/4-4-----7-7-7-7-7-7-7-------------------------------------|
G|------------------------------------------FADE OUT-------------------------|
D|-----------9---------------------------------------------------------------|
A|-------6-9-----------------------------------------------------------------|
E|-77777---------------------------------------------------------------------|




************************************

| /   slide up
| \   slide down
| h   hammer-on
| p   pull-off
| ~   vibrato
| +   harmonic
| x   Mute note
| b   Bend
| pb  Pre-bend
| br  Bend release
| pbr Pre-bend release
| brb Bend release bend

************************************
