%%%% rating:None %%%%
%%%% artist:Snowy White Tabs %%%%
%%%% url:http://tabs.ultimate-guitar.com/s/snowy_white/bird_of_paradise_ukulele_crd.htm %%%%
%%%% title:Bird Of Paradise Ukulele Chords %%%%
%%%% comments:[] %%%%
%%%% difficulty:None %%%%
%%%% provider:ultimate-guitar %%%%
%%%% contributor:
                                    advanced                                 %%%%
%%%% type:Ukulele %%%%
%%%% Tab:<i></i>Snowy White - Bird Of Paradise
You have to tune up your guitar if you want to play to the record.
I know it´s two lead guitars, I tabbed what sounded important to me.
Great song, love it. Additions, corrections or comments to: alwu@gmx.de
Alexander Wurlitzer, Germany, 13.12.2006

^           Hammer on / Pull off
/           Slide
12(14)      Bend
12(14)12    Bend and Rebend

Chords:

Intro

| Dm | C F | Bb | C Bb |
| Dm | C F | Bb | C    |

| Gm Am | Dm Bb |
| Gm Am | Dm C  | Bb  |

| Dm | C F | Bb | C Bb |
| Dm | C F | Bb | C    |

| Gm Am | Dm Bb |
| Gm Am | Dm Bb |
| Gm Am | Dm Bb |
| Gm A  | Bb C  | Bb C | Dm |

Solo1
| Bb C | Dm |
| Bb C | Dm |
| Bb C | Dm |
| Bb C | Dm C | Bb |

| Dm | C F | Bb | C Bb |
| Dm | C F | Bb | C    |

| Gm Am | Dm Bb |
| Gm Am | Dm Bb |
| Gm Am | Dm Bb |
| Gm A  | Bb C  | Bb C | Dm |

Solo2
| Bb C | Dm | 12x until End

Tabs:

Intro
5---5-----------------|-----------------------------|
5^6-5-5---5-5---5-----|-5---5-----5-----------------|
------5^7-5-5^7-5-5---|-5^7-5-5---5-----3-3---3-----|
------------------5^7-|-------5^7---7/5-3-3^5-3-----|
----------------------|-------------------------3^5-|
----------------------|-----------------------------|

08sec        20sec                      33sec
----------|--------------------------|---------------------------|
----------|--------------------------|-5---5-----5---------------|
3---3---3-|----5-5-------3---3---3---|-5^7-5-5---5-5---5---------|
3^5-3---3-|----5-5^7^5---3^5-3---3---|-------5^7---5^7-5---------|
------5---|-/7---------7-------5---5-|-------------------/5^3----|
----------|--------------------------|-----------------------5^3-|

48sec                                  56sec
-------------------------------------|------------------------|
--------------------------------8/10-|-8(10)8-8(10)(10)-10/11-|
----5-5-------3---3---3---3---3------|------------------------|
5---5-5^7^5---3^5-3---3^5-3---3------|------------------------|
5^7---------7-------5-------5--------|------------------------|
-------------------------------------|------------------------|

1min 3sec
-------------------------------------------------------|
--------------------------8/10-8(10)8-8/10-10-10/11-11-|
----5-5---------3---3---3------------------------------|
5---5-5^7^5-----3^5-3---3------------------------------|
5^7---------7^5-------5--------------------------------|
-------------------------------------------------------|

1min 16sec                   1min 24sec        1min 31sec
---------------------------|-----------------|--------------------------|
-5---5-----5---------------|----------13(15)-|-13-10--------------------|
-5^7-5-5---5-5---5---------|----10-12--------|-------12(14)-12-10-12----|
-------5^7---5^7-5---------|-12--------------|-----------------------12-|
-------------------/5^3----|-----------------|--------------------------|
-----------------------5^3-|-----------------|--------------------------|

1min 37sec                1min 53sec Solo1
------------------------|--------10-12-12-10-------10----------------|
------------------------|-13(15)-------------13-10----13-10----------|
10-12(14)12^10-12-10----|-----------------------------------10----10-|
---------------------12-|--------------------------------------12----|
------------------------|--------------------------------------------|
------------------------|--------------------------------------------|

1min 58sec Solo1
------13----15(17)-13-15--------------15-17-15-17----15--------------|
---15----13--------------15-15-18(20)-------------18----18-15----15--|
14------------------------------------------------------------17-----|
---------------------------------------------------------------------|
---------------------------------------------------------------------|
---------------------------------------------------------------------|

2min 05sec Solo1
------------15-17-(18)17----17-(18)17----17-18-18(20)(20)(20)18-|
15-15-15-18--------------18-----------18------------------------|
----------------------------------------------------------------|
----------------------------------------------------------------|
----------------------------------------------------------------|
----------------------------------------------------------------|


17----17----17-20(22)(22)(22)-20-17--------17--------------------|
---20----18-------------------------20(22)----(22)20-18-20-18----|
--------------------------------------------------------------19-|
-----------------------------------------------------------------|
-----------------------------------------------------------------|
-----------------------------------------------------------------|
-----------------------------------------------------------------|

2min 18sec                              2min 26sec
--------------------------------------|-------------------|
--------------------------------------|-8(10)8-8/10-10/11-|
----5-5---------3---3---3---3---3-----|-------------------|
5---5-5^7^5-----3^5-3---3^5-3---3-5/7-|-------------------|
5^7---------7^5-------5-------5-------|-------------------|
--------------------------------------|-------------------|

2min 33sec                     2min 38sec
-----------------------------|----------------------------|
------------------------8/10-|-6-8-6-8(10)8-8/10-10-10-11-|
--5-5---------3---3---3------|----------------------------|
--5-5^7^5-----3^5-3---3------|----------------------------|
7---------7^5-------5--------|----------------------------|
-----------------------------|----------------------------|

2min 47sec                   2min 55sec        3min 00sec
---------------------------|-------|--------10-12----10----------|
5---5-----5----------------|-6-8---|-13(15)-------13----10-------|
5^7-5-5---5-5---5----------|-----7-|-----------------------10----|
------5^7---5^7-5----------|-------|--------------------------12-|
------------------/5^3-----|-------|-----------------------------|
-----------------------5^3-|-------|-----------------------------|

3min 08sec                3min 23sec Solo2
------------------------|-----------10-----------10-10----------------------|
6-8-6-5-----------------|-10-13(15)----10-13(15)-------13-10----------------|
--------7-5-------------|------------------------------------12(14)12^10^12-|
------------7/5-3-5^7^5-|---------------------------------------------------|
------------------------|---------------------------------------------------|
------------------------|---------------------------------------------------|

3min 30sec Solo2               3min 32sec Solo2    3min 36sec Solo2
-----------------------------|-------------------|-------------------------------|
---13------------------------|-----------------6-|-10-10-------------10-10-------|
10----12(14)-12-10(12)-10----|-----5-------5/7---|-------12-10^12-10-------12-10-|
--------------------------12-|-5/7---7/5-3-------|-------------------------------|
-----------------------------|-------------------|-------------------------------|
-----------------------------|-------------------|-------------------------------|

                    3min 42sec Solo2                 3min 45sec Solo2
------------------|-------13-15(17)-13-15-------13-|----13(15)-13-15-13^10----13---------------|
10-10-------------|----15-----------------15-15----|-10--------------------13----13(15)(15)-13-|
------12(14)12^10-|-14-----------------------------|-------------------------------------------|
------------------|--------------------------------|-------------------------------------------|
------------------|--------------------------------|-------------------------------------------|
------------------|--------------------------------|-------------------------------------------|

3min 49sec Solo2                                            3min 55sec Solo2                         
---------13----13-15-15(17)-15-13-15(17)15^13----15----13-|-----------15-17-13-15^13--------------|
13-13-15----15--------------------------------15----15----|-15-18(20)----------------15^13-18(20)-|
----------------------------------------------------------|---------------------------------------|
----------------------------------------------------------|---------------------------------------|
----------------------------------------------------------|---------------------------------------|
----------------------------------------------------------|---------------------------------------|

3min 58sec Solo2
-------15--------15----------15--------------15--------------------------------------------|
18(20)----18(20)----18^15-------18-15-18(20)----18-15----15-15-15-15----15^18^15----15-15/-|
--------------------------17--------------------------17-------------17----------17--------|
-------------------------------------------------------------------------------------------|
-------------------------------------------------------------------------------------------|
-------------------------------------------------------------------------------------------|

4min 04sec Solo2 (listen to the record! :-)
15(17)(17)(17)(17)(17)15-15-15-15-15-15(17)(17)(17)(17)15-15-15-13-15-15-15-13(15)-13-----|
--------------------------------------------------------------------------------------15/-|
------------------------------------------------------------------------------------------|
------------------------------------------------------------------------------------------|
------------------------------------------------------------------------------------------|
------------------------------------------------------------------------------------------|

4min 11sec Solo2
------15-17(18)-17-15-17-20(22)-20-17----17----17----20(22)20(22)-|
15-18---------------------------------18----20----18--------------|
------------------------------------------------------------------|
------------------------------------------------------------------|
------------------------------------------------------------------|
------------------------------------------------------------------|

4min 16sec Solo2                                            4min 21sec Solo2
17(18)17-15-17----17(18)17-15----------------------------|--------------------17-17-20(22)20-|
---------------18-------------18-20-20-20-20(22)20-18-18-|-20(22)20-18-20(22)----------------|
---------------------------------------------------------|-----------------------------------|
---------------------------------------------------------|-----------------------------------|
---------------------------------------------------------|-----------------------------------|
---------------------------------------------------------|-----------------------------------|


17----20(22)...(22)20-17----17-20-22-22-20-22(24)...(24)22-22...-|
---20--------------------20--------------------------------------|
-----------------------------------------------------------------|
-----------------------------------------------------------------|
-----------------------------------------------------------------|
-----------------------------------------------------------------|

4min 44sec Solo2
----------------------------------------------|-10-13----10-8-----------------------|
20(22)20-18-20-18-20(22)-18-20-18-20-18-------|-------13------10/8-6-8(10)8^6-8-6---|
----------------------------------------19-19-|-----------------------------------7-|
----------------------------------------------|-------------------------------------|
----------------------------------------------|-------------------------------------|
----------------------------------------------|-------------------------------------|
Finally.
