%%%% rating:None %%%%
%%%% artist:Turf Tabs %%%%
%%%% url:http://tabs.ultimate-guitar.com/t/turf/oh_dios_crd.htm %%%%
%%%% title:Oh Dios Chords %%%%
%%%% comments:[] %%%%
%%%% difficulty:None %%%%
%%%% provider:ultimate-guitar %%%%
%%%% contributor:None %%%%
%%%% type:Chords %%%%
%%%% Tab:<i></i>Intro
<span>Dm</span> - <span>Am</span> - <span>G</span> - <span>F#m</span> (x2)

<span>Dm</span>
A un hotel de media estrella
   <span>Am</span>
aquella noche noche te lleve
<span>G</span>
pensabas que era rico
<span>F#m</span>
pero solo te engañé

<span>Dm</span>
no tengo plata
       <span>Am</span>
ni para invitarte este café
<span>G</span>                     <span>F#m</span>
estos zapatos y este traje

son de mi ex mujer

<span>Dm</span>
Oh Dios!
<span>Am</span>
que sacrificio
<span>G</span>
Oh Dios!
<span>F#m</span>
donde iremos a parar

<span>Dm</span>
Oh Dios!
<span>Am</span>
que sacrificio
<span>G</span>
No sé por que siempre
       <span>F#m</span>
todas las cosas me salen mal


En mi cuarto tengo
solo cosas que ocupan lugar,
botellas rotas, diarios viejos, discos de Manal.
Vivo perdido en el delirio
de esta sociedad,
pasaron años de vagancia internacional

Oh Dios!
que sacrificio
Oh Dios!
donde iremos a parar
Oh Dios!
que sacrificio
no sé por que siempre
todas las cosas me salen mal

Viaje en tren sin voleto,
con vista al cielo, su asiento,
libre al aire y sin tormento.
Croto al lingera lo llaman
destino del despojado,
perfil andrajoso,
anda libertad guardando
en la fortuna de él,
el croto

Oh Dios!
que sacrificio
Oh Dios!
donde iremos a parar
Oh Dios!
quesacrificio
no sé por que siempre
todas las cosas me salen mal.

<span>Bm</span>       <span>G</span>          <span>E</span>
Dame la mano y vamos
         <span>G</span>     <span>A</span>       <span>Bm</span>
a donde nunca sale el sol.
