%%%% rating:None %%%%
%%%% artist:Symarip Tabs %%%%
%%%% url:http://tabs.ultimate-guitar.com/s/symarip/skinhead_moonstomp_btab.htm %%%%
%%%% title:Skinhead Moonstomp Bass Tab %%%%
%%%% comments:[] %%%%
%%%% difficulty:
                                    novice                                 %%%%
%%%% provider:ultimate-guitar %%%%
%%%% contributor:
                                     %%%%
%%%% type:Bass Tabs %%%%
%%%% Tab:<i></i>-------------------------------------------------------------------------------
                             Skinhead Moonstomp - Symarip
-------------------------------------------------------------------------------
Tabbed by: Alois

Main bass line, replay it till the end...

G|--------------------------------------|
D|-----2--5--2--5--5-----5--5--2--------|
A|--3-----------------------------3--3--|
E|--------------------------------------|

