%%%% rating:r_4 %%%%
%%%% artist:Turnover Tabs %%%%
%%%% url:http://tabs.ultimate-guitar.com/t/turnover/sasha_tab.htm %%%%
%%%% title:Sasha Tab %%%%
%%%% comments:[u'<p class="mtop5">tuning is off</p>', u'<p class="mtop5">Whoever gave this one star is an idiot. this tab goes perfectly with the song. 5 stars</p>', u'<p class="mtop5">Haven\'t played it yet, but you play this is standard tuning since there is no open chords.</p>'] %%%%
%%%% difficulty:
                                    novice                                 %%%%
%%%% provider:ultimate-guitar %%%%
%%%% contributor:
                                     %%%%
%%%% type:Tabs %%%%
%%%% Tab:<i></i>Awesome Pop Punk band from Virginia.
"Sasha" off their self-titled EP.
Any questions? email me at alexskaterb@yahoo.com
Check out Turnover!
http://twitter.com/#!/turnoverva
https://www.facebook.com/turnoverva
Be sure to pre-order their split with Citizen!

Intro (0:00-0:10)
Guitar 1
eb|-------------------------------------------------------------------------|
Bb|-------------------------------------------------------------------------|
Gb|-------------------------------------------------------------------------|
Db|--9--9999---9-9999---9--9999---9-9999---7--7777--7--7777--7--7777--7-7777|
Ab|--9--9999---9-9999---9--9999---9-9999---5--5555--5--5555--5--5555--5-5555|
Db|--9--9999---9-9999---9--9999---9-9999---5--5555--5--5555--5--5555--5-5555|
      P.M--|             P.M--|             P.M--|             P.M--|
Guitar 2
eb|-------------------------------------------------------------------------|
Bb|-----10---------10-/-12-/-10---------------------------------------------|
Gb|---------7---------------------------------------------------------------|
Db|------------9------------------------------------------------------------|
Ab|-------------------------------------------------------------------------|
Db|-------------------------------------------------------------------------|

Verse("I called you up, to say goodnight...")
Guitar 1
eb|--------------------------------------------------------------------------
Bb|--------------------------------------------------------------------------
Gb|--------------------------------------------------------------------------
Db|--77-7-77-7-77-7-77-7--7-77-7-77-7-77-7-77-7---9-99-9-99-9-7-77-7-77--7-77
Ab|--55-5-55-5-55-5-55-5--5-55-5-55-5-55-5-55-5---9-99-9-99-9-7-77-7-77--5-55
Db|-----------------------5-55-5-55-5-55-5-55-5---9-99-9-99-9-7-77-7-77--5-55

eb|--------------------------------------|
Bb|--------------------------------------|
Gb|--------------------------------------|
Db|--7-77-7-77-7-77-7--------------------|
Ab|--5-55-5-55-5-55-5--------------------|
Db|--5-55-5-55-5-55-5--------------------|

Guitar 2 (Faint in the background, hard to figure out. But this sounds good)
eb|-------------------------------------------------------------------------|
Bb|-------10------5-77-5-3-5-----10-----5-77-5-3-5------10----5-77-5-3-5----|
Gb|-----7----7----------------7----7----------------7----7------------------|
Db|---9---------------------7---------------------9-------------------------|
Ab|-------------------------------------------------------------------------|
Db|-------------------------------------------------------------------------|

Chorus ("For weeks and days...")
Guitar 1
eb|-------------------------------------------------------------------------|
Bb|-------------------------------------------------------------------------|
Gb|-------------------------------------------------------------------------|
Db|--7777777777777777----99999999----77777777-------------------------------|
Ab|--5555555555555555----99999999----77777777-------------------------------|
Db|--5555555555555555----99999999----77777777-------------------------------|

Guitar 2 (repeats same riff, once again it was hard to figure out, not 100%)
eb|-------------------------------------------------------------------------|
Bb|-----------3---5/7/5-3--------3---5/7/5-3-------3---5/7/5-3--------------|
Gb|------444----------------444----------------444--------------------------|
Db|-------------------------------------------------------------------------|
Ab|-------------------------------------------------------------------------|
Db|-------------------------------------------------------------------------|

Bridge (0:52-1:02)
eb|-------------------------------------------------------------------------|
Bb|----10--10--10--10--10--10--10--10--10--10--10--10--10--10--10--10--10---|
Gb|---7---7---7---7---7---7---7---7---7---7---7---7---7---7---7---7---7-----|
Db|-------------------------------------------------------------------------|
Ab|-------------------------------------------------------------------------|
Db|-------------------------------------------------------------------------|

Verse 2 ("Well there's a place we used to go...")
Guitar 1
eb|--------------------------------------------------------------------------
Bb|--------------------------------------------------------------------------
Gb|--------------------------------------------------------------------------
Db|--77-7-77-7-77-7-77-7--7-77-7-77-7-77-7-77-7---9-99-9-99-9-7-77-7-77--7-77
Ab|--55-5-55-5-55-5-55-5--5-55-5-55-5-55-5-55-5---9-99-9-99-9-7-77-7-77--5-55
Db|-----------------------5-55-5-55-5-55-5-55-5---9-99-9-99-9-7-77-7-77--5-55

eb|--------------------------------------|
Bb|--------------------------------------|
Gb|--------------------------------------|
Db|--7-77-7-77-7-77-7--------------------|
Ab|--5-55-5-55-5-55-5--------------------|
Db|--5-55-5-55-5-55-5--------------------|

Guitar 2 (Faint in the background, hard to figure out. But this sounds good)
eb|-------------------------------------------------------------------------|
Bb|-------10------5-77-5-3-5-----10-----5-77-5-3-5------10----5-77-5-3-5----|
Gb|-----7----7----------------7----7----------------7----7------------------|
Db|---9---------------------7---------------------9-------------------------|
Ab|-------------------------------------------------------------------------|
Db|-------------------------------------------------------------------------|

Chorus ("For weeks and days...")
Guitar 1
eb|-------------------------------------------------------------------------|
Bb|-------------------------------------------------------------------------|
Gb|-------------------------------------------------------------------------|
Db|--7777777777777777----99999999----77777777-------------------------------|
Ab|--5555555555555555----99999999----77777777-------------------------------|
Db|--5555555555555555----99999999----77777777-------------------------------|

Guitar 2 (repeats same riff, once again it was hard to figure out, not 100%)
eb|-------------------------------------------------------------------------|
Bb|-----------3---5/7/5-3--------3---5/7/5-3-------3---5/7/5-3--------------|
Gb|------444----------------444----------------444--------------------------|
Db|-------------------------------------------------------------------------|
Ab|-------------------------------------------------------------------------|
Db|-------------------------------------------------------------------------|

Outro (1:44-end)
Guitar 2
eb|-------------------------------------------------------------------------|
Bb|----10--10--10--10--10--10--10--10--10--10--10--10--10--10--10--10--10---|
Gb|---7---7---7---7---7---7---7---7---7---7---7---7---7---7---7---7---7-----|
Db|-------------------------------------------------------------------------|
Ab|-------------------------------------------------------------------------|
Db|-------------------------------------------------------------------------|

Guitar 1 (comes in at 2:05)
eb|-------------------------------------------------------------------------|
Bb|-------------------------------------------------------------------------|
Gb|-------------------------------------------------------------------------|
Db|--77777777----9999----7777-----------------------------------------------|
Ab|--55555555----9999----7777-----------------------------------------------|
Db|--55555555----9999----7777-----------------------------------------------|
  P.M------------------------
Then at 2:26
eb|-------------------------------------------------------------------------|
Bb|-------------------------------------------------------------------------|
Gb|-------------------------------------------------------------------------|
Db|--7777777777777777----99999999----77777777-------------------------------|
Ab|--5555555555555555----99999999----77777777-------------------------------|
Db|--5555555555555555----99999999----77777777-------------------------------|

End with:
eb|----------------------------|
Bb|----------------------------|
Gb|----------------------------|
Db|--777--7~~------------------|
Ab|--555--5~~------------------|
Db|--555--5~~------------------|
  P.M---
LYRICS:
I called you up to say goodnight 
I thought that things would be alright 
But I guess I was dead wrong 
And I just want to stay asleep 
Because thoughts of you are all I dream 
But when I wake up you're gone 

For weeks the days I spent felt like forever 
I couldn't get you off my mind 
I wondered how you got inside my head 
And made me think that you were mine 
I thought you meant it when you said forever 
I guess that was a lie 
I still get choked up when I think of you 
It happens all the time 

Well there's a place that we used to go 
I pass by now and feel alone 
And wonder if you ever stop here like I do 
And someone told me that they saw you there one night 
Skipping rocks down by the water 
All alone, tears in your eyes 

For weeks the days I spent felt like forever 
I couldn't get you off my mind 
I wondered how you got inside my head 
And made me think that you were mine 
I thought you meant it when you said forever 
I guess that was a lie 
I still get choked up when I think of you 
It happens all the time 

Your time's all gone 
It's all been spent 
Who's left by your side
Not me anymore

