%%%% rating:r_5 %%%%
%%%% artist:Snsd Taitiseo Tabs %%%%
%%%% url:http://tabs.ultimate-guitar.com/s/snsd_taitiseo/twinkle_crd.htm %%%%
%%%% title:Twinkle Chords %%%%
%%%% comments:[] %%%%
%%%% difficulty:
                                    advanced                                 %%%%
%%%% provider:ultimate-guitar %%%%
%%%% contributor:
                                     %%%%
%%%% type:Chords %%%%
%%%% Tab:<i></i>Taitiseo - Twinkle


=Edited=

This song has many variants of chord, maybe after Bm there are 
other variant chord that must be played, 
but i don't think so. This is my maximal work I can contribute. Thx.


Intro: <span>F#m</span>


          <span>F#m</span>
[Tiffany] the twinkle, twinkle, the twinkle, twinkle


::CHORUS::
                         <span>F#m13</span> - <span>F#sus4</span> - <span>F#m</span>   <span>F#m13</span> - <span>F#sus4</span> - <span>F#m</span>                    
Sumgyeo do twinkle eojjeona? Nune hwahk ttwi janha
                  <span>Bm</span> <span>C#7</span>                 <span>F#m13</span> - <span>F#sus4</span> - <span>F#m</span>
Beire ssayeo isseodo naneun twinkle tiga na


::VERSE::
                           <span>F#m13</span> - <span>F#sus4</span> - <span>F#m</span>     <span>F#m13</span> - <span>F#sus4</span> - <span>F#m</span>
[Taeyeon] ttan saramdeuldo da binnaneun nareul chowahae
                          <span>Bm</span>
Kkeutkkaji kyeonggyehaeya hae
<span>C#7</span>                     <span>F#m13</span> - <span>F#sus4</span> - <span>F#m</span>
Boseogeul humchin neojanha


::PRE-CHORUS::
                             <span>Bm</span>        <span>C#7</span>      <span>F#</span>        <span>Gdim7</span>
[Tiffany] neul naye kyeoseul jikyeojwo nae juwiiman maemdora
                        <span>Bm</span>        <span>G#m</span>          <span>C#</span>   
[Seohyun]nuneul tteji marajwo nae maeryeoge ppajyeo


::CHORUS::
                        <span>F#m13</span> - <span>F#sus4</span> - <span>F#m</span>                     
Sumgyeo do twinkle eojjeona? [Taeyeon] (twinkle, twinkle eojjeona?)
                   <span>F#m13</span> - <span>F#sus4</span> - <span>F#m</span>
Nune hwahk ttwi janha [Taeyeon] (ttwi janha, ttwi janha)
                  <span>Bm</span> <span>C#7</span>                 <span>F#m13</span> - <span>F#sus4</span> - <span>F#m</span>
Beire ssayeo isseodo naneun twinkle tiga na


::VERSE::
                       <span>F#m13</span> - <span>F#sus4</span> - <span>F#m</span>   <span>F#m13</span> - <span>F#sus4</span> - <span>F#m</span>
[Tiffany] nan mijiye sekye shiganeurijeobeorilkeol
                      <span>Bm</span> <span>C#7</span>                   <span>F#m13</span> - <span>F#sus4</span> - <span>F#m</span>
Achime nuneul tteobwahdo kkumeun gyesoktwel keoya


::PRE-CHORUS::
                             <span>Bm</span>          <span>C#7</span>          <span>F#</span>       <span>Gdim7</span>          
[Seohyun] nan neoreul wiihae kkumigo deo yeppeuge nal banchagillae
                         <span>Bm</span>       <span>G#m</span>       <span>C#</span>
[Taeyeon] waeh neoman honja molla naye jinkareul


::CHORUS::
                          <span>F#m13</span> - <span>F#sus4</span> - <span>F#m</span>
Sumgyeo do twinkle eojjeona? [Seohyun] (sumgyeo do twinkle eojjeona)
                   <span>F#m13</span> - <span>F#sus4</span> - <span>F#m</span>
Nune hwahk ttwi janha [Seohyun] (nune hwahk ttwi janha)
                  <span>Bm</span> <span>C#7</span>                 <span>F#m13</span> - <span>F#sus4</span> - <span>F#m</span>
Beire ssayeo isseodo naneun twinkle tiga na


::BRIDGE::
                       <span>F#</span>                  <span>E</span>
[Seohyun] neomu Taeyeonhae neomu ppeonppeonhae
              <span>B</span>                <span>C#</span>     
Bakkeneun nal sowonhaneun juri kkeuchi an boyeo
          <span>F#</span>                  <span>A</span>                     <span>B</span>                   <span>C#</span>
[Taeyeon] maldo andwehke neon neomu damdamhae nan haneurarae tteoreojin byeol


::CHORUS::
                        <span>F#m13</span> - <span>F#sus4</span> - <span>F#m</span>
Sumgyeo do twinkle eojjeona? [Tiffany] (ha ha ha~ yeah~)
                   <span>F#m13</span> - <span>F#sus4</span> - <span>F#m</span>
Nune hwahk ttwi janha [Tiffany] (nune hwahk ttwi janha)
                  <span>Bm</span>
Beire ssayeo isseodo [Seohyun] (beire ssayeo isseodo)
<span>C#7</span>                 <span>F#m13</span> - <span>F#sus4</span> - <span>F#m</span>
Naneun twinkle tiga na [Taeyeon] (hey yeah!)


::CHORUS 2::
                        <span>F#5</span> <span>A5</span> <span>B5</span> <span>C#5</span> <span>C#5</span> <span>E5</span> <span>F#5</span>
Keudaeye twinkle nareul bwah [Taeyeon] (keudaeye twinkle nareul bwa, hey!)
                   <span>F#m13</span> - <span>F#sus4</span> - <span>F#m</span>
Eodil bwah? Nareul bwah [Tiffany] (oh oh, nareul bwa)
                      <span>Bm</span>
Chikchikhan os sogeseodo
<span>C#7</span>                  <span>F#m13</span> - <span>F#sus4</span> - <span>F#m</span>
Naneun twinkle taega na [Seohyun] (naneun twinkle taega na)
                         <span>F#m13</span> - <span>F#sus4</span> - <span>F#m</span>
Sumgyeo do twinkle eojjeona? [Tiffany] (nan twinkle eojjeona)
                   <span>F#m13</span> - <span>F#sus4</span> - <span>F#m</span>
Nune hwahk ttwi janha [Seohyun] (nuneul hwahk ttwi janha)
                  <span>Bm</span>
Beire ssayeo isseodo
<span>C#7</span>                 <span>F#m13</span> - <span>F#sus4</span> - <span>F#m</span>                               
Naneun twinkle tiga na [Tiffany] (woo! T-twinkle al janha)


