%%%% rating:None %%%%
%%%% artist:Snuff Tabs %%%%
%%%% url:http://tabs.ultimate-guitar.com/s/snuff/words_of_wisdom_tab.htm %%%%
%%%% title:Words Of Wisdom Tab %%%%
%%%% comments:[] %%%%
%%%% difficulty:None %%%%
%%%% provider:ultimate-guitar %%%%
%%%% contributor:None %%%%
%%%% type:Tabs %%%%
%%%% Tab:<i></i>#----------------------------------PLEASE NOTE--------------------------------#
#This file is the author's own work and represents their interpretation of the#
#song. You may only use this file for private study, scholarship, or research.#
#-----------------------------------------------------------------------------#

Date: Wed, 06 May 1998 18:58:12 -0400
From: Stash Fortier <stash>
Subject: s/snuff/words_of_wisdom.crd

-----------------------------------------------------------------------
                        Words Of Wisdom by SNUFF
-----------------------------------------------------------------------

By:Stash Fortier(stash@nt.net)

INTRO PART 1                        PART 2
e|---------------------------------|------------------------------------|
B|---------------------------------|------------------------------------|
G|-4-4-4-4-4-4-4-4---------2-2-2-2-|-----------------9-9-9-9------------|
D|-4-4-4-4-4-4-4-4-2-2-2-2-2-2-2-2-|-9-9-9-9-9-9-9-9-9-9-9-9-7-7-7-7----|X5
A|-2-2-2-2-2-2-2-2-2-2-2-2-0-0-0-0-|-9-9-9-9-9-9-9-9-7-7-7-7-7-7-7-7----|
E|-----------------0-0-0-0---------|-7-7-7-7-7-7-7-7---------5-5-5-5----|

VERSE
e|--------------------------------------------------------------------|
B|--------------------------------------------------------------------|
G|-4-4-4-4-4-4-4-4-4-4--9-9-9-9-9-9-------------------then X2 without-|
D|-4-4-4-4-4-4-4-4-4-4--9-9-9-9-9-9--7-7-7-7-7-7--X2---palm muting----|
A|-2-2-2-2-2-2-2-2-2-2--7-7-7-7-7-7--7-7-7-7-7-7----------------------|
E|-----------------------------------5-5-5-5-5-5----------------------|
     PM.............      PM.....      PM.....

CHORUS GUITAR 1 - Same as INTRO PART 2 but only X2

CHORUS GUITAR 2
e|--------------------------------------------------------------------|
B|--------------------------------------------------------------------|
G|--7----6-7---5------------------------------------------------------|
D|-----------------7---X2---------------------------------------------|
A|--------------------------------------------------------------------|
E|--------------------------------------------------------------------|

REPEAT VERSE
REPEAT CHORUS

BRIDGE
e|--------------------------------------------------------------------|
B|--------------------------------------------------------------------|
G|----------7-7-7-7----There is a lead with the 4 ds that i can't-----|
D|-9-9-9-9--7-7-7-7----figure out.------------------------------------|
A|-9-9-9-9--5-5-5-5---------------------------------------------------|
E|-7-7-7-7------------------------------------------------------------|

REPEAT VERSE
REPEAT CHORUS X4

END
e|--------------------------------------------------------------------|
B|--------------------------------------------------------------------|
G|-4------------------------------------------------------------------|
D|-4------------------------------------------------------------------|
A|-2------------------------------------------------------------------|
E|--------------------------------------------------------------------|</stash>
