%%%% rating:r_4 %%%%
%%%% artist:Turin Brakes Tabs %%%%
%%%% url:http://tabs.ultimate-guitar.com/t/turin_brakes/fishing_for_a_dream_crd.htm %%%%
%%%% title:Fishing For A Dream Chords %%%%
%%%% comments:[u'<p class="mtop5">Hello, may i firstly say nice one for working out the chords for this most excellent song. I have done a little bit of work with it and have come up with some alternative solutions. They are as follows:<br>Instead of using open chords for the intro I suggest using:<br>e----------------0--------/<br>b-5--3--1--5--7--1--5--7--/<br>g-4--2--0--5--7--2--5--7--/<br>D-6--4--2--5--7--2--5--7--/<br>A-7--5--3--3--5--0--3--5--/<br>E-------------------------/<br>  E  D  C  C* D* Am C* D*<br>For the little syncopated run at the end of the verse use:<br><br>e------------------/<br>b--8--10--8--7---5--/<br>g--7--11--7--7---5--/<br>D--9--12--9--7---7--/<br>A-------------------/<br>E-------------------/<br><br>   G  D   G  D   Am<br>  "we can be our-selves"<br>Alternatively any inversion of the above triads can be used to offer a little more colour to the mix! Ta for your time and patience. Bohemiman.</p>'] %%%%
%%%% difficulty:None %%%%
%%%% provider:ultimate-guitar %%%%
%%%% contributor:
                                     %%%%
%%%% type:Chords %%%%
%%%% Tab:<i></i>Band: Turin Brakes
Song: Fishing For A Dream
Album: JackInABox (2005)
Tabbed By: pjnutz, philnutting@msn.com

Tuning: Standard Tuning (EADGBe)

Chords:

<span>E</span>     022100
<span>D</span>     xx0232
<span>C</span>     x32010
<span>Am</span>    x02210
<span>Dsus4</span> xx0233
<span>Dsus2</span> xx0230
<span>Dsus</span>  xx023x
<span>G</span>     320033
<span>C/B</span>   x20010
<span>C/G</span>   332010

Sequence:

Intro
Verse 1
Chorus
Verse 2
Chorus
Verse 3 (half normal length)
Chorus
Outro x 3

For the little riff near the end of each verse that runs down I've just
done Dsus4, D, Dsus2 and Dsus because it harmonises well with whatever Gale plays!

Finger picking the chords sounds much much better!

Intro: <span>E</span>, <span>D</span>, <span>C</span>, <span>C</span>, <span>D</span>, <span>Am</span>, <span>C</span>, <span>D</span>, <span>Dsus4</span>, <span>D</span>, <span>Dsus2</span>, <span>Dsus</span>, <span>Am</span>, <span>C</span>/B, <span>C</span>


Verse 1:

<span>E</span>        <span>D</span>             <span>C</span>
Lets go fishing for a dream,

<span>C</span>          <span>D</span>          <span>Am</span>
Lets find some place new,

<span>C</span>    <span>D</span>   <span>Dsus4</span>  <span>D</span>  <span>Dsus2</span> <span>Dsus</span> <span>Am</span>
Somewhere  we  can  be    our-selves,

<span>Am</span>       <span>C/B</span> <span>C</span>
Some of the time,


Chorus: 

           <span>G</span>                  <span>D</span>
lose your heart, i'll lose my mind,

<span>D</span>           <span>C</span>      <span>C/G</span>
We'll make quite a pair,

<span>C</span>                <span>G</span>
Dazzling all the time,

           <span>D</span>                      <span>C</span>
Celebrity parties, the red carpet mile

               <span>C/G</span>            <span>C</span>   <span>Am</span>     <span>C/B</span> <span>C</span>
Nothing is too good there for my girl,

            <span>Am</span>     <span>C/B</span> <span>C</span>
All of this world, 

                    <span>E</span>
Is gonna see you shine,


Verse 2:

          <span>D</span>          <span>C</span>
Do do do da da do do dooo,

<span>C</span>        <span>D</span>      <span>Am</span>
Do da da do do dooo

<span>C</span>         <span>D</span>       <span>Dsus4</span> <span>D</span>  <span>Dsus2</span> <span>Dsus</span>  <span>Am</span>
Do da da do da da  do   do  do    do   dooo

<span>C/B</span> <span>C</span>       <span>E</span>
Da  dooo

         <span>D</span>           <span>C</span>
Lets do lonliness in style,

<span>C</span>           <span>D</span>         <span>Am</span>
Lets put on moonlight mile,

    <span>C</span>     <span>D</span>  <span>Dsus4</span>  <span>D</span> <span>Dsus2</span> <span>Dsus</span>  <span>Am</span>
And feel the   ra - di -o   waves flow,

   <span>C/B</span> <span>C</span>
Don't say you won't


Chorus: 

           <span>G</span>                  <span>D</span>
lose your heart, i'll lose my mind,

<span>D</span>           <span>C</span>      <span>C/G</span>
We'll make quite a pair,

<span>C</span>                <span>G</span>
Dazzling all the time,

           <span>D</span>                      <span>C</span>
Celebrity parties, the red carpet mile

               <span>C/G</span>            <span>C</span>   <span>Am</span>     <span>C/B</span> <span>C</span>
Nothing is too good there for my girl,

             <span>Am</span>     <span>C/B</span> <span>C</span>
All of this world, 

                    <span>E</span>
Is gonna see you shine,


Verse 3 (half normal length):


<span>E</span>         <span>D</span>          <span>C</span>
Do do do da da do do dooo,

<span>C</span>        <span>D</span>      <span>Am</span>
Do da da do do dooo

<span>C</span>         <span>D</span>       <span>Dsus4</span> <span>D</span>  <span>Dsus2</span> <span>Dsus</span>  <span>Am</span>
Do da da do da da  do   do  do    do   dooo

<span>C/B</span> <span>C</span>
Da  dooo


Chorus: 

           <span>G</span>                  <span>D</span>
lose your heart, i'll lose my mind,

<span>D</span>           <span>C</span>      <span>C/G</span>
We'll make quite a pair,

<span>C</span>                <span>G</span>
Dazzling all the time,

           <span>D</span>                      <span>C</span>
Celebrity parties, the red carpet mile

               <span>C/G</span>            <span>C</span>   <span>Am</span>     <span>C/B</span> <span>C</span>
Nothing is too good there for my girl,

            <span>Am</span>     <span>C/B</span> <span>C</span>
All of this world, 


Outro x 3 : <span>E</span>, <span>D</span>, <span>C</span>, <span>C</span>, <span>D</span>, <span>Am</span>, <span>C</span>, <span>D</span>, <span>Dsus4</span>, <span>D</span>, <span>Dsus2</span>, <span>Dsus</span>, <span>Am</span>, <span>C</span>/B, <span>C</span>
