%%%% rating:r_4 %%%%
%%%% artist:Snowstorm Tabs %%%%
%%%% url:http://tabs.ultimate-guitar.com/s/snowstorm/sommarnatt_crd.htm %%%%
%%%% title:Sommarnatt Chords %%%%
%%%% comments:[] %%%%
%%%% difficulty:None %%%%
%%%% provider:ultimate-guitar %%%%
%%%% contributor:
                                     %%%%
%%%% type:Chords %%%%
%%%% Tab:<i></i>http://snowstorm.se/

<span>D</span> <span>D</span> <span>Em</span> <span>Em</span> <span>G</span> <span>G</span> <span>D</span> <span>D</span>


<span>D</span>                            <span>Em</span> 
Rosa lack och kromad list i '59års modell
<span>G</span>                                  <span>D</span>
Jag öser på för fullt i stan som en 50-talsrebell

Jag sveper över landsvägar ja jag 
 <span>Em</span>
sveper genom natten
 <span>G</span>
Och tar det cool till kvällens sound med en 
 <span>D</span>
säker hand på ratten.

<span>D</span>                                 <span>Em</span>
Sommarnatt, när jag svävar fram i mörkret, aha 
<span>G</span>                                 <span>D</span> 
Sommarnatt, det ger en skön hiway feeling
                                   <span>Em</span>
Sommarnatt, när jag glider fram på gatan, aha
<span>G</span>                       <span>D</span>
Sommarnatt i min jättemaskin.

 <span>D</span>                                  <span>Em</span> 
De' e' en ganska enkel sak att få en brud till att åka me'
 <span>G</span>                               <span>D</span>
En enda liten kort signal ja där, ligger de flesta i lä
 
I stadens vilda nattrafik ja där
 <span>Em</span>
trivs jag allra bäst
<span>D</span>
Där gäller bara hålligång och vem som
               <span>G</span>
hörs och låter mest.

<span>D</span>                                 <span>Em</span>
Sommarnatt, när jag svävar fram i mörkret, aha 
<span>G</span>                                 <span>D</span> 
Sommarnatt, det ger en skön hiway feeling
                                   <span>Em</span>
Sommarnatt, när jag glider fram på gatan, aha
<span>G</span>                       <span>D</span>
Sommarnatt i min jättemaskin.

solo på introt:

<span>D</span> <span>D</span> <span>Em</span> <span>Em</span> <span>G</span> <span>G</span> <span>D</span> <span>D</span>

<span>D</span>                            <span>Em</span> 
Rosa lack och kromad list i '59års modell
<span>G</span>                                  <span>D</span>
Jag öser på för fullt i stan som en 50-tals rebell

<span>D</span>                                 <span>Em</span>
Sommarnatt, när jag svävar fram i mörkret, aha 
<span>G</span>                                 <span>D</span> 
Sommarnatt, det ger en skön hiway feeling
                                   <span>Em</span>
Sommarnatt, när jag glider fram på gatan, aha
<span>G</span>                       <span>D</span>
Sommarnatt i min jättemaskin.
