%%%% rating:r_5 %%%%
%%%% artist:Turtles Tabs %%%%
%%%% url:http://tabs.ultimate-guitar.com/t/turtles/happy_together_ver2_btab.htm %%%%
%%%% title:Happy Together (ver 2) Bass Tab %%%%
%%%% comments:[] %%%%
%%%% difficulty:
                                    novice                                 %%%%
%%%% provider:ultimate-guitar %%%%
%%%% contributor:
                                     %%%%
%%%% type:Bass Tabs %%%%
%%%% Tab:<i></i>Happy Together
Single released by The turtles in 1967 reaching number 12 in UK Charts
Bass performance Chip Douglas. Great song from The Flower Power year of
1967. More or less as original. Please note that in the chorus and outro
At the end of F# and C# sequences the last note is a quick kick note 
Comments bass254@btinternet.com 

Intro:(Play Quietly) 
    .        .
G|----------------|  |-----------------
D|--4--------4----|  |-----------------
A|-4--------4-----|  |-----------------
E|----------------|  |-2-2-2-2-2-2-2-2-

Verse 1:
G|----------------------------------------------------------------------
D|----------------------------------------------------------------------
A|------------------7-7-7-7-7-7-7-7---5-5-5-5-5-5-5-5---4-4-4-4-4-4-4-4-
E|-2-2-2-2-2-2-2-2/-----------------------------------------------------

Verse 2:
G|---------------------------------------------------------------------
D|---------------------------------------------------------------------
A|-----------------------------------5-5-5-5-5-5-5-5---4-4-4-4-4-4-4-4-
E|-2-2-2-2-2-2-2-2---0-0-0-0-0-0-0-0-----------------------------------

Chorus 1:
G|--------------------------------------------------------
D|--------------------------------------------------------
A|-9-9-9-9-9---------9-9-9-9-----------9-9-9-9-9----------
E|----------9-9-9-9-9-------9-5-5-5-5-----------9-9-9-9-9-

G|------------------
D|------------------
A|-9-9-9-9----------
E|--------9-5-5-5-5-

Repeat Verse 2:

Repeat Chorus 1:

Repeat Verse 2:

Chorus 2:
G|-------------------------------------------------------------
D|----------------------------7-7------------------------------
A|-9-9-9-9-9---------9-9-9-9---------9-9-9-9-9---------9-9-9-9-
E|----------9-9-9-9-9------------5-5----------9-9-9-9-9--------

G|-----------------
D|-----------------
A|-----------------
E|-9-9-9-9-9-9-9-9-

Verse 4:
G|----------------------------------------------------------------------
D|-------------------------------------------------------------4-4-4-4-
A|-----------------------------------5-5-5-5-5-5-5-5---4-4-4-4---------
E|-2-2-2-2-2-2-2-2---0-0-0-0-0-0-0-0------------------------------------

Outro:
G|------------------------------------------------------------------------
D|----------4-4-4-4-4---------4-4-4-4-4---------4-4-4-4-4---------4-4-4-4-
A|-4-4-4-4-4---------4-4-4-4-4---------4-4-4-4-4---------4-4-4-4-4--------
E|------------------------------------------------------------------------

G|-------------------------------------------------------------------
D|----------4-4-4-4-4---------4-4-4-4-4---------4-4-4-4-4------------
A|-4-4-4-4-4---------4-4-4-4-4---------4-4-4-4-4---------4-4-4-4---9-
E|-------------------------------------------------------------------

