%%%% rating:None %%%%
%%%% artist:Turf Tabs %%%%
%%%% url:http://tabs.ultimate-guitar.com/t/turf/ranchera_crd.htm %%%%
%%%% title:Ranchera Chords %%%%
%%%% comments:[] %%%%
%%%% difficulty:None %%%%
%%%% provider:ultimate-guitar %%%%
%%%% contributor:None %%%%
%%%% type:Chords %%%%
%%%% Tab:<i></i>
<span>G</span>
Para escribir una gran canción
       <span>D</span>
hay que ser un atleta.
<span>Em</span>
Y hacer piruetas con las letras
F7+ (F7Maj)
hasta que se queden quietas
  <span>C</span>
y ver que se formó.

Querés la A? te doy la A
tal vez, querés la C 
querés que vaya y que la escriba 
en una hoja a su medida
y ver que pasa después.

       <span>Bm</span>      <span>Am</span>
Cuando la poesía 
   <span>Bm</span>            <span>Am</span>
se conoce con la melodía
      <span>Bm</span>                    <span>Am</span>
puede ser que se lleven muy bien
                <span>Em</span>        <span>C</span>
o que se lleven mal, pero igual
<span>G</span>            <span>D</span>       <span>Em</span>     <span>F7 </span>-<span>C</span>   
a nadie hace mal una canción...  

      <span>G</span>       <span>D</span>-<span>F7 </span>-<span>C</span>
como ésta.

Porque rimar amor y dolor
si no se llevan bien.
No te conviene andar de prisa
cuando vas por la cornisa
porque podés caer.

Porque el amor te da dolor
pero también placer.
Y cuando todo se ilumina
es la inspiración divina
y no lo vas a creer.

Cuando la poesía se conoce con la melodía
puede ser que se lleven muy bien
o que se lleven mal, pero igual...
siempre es buen momento para armar... una fiesta, como ésta.
