%%%% rating:None %%%%
%%%% artist:Turin Brakes Tabs %%%%
%%%% url:http://tabs.ultimate-guitar.com/t/turin_brakes/pain_killer_ver3_tab.htm %%%%
%%%% title:Pain Killer (ver 3) Tab %%%%
%%%% comments:[] %%%%
%%%% difficulty:None %%%%
%%%% provider:ultimate-guitar %%%%
%%%% contributor:
                                     %%%%
%%%% type:Tabs %%%%
%%%% Tab:<i></i>----------------------------------------------------------------------------
                             Painkiller - Turin Brakes
----------------------------------------------------------------------------
Tabbed by: acoustic-fish
Tuning: EADGBe (standard)

no one has done a full tab of this song, including the solo yet, so heres my version.
the timing is off, so listen to the song to get it exactly. the intro is just arpeggios, 
barre chords are shown at the top.


intro:
     A                         G         A                       G
 e|----------------|----------------|----------------|----------------|
 B|----------------|-----5---5-3----|----------------|-----5---5-3----|
 G|----------------|-----6---6-4-4--|----------------|-----6---6-4-4--|
 D|------7---7-----|-----7---7---5--|------7---7-----|-----7---7---5--|
 A|----7---7-7-----|----------------|----7---7-7-----|----------------|
 E|--5-------5-----|----------------|--5-------5-----|----------------|


verse one:
     A                         G       A                         G
 e|------------x-x-|x-x-------------|------------x-x-|x-x-------------|
 B|------------x-x-|x-x--5---5-3----|------------x-x-|x-x--5---5-3----|
 G|------------x-x-|x-x--6---6-4-4--|------------x-x-|x-x--6---6-4-4--|
 D|------7---7-x-x-|x-x--7---7---5--|------7---7-x-x-|x-x--7---7---5--|
 A|----7---7-7-x-x-|x-x-------------|----7---7-7-x-x-|x-x-------------|
 E|--5-------5-x-x-|x-x-------------|--5-------5-x-x-|x-x-------------|

     A                         G       A                         G
 e|------------x-x-|x-x-------------|------------x-x-|x-x-------------|
 B|------------x-x-|x-x--5---5-3----|------------x-x-|x-x--5---5-3----|
 G|------------x-x-|x-x--6---6-4-4--|------------x-x-|x-x--6---6-4-4--|
 D|------7---7-x-x-|x-x--7---7---5--|------7---7-x-x-|x-x--7---7---5--|
 A|----7---7-7-x-x-|x-x-------------|----7---7-7-x-x-|x-x-------------|
 E|--5-------5-x-x-|x-x-------------|--5-------5-x-x-|x-x-------------|

    A                  G              A                  G
 e|-5-5-5-5-5-x-x-x|-x-3-3-3-3-3-3-3|-5-5-5-5-5-x-x-x|-x-3-3-3-3-3-3-3|
 B|-5-5-5-5-5-x-x-x|-x-3-3-3-3-3-3-3|-5-5-5-5-5-x-x-x|-x-3-3-3-3-3-3-3|
 G|-6-6-6-6-6-x-x-x|-x-4-4-4-4-4-4-4|-6-6-6-6-6-x-x-x|-x-4-4-4-4-4-4-4|
 D|-7-7-7-7-7-x-x-x|-x-5-5-5-5-5-5-5|-7-7-7-7-7-x-x-x|-x-5-5-5-5-5-5-5|
 A|-7-7-7-7-7-x-x-x|-x-5-5-5-5-5-5-5|-7-7-7-7-7-x-x-x|-x-5-5-5-5-5-5-5|
 E|-5-5-5-5-5-x-x-x|-x-3-3-3-3-3-3-3|-5-5-5-5-5-x-x-x|-x-3-3-3-3-3-3-3|
    batten...    ...here... ...cold   i can...   ...its...    ...old you

    A                  G              A                  G
 e|-5-5-5-5-5-x-x-x|-x-3-3-3-3-3-3-3|-5-5-5-5-5-x-x-x|-x-3-3-3-3-3-3-3|
 B|-5-5-5-5-5-x-x-x|-x-3-3-3-3-3-3-3|-5-5-5-5-5-x-x-x|-x-3-3-3-3-3-3-3|
 G|-6-6-6-6-6-x-x-x|-x-4-4-4-4-4-4-4|-6-6-6-6-6-x-x-x|-x-4-4-4-4-4-4-4|
 D|-7-7-7-7-7-x-x-x|-x-5-5-5-5-5-5-5|-7-7-7-7-7-x-x-x|-x-5-5-5-5-5-5-5|
 A|-7-7-7-7-7-x-x-x|-x-5-5-5-5-5-5-5|-7-7-7-7-7-x-x-x|-x-5-5-5-5-5-5-5|
 E|-5-5-5-5-5-x-x-x|-x-3-3-3-3-3-3-3|-5-5-5-5-5-x-x-x|-x-3-3-3-3-3-3-3|
    give...    ...that...     ...out                                 you

    A                  G              A                  G
 e|-5-5-5-5-5-x-x-x|-x-3-3-3-3-3-3-3|-5-5-5-5-5-x-x-x|-x-3-3-3-3-3-3-3|
 B|-5-5-5-5-5-x-x-x|-x-3-3-3-3-3-3-3|-5-5-5-5-5-x-x-x|-x-3-3-3-3-3-3-3|
 G|-6-6-6-6-6-x-x-x|-x-4-4-4-4-4-4-4|-6-6-6-6-6-x-x-x|-x-4-4-4-4-4-4-4|
 D|-7-7-7-7-7-x-x-x|-x-5-5-5-5-5-5-5|-7-7-7-7-7-x-x-x|-x-5-5-5-5-5-5-5|
 A|-7-7-7-7-7-x-x-x|-x-5-5-5-5-5-5-5|-7-7-7-7-7-x-x-x|-x-5-5-5-5-5-5-5|
 E|-5-5-5-5-5-x-x-x|-x-3-3-3-3-3-3-3|-5-5-5-5-5-x-x-x|-x-3-3-3-3-3-3-3|
    you...     ...bacon......eggs.....creaking......banging......bed you

    A                  G              A                  G
 e|-5-5-5-5-5-x-x-x|-x-3-3-3-3-3-3-3|-5-5-5-5-5-x-x-x|-x-3-3-3-3-3-3-3|
 B|-5-5-5-5-5-x-x-x|-x-3-3-3-3-3-3-3|-5-5-5-5-5-x-x-x|-x-3-3-3-3-3-3-3|
 G|-6-6-6-6-6-x-x-x|-x-4-4-4-4-4-4-4|-6-6-6-6-6-x-x-x|-x-4-4-4-4-4-4-4|
 D|-7-7-7-7-7-x-x-x|-x-5-5-5-5-5-5-5|-7-7-7-7-7-x-x-x|-x-5-5-5-5-5-5-5|
 A|-7-7-7-7-7-x-x-x|-x-5-5-5-5-5-5-5|-7-7-7-7-7-x-x-x|-x-5-5-5-5-5-5-5|
 E|-5-5-5-5-5-x-x-x|-x-3-3-3-3-3-3-3|-5-5-5-5-5-x-x-x|-x-3-3-3-3-3-3-3|
    give...    ...that...     ...out


Chorus:
    E       C#m       D               E       C#m       D
 e|-0--0-xx-4-4-4-x|x-5-5-5-555-5-5-|-0--0-xx-4-4-4-x|x-5-5-5-555-5-5-|
 B|-0--0-xx-5-5-5-x|x-7-7-7-777-7-7-|-0--0-xx-5-5-5-x|x-7-7-7-777-7-7-|
 G|-1--1-xx-6-6-6-x|x-7-7-7-777-7-7-|-1--1-xx-6-6-6-x|x-7-7-7-777-7-7-|
 D|-2--2-xx-6-6-6-x|x-7-7-7-777-7-7-|-2--2-xx-6-6-6-x|x-7-7-7-777-7-7-|
 A|-2--2-xx-4-4-4-x|x-5-5-5-555-5-5-|-2--2-xx-4-4-4-x|x-5-5-5-555-5-5-|
 E|-0--0-xx-------x|x---------------|-0--0-xx-------x|x---------------|
       summer...   ...dripping... ...again....rain      praying...

    E       C#m       D               E       C#m       D
 e|-0--0-xx-4-4-4-x|x-5-5-5-555-5-5-|-0--0-xx-4-4-4-x|x-5-5-5-555-5-5-|
 B|-0--0-xx-5-5-5-x|x-7-7-7-777-7-7-|-0--0-xx-5-5-5-x|x-7-7-7-777-7-7-|
 G|-1--1-xx-6-6-6-x|x-7-7-7-777-7-7-|-1--1-xx-6-6-6-x|x-7-7-7-777-7-7-|
 D|-2--2-xx-6-6-6-x|x-7-7-7-777-7-7-|-2--2-xx-6-6-6-x|x-7-7-7-777-7-7-|
 A|-2--2-xx-4-4-4-x|x-5-5-5-555-5-5-|-2--2-xx-4-4-4-x|x-5-5-5-555-5-5-|
 E|-0--0-xx-------x|x---------------|-0--0-xx-------x|x---------------|
 ...same....pain......cycle...bicycle....this misery  behind


verse two:
     A                         G       A                         G
 e|------------x-x-|x-x-------------|------------x-x-|x-x-------------|
 B|------------x-x-|x-x--5---5-3----|------------x-x-|x-x--5---5-3----|
 G|------------x-x-|x-x--6---6-4-4--|------------x-x-|x-x--6---6-4-4--|
 D|------7---7-x-x-|x-x--7---7---5--|------7---7-x-x-|x-x--7---7---5--|
 A|----7---7-7-x-x-|x-x-------------|----7---7-7-x-x-|x-x-------------|
 E|--5-------5-x-x-|x-x-------------|--5-------5-x-x-|x-x-------------|

     A                         G       A                         G
 e|------------x-x-|x-x-------------|------------x-x-|x-x-------------|
 B|------------x-x-|x-x--5---5-3----|------------x-x-|x-x--5---5-3----|
 G|------------x-x-|x-x--6---6-4-4--|------------x-x-|x-x--6---6-4-4--|
 D|------7---7-x-x-|x-x--7---7---5--|------7---7-x-x-|x-x--7---7---5--|
 A|----7---7-7-x-x-|x-x-------------|----7---7-7-x-x-|x-x-------------|
 E|--5-------5-x-x-|x-x-------------|--5-------5-x-x-|x-x-------------|

    A                  G              A                  G
 e|-5-5-5-5-5-x-x-x|-x-3-3-3-3-3-3-3|-5-5-5-5-5-x-x-x|-x-3-3-3-3-3-3-3|
 B|-5-5-5-5-5-x-x-x|-x-3-3-3-3-3-3-3|-5-5-5-5-5-x-x-x|-x-3-3-3-3-3-3-3|
 G|-6-6-6-6-6-x-x-x|-x-4-4-4-4-4-4-4|-6-6-6-6-6-x-x-x|-x-4-4-4-4-4-4-4|
 D|-7-7-7-7-7-x-x-x|-x-5-5-5-5-5-5-5|-7-7-7-7-7-x-x-x|-x-5-5-5-5-5-5-5|
 A|-7-7-7-7-7-x-x-x|-x-5-5-5-5-5-5-5|-7-7-7-7-7-x-x-x|-x-5-5-5-5-5-5-5|
 E|-5-5-5-5-5-x-x-x|-x-3-3-3-3-3-3-3|-5-5-5-5-5-x-x-x|-x-3-3-3-3-3-3-3|
    my      love     giving...     ...feeling...    ...breaking...

    A                  G              A                  G
 e|-5-5-5-5-5-x-x-x|-x-3-3-3-3-3-3-3|-5-5-5-5-5-x-x-x|-x-3-3-3-3-3-3-3|
 B|-5-5-5-5-5-x-x-x|-x-3-3-3-3-3-3-3|-5-5-5-5-5-x-x-x|-x-3-3-3-3-3-3-3|
 G|-6-6-6-6-6-x-x-x|-x-4-4-4-4-4-4-4|-6-6-6-6-6-x-x-x|-x-4-4-4-4-4-4-4|
 D|-7-7-7-7-7-x-x-x|-x-5-5-5-5-5-5-5|-7-7-7-7-7-x-x-x|-x-5-5-5-5-5-5-5|
 A|-7-7-7-7-7-x-x-x|-x-5-5-5-5-5-5-5|-7-7-7-7-7-x-x-x|-x-5-5-5-5-5-5-5|
 E|-5-5-5-5-5-x-x-x|-x-3-3-3-3-3-3-3|-5-5-5-5-5-x-x-x|-x-3-3-3-3-3-3-3|
 ...losing...     ...taking....on                                    so

 e|----------------|----------------|----------------|----------------|
 B|----------------|----------------|----------------|----------------|
 G|----------------|----------------|----------------|----------------|
 D|----------------|----------------|----------------|----------------|
 A|----------------|----------------|----------------|----------------|
 E|-5-5-5-5-5------|---3---3-3-3-3-3|-5-5-5-5-5------|---3---3-3-3-3-3|
    batten...    ...here... ...cold   i can...   ...its...    ...old you

 e|----------------|----------------|----------------|----------------|
 B|----------------|----------------|----------------|----------------|
 G|----------------|----------------|----------------|----------------|
 D|----------------|----------------|----------------|----------------|
 A|----------------|----------------|----------------|----------------|
 E|-5-5-5-5-5------|---3---3-3-3-3-3|-5-5-5-5-5------|---3---3-3-3-3-3|
    give...    ...that...     ...out


Chorus:
    E       C#m       D               E       C#m       D
 e|-0--0-xx-4-4-4-x|x-5-5-5-555-5-5-|-0--0-xx-4-4-4-x|x-5-5-5-555-5-5-|
 B|-0--0-xx-5-5-5-x|x-7-7-7-777-7-7-|-0--0-xx-5-5-5-x|x-7-7-7-777-7-7-|
 G|-1--1-xx-6-6-6-x|x-7-7-7-777-7-7-|-1--1-xx-6-6-6-x|x-7-7-7-777-7-7-|
 D|-2--2-xx-6-6-6-x|x-7-7-7-777-7-7-|-2--2-xx-6-6-6-x|x-7-7-7-777-7-7-|
 A|-2--2-xx-4-4-4-x|x-5-5-5-555-5-5-|-2--2-xx-4-4-4-x|x-5-5-5-555-5-5-|
 E|-0--0-xx-------x|x---------------|-0--0-xx-------x|x---------------|
       summer...   ...dripping... ...again....rain      praying...

    E       C#m       D               E       C#m       D
 e|-0--0-xx-4-4-4-x|x-5-5-5-555-5-5-|-0--0-xx-4-4-4-x|x-5-5-5-555-5-5-|
 B|-0--0-xx-5-5-5-x|x-7-7-7-777-7-7-|-0--0-xx-5-5-5-x|x-7-7-7-777-7-7-|
 G|-1--1-xx-6-6-6-x|x-7-7-7-777-7-7-|-1--1-xx-6-6-6-x|x-7-7-7-777-7-7-|
 D|-2--2-xx-6-6-6-x|x-7-7-7-777-7-7-|-2--2-xx-6-6-6-x|x-7-7-7-777-7-7-|
 A|-2--2-xx-4-4-4-x|x-5-5-5-555-5-5-|-2--2-xx-4-4-4-x|x-5-5-5-555-5-5-|
 E|-0--0-xx-------x|x---------------|-0--0-xx-------x|x---------------|
 ...same....pain......cycle...bicycle....this misery  behind


riff:
 e|----------------|----------------|-----------8----|----------------|
 B|---10~--10\5----|---8~--8-7-6----|---10~-10------8|-8-8-8----------|
 G|-9--------------|-7--------------|-9--------------|-------9~-------|
 D|----------------|----------------|----------------|----------------|
 A|----------------|----------------|----------------|----------------|
 E|----------------|----------------|----------------|----------------|

 e|-------------8--|----------------|----------------|----------------|
 B|---10~--10-8----|-10~-8----------|----------------|----------------|
 G|-9--------------|---------9---7--|-7--7--9--------|----------------|
 D|----------------|----------------|---------10--7--|----------7--7--|
 A|----------------|----------------|----------------|10--7--7--------|
 E|----------------|----------------|----------------|----------------|


interlude:
    A                  G              A                  G
 e|-5-5-5-5-5-x-x-x|-x-3-3-3-3-3-3-3|-5-5-5-5-5-x-x-x|-x-3-3-3-3-3-3-3|
 B|-5-5-5-5-5-x-x-x|-x-3-3-3-3-3-3-3|-5-5-5-5-5-x-x-x|-x-3-3-3-3-3-3-3|
 G|-6-6-6-6-6-x-x-x|-x-4-4-4-4-4-4-4|-6-6-6-6-6-x-x-x|-x-4-4-4-4-4-4-4|
 D|-7-7-7-7-7-x-x-x|-x-5-5-5-5-5-5-5|-7-7-7-7-7-x-x-x|-x-5-5-5-5-5-5-5|
 A|-7-7-7-7-7-x-x-x|-x-5-5-5-5-5-5-5|-7-7-7-7-7-x-x-x|-x-5-5-5-5-5-5-5|
 E|-5-5-5-5-5-x-x-x|-x-3-3-3-3-3-3-3|-5-5-5-5-5-x-x-x|-x-3-3-3-3-3-3-3|
    my  love                          my  love

    A                  G              A                  G
 e|-5-5-5-5-5-x-x-x|-x-3-3-3-3-3-3-3|-5-5-5-5-5-x-x-x|-x-3-3-3-3-3-3-3|
 B|-5-5-5-5-5-x-x-x|-x-3-3-3-3-3-3-3|-5-5-5-5-5-x-x-x|-x-3-3-3-3-3-3-3|
 G|-6-6-6-6-6-x-x-x|-x-4-4-4-4-4-4-4|-6-6-6-6-6-x-x-x|-x-4-4-4-4-4-4-4|
 D|-7-7-7-7-7-x-x-x|-x-5-5-5-5-5-5-5|-7-7-7-7-7-x-x-x|-x-5-5-5-5-5-5-5|
 A|-7-7-7-7-7-x-x-x|-x-5-5-5-5-5-5-5|-7-7-7-7-7-x-x-x|-x-5-5-5-5-5-5-5|
 E|-5-5-5-5-5-x-x-x|-x-3-3-3-3-3-3-3|-5-5-5-5-5-x-x-x|-x-3-3-3-3-3-3-3|
    my  love                       oh my  love


Chorus:
    E       C#m       D               E       C#m       D
 e|-0--0-xx-4-4-4-x|x-5-5-5-555-5-5-|-0--0-xx-4-4-4-x|x-5-5-5-555-5-5-|
 B|-0--0-xx-5-5-5-x|x-7-7-7-777-7-7-|-0--0-xx-5-5-5-x|x-7-7-7-777-7-7-|
 G|-1--1-xx-6-6-6-x|x-7-7-7-777-7-7-|-1--1-xx-6-6-6-x|x-7-7-7-777-7-7-|
 D|-2--2-xx-6-6-6-x|x-7-7-7-777-7-7-|-2--2-xx-6-6-6-x|x-7-7-7-777-7-7-|
 A|-2--2-xx-4-4-4-x|x-5-5-5-555-5-5-|-2--2-xx-4-4-4-x|x-5-5-5-555-5-5-|
 E|-0--0-xx-------x|x---------------|-0--0-xx-------x|x---------------|
       summer...   ...dripping... ...again....rain      praying...

    E       C#m       D               E       C#m       D
 e|-0--0-xx-4-4-4-x|x-5-5-5-555-5-5-|-0--0-xx-4-4-4-x|x-5-5-5-555-5-5-|
 B|-0--0-xx-5-5-5-x|x-7-7-7-777-7-7-|-0--0-xx-5-5-5-x|x-7-7-7-777-7-7-|
 G|-1--1-xx-6-6-6-x|x-7-7-7-777-7-7-|-1--1-xx-6-6-6-x|x-7-7-7-777-7-7-|
 D|-2--2-xx-6-6-6-x|x-7-7-7-777-7-7-|-2--2-xx-6-6-6-x|x-7-7-7-777-7-7-|
 A|-2--2-xx-4-4-4-x|x-5-5-5-555-5-5-|-2--2-xx-4-4-4-x|x-5-5-5-555-5-5-|
 E|-0--0-xx-------x|x---------------|-0--0-xx-------x|x---------------|
 ...same....pain......cycle...bicycle....this misery  behind

    E       C#m       D               E       C#m       D
 e|-0--0-xx-4-4-4-x|x-5-5-5-555-5-5-|-0--0-xx-4-4-4-x|x-5-5-5-555-5-5-|
 B|-0--0-xx-5-5-5-x|x-7-7-7-777-7-7-|-0--0-xx-5-5-5-x|x-7-7-7-777-7-7-|
 G|-1--1-xx-6-6-6-x|x-7-7-7-777-7-7-|-1--1-xx-6-6-6-x|x-7-7-7-777-7-7-|
 D|-2--2-xx-6-6-6-x|x-7-7-7-777-7-7-|-2--2-xx-6-6-6-x|x-7-7-7-777-7-7-|
 A|-2--2-xx-4-4-4-x|x-5-5-5-555-5-5-|-2--2-xx-4-4-4-x|x-5-5-5-555-5-5-|
 E|-0--0-xx-------x|x---------------|-0--0-xx-------x|x---------------|
       summer...   ...dripping... ...again....rain      praying...

    E       C#m       D               E       C#m       D
 e|-0--0-xx-4-4-4-x|x-5-5-5-555-5-5-|-0--0-xx-4-4-4-x|x-5-5-5-555-5-5-|
 B|-0--0-xx-5-5-5-x|x-7-7-7-777-7-7-|-0--0-xx-5-5-5-x|x-7-7-7-777-7-7-|
 G|-1--1-xx-6-6-6-x|x-7-7-7-777-7-7-|-1--1-xx-6-6-6-x|x-7-7-7-777-7-7-|
 D|-2--2-xx-6-6-6-x|x-7-7-7-777-7-7-|-2--2-xx-6-6-6-x|x-7-7-7-777-7-7-|
 A|-2--2-xx-4-4-4-x|x-5-5-5-555-5-5-|-2--2-xx-4-4-4-x|x-5-5-5-555-5-5-|
 E|-0--0-xx-------x|x---------------|-0--0-xx-------x|x---------------|
 ...same....pain......cycle...bicycle....this misery  behind


outro:
    E       C#m       D               E       C#m       D
 e|-0--0-xx-4-4-4-x|x-5-5-5-555-5-5-|-0--0-xx-4-4-4-x|x-5-5-5-555-5-5-|
 B|-0--0-xx-5-5-5-x|x-7-7-7-777-7-7-|-0--0-xx-5-5-5-x|x-7-7-7-777-7-7-|
 G|-1--1-xx-6-6-6-x|x-7-7-7-777-7-7-|-1--1-xx-6-6-6-x|x-7-7-7-777-7-7-|
 D|-2--2-xx-6-6-6-x|x-7-7-7-777-7-7-|-2--2-xx-6-6-6-x|x-7-7-7-777-7-7-|
 A|-2--2-xx-4-4-4-x|x-5-5-5-555-5-5-|-2--2-xx-4-4-4-x|x-5-5-5-555-5-5-|
 E|-0--0-xx-------x|x---------------|-0--0-xx-------x|x---------------|
    leave...misery  behind            leave...misery  behind

    E       C#m       D
 e|-0--0-xx-4-4-4-x|x-5-5-5-555-5-5-|--19------------|----------------|
 B|-0--0-xx-5-5-5-x|x-7-7-7-777-7-7-|----------------|----------------|
 G|-1--1-xx-6-6-6-x|x-7-7-7-777-7-7-|----------------|----------------|
 D|-2--2-xx-6-6-6-x|x-7-7-7-777-7-7-|----------------|----------------|
 A|-2--2-xx-4-4-4-x|x-5-5-5-555-5-5-|----------------|----------------|
 E|-0--0-xx-------x|x---------------|----------------|----------------|
    leave...misery  behind


(i think that last note is played on percussion... but it sounds ok)

enjoy!

lyrics:
-------
batten up the hatches, here comes the cold
i can feel it creeping, it's making me old
you give me so much love that it blows my brains out

you need something better than the bacon and eggs
the creaking in the walls and the banging in the bed
you give me so much love that it blows my brains out

summer rain,dripping down your face again
summer rain,praying someone feels the same
take the pain killer, cycle on your bicycle
leave all this misery behind

my love giving me head, feeling very guilty,breaking the bread
losing my attention, taking the world on
so batten up the hatches, here comes the cold
i can feel it creeping, it's making me old
you give me so much love that it blows my brains out

summer rain,dripping down your face again
summer rain,praying someone feels the same
take the pain killer, cycle on your bicycle
leave all this misery behind

my love, my love, my love, my love oh my love

summer rain,dripping down your face again
summer rain,praying someone feels the same
take the pain killer, cycle on your bicycle
leave all this misery behind

summer rain,dripping down your face again
summer rain,praying someone feels the same
take the pain killer, cycle on your bicycle
leave all this misery behind
leave all this misery behind
leave all this misery behind
leave all this misery behind
============================================================================
| /  slide up
| \  slide down
| h  hammer-on
| p  pull-off
| ~  vibrato
| +  harmonic
| x  Mute note
============================================================================
