%%%% rating:r_4 %%%%
%%%% artist:Turf Tabs %%%%
%%%% url:http://tabs.ultimate-guitar.com/t/turf/magia_blanca_ver3_crd.htm %%%%
%%%% title:Magia Blanca (ver 3) Chords %%%%
%%%% comments:[] %%%%
%%%% difficulty:None %%%%
%%%% provider:ultimate-guitar %%%%
%%%% contributor:
                                     %%%%
%%%% type:Chords %%%%
%%%% Tab:<i></i>TURF / MAGIA BLANCA


INTRO: <span>G</span>, <span>Bm</span>, <span>Am</span>, <span>Am</span>-<span>Asus</span>-<span>Am</span> x 6 <span>G</span>

                  <span>Bm</span>                    <span>Am</span>     <span>Am</span>-<span>Asus</span>-<span>Am</span> <span>G</span>
¿Qué decís que no vas a mentir? Si te encanta.
                  <span>Bm</span>                  <span>Am</span>     <span>Am</span>-<span>Asus</span>-<span>Am</span> <span>G</span>
¿Qué decís que no vas a reír? Si te encanta.
                  <span>Bm</span>
¿Qué decís que no vas a venir?
       <span>Am</span>               <span>Am</span>                    <span>G</span>
Si pensás en venir cada vez que te alejas de mí.
                  <span>Bm</span>                    <span>Am</span>     <span>Cm7</span>   <span>D</span>
¿Qué decís que no vas a llorar? Si te encanta, oh.

        <span>G</span>          <span>Em</span>
Es una noche más,
         <span>Am</span>             <span>D</span>
llena de magia blanca.
          <span>G</span>        <span>G</span>
Otra oportunidad.

                  <span>Bm</span>                    <span>Am</span>     <span>Am</span>-<span>Asus</span>-<span>Am</span> <span>G</span>
¿Qué decís que no vas a bailar? Si te encanta.
                  <span>Bm</span>                    <span>Am</span>   <span>Am</span>-<span>Asus</span>-<span>Am</span> <span>G</span>
¿Qué decís que no vas a probar? Si te encanta (te encanta).
                  <span>Bm</span>
¿Qué decís que no vas a salir?
      <span>Am</span>                <span>Am</span>                      <span>G</span>
Si pensás en salir cada vez que te alejas de aquí.
                  <span>Bm</span>                    <span>Am</span>     <span>Cm7</span>   <span>D</span>
¿Qué decís que no vas a gritar? Si te encanta, oh.

        <span>G</span>          <span>Em</span>
Es una noche más,
         <span>Am</span>             <span>D</span>
llena de magia blanca.
          <span>G</span>       <span>Em</span> <span>Bm</span> <span>Am</span> <span>Am</span>
otra oportunidad,
                 <span>Em</span> <span>Bm</span> <span>Am</span> <span>Am</span>
de magia blanca.

de magia blanca.

INTERLUDIO: <span>G</span>, <span>Bm</span>, <span>Am</span>, <span>Am</span>-<span>Asus</span>-<span>Am</span>, <span>G</span>, <span>Bm</span>, <span>Am</span>, <span>Cm7</span>, <span>D</span>

        <span>G</span>         <span>Em</span>
Es una noche más,
         <span>Am</span>            <span>D</span>
llena de magia blanca.
          <span>G</span>       <span>Em</span>
otra oportunidad,
           <span>Am</span>
donde el dolor descansa.

<span>D</span>             <span>G</span>   <span>Em</span>
Es una noche más,
         <span>Am</span>            <span>D</span>
llena de magia blanca.
          <span>G</span>        <span>Em</span> <span>Bm</span> <span>Am</span> <span>Am</span>
otra oportunidad,
                 <span>Em</span> <span>Bm</span> <span>Am</span> <span>Am</span>
de magia blanca.
                 <span>Em</span>  <span>Bm</span>  <span>Am</span>  <span>Am</span>
de magia blanca, ah, oh, oh,
                 <span>Em</span>  <span>Bm</span>  <span>Am</span>  <span>Cm7</span>
de magia blanca, ah, oh, oh,
              <span>G</span>
de magia blanca.

