%%%% rating:None %%%%
%%%% artist:Turf Tabs %%%%
%%%% url:http://tabs.ultimate-guitar.com/tab/1586649 %%%%
%%%% title:Quiero Seguir Así (ver 2) Chords %%%%
%%%% comments:[] %%%%
%%%% difficulty:None %%%%
%%%% provider:ultimate-guitar %%%%
%%%% contributor:None %%%%
%%%% type:Chords %%%%
%%%% Tab:<i></i>'Quiero seguir así', corrección de la canción anterior,
donde iba 'F#m' tocar 'B7'

intro: <span>E</span> - <span>B7</span> - <span>E</span> - <span>B7</span>


         <span>E</span>         <span>B7</span>                    <span>E</span>        <span>B7</span>
Un día que se va cuando amanezca voy a despertar
          <span>E</span>             <span>B7</span>                        <span>E</span>         <span>B7</span>
<span>B</span> <span>A</span> marea vuelve <span>A</span> bajar sobre la arena me voy a acostar
<span>A</span>          <span>E</span>               <span>B</span>               <span>E</span>  <span>E7</span>
El viento sopla y hay que ver hacia donde va
<span>A</span>           <span>E</span>             <span>B</span>
aquella gaviota sobre el mar

<span>E</span> - <span>B7</span> - <span>E</span> - <span>B7</span>

           <span>E</span>           <span>B7</span>                     <span>E</span>      <span>B7</span>
Por donde sale el sol hay una línea que la trazo yo
             <span>E</span>             <span>B7</span>                        <span>E</span>          <span>B7</span>
que abre las aguas para pasar por donde nadie me va a molestar
<span>A</span>               <span>E</span>               <span>B</span>              <span>E</span>   <span>E7</span>
Y si el viento sopla habrá que ver hacia donde va
<span>A</span>           <span>E</span>             <span>B</span>
aquella gaviota sobre el mar
  <span>F#m</span>            <span>B</span>
que vuela sin dirección
  <span>F#m</span>      <span>B</span>                          <span>E</span>
buscando todo lo que el tiempo se llevó


           <span>B</span>  <span>A</span>  <span>E</span>             <span>B</span>  <span>A</span>  <span>E</span>
Quiero seguir asi, quiero olvidar
           <span>B</span>  <span>A</span>   <span>E</span>              <span>B</span>
Quiero sentirme así, quiero olvidar

<span>E</span> - <span>B</span>

<span>A</span>               <span>E</span>               <span>B</span>              <span>E</span>   <span>E7</span>
Y si el viento sopla habrá que ver hacia donde va
<span>A</span>           <span>E</span>             <span>B</span>
aquella gaviota sobre el mar
  <span>F#m</span>            <span>B</span>
que vuela sin dirección
  <span>F#m</span>      <span>B</span>                          <span>E</span>
buscando todo lo que el tiempo se llevó


           <span>B</span>  <span>A</span>  <span>E</span>             <span>B</span>  <span>A</span>  <span>E</span>
Quiero seguir asi, quiero olvidar
           <span>B</span>  <span>A</span>   <span>E</span>              <span>B</span>  <span>A</span>  <span>E</span>
Quiero sentirme así, quiero olvidar

<span>E</span> - <span>B7</span> - <span>E</span> - <span>B7</span> - <span>E</span>

         <span>B7</span>              <span>E</span>            <span>B7</span>                 <span>E</span>
<span>B</span> <span>A</span> marea vuelve <span>A</span> bajar sobre la arena me voy a acostar
         <span>B7</span>              <span>E</span>            <span>B7</span>                 <span>E</span>
<span>B</span> <span>A</span> marea vuelve <span>A</span> bajar sobre la arena me voy a acostar

         <span>B7</span>              <span>E</span>            <span>B7</span>                 <span>E</span>
                           quiero seguir así..............


--------------------------------------
  Acordes:
--------------------------------------
   <span>E</span>     <span>B7</span>     <span>A</span>     <span>B</span>    <span>E7</span>    <span>F#m</span>
1)--0--|--2--|--0--|--2--|--0--|--2--|
2)--0--|--0--|--2--|--4--|--3--|--2--|
3)--1--|--2--|--2--|--4--|--1--|--2--|
4)--2--|--1--|--2--|--4--|--2--|--4--|
5)--2--|--2--|--0--|--2--|--2--|--4--|
6)--0--|-----|-----|-----|--0--|--2--|
