%%%% rating:r_5 %%%%
%%%% artist:Turin Brakes Tabs %%%%
%%%% url:http://tabs.ultimate-guitar.com/t/turin_brakes/mind_over_money_tab.htm %%%%
%%%% title:Mind Over Money Tab %%%%
%%%% comments:[] %%%%
%%%% difficulty:
                                    intermediate                                 %%%%
%%%% provider:ultimate-guitar %%%%
%%%% contributor:
                                     %%%%
%%%% type:Tabs %%%%
%%%% Tab:<i></i>Artist: Turin Brakes    
Song: Mind over Money
Album: The Optimist (LP)

   This is my version of this song, any questions or comments E-mail me. 
 The D9/F# is a D9 w/ F# bass.  


Verse: x8
    C#m              Cmaj7          G              F#m
e|--x--x--x--x-----x--x--x--x-----3--3--3--3-----2--2--2--2----------|
b|--9--9--9--9-----8--8--8--8-----3--3--3--3-----2--2--2--2----------|
g|--9--9--9--9-----9--9--9--9-----4--4--4--4-----2--2--2--2----------|
d|--9--9--9--9-----9--9--9--9-----5--5--5--5-----2--2--2--2----------|
a|--x--x--x--x-----x--x--x--x-----5--5--5--5-----0--0--0--0----------|
e|--9--9--9--9-----8--8--8--8-----3--3--3--3-----2--2--2--2----------|

    
  ( Play this Little Ditty during the verse.) 
e|-9-12-12-9-9-12-12-11-10-10-12-12-10-12-12-10---------------------
b|---------------------------------------------12-12-12-12-12-12-12-
g|------------------------------------------------------------------ ~
d|------------------------------------------------------------------
a|------------------------------------------------------------------
e|------------------------------------------------------------------


------9----|
-12-13-----|
-----------|
-----------|
-----------|
-----------|

Chorus: x2

      A              F#m              E               G
e|--x--x--x--x-----2--2--2--2-----0--0--0--0-----2--2--2--2---------|
b|--2--2--2--2-----2--2--2--2-----0--0--0--0-----2--2--2--2---------|
g|--2--2--2--2-----2--2--2--2-----1--1--1--1-----0--0--0--0---------|
d|--2--2--2--2-----2--2--2--2-----2--2--2--2-----0--0--0--0---------|
a|--0--0--0--0-----0--0--0--0-----2--2--2--2-----2--2--2--2---------|
e|--x--x--x--x-----2--2--2--2-----0--0--0--0-----3--3--3--3---------|


    A                F#m              E            D9/F#
e|--x--x--x--x-----2--2--2--2-----0--0--0--0-----0--0--0--0---------|
b|--2--2--2--2-----2--2--2--2-----0--0--0--0-----3--3--3--3---------|
g|--2--2--2--2-----2--2--2--2-----1--1--1--1-----2--2--2--2---------|
d|--2--2--2--2-----2--2--2--2-----2--2--2--2-----0--0--0--0---------|
a|--0--0--0--0-----0--0--0--0-----2--2--2--2-----0--0--0--0---------|
e|--x--x--x--x-----2--2--2--2-----0--0--0--0-----2--2--2--2---------|



