%%%% rating:None %%%%
%%%% artist:Nacho Vegas Tabs %%%%
%%%% url:http://tabs.ultimate-guitar.com/tab/1629965 %%%%
%%%% title:Cómo Hacer Crac (ver 2) Chords %%%%
%%%% comments:[] %%%%
%%%% difficulty:None %%%%
%%%% provider:ultimate-guitar %%%%
%%%% contributor:None %%%%
%%%% type:Chords %%%%
%%%% Tab:<i></i>Aquí una canción que me parece que es urgente en estos tiempos
hay que tenerla siempre presente porque ante toda esta catástrofe
es necesario decir algo mas que un simple crac, es por eso
que quiero aportarla con todo gusto y dedicación.

El ritmo de la canción empieza rasgando con la plumilla
el acorde de Am dos veces para abajo y luego una para
arriba (de esta forma también se rasguea siempre el acorde
Em a lo largo de la canción), después se cambia a G6 rasgueando
uno arriba, uno abajo, uno arriba, uno abajo.
Después de eso se rasguea igual uno abajo, uno arriba,
uno abajo, uno arriba el acorde G6
solo que con una pequeña variación que se representa así:

e ---x---
B ---0---
G ---0---
D ---3---
A ---2---
E ---3---

Se repiten los acordes Am y G6 8 veces pero en la ultima
solo se rasguea una vez hacia abajo G6 y luego 2 veces
hacia abajo con la variación y después empieza la letra:

* Van a haber ocasiones en que suene G6 con un rasgueo
hacia abajo y otros 2 hacia abajo con la variación como
había dicho, para marcarla lo pondré así: G6v2, también
una que otra vez debe sonar solo la variación de G6 dos
veces hacia abajo, para marcar esto lo pondré así: G6v1,
todos los G6 que ponga representan este acorde con rasgueo
abajo, arriba, abajo, arriba mas el rasgueo de la variación,
que es igual abajo, arriba, abajo, arriba.

* Los acordes que sean opcionales los pondré entre paréntesis
         <span>Am</span>
Cada mañana
  <span>G6</span>                   <span>Am</span>
te despierta la sensación
  <span>G6</span>                                <span>Am</span>
de que hay alguien gritando a tu lado
    <span>G6</span>                        <span>Am</span>
pero estas solo en la habitación.

     <span>G6</span>                    <span>Am</span>
Y desayunas leyendo la prensa
     <span>G6</span>                        <span>Am</span>
para saber lo que hay que pensar,
    <span>G6</span>                         <span>Am</span>
lees tu horóscopo eres Capricornio
        <span>G6</span>                       <span>Am</span>
te entra el pánico y bajas al bar.

          <span>G6</span>               <span>Am</span>
Y hay una camarera colombiana
          <span>G6</span>                    <span>Am</span>
pero ella nunca ha reparado en ti,
     <span>G6</span>                     <span>Am</span>
no lo intentes, regresa a casa
        <span>G6</span>                 <span>Em</span>
tal ves te sientas seguro allí.

<span>Em</span>                               <span>Am</span>
Pero en la tele dan la muerte violenta
           <span>Em</span>                   <span>Am</span>
de alguien molesto para la sociedad
     <span>G6</span>                      <span>Am</span>
y el presentador hace una mueca
        <span>G6</span>                    <span>Am</span>
abre la boca y solo suena un crac
        <span>G6</span>                    <span>Em</span>      G6v1
abre la boca y solo suena un craaaaaac.

<span>Am</span>  <span>G6</span>  <span>Am</span>  <span>G6</span>  <span>Am</span>  <span>G6</span>
Ahh...  Ahh...  Ahh...

<span>Am</span>   G6v2        <span>Am</span>
Ahh... Y cae la tarde,
  <span>G6</span>                        <span>Am</span>
y te atreves a volver a salir,
 <span>G6</span>                             <span>Am</span>
compras pan de Bimbo y dos yogures
 <span>G6</span>                      <span>Am</span>
en el Mercadona de Pumarín.

       <span>G6</span>                    <span>Am</span>
Y oyes voces justo al otro lado,
       <span>G6</span>                     <span>Am</span>
es una fiesta que hay en un café,
            <span>G6</span>                   <span>Am</span>
te informan de que han desarticulado
     <span>G6</span>              <span>Am</span>
a la cúpula de la CEOE.

         <span>G6</span>                        <span>Am</span>
Y de que solo habrá un nuevo principio
    <span>G6</span>                 <span>Am</span>
una vez consumado el fin.
      <span>G6</span>                  <span>Am</span>
Y una niña susurra a tu oído
         <span>G6</span>                        <span>Em</span>
que han desahuciado a la familia Botín.

 <span>Em</span>                            <span>Am</span>
Y que han cambiado el significado
           <span>Em</span>                  <span>Am</span>
de algunos verbos como ?disfrutar?.
        <span>G6</span>                       <span>Am</span>
Y en la calle se hace un gran silencio,
         <span>G6</span>                       <span>Am</span>
pero si escuchas bien oirás un crac.
         <span>G6</span>                     <span>Am</span>
En toda España solo suena un crac.
       <span>G6</span>                     <span>Em</span>     G6v1
En occidente solo se oye un craaaaaac.

*En esta parte en la grabación se deja un silencio en
los acordes a partir de la segunda estrofa, pero se
le pueden agregar los acordes, en la segunda estrofa
solo se rasguea una vez hacia abajo cada acorde y en
el tercero se rasguean ocho veces hacia abajo y muy
rápido cada acorde.

1er
<span>Am</span>  <span>G6</span>  <span>Am</span>  <span>G6</span>  <span>Am</span>  <span>G6</span>  <span>Am</span>  <span>G6</span>
Ahh...  Ahh...   Ahh... Ahh...

2do
(Am)(G6)(Am)(G6)
Ahh...  Ahh...

3er
(Am)(G6) (Am)(G6)(Am)(G6)  (<span>Am</span>)   G6v2
Ahh...    Ahh...  Ahh...    Ahh...

                    <span>Am</span>
Y si esto no es el fin,          (En Avilés sólo suena un crac.)
          <span>G6</span>                 <span>Am</span>
y si esto no no no no es el fin     (En Albacete sólo suena un crac.)
        <span>G6</span>                <span>Am</span>
si esto no no no es un final, entonces (En Cudillero sólo suena un crac.)
     <span>G6</span>                   <span>Am</span>
es la bomba que va a estallar.   (En Benidorm sólo suena un crac.)
      <span>G6</span>                <span>Am</span>
es una bomba y va a estallar.    (En Calahorra sólo suena un crac.)
      <span>G6</span>                 <span>Am</span>
es la bomba que va a estallaaaaaar.


      <span>Em</span>                    <span>Am</span>
Y en la tele dan la muerte lenta
        <span>Em</span>                      <span>Am</span>
de algún experto en el mundo global,
         <span>G6</span>                       <span>Am</span>
y oyes el timbre y al abrir la puerta
         <span>G6</span>                  <span>Am</span>
hay a una multitud haciendo crac.
    <span>G6</span>                  <span>Am</span>      G6v1
Una multitud haciendo craaaaaaac.

<span>Am</span>  <span>G6</span>  <span>Am</span>  <span>G6</span>    <span>Am</span>  <span>G6</span>  <span>Am</span>  G6v2 <span>Em</span>
Ahh...  Ahh...    Ahh...  Ahh...

Dudas aquí esta mi correo: beamik_37@ donde me
sera mas fácil explicarles porque cuento con micrófono.
