%%%% rating:r_3 %%%%
%%%% artist:Turin Brakes Tabs %%%%
%%%% url:http://tabs.ultimate-guitar.com/t/turin_brakes/fishing_for_a_dream_tab.htm %%%%
%%%% title:Fishing For A Dream Tab %%%%
%%%% comments:[u'<p class="mtop5">best tab for this song i have found that i can play (ive only been playing a few months). cheers!</p>'] %%%%
%%%% difficulty:None %%%%
%%%% provider:ultimate-guitar %%%%
%%%% contributor:
                                     %%%%
%%%% type:Tabs %%%%
%%%% Tab:<i></i>                             Fishing for a Dream - Turin Brakes
-------------------------------------------------------------------------------
Tabbed by: Robert Challens and Richard J. Thornton
Email: email and comments and queries to tijuanakronik@hotmail.com
this may or not be 100% correct .. but am sure of it infact Horsley owns.
Tuning:Standard
                C                      Am
e|--4-4---2-2---0-0---0-0---0-0---2-2---0-0-0h3----------------------|
B|---------------1-----1-----1-------------1-------------------------|
G|---4-----2-----0-----0-----0-----2-----2---------------------------|
D|-2-----0-------2-----0h2---2---0-----2-----------------------------|
A|-------------3-----3-----3-----------------------------------------|
E|-------------------------------------------------------------------|
    C          C D C G Am C
e|--0-0---2-2--0-2-0-3-0--0-------------------------------------------|
B|---1---------1-3-1-3-1--1-------------------------------------------|
G|---0-----2---0-2-0-0-2--0-------------------------------------------|
D|---2---0-----2-0-2-0-2--2-------------------------------------------|
A|-3-----------3---3-2-0--3-------------------------------------------|
E|-------------0---0-3-0--0-------------------------------------------|
