%%%% rating:r_3 %%%%
%%%% artist:Tut Tut Child Tabs %%%%
%%%% url:http://tabs.ultimate-guitar.com/t/tut_tut_child/dragon_pirates_intro_btab.htm %%%%
%%%% title:Dragon Pirates Intro Bass Tab %%%%
%%%% comments:[] %%%%
%%%% difficulty:
                                    intermediate                                 %%%%
%%%% provider:ultimate-guitar %%%%
%%%% contributor:
                                     %%%%
%%%% type:Bass Tabs %%%%
%%%% Tab:<i></i>-------------------------------------------------------------------------------
                            Dragon Pirates - Tut Tut Child
-------------------------------------------------------------------------------
Tabbed by: TheQuincident

NOTE: This is all I have so far, so if someone can help me fill in that last part, that'd be much
appreciated!
This is my first time doing a tab as well, so constructive feedback is always appreciated!

Tuning:Standard

Intro/Main Rift:
G|-------3---------------------------3-------(????????????????????)-|
D|---5------5-----3---3----------5------5----(????????????????????)-|
A|-------------1---------1-3---------------1-(????????????????????)-|
E|-3---3--------3---3----------3---3---------(????????????????????)-|

Some notes about Rhythm: Mostly listen to the song, as the Tab is not exactly rhythmically accurate.
The melody is pretty simple. The only thing that might be a little weird is the A1 to E3, because A1 is
kind of a grace note.

That's all! Thanks guys!

===============================================================================
