%%%% rating:None %%%%
%%%% artist:Turf Tabs %%%%
%%%% url:http://tabs.ultimate-guitar.com/t/turf/tarjeta_postal_ver2_tab.htm %%%%
%%%% title:Tarjeta Postal (ver 2) Tab %%%%
%%%% comments:[] %%%%
%%%% difficulty:None %%%%
%%%% provider:ultimate-guitar %%%%
%%%% contributor:None %%%%
%%%% type:Tabs %%%%
%%%% Tab:<i></i>Intro:

Guitarra 1: | F#  Bb | Ebm | B  Bb |   Ebm  | F#  Bb | Ebm | B   Bb |  Ebm  |
Guitarra 2: |        |     |       | Fill 1 |        |     |     Fill 2     |

Fill 1 (*):                     Fill 2 (^):
    Eb                              B         Bb     Eb
e-|-----------------            e-|---7--------6--------------------
B-|------11----9----            B-|-----7--------7-------11----9----
G-|-9/11----11---11-            G-|-8-----8--7------9/11----11---11-
D-|-----------------            D-|---------------------------------
A-|-----------------            A-|---------------------------------
E-|-----------------            E-|---------------------------------

F#        Bb         Ebm  
Quiero pensar que no voy a volver
B        Bb         Ebm(*)
arrastrandome como ayer
F#         Bb         Ebm
Busco un lugar, no lo voy a dudar
B(^)        Bb      Ebm
tengo tu tarjeta postal

Db             Gb  Bb
Tenes que entender
            Ebm  B
mi tiempo se va
              F#
y si venis conmigo
                 Bb Db
sabes que no hay na-da

F#     Bb          Ebm
Nada mejor que cuando cae el sol
B             Bb        Ebm(*)
dentro de nuestra habitacion
F#         Bb         Ebm
Busco un lugar, no lo voy a dudar
B(^)        Bb      Ebm
tengo tu tarjeta postal

Db             Gb  Bb
Tenes que entender
            Ebm  B
mi tiempo se va
              F#
y si venis conmigo
                 Bb    Bb7
sabes que no hay ya... ya...                      Punteo:
                                                  e-|-----------------------------
                 \                                B-|-----------------------------
          Ebm  B  |                               G-|-----------------------------
Tiempo de mas     |                               D-|---8--4-6-7--4-6-7--4-6-7--4-    
Bb        Ebm  B  |                               A-|-6--------------------------- 
tiempo de mas     | Todo con Punteo               E-|----------------------------- 
Bb        Ebm  B  |                              
tiempo de mas     |                               Final Punteo:
Bb        Ebm  B  |                                  B      Bb     (Acordes solo la 
tiempo de mas     |                               E-|-------------  2ª Vez)
                 /                                B-|-------------
                                                  G-|------------- 
                                                  D-|-------------
(Final punteo sin acordes)                        A-|-2-1-------1-
                                                  E-|-----4-2-1---
                                                  
Solo:
    F#     Bb Ebm      B         Bb    Ebm(*)   F#      Bb Ebm       B(^)       Bb     Ebm
e-|--------------------------------------------|--------------------------------------------
B-|--------------------------------------------|--------------------------------------------
G-|--------------------------------------------|--------------------------------------------
D-|-8-9-11-8-------8---------------8-----------|-8-9-11-8-------8---------------8-----------
A-|-----------9-11---9--11-9-11-9----11-9------|-----------9-11---9--11-9-11-9----11-9------
E-|---------------------------------------11---|---------------------------------------11---
(En la version original, lo hace un teclado. Lo aumente una octava para que no suene muy chillon)

Db             Gb  Bb
Tenes que entender
            Ebm  B
mi tiempo se va
              F#
y si venis conmigo
                 Bb    Bb7
sabes que no hay ya... ya...

                 \                                
          Ebm  B  |                               
Tiempo de mas     |                                   
Bb        Ebm  B  |                                
tiempo de mas     | Todo con Punteo                
Bb        Ebm  B  |                              
tiempo de mas     |                               
Bb        Ebm  B  |                               
tiempo de mas     |                               
                 /                                
                                                  
(Final punteo con acordes)                            

Final:
    Ebm                     B   / Ebm                     B           \
e-|-----------------------------|--------------------------------9-----|
B-|-11--11-12-11-9----------12--|-11--11-12-11-9----------12--12---12--|
G-|----------------11-10-11-----|----------------11-10-11--------------| X3
D-|-----------------------------|--------------------------------------|
A-|-----------------------------|--------------------------------------|
E-|-----------------------------|--------------------------------------|
                                 \                                    /

Nota Importante: Al lado de algunos acordes, apareceran los simbolos (*) o (^). 
                 Esto significa que sobre ese acorde se debe tocar el Fill al cual se refiere.

Acordes:
     E  A  D  G  B  E
F#   2  4  4  3  2  2
Bb   6  8  8  7  6  6
Ebm  X  6  8  8  7  6
B    7  9  9  8  7  7
Db   9  11 11 10 9  9
Gb   X  9  11 11 11 9
Bb7  6  8  6  7  6  6

Eso es todo, para comentarios, pedidos, puteadas, etc. mandenmen un mail a neotokio3@
