%%%% rating:None %%%%
%%%% artist:Nacho Vegas Tabs %%%%
%%%% url:http://tabs.ultimate-guitar.com/tab/1629964 %%%%
%%%% title:Cómo Hacer Crac Chords %%%%
%%%% comments:[] %%%%
%%%% difficulty:None %%%%
%%%% provider:ultimate-guitar %%%%
%%%% contributor:None %%%%
%%%% type:Chords %%%%
%%%% Tab:<i></i>
<span>Am</span> - <span>G</span>


        <span>Am</span>          <span>G</span>              <span>Am</span>
Cada mañana te despierta la sensación
              <span>G</span>              <span>Am</span>
de que hay alguien gritando a tu lado,
            <span>G</span>              <span>Am</span>
pero estás solo en la habitación.
       <span>G</span>              <span>Am</span>
Y desayunas leyendo la prensa
        <span>G</span>              <span>Am</span>
para saber lo que hay que pensar.
           <span>G</span>              <span>Am</span>
Lees tu horóscopo; eres Capricornio.
             <span>G</span>              <span>Am</span>
Te entra el pánico y bajas al bar.


             <span>G</span>            <span>Am</span>
Y hay una camarera colombiana,
           <span>G</span>                   <span>Am</span>
pero ella nunca ha reparado en ti.
         <span>G</span>                 <span>Am</span>
No lo intentes; regresa a casa.
             <span>G</span>              <span>Em</span>
Tal vez te sientas seguro allí.


             <span>Em</span>                   <span>Am</span>
Pero en la tele dan la muerte violenta
              <span>Em</span>                <span>Am</span>
de alguien molesto para la sociedad,
        <span>Em</span>                 <span>Am</span>
y el presentador hace una mueca,
        <span>Em</span>                    <span>Am</span>
abre la boca y solo suena un crac.
        <span>Em</span>                     <span>G</span>   <span>Em</span>
Abre la boca y solo suena un cra - ac.


<span>Am</span> - <span>G</span>


<span>G</span> - <span>Am</span>
Y cae la tarde, y te atreves a volver a salir,
compras pan de Bimbo y dos yogures
en el Mercadona de Pumarín.
Y oyes voces justo al otro lado,
es una fiesta que hay en un café,
te informan de que han desarticulado
a la cúpula de la CEOE,

<span>G</span> - <span>Am</span>
y de que solo habrá un nuevo principio
una vez consumado el fin.
Y una niña susurra a tu oído
               <span>G</span>                    <span>Em</span>
que han desahuciado a la familia Botín

<span>Em</span> - <span>Am</span>
y que han cambiado el significado
de algunos verbos como ?disfrutar?.
Y en la calle se hace un gran silencio,
pero si escuchas bien oirás un crac.
En toda España solo suena un crac.
        <span>Em</span>                    <span>G</span>   <span>Em</span>
En occidente solo se oye un cra - ac.


<span>Am</span> - <span>G</span>

<span>G</span> - <span>Am</span>
Y si esto no es el fin,          (En Avilés sólo se oye un crac.)
y si esto no no no es el fin     (En Albacete sólo se oye un crac.)
si esto no es un final, entonces (En Cudillero sólo se oye un crac.)
es la bomba que va a estallar.   (En Benidorm sólo se oye un crac.)
                         <span>Em</span>
Es una bomba y va a estallar.    (En Calahorra sólo se oye un crac.)


<span>Em</span> - <span>Am</span>
Y en la tele dan la muerte lenta
de algún experto en el mundo global,
y oyes el timbre y al abrir la puerta
hay a una multitud haciendo crac.
     <span>Em</span>                 <span>G</span>   <span>Em</span>        <span>Am</span>
Una multitud haciendo cra - ac.
