%%%% rating:None %%%%
%%%% artist:Snuff Tabs %%%%
%%%% url:http://tabs.ultimate-guitar.com/s/snuff/b_ukulele_crd.htm %%%%
%%%% title:B Ukulele Chords %%%%
%%%% comments:[] %%%%
%%%% difficulty:None %%%%
%%%% provider:ultimate-guitar %%%%
%%%% contributor:None %%%%
%%%% type:Ukulele %%%%
%%%% Tab:<i></i>Snuff - B from Demmamussabebonk
Tabbed by Jussi Sivonen 25.3.2004
email: gurumies@hotmail.com

Tune to regular E

Figure1: (verse)   Figure2: (chorus)
   <span>B</span>     <span>A</span>            <span>E</span>     <span>D</span>     <span>B</span>     <span>A</span>
e-----|-----|      e-----|-----|-----|-----|
B-----|-----|      B--8--|--7--|--7--|--5--|
G-----|-----|      G--9--|--7--|--7--|--6--|
D--9--|--7--|      D--9--|--7--|--9--|--7--|
A--9--|--7--|      A-----|-----|-----|-----|
E--7--|--5--|      E-----|-----|-----|-----|


Figure3: (bridge)           Figure4:
   <span>A</span>  <span>B</span>            <span>A</span>
e----------------------|    |------------------|
B----------------------|    |------------------|
G----------------------|    |------------------|
D--7-/9-99999999999777-|    |-9--99999999999999|
A--7-/9-99999999999777-|    |-9--99999999999999|
E--5-/7-77777777777555-|    |-7--77777777777777|
              palm muted from here ->

INTRO: <span>B</span> x4 (or x32)

VERSE:
 <span>B</span>
I've seen that stare,
 <span>B</span>
I've heard your reasons
 <span>B</span>
A spiteful glare,
 <span>B</span>                      <span>A</span>
hateful seasons rolling on & on
 A                  B (play it like in Figure3 x2)
Blind hate but no remorse

 <span>B</span>
A fantasy, a dream illusion of purity
 <span>B</span>                      <span>A</span>
Hateful seasons rolling on & on
 A                  B (play it like in Figure3 x2)
Blind hate but no remorse


CHORUS:
 <span>E</span>                   <span>D</span> 
Set the controls for peace and love
        <span>B</span>                 <span>A</span>
Let the warheads fly love multiply
       <span>E</span>
Target darkness,
                 <span>D</span>
sow the seeds of hope & trust
          <span>B</span>
It's your choice
                  <span>A</span>
Turn your back on hatred
                     A->B (to Figure3 w/ slide)
Or turn your back on love

BRIDGE

VERSE (Figure4 p.m.):
 B (p.m.)
A fantasy, a dream illusion of purity
 B (slight release..)   A
Hateful seasons rolling on
 A                 B (play it like in Figure3 x2)
Going on, going on and on

VERSE

ENDING:
Figure3 x4


That's Snuff!!
