%%%% rating:None %%%%
%%%% artist:Turf Tabs %%%%
%%%% url:http://tabs.ultimate-guitar.com/t/turf/pasos_al_costado_crd.htm %%%%
%%%% title:Pasos Al Costado Chords %%%%
%%%% comments:[] %%%%
%%%% difficulty:
                                    novice                                 %%%%
%%%% provider:ultimate-guitar %%%%
%%%% contributor:
                                     %%%%
%%%% type:Chords %%%%
%%%% Tab:<i></i><span>D</span> 					<span>Bm</span>
Nunca dormí tan poco, tal vez viva demasiado,
<span>F#m</span> 				<span>A</span>
no reconozco el punto justo donde hay que frenar,
<span>D</span> 					<span>Bm</span>
me preguntaba lo que había dado, y lo que me habían dejado,
<span>F#m</span> 				<span>A</span>
me respondieron que en la vida hay que aceptar.

<span>A</span> 			      <span>Bm</span>
De cualquier modo que te toque esta bien.
<span>D</span> 			      <span>Bm</span>
De cualquier modo que te toque esta mal.
<span>A</span> 			  <span>Bm</span>		        <span>D</span>
Mejor abrir los ojos para saber, lo que te gustaría hacer.

Debo haber estado dando pasos al costado,
paralizado por el miedo de saber la verdad.
Me imaginaba que lo que habíamos pasado, había quedado pisado, 
pero encontramos una nueva forma de hablar.

De cualquier modo...

<span>A</span>			 <span>Bm</span> 		       <span>F#m</span>
Y es el momento en que todo comienza de vuelta,
<span>A</span>		 <span>Bm</span> 		       <span>F#m</span>
mi corazón esta alerta y el tuyo también,
<span>A</span>		<span>Bm</span> 		       <span>F#m</span>
todo este tiempo vivido me sirve de ejemplo,
<span>A</span>			 <span>Bm</span> 		       <span>D</span>
para no volver, para no volver, para no volver a caer.

