%%%% rating:None %%%%
%%%% artist:Tuzos Tabs %%%%
%%%% url:http://tabs.ultimate-guitar.com/t/tuzos/tu_eres_la_mejor_crd.htm %%%%
%%%% title:Tu Eres La Mejor Chords %%%%
%%%% comments:[] %%%%
%%%% difficulty:None %%%%
%%%% provider:ultimate-guitar %%%%
%%%% contributor:None %%%%
%%%% type:Chords %%%%
%%%% Tab:<i></i>
<span>E</span>                <span>C#m</span>         <span>A</span>                <span>B</span>
cabello negro mirada de  miel bella sonrrisa y un cuerpo de mujer
<span>E</span>               <span>C#m</span>           <span>A</span>               <span>B</span>
cuando camina me hace alucinar cuando me besa me siento desmallar
<span>E</span>                <span>C#m</span>                 <span>A</span>                  <span>B</span>
cuando esta conmigo me hace tan feliz la abrazo y quisiera ya no
           <span>E</span>                          <span>C#m</span>                  <span>B</span>
dejarle ir y si no te veo me siento muy mal por eso es que vida

hoy te vengo a cantar
<span>C#m</span>                <span>B</span>         <span>C#m</span>                      <span>B</span>  <span>A</span>
te amo tanto tanto mi amor que nesesito tu cuerpo y tu calor yo
                               <span>B</span>    <span>A</span>
quiero que sientas lo que siento yo quedate esta noche demuestrame
<span>E</span>
tu amor
<span>C#m</span>                       <span>B</span>   <span>C#m</span>                         <span>B</span>
te amo tanto y tanto en verdad que mis sentidos tu puedes alterar
<span>A</span>                           <span>B</span>      <span>A</span>
hay un lindo sueño para el soñador tu eres ese sueño y el soñador
<span>E</span>
soy yo
<span>E</span>                          <span>C#m</span>   <span>A</span>
cuando nos amamos tu eres la mejor me das mil carias poniendo el
<span>B</span>            <span>E</span>                   <span>C#m</span>   <span>A</span>
el corazon y si no te veo me siento muy mal por eso es que vida
               <span>B</span>
hoy te vengo a cantar

<span>C#m</span>                <span>B</span>         <span>C#m</span>                      <span>B</span>  <span>A</span>
te amo tanto tanto mi amor que nesesito tu cuerpo y tu calor yo
                               <span>B</span>    <span>A</span>
quiero que sientas lo que siento yo quedate esta noche demuestrame
<span>E</span>
tu amor
<span>C#m</span>                       <span>B</span>   <span>C#m</span>                         <span>B</span>
te amo tanto y tanto en verdad que mis sentidos tu puedes alterar
<span>A</span>                           <span>B</span>      <span>A</span>
hay un lindo sueño para el soñador tu eres ese sueño y el soñador
<span>E</span>
soy yo

camara banda cualquier comentario al correo jefhardeyw@
espero que les guste sigan apoyando a los tuzos y que el rock sea,,
