%%%% rating:None %%%%
%%%% artist:Tush Tabs %%%%
%%%% url:http://tabs.ultimate-guitar.com/t/tush/viajando_en_la_intimidad_tab.htm %%%%
%%%% title:Viajando En La Intimidad Tab %%%%
%%%% comments:[] %%%%
%%%% difficulty:None %%%%
%%%% provider:ultimate-guitar %%%%
%%%% contributor:None %%%%
%%%% type:Tabs %%%%
%%%% Tab:<i></i>Hola chicos antes de criticar yo digo que toquen esta rola esta
muy chidisima se la quieor dedicar a una chica que es lo maximo lo mejor
que aun lo que pase lo que pase ella siempre
 esta conmigo la quiero un putero y esa niña eres tu michelle
NOTA1: para poder tocar esta cancion es necesario en un D abierto,
esto quiere decir :
afinacion    afinacion
original     RE Abiebierta
(6)E----------------|--D--|
(5)A----------------|--A--|
(4)D----------------|--D--|
(3)G----------------|--A--|
(2)B----------------|--D--|
(1)e----------------|--D--|

Al tener esta afinacion se coloca el capo trasto en
el segundo traste ya que
esta rola se toca en tono de E(mi).
Recuerda primero afinar tu guitarra
en re abierto antes de colocar el capo.

INTRO

E**  Eb  C#  A  x(2)Se recomienda utilizar bajeos en el intro.

VERSO 1

E                             A
Mirame como regreso a tus besos siempre inmenso

E                             A
sienteme en tu mirada en tu espejo el reflejo

PRECORO(Utilizan el rasgueo de pall mute)

C#                           A
me levanto voy buscando tu fuego intenso

C#                           A
que me ha dado ese aire en cada sueño

B
con que vivo

CORO
Aqui en el coro hay tres figuras de adorno que
suenan muy padres es opcional tocarlas por que si
 es dificil realizarlas al momento de cantar pero
les recomiendo  importante añadir que
primero se rasguea la nota y poteriormente se ejecuta
la figura e smuy rapido pero neta suena chingon.

E*  2|-4p5h4/2h0-|  A  3|-4p5h4/2h0-|
  viajando en la intimidad

  2|-0-0-0-0-|    2|-0-0-0-0-|
C#3|-4/5-5-5-| B* 3|-4/5-5-5-| A    B
el vacio aqui no se llena sin ti

E*  2|-4p5h4/2h0-| A 3|-4p5h4/2h0-|
Y toda esta ansiedad

  2|-0-0-0-0-|    2|-0-0-0-0-|
C#3|-4/5-5-5-| B* 3|-4/5-5-5-| A
me intento vencer pero encontre

F#                A         B
el lugar perfecto en ti


VERSO 2

E                             A
Mirame como regreso a tus besos siempre inmenso

E                             A
sienteme en tu mirada en tu espejo el reflejo

PRECORO

C#                           A
me levanto voy buscando tu fuego intenso

C#                           A
que me ha dado ese aire en cada sueño

B
con que vivo

CORO

E*  2|-4p5h4/2h0-|  A  3|-4p5h4/2h0-|
  viajando en la intimidad

  2|-0-0-0-0-|    2|-0-0-0-0-|
C#3|-4/5-5-5-| B* 3|-4/5-5-5-| A   B
el vacio aqui no se llena sin ti

E*  2|-4p5h4/2h0-| A 3|-4p5h4/2h0-|
Y toda esta ansiedad

  2|-0-0-0-0-|    2|-0-0-0-0-|
C#3|-4/5-5-5-| B* 3|-4/5-5-5-| A
me intento vencer pero encontre

F#                A         B
el lugar perfecto en ti (mi lugar perfecto en ti)

SOLO

C#  B*  A  Ab  E

C#  B*  A  B

CORO

E*  2|-4p5h4/2h0-|  A  3|-4p5h4/2h0-|
  viajando en la intimidad

  2|-0-0-0-0-|    2|-0-0-0-0-|
C#3|-4/5-5-5-| B* 3|-4/5-5-5-| A   B
el vacio aqui no se llena sin ti

E*  2|-4p5h4/2h0-| A 3|-4p5h4/2h0-|
Y toda esta ansiedad

  2|-0-0-0-0-|    2|-0-0-0-0-|
C#3|-4/5-5-5-| B* 3|-4/5-5-5-| A
me intento vencer pero encontre

F#                A         B
el lugar perfecto en ti
FINAL

E*
viajando en la intimidad

 NOTA 2:en el final puedes tocando el E* o
puedes rasguear las cuerdas utilizando estas octavitas:

D|-0-0-0-0-|
A|-7/6/7/9-|
D|-0-0-0-0-|
A|-0-0-0-0-|
D|-0-0-0-0-|
D|-0-0-0-0-|


DEFINO LOS ACORDES YA QUE SON DIFERENTES:
  E**       Eb       C#       E*       B        B*
D|--0--| D|--0--| D|--0--| D|--0--| D|--7--| D|--0--|
A|--5--| A|--4--| A|--2--| A|--0--| A|--7--| A|--0--|
D|--6--| D|--0--| D|--0--| D|--0--| D|--0--| D|--2--|
A|--0--| A|--0--| A|--0--| A|--0--| A|--0--| A|--0--|
D|--0--| D|--0--| D|--0--| D|--0--| D|--0--| D|--0--|
D|--0--| D|--0--| D|--0--| D|--0--| D|--0--| D|--0--|

   F#       Ab        A     E
D|--2--| D|--4--| D|--5--| D|--0--|
A|--2--| A|--0--| A|--5--| A|--0--|
D|--0--| D|--0--| D|--0--| D|--0--|
A|--0--| A|--0--| A|--0--| A|--5--|
D|--0--| D|--0--| D|--0--| D|--0--|
D|--0--| D|--0--| D|--0--| D|--0--|

 BUENO ESO ES TODO CHICOS ESPERO LES GUSTE ES MI PRIMERA
TRANSCRIPCION Y SE LA DEDICO A MI NIÑA MICHELE QUE
LA QUIEOR UN PUTERO POR CIERTO EN UNOS DIAS LES SUBO
LA DE ACOSTUMBRADO LA ORIGINAL NO LAS OTRAS QUE SUENAN
DEL NAVO OK SALE CHICOS CALIFIQUEN CHIDO ME LARGO Y ESTA DEDICADA
 A TI E MICHELLE :D
DUDAS COMENTARIOS MI CORREO ES omar_quieresmas@
