%%%% rating:None %%%%
%%%% artist:Tus Locas Razones Tabs %%%%
%%%% url:http://tabs.ultimate-guitar.com/tab/1586667 %%%%
%%%% title:Sin Tí Chords %%%%
%%%% comments:[] %%%%
%%%% difficulty:None %%%%
%%%% provider:ultimate-guitar %%%%
%%%% contributor:None %%%%
%%%% type:Chords %%%%
%%%% Tab:<i></i>intentare vivir sin ti...
<span>G</span>                      <span>F#</span>
llevo tres noches intentando encontrar
   <span>Bm</span>                     <span>D</span>
el punto que ponga fin a esta soledad
     <span>G</span>                  <span>F#</span>
solo quiero pintar una estrellas fugaz
      <span>Bm</span>                    <span>D</span>
q alumbre tu ventana en plena oscuridad
(coro)
    <span>G</span>        <span>F#</span>                 <span>Bm</span>
no sé a q sabrá el calor de tu piel en miss brazos
 <span>D</span>
no lo sé
    <span>G</span>         <span>F#</span>                 <span>Bm</span>         <span>D</span>
no sé q hago aquí pensando en lo q debería ser
<span>G</span>                   <span>F#</span>                <span>Bm</span>
dame tus alas para volar a ti intentare no besarte
  <span>D</span>       <span>G</span>
intentare vivir sin ti
     <span>G</span>                    <span>F#</span>
las ganas que siento de estar cerca de ti
   <span>Bm</span>  <span>D</span>             <span>G</span>-<span>F#</span> (cortas y empieza de nuevo)
y amarte...solo a ti...


no me extrañaría si cortase por lo sano

y vuelva a tu lado solo sentiría miedo

de fallar en el intento de volverte a ver

y no quiero no perder otra vez

(coro)
...

temazo, si alguien quiere compartir música xvr conmigo
me agregan leopan_17@ (por siaca mi primera transcripción)
