%%%% rating:None %%%%
%%%% artist:Turquoise Tabs %%%%
%%%% url:http://tabs.ultimate-guitar.com/t/turquoise/birthday_song_tab.htm %%%%
%%%% title:Birthday Song Tab %%%%
%%%% comments:[] %%%%
%%%% difficulty:None %%%%
%%%% provider:ultimate-guitar %%%%
%%%% contributor:None %%%%
%%%% type:Tabs %%%%
%%%% Tab:<i></i>-------------------------------------------------------------------------------
                             SONG NAME - Band Name
-------------------------------------------------------------------------------
Tabbed by:
E-mail:

Tuning:

e|-0 0 2 0--5-4-----0--0--2--0-7--5----0--0-9-5-44-2-----10-10---5--7--5--|
B|------------------------------------------------------------------------|
G|------------------------------------------------------------------------|
D|------------------------------------------------------------------------|
A|------------------------------------------------------------------------|
E|------------------------------------------------------------------------|



************************************

| /   slide up
| \   slide down
| h   hammer-on
| p   pull-off
| ~   vibrato
| +   harmonic
| x   Mute note
| b   Bend
| pb  Pre-bend
| br  Bend release
| pbr Pre-bend release
| brb Bend release bend

************************************
