%%%% rating:r_5 %%%%
%%%% artist:Turtles Tabs %%%%
%%%% url:http://tabs.ultimate-guitar.com/t/turtles/can_i_get_to_know_you_better_crd.htm %%%%
%%%% title:Can I Get To Know You Better Chords %%%%
%%%% comments:[u'<p class="mtop5">Great job. KK.,</p>'] %%%%
%%%% difficulty:
                                    intermediate                                 %%%%
%%%% provider:ultimate-guitar %%%%
%%%% contributor:
                                     %%%%
%%%% type:Chords %%%%
%%%% Tab:<i></i>#-------------------------------PLEASE NOTE-------------------------------------#
# This file is the author's own work and represents their interpretation of the #
# song. You may only use this file for private study, scholarship, or research. #
#-------------------------------------------------------------------------------#
Can I Get To Know You Better chords
The Turtles 1966 (P.F. Sloan / Steve Barri)

Capo II

<span>E</span> <span>A</span>  <span>D</span> <span>A</span>

<span>E</span> <span>A</span>  <span>D</span> <span>E</span>

<span>E</span> <span>A</span>

<span>A</span>                  <span>D</span>             <span>E</span>          <span>A</span>      (<span>D</span> <span>E</span>)
Everybody says "Be strong" but I just can't take it 
<span>A</span>                    <span>D</span>           <span>E</span>       <span>A</span>
Every time I look at you, I feel funny inside, yeah 
<span>D</span>                    <span>G</span>       <span>D</span>        
I've been meaning to ask you this 
<span>G</span>          <span>D</span>         <span>E</span>
for such a long long time 

      <span>A</span>      <span>D</span>        <span>E</span>
Can I get to know you better? (can I get. .)
       <span>A</span>      <span>D</span>        <span>E</span>
Got to get to know you better (can I get. .)
      <span>A</span>      <span>D</span>        <span>E</span>          <span>D</span>  <span>A</span> <span>E</span>
Can I get to know you better  to ni g ht?
 
<span>E</span> <span>A</span>

                         <span>D</span>            <span>E</span>   <span>A</span>  (<span>D</span> <span>E</span>)
I know that you think of me as just a friend 
    <span>A</span>                  <span>D</span>        <span>E</span>     <span>A</span>
But you don't know how friendly I can be, yeah 
<span>D</span>                 <span>G</span>        <span>D</span>
I want so much to prove my love; 
      <span>G</span>       <span>D</span>      <span>E</span>
baby, give me half a chance 

      <span>A</span>      <span>D</span>        <span>E</span>
Can I get to know you better? (can I get. .)
       <span>A</span>      <span>D</span>        <span>E</span>
Got to get to know you better (can I get. .)
      <span>A</span>      <span>D</span>        <span>E</span>          <span>D</span>  <span>A</span> <span>E</span>
Can I get to know you better  to ni g ht?
 
<span>E</span>
   
    <span>E</span>                                      <span>D</span>   <span>A</span>
Now I don't think I can go another day without you (Without you) 
<span>G</span>                                               <span>E</span> 
One little kiss will tell me what I wanna know about you 
   <span>E7</span>                    <span>E</span>
It ain't gonna hurt you; come on baby 

      <span>A</span>      <span>D</span>        <span>E</span>
Can I get to know you better? (can I get. .)
       <span>A</span>      <span>D</span>        <span>E</span>
Got to get to know you better (can I get. .)
      <span>A</span>      <span>D</span>        <span>E</span>          <span>D</span>  <span>A</span> <span>E</span>
Can I get to know you better  to ni g ht?
 
      <span>A</span>      <span>D</span>        <span>E</span>
Can I get to know you better? (can I get. .)
       <span>A</span>      <span>D</span>        <span>E</span>
Got to get to know you better (can I get. .)
      <span>A</span>      <span>D</span>        <span>E</span>          <span>D</span>  <span>A</span> <span>E</span>
Can I get to know you better  to ni g ht? . . .


Set8

