%%%% rating:None %%%%
%%%% artist:Sylvius Leopold Weiss Tabs %%%%
%%%% url:http://tabs.ultimate-guitar.com/s/sylvius_leopold_weiss/lute_sonata_no_27_in_cm_-_vi_rigaudon_-_angloise_la_belle_tiroloise_tab.htm %%%%
%%%% title:Lute Sonata No 27 In Cm - Vi Rigaudon - Angloise La Belle Tiroloise Tab %%%%
%%%% comments:[] %%%%
%%%% difficulty:None %%%%
%%%% provider:ultimate-guitar %%%%
%%%% contributor:
                                     %%%%
%%%% type:Tabs %%%%
%%%% Tab:<i></i>#----------------------------------PLEASE NOTE--------------------------------#
#This file is the author's own work and represents their interpretation of the#
#song. You may only use this file for private study, scholarship, or research.#
#-----------------------------------------------------------------------------#

Lute Sonata No 27 in Cm - VI Rigaudon - Angloise: La Belle Tiroloise
S L Weiss (1687-1750)

Tuning: E A D G B E   -   Time Signature 4/4

Tabbed by: Samuel Lumele

 |       |       |       |        |       |       |       |
|------------------------0-------|------------------------3-------|
|----------------0---------------|4-------0-------0---------------|
|----------------0---------------|--------------------------------|
|--------------------------------|--------------------------------|
|--------------------------------|2-----------0-------------------|
|----------------0---------------|----------------3-------0-------|


 |       |       |       |        |       |       |       |
|2---------------7-------5---3---|8---7---5---3---2-------5---0---|
|--------0-------5---------------|5-------------------------------|
|----------------0---------------|----------------2---------------|
|--------------------------------|--------------------------------|
|2-----------0-------------------|0-------------------------------|
|--------------------------------|--------------------------------|


 |       |       |       |        |       |       |       |
|----------------------------0---|----------------------------3---|
|4-------2---0---0---------------|4-------0-------0---------------|
|--------------------------------|--------------------------------|
|--------------------------------|--------------------------------|
|2-------------------------------|2-----------0-------------------|
|----------------3---2---0-------|----------------3---2---0-------|


 |       |       |       |        |       |       |       |
|2---------------7-------5---3---|8-------0---5---5---3---2---0---|
|--------0-------5---------------|----4---------------------------|
|----------------0---------------|--------------------------------|
|--------------------------------|--------------------------------|
|2-----------0-------------------|0---------------2---------------|
|--------------------------------|--------------------------------|


 |       |       |       |        |       |       |       |
|0---------------3-------2---0---|--------5---3---2---5-----------|
|0-------------------------------|3-----------------------3---1---|
|--------------------------------|2-------------------------------|
|2-------------------------------|--------------------------------|
|--------------------------------|--------------------------------|
|--------0-----------------------|2-------------------------------|


 |       |       |       |        |       |       |       |
|------------------------3-------|2-----------------------8-------|
|0---------------3---------------|--------3-------3---------------|
|--------2---0-------------------|--------------------------------|
|--------------------------------|0-----------2---4---------------|
|--------------------------------|------------------------9-------|
|3-----------------------3-------|--------------------------------|


 |       |       |       |        |       |       |       |
|7-----------------------3-------|2-----------------------8-------|
|--------3-------3---------------|--------3-------3---------------|
|--------------------------------|--------------------------------|
|5-------------------------------|0-----------2---4-------4-------|
|------------0---2---------------|--------------------------------|
|------------------------3-------|--------------------------------|


 |       |       |       |        |       |       |       |
|7---8---5---7---3---5---2---3---|0---2-------0-------------------|
|--------------------------------|--------3-------2---3---0---2---|
|0-------------------------------|--------------------------------|
|--------------------------------|--------------------------------|
|--------------------------------|--------------------------------|
|--------------------------------|3---------------0---------------|


 |       |       |       |        |       |       |       |
|----------------2-------7-------|6-------2-------2-------7-------|
|--------------------------------|--------------------------------|
|3-------------------------------|--------------------------------|
|--------4---2---0---------------|4-----------2---0---------------|
|--------------------------------|--------------------------------|
|2-----------------------7-------|------------------------7-------|


 |       |       |       |        |       |       |       |
|3-------0-------0-------5-------|2-----------------------3-------|
|--------------------------------|--------3-------3---------------|
|--------------------------------|--------------------------------|
|------------0-------------------|0-------------------------------|
|----------------4-------0-------|------------4---2---------------|
|0-------------------------------|------------------------3-------|


 |       |       |       |        |       |       |       |
|0-----------------------2-------|----------------7---------------|
|--------2---0---2---------------|4-------0-----------------------|
|----------------3---------------|----------------0-------7-------|
|------------------------4-------|--------------------------------|
|4-------------------------------|2-----------0-------------------|
|--------------------------------|--------------------------------|


 |       |       |       |        |       |       |       |
|----------------5---------------|----------------3---------------|
|------------------------1-------|0-----------------------0-------|
|5-------2-----------------------|--------0-----------------------|
|--------------------------------|--------------------------------|
|0-------------------------------|--------------------------------|
|------------3---2---------------|3-----------2---0---------------|


 |       |       |       |        |       |       |       |
|----------------2---------------|--------------------------------|
|--------------------1---0-------|--------------------0-------2---|
|2---------------------------2---|----0-------2-------------------|
|--------4---2---1---------------|--------------------------------|
|--------------------------------|------------------------0-------|
|2-------------------------------|0-------2-------3---------------|


 |       |       |       |        |       |       |       |
|------------0-------2-------3---|2-----------------------0-------|
|----4---------------------------|--------0-------0---------------|
|--------------------------------|--------------------------------|
|----------------1-------2-------|--------------------------------|
|2-------4-----------------------|2-----------0-------------------|
|--------------------------------|----------------3---------------|


 |       |       |       |        |       |       |       |
|------------------------3-------|2---------------7-------5---3---|
|4-------0-------0---------------|--------0-------5---------------|
|--------------------------------|----------------0---------------|
|--------------------------------|--------------------------------|
|2-----------0-------------------|2-----------0-------------------|
|----------------3-------0-------|--------------------------------|


 |       |       |       |        |       |       |       |
|8---7---5---3---2-------5---0---|----------------------------0---|
|5-------------------------------|4-------2---0---0---------------|
|----------------2---------------|--------------------------------|
|--------------------------------|--------------------------------|
|0-------------------------------|2-------------------------------|
|--------------------------------|----------------3---2---0-------|


 |       |       |       |        |       |       |       |
|----------------------------3---|2---------------7-------5---3---|
|4-------0-------0---------------|--------0-------5---------------|
|--------------------------------|----------------0---------------|
|--------------------------------|--------------------------------|
|2-----------0-------------------|2-----------0-------------------|
|----------------3---2---0-------|--------------------------------|


 |       |       |       |        |       |       |       |
|8-------0---5---5---3---2---0---|0------------------------------||
|----4---------------------------|0------------------------------||
|--------------------------------|-------------------------------||
|--------------------------------|2------------------------------||
|0---------------2---------------|-------------------------------||
|--------------------------------|--------0----------------------||



