%%%% rating:None %%%%
%%%% artist:Snuff Tabs %%%%
%%%% url:http://tabs.ultimate-guitar.com/s/snuff/nick_northern_btab.htm %%%%
%%%% title:Nick Northern Bass Tab %%%%
%%%% comments:[] %%%%
%%%% difficulty:None %%%%
%%%% provider:ultimate-guitar %%%%
%%%% contributor:None %%%%
%%%% type:Bass Tabs %%%%
%%%% Tab:<i></i>Song Title: Nick Northern
Artist: Snuff
----------------------------------------------


			Snuff - Nick Northern
tabbed by Joel Amos
send questions, comments or bomb threats to joel@terra.net.au


MAIN PART:
[----------------------------------------------------------]
[--------------------------------3-----3-----3-3-2-2-------]
[-----------------3-----3-----3-3--------------------------]
[--5-----5-----5-5-----------------------------------0-3---]

OTHER PART (Middle of song):
[----------------------------------------------------------]
[-----------------------------3-3--------------------------]
[-----------------3-3-3-3-3-3------------------------------]
[--5-----5-------------------------------------------0-3---]


There are a few changes in the song but nothing dramatic. This is as close as you'll get if you are as unco as me. Thanx to my bass teacher:).

NOFX and Fat Wreck Chords rock!
GO VEGAN!

Submitted by:  Joel Amos (joel@terra.net.au)

