%%%% rating:r_5 %%%%
%%%% artist:Turmion Katilot Tabs %%%%
%%%% url:http://tabs.ultimate-guitar.com/t/turmion_katilot/verta_ja_lihaa_tab.htm %%%%
%%%% title:Verta Ja Lihaa Tab %%%%
%%%% comments:[u'<p class="mtop5">Oh my god. thanks man. I\'ve been looking for these forever.</p>', u'<p class="mtop5">NP man. i gave up and just wrote it myself lawl.</p>', u'<p class="mtop5">good work abyssalghost nice tab lol</p>'] %%%%
%%%% difficulty:
                                    intermediate                                 %%%%
%%%% provider:ultimate-guitar %%%%
%%%% contributor:
                                     %%%%
%%%% type:Tabs %%%%
%%%% Tab:<i></i>Official website: http://www.turmionkatilot.com/

00:00
|-------------------------------------------------|-----------------|
|-------------------------------------------------|-----------------|
|-------------------------------------------------|-----------------|
|-------5/7---5/8-------8/6---7/5-------5/7---5/8-|-0h1-----2---3---|
|-0-0-0-3/5-0-3/6-0-0-0-6/4-0-5/3-0-0-0-3/5-0-3/6-|-0h1-0-0-2-0-3---|
|-0-0-0-----0-----0-0-0-----0-----0-0-0-----0-----|-0h1-0-0-2-0-3---|

00:11
|---------------|
|---------------|
|---------------|
|-----8---7-----|
|-0-0-8---7-----|
|-0-0-8---7-----|

00:24 (not guitar, but can be played on it)
|-----------1---0-----------0---1---------3---1-0---------6-----6-|
|-3-3-3-3-3---3---3-3-3-3-3---3---3-3-3-3---3-----3-3-3-3---3-3---|
|-----------------------------------------------------------------|
|-----------------------------------------------------------------|
|-----------------------------------------------------------------|
|-----------------------------------------------------------------|

00:35
|--------------|
|--------------|
|--------------|
|--------------|
|-1-1--1--1--1-|
|-1-1--1--1--1-|

00:36
|------------------------------------------------------|
|------------------------------------------------------|
|------------------------------------------------------|
|-0-0--0--0--0--0--0-2h3-2h3-0-0--0--0--0--------------|
|-0-0--0--0--0--0--0-2h3-2h3-0-0--0--0--0-1-1--1--1--1-|
|-0-0--0--0--0--0--0-2h3-2h3-0-0--0--0--0-1-1--1--1--1-|

00:48
|--------------------------------------|
|--------------------------------------|
|--------------------------------------|
|-0--2h3-0--2h3-0--2h3-0-8-----7---3-2-|
|-0--2h3-0--2h3-0--2h3-0-8-0-0-7-0-3-2-|
|-0--2h3-0--2h3-0--2h3-0-8-0-0-7-0-3-2-|

00:54
|--------------------------------------|
|--------------------------------------|
|--------------------------------------|
|-0--2h3-0--2h3-0--2h3-0-8-----7---3-5-|
|-0--2h3-0--2h3-0--2h3-0-8-0-0-7-0-3-5-|
|-0--2h3-0--2h3-0--2h3-0-8-0-0-7-0-3-5-|

01:00
|-------------------------------------------------|-----------------|
|-------------------------------------------------|-----------------|
|-------------------------------------------------|-----------------|
|-------5/7---5/8-------------3p2-------5/7---5/8-|-0h1-----2---3---|
|-0-0-0-3/5-0-3/6-0-0-0-0-0-0-3p2-0-0-0-3/5-0-3/6-|-0h1-0-0-2-0-3---|
|-0-0-0-----0-----0-0-0-0-0-0-3p2-0-0-0-----0-----|-0h1-0-0-2-0-3---|

01:11
|---------------|
|---------------|
|---------------|
|-----8---7-----|
|-0-0-8---7-----|
|-0-0-8---7-----|

01:36
|---------------------------------------------------------------|
|---------------------------------------------------------------|
|---------------------------------------------------------------|
|-2h3-2h3-0--0-----0--0--0-----0--0---0-0--0--0--------------0--|
|-2h3-2h3-0--0-----0--0--0-----0--0---0-0--0--0-1-1--1--1--1-0--|
|-2h3-2h3-0--0-----0--0--0-----0--0---0-0--0--0-1-1--1--1--1-0--|

not sure if it's corrext or not, but at least there's one Turmion Katilot tab on the 
i'll be sure to submit a few more.
