%%%% rating:None %%%%
%%%% artist:Snuff Tabs %%%%
%%%% url:http://tabs.ultimate-guitar.com/s/snuff/boatnick_so_it_goes_crd.htm %%%%
%%%% title:Boatnick So It Goes Chords %%%%
%%%% comments:[u'<p class="mtop5">Sam Chester is a man molester. </p>'] %%%%
%%%% difficulty:
                                    novice                                 %%%%
%%%% provider:ultimate-guitar %%%%
%%%% contributor:
                                     %%%%
%%%% type:Chords %%%%
%%%% Tab:<i></i>sup homes
this is not my first tab but it b the first tab that actually ends up on the internet lol
this is a fannytastic song and i couldnt find any tabs fot it so sat down and wrote one 
im bored ummmmm its not very gd but see wat u think

useless key:
some g's and f's are played higher so i wrote down a number 2 wen it dus this.
F2-X-8-10-10-X-X-X--|
<span>G2</span>-X-10-12-12-X-X-X-|

BOATNICK – SNUFF

INTRO/VERSE
<span>C</span>      <span>G</span>     <span>F</span>    <span>A</span>  <span>G</span>

CHORUS
<span>C</span>     <span>G2</span>   <span>F2</span>
<span>F</span>      <span>E</span>  <span>D</span>

BIT AFTER CHORUS (PM)
<span>C</span>       <span>G</span>       <span>F</span>      <span>A</span>   <span>G</span>

 SO IT GOES BIT
<span>C</span>      <span>G</span>       <span>F</span>      <span>A</span>   <span>G</span>

THEN JUST PLAY C G F AG
SO YEAH THERE U GO
in a bizzle maters
