%%%% rating:None %%%%
%%%% artist:Tuxedomoon Tabs %%%%
%%%% url:http://tabs.ultimate-guitar.com/t/tuxedomoon/jinx_btab.htm %%%%
%%%% title:Jinx Bass Tab %%%%
%%%% comments:[] %%%%
%%%% difficulty:None %%%%
%%%% provider:ultimate-guitar %%%%
%%%% contributor:
                                     %%%%
%%%% type:Bass Tabs %%%%
%%%% Tab:<i></i>TUXEDOMOON - JINX
ALBUM: DESIRE(1981)
BASSIST: PETER PRINCIPLE

VERSE A

E -------------------5-5-3----------------1-1--|
A -----------5-0---5--------3-5-6-3-6-5-3------|
D ---5-7-8-0-----------------------------------|
G ---------------------------------------------|

VERSE B

E ----------------------------------------------|
A --------------------------------------3-3-----|
D --2---2-------2---2---------3-5-6-3-6---------|
G ----1---1-3-1---1---1-3-1---------------------|

JAH WOBBLE IS GOD!!!
