%%%% rating:None %%%%
%%%% artist:Turf Tabs %%%%
%%%% url:http://tabs.ultimate-guitar.com/t/turf/la_recta_final_tab.htm %%%%
%%%% title:La Recta Final Tab %%%%
%%%% comments:[] %%%%
%%%% difficulty:None %%%%
%%%% provider:ultimate-guitar %%%%
%%%% contributor:None %%%%
%%%% type:Tabs %%%%
%%%% Tab:<i></i>Algunos de los nombres de los acordes estan cambiados para que sea mas facil 
su comprension. 


Formacion de acordes:


LA SI RE FA DO SOL LA MI SOL#
e:------5----2----5----1----3----3----5----7----4----------|
b:------5----4----7----1----6----3----5----9----4----------|
g:------6----4----7----2----6----4----5----9----5----------|
d:------7----4----7----3----6----5----7----9----6----------|
a:------7----2----5----3----3----5----7----7----6----------|
E:------5----2----5----1----3----3----5----7----4----------|


x = apoya la cejilla de modo que no suene
~ = 
/ = slide (arrastrar)


--------------------------------------------------------------------------------

Intro:

e:------------------------------------------------------------------------|
b:------------------------------------------------------------------------|
g:-5-----------------5-----------------5-----------------5----------------|
d:-5-7--7--7---------7-7-7-5-7---------7-7-7-5-7---------7-7-7-5-7--------|
a:-3-7--7--7---------7-7-7-7-7---------7-7-7-7-7---------7-7-7-7-7--------|
E:---5--5--5--2-3-4--5-5-5-5-5--2-3-4--5-5-5-5-5--2-3-4--5-5-5-5-5--2-3-4-|


LA SI
Gente alrededor buscando emoción
RE FA
apuestan dinero.
DO SOL
Vienen hacia acá, no quiero mirar.
FA RE
Mi vida va en juego.

LA MI DO MI LA
Bien, vamos a tomar la recta final.
MI RE FA
Todo lo que soy me deja sin aliento,
SOL# DO
vamos a cruzar...

(casi igual que la intro)
e:------------------------------------------------------------------------|
b:------------------------------------------------------------------------|
g:------------------5-----------------5-----------------5-----------------|
d:--7--7--7---------7-7-7-5-7---------7-7-7-5-7---------7-7-7-5-7---------|
a:--7--7--7---------7-7-7-7-7---------7-7-7-7-7---------7-7-7-7-7---------|
E:--5--5--5--2-3-4--5-5-5-5-5--2-3-4--5-5-5-5-5--2-3-4--5-5-5-5-5--2-3-4--|


LA SI
La octava se va, y ahora voy por la... 
RE FA
novena carrera.
DO SOL
Quiero ser playboy, tengo vocación.
FA RE
Apuesto al futuro.


LA MI DO MI LA
Bien, vamos a tomar la recta final.
MI RE FA
Todo lo que soy me deja sin aliento,
SOL# DO
vamos a cruzar...

e:------------------------------------------------------------------------|
b:------------------------------------------------------------------------|
g:-----6--6--6--6--6-6-7--7--7--7--7-7-8--8--8--8--8-8-9------------------|
d:-----7--7--7--7--7-7-7--7--7--7--7-7-7--7--7--7--7-7-7------------------|
a:-----7--7--7--7--7-7-7--7--7--7--7-7-7--7--7--7--7-7-7------------------|
E:-----5--5--5--5--5-5-5--5--5--5--5-5-5--5--5--5--5-5-5------------------|

[SOLO]

LA
'...ahi estan las tribunas... lleno completo muchisima gente..'
(luego cambia de acorde en..)
MI
'... el competidor numero 6 Weedo(?), cierra la marcha...'
LA 
'... van a enfrentar ya la señal indicatoria, de los 1400 metros...'

e:-------------------------------------------|
b:-------------------------------------------| 
g:-----6--------7--------8--------9----------| REPITE
d:-----7--------7--------7--------7----------| X 7 veces
a:-----7--------7--------7--------7----------|
E:-----5--------5--------5--------5----------|


'... llegan para entrar, ahora si, directo a la recta final!...'


e:---------------------------------------------------|
b:---------------------------------------------------|
g:---------------7----9----12----13------------------|
d:----7----10----7----9----12----13------------------|
a:----7----10----5----7----10----11------------------|
E:----5----8-----------------------------------------|

e:------------------------------------------------------------------------|
b:------------------------------------------------------------------------|
g:------------------5-----------------5-----------------5-----------------|
d:--7--7--7---------7-7-7-5-7---------7-7-7-5-7---------7-7-7-5-7---------|
a:--7--7--7---------7-7-7-7-7---------7-7-7-7-7---------7-7-7-7-7---------|
E:--5--5--5--2-3-4--5-5-5-5-5--2-3-4--5-5-5-5-5--2-3-4--5-5-5-5-5--2-3-4--|


MI
'...por dentro lo carga ahora el 5 'Rincon Americano'....' 


e:------------------------------------------------------------------------|
b:------------------------------------------------------------------------|
g:---------------------------------7----9----12----13---------------------|
d:----------------------7----10----7----9----12----13---------------------|
a:----------------------7----10----5----7----10----11---------------------|
E:----------------------5----8--------------------------------------------|

'...y cruzaron el disco...'


LA  SI
Gente alrededor buscando emoción
RE                       FA
apuestan dinero.
DO           SOL
Vienen hacia acá, no quiero mirar.
FA                       RE
Mi vida va en juego.

LA MI DO MI LA
Bien, vamos a tomar la recta final.
MI      RE                    FA
Todo lo que soy me deja sin aliento,
SOL# DO
vamos a cruzaaaaaaaaar...

SOL# SOL# SOL# SOL# SOL SOL SOL SOL
DO DO RE RE
FA FA LA LA
SOL# SOL# SOL SOL 
FA

