%%%% rating:None %%%%
%%%% artist:Smash Tabs %%%%
%%%% url:http://tabs.ultimate-guitar.com/s/smash/i_heart_you_ukulele_crd.htm %%%%
%%%% title:I Heart You Ukulele Chords %%%%
%%%% comments:[] %%%%
%%%% difficulty:None %%%%
%%%% provider:ultimate-guitar %%%%
%%%% contributor:
                                    novice                                 %%%%
%%%% type:Ukulele %%%%
%%%% Tab:<i></i>Intro: <span>G</span> <span>C</span> <span>Am</span> <span>D</span>

<span>G</span>
Kenapa hatiku cenat-cenut tiap ada kamu
<span>C</span>
Selalu peluh pun menetes setiap dekat kamu
<span>Am</span>
Kenapa salah tingkah tiap kau tatap aku
<span>D</span>
Selalu diriku malu tiap kau puji aku

<span>G</span>
Kenapa lidahku kelu tiap kau panggil aku
<span>C</span>
Selalu merinding romaku tiap kau sentuh aku
<span>Am</span>
Mengapa otakku beku tiap memikirkanmu
<span>D</span>                                            <span>G</span>
Selalu tubuhku lunglai tiap kau bisikkan cinta

Chorus:
<span>C</span>
You know me so well
<span>Am</span>
Girl i need you
<span>D</span>
Girl i love you
<span>G</span>
Girl i heart you
<span>C</span>
I know you so well
<span>Am</span>
Girl i need you
<span>D</span>
Girl i love you girl i heart you

<span>G</span>
Tahukah kamu saat kita pertama jumpa
<span>C</span>
Hatiku berkata padamu ada yang berbeda
<span>Am</span>
Tahukah sejak kita sering jalan bersama
<span>D</span>
Tiap jam menit detikku hanya ingin berdua

<span>G</span>
Tahukah kamu ku takkan pernah lupa
<span>C</span>
Saat kau bilang kau punya rasa yang sama
<span>Am</span>
Ku tak menyangka aku bahagia ingin ku peluk dunia
<span>D</span>                                    <span>G</span>
Kau izinkan aku tuk dapat rasakan cinta

Chorus:
<span>C</span>
You know me so well
<span>Am</span>
Girl i need you
<span>D</span>
Girl i love you
<span>G</span>
Girl i heart you
<span>C</span>
I know you so well
<span>Am</span>
Girl i need you
<span>D</span>
Girl i love you girl i heart you

<span>G</span>
Hatiku rasakan cinta, dia buatku salah tingkah
<span>C</span>
I know you so well, you know me so well
You heart me girl, i heart you back
<span>Am</span>
I miss you, i love you, ah ah ah
<span>D</span>
I need you, i love you, i heart you baby

<span>G</span> <span>C</span> <span>Am</span>
<span>D</span>                                     <span>G</span>
I need you, i love you, i heart you baby

Chorus:
<span>C</span>
You know me so well
<span>Am</span>
Girl i need you
<span>D</span>
Girl i love you
<span>G</span>
Girl i heart you
<span>C</span>
I know you so well
<span>Am</span>
Girl i need you
<span>D</span>
Girl i love you girl i heart you

<span>G</span>                               <span>C</span>
Tak ada yang bisa memisahkan cinta
<span>Am</span>
Waktu pun takkan tega
<span>D</span>         <span>G</span>
Kau dan aku bersama selamanya

