%%%% rating:None %%%%
%%%% artist:Tuxido Tabs %%%%
%%%% url:http://tabs.ultimate-guitar.com/t/tuxido/aire_crd.htm %%%%
%%%% title:Aire Chords %%%%
%%%% comments:[] %%%%
%%%% difficulty:None %%%%
%%%% provider:ultimate-guitar %%%%
%%%% contributor:None %%%%
%%%% type:Chords %%%%
%%%% Tab:<i></i>INTRO: <span>E</span> <span>B</span> <span>A</span>
SE TOCA CUATRO VECES UNA EN CADA ACORDE
E---------------------------|
B---------------------------|
G--9----8----8----8--11-9-8-|
D---9-9--9-9--9--9-9-------9|
A---------------------------|
E---------------------------|
EN LA ULTIMA LLEVA ESTO DE MAS
E---------------------------|
B---------------------------|
G--9----8----8----8--11-9-8-9
D---9-9--9-9--9--9-9-------9|
A---------------------------|
E---------------------------|


<span>E</span>
Me refugio en tu bolsillo
<span>B</span>
Te persigo bajo tu ropa
<span>A</span>
Examino todo tu cuerpo
<span>B</span>
Doy un salto y salto a tu boca

<span>E</span>
Tu me escondes entre tus labios
<span>B</span>
Pero yo me agarro a tu pelo
<span>A</span>
Voy trepando por tu camisa
<span>B</span>
hasta el cielo

             <span>E</span>    <span>B</span>
soy como el aire haha
             <span>E</span>    <span>B</span>
soy como el aire haha
          <span>C#</span>
pegado a ti
         <span>B</span>        <span>A</span>  <span>B</span>
siguiéndote al andar

                         <span>E</span>    <span>B</span>
por que te juro que soy aire haha
             <span>E</span>    <span>B</span>
soy como el aire haha
           <span>C#</span>
pegado a ti
       <span>B</span>      <span>A</span>   <span>B</span>
no puedes escapar

INTRO:<span>E</span> <span>B</span> <span>A</span>

<span>E</span>
Voy jugando entre tus dedos
<span>B</span>
Me acuesto sobre tu cama
<span>A</span>
y me filtro bajo tu perta
<span>B</span>
O me cuelo por la ventana

<span>E</span>
Tu me escondes entre tus labios
<span>B</span>
Pero yo me agarro a tu pelo
<span>A</span>
Voy trepando por tu camisa
<span>B</span>
hasta el cielo

              <span>E</span>    <span>B</span>
soy como el aire haha
             <span>E</span>    <span>B</span>
soy como el aire haha
          <span>C#</span>
pegado a ti
         <span>B</span>        <span>A</span>  <span>B</span>
siguiéndote al andar

                         <span>E</span>    <span>B</span>
por que te juro que soy aire haha
             <span>E</span>    <span>B</span>
soy como el aire haha
           <span>C#</span>
pegado a ti
       <span>B</span>      <span>A</span>   <span>B</span>
no puedes escapar

PUENTE MUSICAL

<span>E</span> <span>B</span> <span>E</span> <span>A</span>
SE REPITE CUATRO VECES UNA EN CADA ACORDE

E---------------|
B---------------|
G-9----8--11-9-8|
D--9--9-9-------|
A---------------|
E---------------|

esta es la ultima de las cuatro y se agrega algo chequenlo

E-----------------|
B-----------------|
G-9----8--11-9-8-9|
D--9--9-9---------|
A-----------------|
E-----------------|

<span>E</span>
AIRE HAA
             <span>B</span>
SOY COMO EL AIRE HAA
           <span>C#</span>
PEGADO A TI
      <span>B</span>          <span>A</span>   <span>B</span>
SIGUIENDOTE AL ANDAR

                         <span>E</span>      <span>B</span>
POR QUE TE JURO QUE SOY AIRE HAHA
             <span>E</span>     <span>B</span>
SOY COMO EL AIRE HAAA
           <span>C#</span>
PEGADO A TI

FIANL:
    <span>B</span>          <span>A</span> <span>B</span>    <span>E</span>
NO PUEDES ESCAPAR

  CUALQUIER CORRECION A MO CORREO OK
BYE

