%%%% rating:r_3 %%%%
%%%% artist:Turisas Tabs %%%%
%%%% url:http://tabs.ultimate-guitar.com/t/turisas/rasputin_tab.htm %%%%
%%%% title:Rasputin Tab %%%%
%%%% comments:[u'<p class="mtop5">bad tabing dude</p>', u'<p class="mtop5">you need to redo it, u got some of it but like make it look more complicated, say like what this is and that etc.  then this will rock ass</p>', u'<p class="mtop5">chords?</p>'] %%%%
%%%% difficulty:None %%%%
%%%% provider:ultimate-guitar %%%%
%%%% contributor:
                                     %%%%
%%%% type:Tabs %%%%
%%%% Tab:<i></i>            Song: Rasputin
            Artist: turisas/boney M
         Tabbed by: chris povey (metalllica-best@hotmail.co.uk)




e|-------------------------------------------------------------------------|
B|-------------------------------------------------------------------------|
G|-------------------------------------------------------------------------|
D|-------------------------------------------------------------------------|
A|--0-2--2--0-2-3-2-0-2----0-2-2--2---0-2-3-2-0-2--------------------------|
E|-2---------------------2-------------------------------------------------|


e|-------2--2--0h2h3-3-5-3-2-2---------------------------------------------|
B|-3-2-0---------------------2-3-5--5--5--2-3-5--5-3-2-0-------------------|
G|-------------------------------------------------------------------------|
D|-------------------------------------------------------------------------|
A|-------------------------------------------------------------------------|
E|-------------------------------------------------------------------------|


e|-------------------------------------------------------------------------|
B|------------------12h10p12-10-12------------------------------10h12------|
G|---------------------------------11---9-11-----------------11------11-9-9|
D|-------------------------------------------------------------------------|
A|------------7h8h9------------------------------------7h8h9---------------|
E|-7--7--7h10---------------------------------7-7-7h10---------------------|


e|-------------7-----7h10p7----7-------------------------------------------|
B|-----7--7h10--------------10---------------------------------------------|
G|-7h9---------------------------------------------------------------------|
D|-------------------------------------------------------------------------|
A|-------------------------------------------------------------------------|
E|-------------------------------------------------------------------------|


e|-7-----------------------------------------------------------------------|
B|---7h8h10-8p7------------------------------------------------------------|
G|-------------9-----------------------------------------------------------|
D|-------------------------------------------------------------------------|
A|-------------------------------------------------------------------------|
E|-------------------------------------------------------------------------|


e|--7--------7---------7---------7--7--------------------------------------|
B|------10-----10-7-10---10-7-10-------------------------------------------|
G|-------------------------------------------------------------------------|
D|-------------------------------------------------------------------------|
A|-------------------------------------------------------------------------|
E|-------------------------------------------------------------------------|

