%%%% rating:r_5 %%%%
%%%% artist:Snsd Taitiseo Tabs %%%%
%%%% url:http://tabs.ultimate-guitar.com/s/snsd_taitiseo/holler_crd.htm %%%%
%%%% title:Holler Chords %%%%
%%%% comments:[] %%%%
%%%% difficulty:
                                    advanced                                 %%%%
%%%% provider:ultimate-guitar %%%%
%%%% contributor:
                                     %%%%
%%%% type:Chords %%%%
%%%% Tab:<i></i>Taitiseo - Holler


I don't think 100% right in the beginning of the Chorus with G#, maybe it can be Fm.
If you have any idea please comment below, thx.


Intro: <span>F5</span> <span>F#5</span> (16x)

Ladies and gentlemen
Can you hear me?
I hope you are ready for a fast ride
Cause that’s what we’re going for tonight
So sit back and buckle up
Cause you’ll be racing with the stars tonight
Listen! Wow!


::VERSE::
          <span>F5</span>          <span>F#5</span>             <span>F5</span>                     <span>F#5</span>               
[Taeyeon] Hwachanghan sunny day pyeongbeomhan geon jaemi eobtji
<span>F5</span>           <span>F#5</span>                <span>F5</span>
Teukbyeolhan bimireul chaja tteonabolkka eodiro?
          <span>F5</span>         <span>F#5</span>                         <span>F5</span>          <span>F#5</span>
[Tiffany] Eoril jeok deureo bon deutan sinbiroun mijiui segyero!
<span>F5</span>           <span>F#5</span>              <span>F5</span>
Right now, sigani eobseo, nae sonjit ttara follow me


::CHORUS::
         <span>F5</span>     <span>F#5</span>    <span>F5</span>
[All] Holler holler holler
               <span>F#5</span>
[Seohyun] Nawa nuneul matchwo
         <span>F5</span>     <span>F#5</span>    <span>F5</span>
[All] Holler holler holler
                     <span>F#5</span>
[Taeyeon] Jamdeun ne mameul kkaewo
         <span>F5</span>     <span>F#5</span>    <span>F5</span>
[All] Holler holler holler
                   <span>F#5</span>
[Seohyun] Sijakhae boneun geoya
         <span>F5</span>     <span>F#5</span>
[All] Holler holler
                     <span>F5</span>                  <span>F#5</span>               <span>F5</span>
[Tiffany] Saerowojin nae gaseume neoreul matgyeo holler at me


::VERSE::
          <span>F5</span>         <span>F#5</span>            <span>F5</span>                    <span>F#5</span>
[Seohyun] Ttokgateun repatorie tto ppeonhan ending seutoriya
<span>F5</span>        <span>F#5</span>             <span>F5</span>
Bitnaneun pokeopeiseu sok hey wae neoreul gamchuji
          <span>F5</span>                 <span>F#5</span>     <span>F5</span>                        <span>F#5</span>
[Taeyeon] Knock! Knock! Ne maeum sok muneul hwaljjak yeoreo bwabwa
<span>F5</span>      <span>F#5</span>          <span>F5</span>
Neoman! Allyeojulge igeon teukgeup bimirinikka


::CHORUS::
         <span>F5</span>     <span>F#5</span>    <span>F5</span>
[All] Holler holler holler
               <span>F#5</span>
[Tiffany] Nawa nuneul matchwo
         <span>F5</span>     <span>F#5</span>    <span>F5</span>
[All] Holler holler holler
                     <span>F#5</span>
[Seohyun] Jamdeun ne mameul kkaewo
         <span>F5</span>     <span>F#5</span>    <span>F5</span>
[All] Holler holler holler
                   <span>F#5</span>
[Seohyun] Sijakhae boneun geoya
         <span>F5</span>     <span>F#5</span>
[All] Holler holler
                     <span>F5</span>                  <span>F#5</span>               <span>Cm</span>  <span>Cm7</span>
[Taeyeon] Saerowojin nae gaseume neoreul matgyeo holler at me, yeah
          <span>G#</span>                  <span>Bbm</span>                <span>F#</span>
[Tiffany] Nae gaseume neoreul deonjyeo holler at me


::BRIDGE 1::
        <span>F#</span>                     <span>F</span>   <span>F#</span>                     <span>F</span>
[Tiffany] Maeil gateun paeteon soge gatyeo beorin neoreul bwa
                  <span>Bbm</span>                   <span>Fm</span>
[Seohyun] Sangsangmaneuro useum jitdeon neoui eorin kkumdeul
       <span>Bb</span>                     <span>C</span>
Jeonbu sowonhamyeon modu irul su isseo oh yeah yeah


::BRIDGE 2::
                       <span>F5</span>                       <span>F#5</span>
[Tiffany] So won't you holler at me? I know you like what you see
        <span>F5</span>                          <span>F#5</span>
Teojyeo beoril geotman gatji annni, ne gaseumi?
              <span>Fm</span>                <span>G#</span>                                
[Taeyeon] You want me, want me, holler at me, baby 
                  <span>Bb</span>
([Tiffany] come on) baby ([Tiffany] yeah)
               <span>Fm</span>     <span>Bbm</span>       <span>D#</span>
[Taeyeon] Oh nal bwa, oh ready, set, go, go
                <span>Fm</span>
Neol hyanghan siseoneun let it go
     <span>Bbm</span>       <span>Gm7b5</span>        <span>C</span>
Ijen neor~ deo gamchujineun ma~


::CHORUS::
         <span>F5</span>     <span>F#5</span>    <span>F5</span>
[All] Holler holler holler
                <span>F#5</span>
([Tiffany] nawa nuneul matchwobwa, yeah)
         <span>F5</span>     <span>F#5</span>    <span>F5</span>
[All] Holler holler holler
           <span>F#5</span>
([Tiffany] sijakhaebwa, right now!)
         <span>F5</span>     <span>F#5</span>    <span>F5</span>
[All] Holler holler holler
    F#5    (F5)
(holler holler)
         <span>F5</span>     <span>F#5</span>
[All] Holler holler
                     <span>F5</span>                  <span>F#5</span>               <span>Fm</span>
[Seohyun] Saerowojin nae gaseume neoreul matgyeo holler at me, yeah
         <span>F5</span>     <span>F#5</span>    <span>F5</span>
[All] Holler holler holler
              <span>F#5</span>
[Tiffany] Nal ttara sorichyeobwa
         <span>F5</span>     <span>F#5</span>    <span>F5</span>
[All] Holler holler holler
              <span>F#5</span>
[Tiffany] Deo keuge sorichyeobwa
         <span>F5</span>     <span>F#5</span>    <span>F5</span>
[All] Holler holler holler
                <span>F#5</span>
[Seohyun] Geuge baro neoya
         <span>F5</span>     <span>F#5</span>
[All] Holler holler
                 <span>F5</span>              <span>F#5</span>                      (Fm)
[All] Saerowojin ne gaseumi teojidorog [Tiffany] holler at me





