%%%% rating:None %%%%
%%%% artist:Turin Brakes Tabs %%%%
%%%% url:http://tabs.ultimate-guitar.com/t/turin_brakes/rain_city_ver2_tab.htm %%%%
%%%% title:Rain City (ver 2) Tab %%%%
%%%% comments:[] %%%%
%%%% difficulty:None %%%%
%%%% provider:ultimate-guitar %%%%
%%%% contributor:
                                     %%%%
%%%% type:Tabs %%%%
%%%% Tab:<i></i>Turin Brakes - Rain City

Studio-Version in Eb-Tuning, live-Versions often in Standard-Tuning

INTRO / VERSE:

e|-x----x-x-x---|-------------|---------0---------|-x----x-x-x-x--x---x-x-|
B|-3----3-3-3---|-3---3-3-3---|-3---3-3-3-3-3-3-3-|-3----3-3-3-3--3---3-3-|
G|-0h2--2-2-2---|-----------0-|-------------------|-2----2-2-2-2--0h2-2-2-|
D|-0----0-0-0---|-2---2-2-2-0-|-------------------|-0----0-0-0-0--0---0-0-|
A|-x----x-x-x-0-|-3---3-3-3-0-|-2---2-2-2-2-2-2-2-|-x----x-x-x-x--x---x-x-|
E|-x----x-x-x---|-x---x-x-x---|-3---3-3-3-3-3-3-3-|-x----x-x-x-x--x---x-x-|
   |    A A | |   |   A A | |   |   A | | | A | A   |    | A | A  |   A |
   V    | | V V   V   | | V V   V   | V V V | V |   V    V | V |  V   | V

                                                             |....x3...|
e|-x----x-x-x---|-------------|---------------|-x----x-x-x-x-|-x---x-x-|
B|-3----3-3-3---|-3---3-3-3---|-3---3-3-3-3-3-|-3----3-3-3-3-|-3---3-3-|
G|-0h2--2-2-2---|-----------0-|---------------|-2----2-2-2-2-|-0h2-2-2-|
D|-0----0-0-0---|-2---2-2-2-0-|---------------|-0----0-0-0-0-|-0---0-0-|
A|-x----x-x-x-0-|-3---3-3-3-0-|-2---2-2-x-x-x-|-x----x-x-x-x-|-x---x-x-|
E|-x----x-x-x---|-x---x-x-x---|-3---3-3-3-2-3-|-x----x-x-x-x-|-x---x-x-|
   |    A A | |   |   A A | |   |   A | | | |   |    | A | A   |   A |
   V    | | V V   V   | | V V   V   | V V V V   V    V | V |   V   | V


CHORUS:
                                                 |.....x4.....|
e|-x--x-x-x--|-x--x-x-x--|-x--x-x-x--|-x--x-x-x--|-x--x-x-x-x-|
B|-x--x-x-x--|-x--x-x-x--|-x--x-x-x--|-x--x-x-x--|-7--7-7-7-7-|
G|-0--0-0-0--|-0--0-0-0--|-0--0-0-0--|-0--0-0-0--|-7--7-7-7-7-| x2
D|-0--0-0-0--|-0--0-0-0--|-0--0-0-0--|-0--0-0-0--|-7--7-7-7-7-|
A|-2--2-2-2--|-2--2-2-2--|-2--2-2-2--|-2--2-2-2--|-x--x-x-x-x-|
E|-3--3-3-3--|-3--3-3-3--|-3--3-3-3--|-3--3-3-3--|-7--7-7-7-7-|
   |  | A |    |  | A |    |  | A |    |  | A |    |  | A | A 
   V  V | V    V  V | V    V  V | V    V  V | V    V  V | V |

                                                 |.....x4.....|.....x4.....|
e|-x--x-x-x--|-x--x-x-x--|-x--x-x-x--|-x--x-x-x--|-x--x-x-x-x-|-0--0-0-0-0-|
B|-x--x-x-x--|-x--x-x-x--|-x--x-x-x--|-x--x-x-x--|-7--7-7-7-7-|-0--0-0-0-0-|
G|-0--0-0-0--|-0--0-0-0--|-0--0-0-0--|-0--0-0-0--|-7--7-7-7-7-|-6--6-6-6-6-|
D|-0--0-0-0--|-0--0-0-0--|-0--0-0-0--|-0--0-0-0--|-7--7-7-7-7-|-9--9-9-9-9-|
A|-2--2-2-2--|-2--2-2-2--|-2--2-2-2--|-2--2-2-2--|-x--x-x-x-x-|-7--7-7-7-7-|
E|-3--3-3-3--|-3--3-3-3--|-3--3-3-3--|-3--3-3-3--|-7--7-7-7-7-|-x--x-x-x-x-|
   |  | A |    |  | A |    |  | A |    |  | A |    |  | A | A   |  | A | A 
   V  V | V    V  V | V    V  V | V    V  V | V    V  V | V |   V  V | V |

ALTERNATIVE CHORUS: (not what he plays live but it sounds alright with the studio-version)
                                                 |.....x4.....|
e|-x--x-x-x--|-x--x-x-x--|-x--x-x-x--|-x--x-x-x--|-x--x-x-x-x-|
B|-x--x-x-x--|-x--x-x-x--|-x--x-x-x--|-x--x-x-x--|-7--7-7-7-7-|
G|-0--0-0-0--|-0--0-0-0--|-0--0-0-0--|-0--0-0-0--|-7--7-7-7-7-| x2
D|-0--0-0-0--|-0--0-0-0--|-0--0-0-0--|-0--0-0-0--|-7--7-7-7-7-|
A|-2--2-2-2--|-4--4-4-4--|-5--5-5-5--|-2--2-2-2--|-x--x-x-x-x-|
E|-3--3-3-3--|-5--5-5-5--|-7--7-7-7--|-3--3-3-3--|-7--7-7-7-7-|
   |  | A |    |  | A |    |  | A |    |  | A |    |  | A | A 
   V  V | V    V  V | V    V  V | V    V  V | V    V  V | V |

                                                 |.....x4.....|.....x4.....|
e|-x--x-x-x--|-x--x-x-x--|-x--x-x-x--|-x--x-x-x--|-x--x-x-x-x-|-x--x-x-x-x-|
B|-x--x-x-x--|-x--x-x-x--|-x--x-x-x--|-x--x-x-x--|-7--7-7-7-7-|-2--2-2-2-2-|
G|-0--0-0-0--|-0--0-0-0--|-0--0-0-0--|-0--0-0-0--|-7--7-7-7-7-|-4--4-4-4-4-|
D|-0--0-0-0--|-0--0-0-0--|-0--0-0-0--|-0--0-0-0--|-7--7-7-7-7-|-2--2-2-2-2-|
A|-2--2-2-2--|-4--4-4-4--|-5--5-5-5--|-2--2-2-2--|-x--x-x-x-x-|-0--0-0-0-0-|
E|-3--3-3-3--|-5--5-5-5--|-7--7-7-7--|-3--3-3-3--|-7--7-7-7-7-|-x--x-x-x-x-|
   |  | A |    |  | A |    |  | A |    |  | A |    |  | A | A   |  | A | A 
   V  V | V    V  V | V    V  V | V    V  V | V    V  V | V |   V  V | V |

BRIDGE:

e|-x--x-x-x-x-|-0--x-x-x-x-|-x--x-x-x-x-|-0--x-x-x-x-|
B|-x--x-x-x-x-|-0--x-x-x-x-|-x--x-x-x-x-|-0--x-x-x-x-|
G|-3--3-3-3-3-|-3--3-3-3-3-|-3--3-3-3-3-|-3--3-3-3-3-|
D|-4--4-4-4-4-|-4--4-4-4-4-|-4--4-4-4-4-|-4--4-4-4-4-|
A|-4--4-4-4-4-|-4--4-4-4-4-|-4--4-4-4-4-|-4--4-4-4-4-|
E|-2--2-2-2-2-|-2--2-2-2-2-|-2--2-2-2-2-|-2--2-2-2-2-|
   |  | A | A   |  | A | A   |  | A | A   |  | A | A  
   V  V | V |   V  V | V |   V  V | V |   V  V | V | 

e|-x--x-x-x-x-|-x--x-x-x-x-|-x--x-x-x-x-|-x--x-x-x-x-|
B|-2--2-2-2-2-|-2--2-2-2-2-|-2--2-2-2-2-|-2--2-2-2-2-|
G|-2--2-2-2-2-|-2--2-2-2-2-|-2--2-2-2-2-|-2--2-2-2-2-|
D|-2--2-2-2-2-|-2--2-2-2-2-|-2--2-2-2-2-|-2--2-2-2-2-|
A|-0--0-0-0-0-|-0--0-0-0-0-|-0--0-0-0-0-|-0--0-0-0-0-|
E|-x--x-x-x-x-|-x--x-x-x-x-|-x--x-x-x-x-|-x--x-x-x-x-|
   |  | A | A   |  | A | A   |  | A | A   |  | A | A  
   V  V | V |   V  V | V |   V  V | V |   V  V | V | 

e|-x--x-x-x-x-|-x--x-x-x-x-|-x--x-x-x-x-|-x--x-x-x-x-|
B|-0--0-0-0-0-|-0--0-0-0-0-|-0--0-0-0-0-|-0--0-0-0-0-|
G|-1--1-1-1-1-|-1--1-1-1-1-|-1--1-1-1-1-|-1--1-1-1-1-|
D|-2--2-2-2-2-|-2--2-2-2-2-|-2--2-2-2-2-|-2--2-2-2-2-|
A|-2--2-2-2-2-|-2--2-2-2-2-|-2--2-2-2-2-|-2--2-2-2-2-|
E|-0--0-0-0-0-|-0--0-0-0-0-|-0--0-0-0-0-|-0--0-0-0-0-|
   |  | A | A   |  | A | A   |  | A | A   |  | A | A  
   V  V | V |   V  V | V |   V  V | V |   V  V | V | 

OUTRO:
                           |.....x4.....|
e|-x--x-x-x-x-|-x--x-x-x-x-|-x--x-x-x-x-|
B|-2--2-2-2-2-|-2--2-2-2-2-|-3--3-3-3-3-|
G|-2--2-2-2-2-|-2--2-2-2-2-|-0--0-0-0-0-|
D|-0--0-0-0-0-|-0--0-0-0-0-|-0--0-0-0-0-|
A|-x--x-x-x-x-|-x--x-x-x-x-|-3--3-3-3-3-|
E|-2--2-2-2-2-|-2--2-2-2-2-|-2--2-2-2-2-|
   |  | A | A   |  | A | A   |  | A | A   
   V  V | V |   V  V | V |   V  V | V |   

 |.....x4.....|.....x2.....|.....x2.....|.....x2.....|.....x2.....|
e|-x--x-x-x-x-|-x--x-x-x-x-|-x--x-x-x-x-|-x--x-x-x-x-|-x--x-x-x-x-|----2-| 
B|-2--2-2-2-2-|-3--3-3-3-3-|-3--3-3-3-3-|-3--3-3-3-3-|-3--3-3-3-3-|---3--| 
G|-2--2-2-2-2-|-2--2-2-2-2-|-0--0-0-0-0-|-2--2-2-2-2-|-0--0-0-0-0-|--2---| 
D|-2--2-2-2-2-|-0--0-0-0-0-|-0--0-0-0-0-|-0--0-0-0-0-|-0--0-0-0-0-|-0----| 
A|-0--0-0-0-0-|-x--x-x-x-x-|-3--3-3-3-3-|-x--x-x-x-x-|-3--3-3-3-3-|-x----| 
E|-x--x-x-x-x-|-x--x-x-x-x-|-2--2-2-2-2-|-x--x-x-x-x-|-2--2-2-2-2-|-x----| 
   |  | A | A   |  | A | A   |  | A | A   |  | A | A   |  | A | A   |
   V  V | V |   V  V | V |   V  V | V |   V  V | V |   V  V | V |   V



Intro
Verse x2
Chorus

Strophe
Chorus x2

Bridge x2
Outro
