%%%% rating:r_3 %%%%
%%%% artist:Turin Brakes Tabs %%%%
%%%% url:http://tabs.ultimate-guitar.com/t/turin_brakes/falling_down_tab.htm %%%%
%%%% title:Falling Down Tab %%%%
%%%% comments:[] %%%%
%%%% difficulty:None %%%%
%%%% provider:ultimate-guitar %%%%
%%%% contributor:
                                     %%%%
%%%% type:Tabs %%%%
%%%% Tab:<i></i>-----------------------------------------------------------------------------
Turin Brakes – Falling Down
-----------------------------------------------------------------------------

Tabbed by: Tim Lawson
Email: timlawson100@hotmail.com

Tuning: Standard Tuning (EADGBe)

This is ought to be one of my favorite tracks on the album. Some very nice
acoustic riffs in here, and the easy little solo sounds pretty damn good over the
chords. Have fun..

Riff 1:

     D
e|---0---0-0-0-0----0-0---0-0-------------
B|---3---3-3-3-3----3-3---3-3-------------
G|---2---2-2-2-2----0-0---2-2-------------
D|---0---0-0-0-0----0-0---0-0-------------
A|---0---0-0-0-0—---3-2---0-0-------------
E|---x---x-x-x-x----x-x---x-x-------------

Riff 2:

     G                  Cadd9
e|---3-3-3-3-3-3-3-3-3--3-3-3-3-3-3-3-3--------------
B|---3-3-3-3-3-3-3-3-3--3-3-3-3-3-3-3-3--------------
G|---0-0-0-0-0-0-0-0-0--0-0-0-0-0-0-0-0--------------
D|---0-0-0-0-0-0-0-0-0--2-2-2-2-2-2-2-2--------------
A|---2-2-2-2-2-2-2-2-2--3-3-3-3-3-3-3-3--------------
E|---3-3-3-3-3-3-3-3-3--x-x-x-x-x-x-x-x--------------



Verse 1: 

[riff 1]
You move so sweet
There's enough to write a book about it
When you speak
It takes a while for the words to settle down 
They carry on into the next town.


Chorus:

[riff 2]
Stick through sand drag your name
Drag your name you're always falling..

[riff 1] 
Downnnnn……

[riff 2] 
Cover your face
Take a seat, before you’re falling 

[riff 1]
Downnnn..


Verse 2:

[riff 1]

You burn so slow
You burn the way every candle wants to go when you dance
You take the breeze
You take the breeze and spin it right through me


REPEAT CHORUS


Solo

e|--------------------12----12--------------
B|-------10-13b-10~-------10---10~----------
G|------------------------------------------
D|----10------------------------------------
A|-12---------------------------------------
E|------------------------------------------

e|------------------------------------------
B|-------10-13b-10~---10-—10~---------------
G|----------------------12------------------
D|----10------------------------------------
A|-12---------------------------------------
E|------------------------------------------  x2


Verse 3:

[riff 2]
There's some things you cant hide
You never touched the ground
You're always falling 

[riff 1]
down

[riff 2]
You have to see we're on your side
You never touched the ground you're always falling 

[riff 1]
down


 /  slide up
 \  slide down
 h  hammer-on
 p  pull-off
 ~  vibrato
 +  harmonic
 x  Mute note

--------------------------------------------------------------------
27/04/03 and yet another finished tab, took me about 30 minutes :p contact
me for corrections or questions: timlawson100@hotmail.com
