%%%% rating:None %%%%
%%%% artist:Turf Tabs %%%%
%%%% url:http://tabs.ultimate-guitar.com/t/turf/loco_un_poco_tab.htm %%%%
%%%% title:Loco Un Poco Tab %%%%
%%%% comments:[] %%%%
%%%% difficulty:None %%%%
%%%% provider:ultimate-guitar %%%%
%%%% contributor:None %%%%
%%%% type:Tabs %%%%
%%%% Tab:<i></i>INTRO
   A        Asus4      A         C
e -------------------2---------5-3---
B 2--2-3-5-3---3-5---5---2---------
G ---------------------------2-------  
D -----------------------------------
A ----------------------------------- 
E -----------------------------------
ESTO 2 VECES Y DESPUES

e ----------------
B ---------------
G ----------------  
D -7--5--8--10----
A --7--5--8--10--- 
E ----------------

 A
Loco un poco nada más
C#m
casi pareces normal
 G            F#
pero en la mirada
     Bm
ocultas algo detrás
 A
Simulando, sonriendo
C#m
sin saber que estas diciendo
 G           F#
sucia la conciencia
       Bm
pero claro el porvenir
        E7
porque ya esta por venir
A           C#m           G
Cuando escuches esta canción 
             F#         Bm
te va a alegrar el corazón
                     Dm
hay tiempo para decidir
             E7
vas a encontrarla porque...
A
Una aguja en un pajar
C#m
es difícil de encontrar
 G          F#         Bm
pero más difícil debe ser si la buscas, por eso
 A                   C#m                 G   F#  Bm
no te arrepientas de nada y no pidas perdón
        E7
porque ya esta por venir

A           C#m           G
Cuando escuches esta canción 
             F#         Bm
te va a alegrar el corazón
                     Dm
hay tiempo para decidir
             Bm          A
vas a encontrar la solución 

            C#m           G
Cuando escuches esta canción
             F#         Bm 
te va a alegrar el corazón
                     Dm
hay tiempo para decidir
             E7             C#m         C#
vas a encontrarla y no abra aiaiaiaie...aiaia... 

INTRO

SOLO
   A    C#m      G         F#      Bm                Dm       E7     A       
e -------2-----------------2-6-2--------------------------------------
B 23-5---5-3-2-5---2-3-5-------5-3-----2-3-5-3-2---3----2-3-5-3-2--2
G -------------------------------------4-----------4----4-----------4-  
D --------------------------------------------------------------------
A --------------------------------------------------------------------
E --------------------------------------------------------------------
   A    C#m      G         F#      Bm                Dm       E7     A       
e -------2-----------------2-6-2--------------------------------------
B 23-5---5-3-2-5---2-3-5-------5-3-----2-3-5-3-2---3----2-3-5-3-2---
G -------------------------------------4-----------4----4----------4-2  
D --------------------------------------------------------------------
A --------------------------------------------------------------------
E --------------------------------------------------------------------

A           C#m           G    F#  Bm              
Cuando escuches esta canción...
                        Dm   E7 
te va a alegrar el corazón...
A           C#m           G    F#  Bm              
Cuando escuches esta canción...
                        Dm   E7 
te va a alegrar el corazón...

C#m  C#

FIN
e --------------------------              ---------------
B -------------------------              ---------------
G ---2-----------2-2-4-2---- Esto 3 veces ---2-----------  
D -4---4-2-2---2------------  y despues   -4---4-2-2-2-4-
A --------------------------              ---------------
E --------------------------              ---------------

