%%%% rating:None %%%%
%%%% artist:Turnover Tabs %%%%
%%%% url:http://tabs.ultimate-guitar.com/t/turnover/pray_for_me_solo_tab.htm %%%%
%%%% title:Pray For Me Solo Tab %%%%
%%%% comments:[] %%%%
%%%% difficulty:
                                    novice                                 %%%%
%%%% provider:ultimate-guitar %%%%
%%%% contributor:
                                     %%%%
%%%% type:Tabs %%%%
%%%% Tab:<i></i>-------------------------------------------------------------------------------
                             SONG NAME - Band Name
-------------------------------------------------------------------------------
Tabbed by: Cole Meyer
E-mail: colemeyer@g.ucla.edu

Tuning: Standard

e|--------------------------------------------|(4x)----------------------------|
B|-----------------------------2--------------|--------------------------------|
G|---------------------------2---2------2-----|--------------------------------|
D|---0-4/5\4p0------0-----0----------2---2----|----77777x----------------------|
A|----------------2---2------------0----------|----77777x----------------------|
E|-3------------0--------------------------(3)|----55555x----------------------|


************************************

| /   slide up
| \   slide down
| h   hammer-on
| p   pull-off
| ~   vibrato
| +   harmonic
| x   Mute note
| b   Bend
| pb  Pre-bend
| br  Bend release
| pbr Pre-bend release
| brb Bend release bend

************************************
