%%%% rating:None %%%%
%%%% artist:Tut Tut Child Tabs %%%%
%%%% url:http://tabs.ultimate-guitar.com/t/tut_tut_child/broadside_bordello_tab.htm %%%%
%%%% title:Broadside Bordello Tab %%%%
%%%% comments:[] %%%%
%%%% difficulty:None %%%%
%%%% provider:ultimate-guitar %%%%
%%%% contributor:
                                    intermediate                                 %%%%
%%%% type:Tabs %%%%
%%%% Tab:<i></i>Broadside Bordello by Tut Tut Child
www.TutTutChild.com

Tempo: 185bpm
Key: A Harmonic Minor


Intro Piano:
                                                                       
E|----0--------0-----|--0-------------|----0--------0-----|--0-------------|
B|----1--------1-----|--1-------------|----1--------1-----|--1-------------|
G|-------------------|----------------|-------------------|----------------|
D|-------------------|----------------|-------------------|----------------|
A|--0----0-----------|----------------|--0----0-----------|----------------|
E|----------4----4--1|----1--0--1--4--|----------4----4--1|----1--0--1--4--|

                                                                       x2
E||----0--------0-----|--0-------------|----0--------0-----|--0-------------||
B||----1--------1-----|--1-------------|----1--------1-----|--1-------------||
G||-------------------|----------------|-------------------|----------------||
D||-------------------|----------------|-------------------|----------------||
A||--0----0-----------|----------------|--0----0-----------|----------------||
E||----------4----4--1|----1--0--1--4--|----------4----4--1|----1--0--1--4--||

                                                                       
E|----1--------1-----|--1-------1------|---0------0------|-0---------------|
B|----3--------3-----|--3-------3------|---0------0------|-0---------------|
G|---------------2---|-----------------|------1------4---|---1------1------|
D|--0----3--0-------0|----3--0----0--3-|-2------2------2-|-----2--3--------|
A|-------------------|-----------------|-----------------|-----------------|
E|-------------------|-----------------|-----------------|-----------------|


E|----0--------0-----|--0-------------|----0--------0------|-0-------------||
B|----1--------1-----|--1-------------|----1--------1------|-1-------------||
G|-------------------|----------------|--------------------|---------------||
D|-------------------|----------------|--------------------|---------------||
A|--0----0-----------|----------------|--0----0------------|---------------||
E|----------4----4--1|----1--0--1--4--|----------4----4--1-|---1--0--------||


Drop Bass line:
                                                                          x2
E|---------------------|----------------|--------------------|-------------||
B|---------------------|----------------|--------------------|-------------||
G|---------------------|----------------|--------------------|-------------||
D|---------------------|----------------|--------------------|-------------||
A|---------------------|----------------|--------------------|-------------||
E|--5--8--5--4--5--4--1|--4--1--0--1--4-|-5--8--5--4--5--4--1|--4--1--0----||


E|-------------------|----------------|--------------------|------------------|
B|-------------------|----------------|--------------------|------------------|
G|-------------------|----------------|--------------------|------------------|
D|--------7-------7--|----7--------7--|-------9---------9--|------9-----------|
A|--5--8----5--8----5|--8----5--8-----|-7--11----7--11----7|--11----7--8--11--|
E|-------------------|----------------|--------------------|------------------|


E|---------------------|----------------|--------------------|----------------||
B|---------------------|----------------|--------------------|----------------||
G|---------------------|----------------|--------------------|----------------||
D|---------------------|----------------|--------------------|----------------||
A|---------------------|----------------|--------------------|----------------||
E|--5--8--5--4--5--4--1|--4--1--0--1--4-|-5--8--5--4--5--4--1|--4--1--0--1--4-||


Synth Melody Lead (played at 0.05(on trumpet), 0.46, 1.36, 2.38:


E|------------------|----------------|-----------------|---------------------|
B|------------------|----------------|-----------------|---------------------|
G|-----------------9|----------------|-10--9------9----|-10--9------9--------|
D|----7--10--7--7---|-10----7--10--7-|--------10----10-|--------10-----10----|
A|------------------|----------------|-----------------|---------------------|
E|------------------|----------------|-----------------|---------------------|


E|-------------------|----------------|--------------|-----------------------|
B|-------------------|----------------|--------------|-----------------------|
G|------------------9|----------------|-10--9------9-|-----------------------|
D|--7--7--10--7--7---|-10----7--10--7-|--------10----|10--7--10--6--7--------|
A|-------------------|----------------|--------------|-----------------------|
E|-------------------|----------------|--------------|-----------------------|


E|------------------|--------------|----------------|------------------------|
B|------------------|--------------|----------------|------------------------|
G|-------7--------7-|-7--7--10-----|-----9--------9-|-9--9-------------------|
D|----7-----7--7----|-----------7--|--9-----9--9----|-------9---6------------|
A|------------------|--------------|----------------|------------------------|
E|------------------|--------------|----------------|------------------------|


E|------------------|----------------|-----------------|---------------------|
B|------------------|----------------|-----------------|---------------------|
G|-----------------9|----------------|-9---------------|---------------------|
D|----7--10--7--7---|-10----7--10--7-|----10--7--10--7-|--6----6--7----------|
A|------------------|----------------|-----------------|-----8---------------|
E|------------------|----------------|-----------------|---------------------|


1.07 Piano fill:

E|--8----------|-------------|
B|----10--9----|-------------|
G|----------10-|-9--7--------|
D|-------------|------10--9--|
A|-------------|-------------|
E|-------------|-------------|


B section (1.10) (2.59):

E|---------------|------------------------|-------------|-----------------------|
B|---------------|------------------------|-------------|-----------------------|
G|---------------|------------------------|-------------|-------------------6-7-|
D|--7---3---2----|/7-6-5-4----------------|-7---3---2---|/7-6-5-2--/7-8-9-10----|
A|--7---3---2----|---------8-7-6-5--------|-7---3---2---|-------2---------------|
E|--5---1---0----|-----------------9-8-7-6|-5---1---0---|-------0---------------|


E|--------------|------------------------|-------------|----------/5-6-7-------|
B|--------------|------------------------|-------------|-----------------------|
G|--------------|------------------------|-------------|-----------------------|
D|--7---3---2---|/7-6-5-4----------------|-7---3---2---|/7-6-5-2---------2-----|
A|--7---3---2---|---------8-7-6-5--------|-7---3---2---|-------2---------2-----|
E|--5---1---0---|-----------------9-8-7-6|-5---1---0---|-------0---------0-----| 


E|--------------|-------------------------|-------------|-----------------------|
B|--------------|------------------6-7-8-9|-------------|-----------------------|
G|--------------|----------6-7-8-9--------|-------------|-------------------6-7-|
D|----7-3---2---|/7-8-9-10----------------|-7---3---2---|/7-8-9-2--7-8-9-10-----|
A|----7-3---2---|-------------------------|-7---3---2---|-------2---------------|
E|----5-1---0---|-------------------------|-5---1---0---|-------0---------------|


E|----------------|-------------------------|-------------|---------------------|
B|----------------|------------------6-7-8-9|-------------|---------------------|
G|----------------|----------6-7-8-9--------|-------------|---------------------|
D|---7--3--6--2---|/7-8-9-10----------------|-7---3---2---|/7-8-9-3--6---2------|
A|---7--3--6--2---|-------------------------|-7---3---2---|-------3--6---2------|
E|---5--1--4--0---|-------------------------|-5---1---0---|-------1--4---0------|


Piano at 1.30 (If you're feeling up to the challenge):
                                                         
E|----0--------0-----|--0-------------|----0--------0-----|
B|----1--------1-----|--1-------------|----1--------1-----|
G|-------------------|----------------|-------------------|
D|-------------------|----------------|-------------------|
A|--0----0-----------|----------------|--0----0-----------|
E|----------4----4--1|----1--0--1--4--|----------4----4--1|

  T         T      T        T       T        T     T        T
E|20p17p12-19p16p10-------------------------------------------------|
B|-----------------22p18p13-21p17p12--------------------------------|
G|----------------------------------17p14p9-16p13p7-----------------|
D|-------------------------------------------------19p15p10-18p14p9-|
A|------------------------------------------------------------------|
E|------------------------------------------------------------------|


Bass (1.56):
                                                                         x4
E|---------------------|----------------|--------------------|-------------||
B|---------------------|----------------|--------------------|-------------||
G|---------------------|----------------|--------------------|-------------||
D|---------------------|----------------|--------------------|-------------||
A|--7--10-7--6--7--6--3|--6--3--2--3--6-|-7--10-7--6--7--6--3|--6--3--2----||
E|--5--8--5--4--5--4--1|--4--1--0--1--4-|-5--8--5--4--5--4--1|--4--1--0----||


Piano at 2.17:

E|----0--------0-----|----0-------0---|----0--------0-----|----0--------0---|
B|----1--------1-----|----1-------1---|----1--------1-----|----1--------1---|
G|-------------------|----------------|-------------------|-----------------|
D|-------------------|----------------|-------------------|-----------------|
A|--0-------0--------|----------------|-------------------|-----------------|
E|-------------------|4--------4------|1---------1--------|0-------0--------|


Bass (3.19)and (3.51 at 140bpm):

E|-------------------|-----------------|-----------------------|-------------|
B|-------------------|-----------------|----------------10-----|-------------|
G|-------------------|-----------------|----------------12b14--|-------------|
D|-------------------|-----------------|-----------------------|-------------|
A|-------------7-----|--3---3--6--2----|-------------7---------|-3--6--3--2--|
E|-5-4-3-2-1-0-5-----|--1---1--4--0----|-5-4-3-2-1-0-5---------|-1--4--1--0--|

                                                          T    T
E|-------------------|-----------------|---------------------8h13-|-------------|
B|-------------------|-----------------|--------------------------|-------------|
G|-------------------|-----------------|--------------------------|-------------|
D|-------------------|-----------------|----------------6h12------|-------------|
A|-------------7-----|--3---3--6--2----|-------------7------------|-3--6--3--2--|
E|-5/--/--/0---5-----|--1---1--4--0----|-5-4-3-2-1-0-5------------|-1--4--1--0--|


E|----5--------------|-----------------|-----------------------|-------------|
B|----5--------------|-----------------|--------------/10-10-10|-------------|
G|-------------------|-----------------|-----------------------|-------------|
D|-------------------|-----------------|-----------------------|-------------|
A|-------------7-----|--3---3--6--2----|-------------7---------|-3--6--3--2--|
E|-5----5//////5-----|--1---1--4--0----|-5-4-3-2-1-0-5---------|-1--4--1--0--|

                                                          
E|------------------------|-----------------|------------------|-------------|
B|10-9------9-------------|-----------------|------------------|-------------|
G|-----10-9--10-9-7-------|-----------------|------------------|-------------|
D|------------------------|-----------------|------------------|-------------|
A|------------------7-----|--3---3--6--2----|-------------7----|----6-----2--|
E|------------------5-----|--1---1--4--0----|-------------5----|----4-----0--|


Lead fill at 3.39:

E|------------------10-12-13-14-15--|
B|--------9-10-12-13----------------|
G|--7-9-10--------------------------|
D|10--------------------------------|
A|----------------------------------|
E|----------------------------------|


Piano at 3.40 (slowing down to 140bpm):

E|----0--------0-----|----0-------0---|----0--------0-----|----0--------0---|
B|----1--------1-----|----1-------1---|----1--------1-----|----1--------1---|
G|-------------------|----------------|-------------------|-----------------|
D|-------------------|----------------|-------------------|-----------------|
A|--0-------0--------|----------------|-------------------|-----------------|
E|-------------------|4--------4------|1---------1--------|0-------0--------|


E|----0--------0-----|----0-------0---|----0--------0-----|----0------------|
B|----1--------1-----|----1-------1---|----1--------1-----|----1------------|
G|-------------------|----------------|-------------------|-----------------|
D|-------------------|----------------|-------------------|-----------------|
A|--0-------0--------|----------------|-------------------|-----------------|
E|-------------------|4--------4------|1---------1--------|0-------0--------|
