%%%% rating:r_5 %%%%
%%%% artist:Turisas Tabs %%%%
%%%% url:http://tabs.ultimate-guitar.com/t/turisas/rasputin_ver2_tab.htm %%%%
%%%% title:Rasputin (ver 2) Tab %%%%
%%%% comments:[u'<p class="mtop5"><nobr>e|-------------------------------------------------------------------|</nobr><br><nobr>b|-------------------------------------------------------------------|</nobr><br><nobr>g|----------------2--------------------------------------------------|</nobr><br><nobr>D|---4-4----4-5--------5--4-4---------2-2-2-----2-2-0----------------|</nobr>  X2<br><nobr>A|2------------------------------4-5--------4-5-------4-2------------|</nobr><br><nobr>E|-------------------------------------------------------------------|</nobr><br><br>Change of last three notes from \'Second part intro\' sounds better imo.</p>'] %%%%
%%%% difficulty:
                                    intermediate                                 %%%%
%%%% provider:ultimate-guitar %%%%
%%%% contributor:
                                     %%%%
%%%% type:Tabs %%%%
%%%% Tab:<i></i>-----------------------------------------------------------------------------
                          Rasputin- by Turisas
-----------------------------------------------------------------------------
    i searched for the tabs but couldn't find any good ones so i just tabbed
    it by myself by hearing and the result is 99% accurate, if you have there
    any mistakes please let me know and ill fix them hope you will enjoy
    playing this song as much as i do rate and comment :D!



Tabbed by: MilkDaCookie

Tuning: Standard

PM.= Palm mute it with your picking hand.

Intro:

e|--------------------------------|-----------------------------------|
b|------4--4--4---6-4-2-4---------|--------4--4--4---4-6-4-2-4--------|
g|4--7----------------------------|4--7-------------------------------|
D|--------------------------------|-----------------------------------| X6
A|--------------------------------|-----------------------------------|
E|--------------------------------|-----------------------------------|

Second Part Intro:

e|-------------------------------------------------------------------|
b|-------------------------------------------------------------------|
g|----------------2--------------------------------------------------|
D|---4-4----4-5--------5--4-4---------2-2-2-----2-2-2----------------|  X2
A|2------------------------------4-5--------4-5-------5-4------------|
E|-------------------------------------------------------------------|

Hey Hey Hey Part\Third part of Intro: (You will need to figure out the rythem by hearing 
the song a couple of times)

PM....................................................................
e|--------------------------------------------------------------------|
b|--------------------------------------------------------------------|
g|4-4-4-4-4-4-4-4-----------------------------------4-4-4-4-4-4-4-4-4-|
D|4-4-4-4-4-4-4-4---2-2-2-2-2-2-2-2---4-4-4-4-4-4---4-4-4-4-4-4-4-4-4-| X2
A|2-2-2-2-2-2-2-2---2-2-2-2-2-2-2-2---4-4-4-4-4-4---2-2-2-2-2-2-2-2-2-|
E|------------------------------------2-2-2-2-2-2---------------------|

Power Chords after the Hey hey hey part before the Chorus:

e|--------------------------------------------------------------------|
b|--------------------------------------------------------------------|
g|4-------2---------------------4-------2-----------------------------|
D|4-------2------5------4-------4-------2------5-------4--------------|
A|2--------------5------4-------2--------------5-------4--------------|
E|---------------3------2----------------------3-------2--------------|

Last part of Intro:

PM..........................................|XXXXXX|PM|XXXXXXXXXXXXXXX
e|--------------------------------------------------------------------|
b|--------------------------------------------------------------------|
g|4-4-4-4-4-4-4-4-4-4-4-4-4-4-4-4-4-4-4-4-4-4-------------------------|
D|4-4-4-4-4-4-4-4-4-4-4-4-4-4-4-4-4-4-4-4-4-4----4--2--4--------------|
A|2-2-2-2-2-2-2-2-2-2-2-2-2-2-2-2-2-2-2-2-2-2----4--2--4--------------|
E|-----------------------------------------------2-----2--------------|

Verse 1: (once again you need to get the rythem by yourselves)


PM....................................................................
e|--------------------------------------------------------------------|
b|--------------------------------------------------------------------|
g|--4---4---4---4---4---------------------------------4---4-----------|
D|--4---4---4---4---4-----2---2---2---2-----4---4-----4---4-----------|
A|2-2-2-2-2-2-2-2-2-2-----2---2---2---2-----4---4---2-2-2-2-----------|
E|----------------------0-0-0-0-0-0-0-0---2-2-2-2---------------------|

Pre Chorus:(only some parts have mutes)


                                  |PM.......................|
e|--------------------------------------------------------------------|
b|--------------------------------------------------------------------|
g|4~------------------------------------------------------------------|
D|4~--------------------2~---------4-4-4-4-4-4-4-4-4-4-4-4-4----------|
A|2~--------------------2~---------4-4-4-4-4-4-4-4-4-4-4-4-4----------|
E|----------------------0~---------2-2-2-2-2-2-2-2-2-2-2-2-2----------|

                                  |PM.......................|
e|--------------------------------------------------------------------|
b|--------------------------------------------------------------------|
g|4~-------------------------------4-4-4-4-4-4-4-4-4-4-4-4-4----------|
D|4~--------------------2~---------4-4-4-4-4-4-4-4-4-4-4-4-4----------|
A|2~--------------------2~---------2-2-2-2-2-2-2-2-2-2-2-2-2----------|
E|----------------------0~--------------------------------------------|

Chorus: (difficult to get the ryhtem here


         |PM....|
e|--------------------------------------------------------------------|
b|--------------------------------------------------------------------|
g|4---4---0--0--0---------4-4-4------4-----------4------4~------------|
D|4---4---0--0--0---2--2--4-4-4------4----2------4--2---4~------------|  X2
A|2---2---0--0--0---2--2--2-2-2------2----2------2--0---2~------------|
E|------------------0--0------------------0---------------------------|

At the end of the 2 times you play it play:


e|------|
b|------|
g|4-4---|
D|4-4---|
A|2-4---|
E|------|


Will be Continued soon In the meanwhile tell me what you think :D!
