%%%% rating:None %%%%
%%%% artist:Tuzos Tabs %%%%
%%%% url:http://tabs.ultimate-guitar.com/t/tuzos/lo_que_tu_quieres_ser_crd.htm %%%%
%%%% title:Lo Que Tu Quieres Ser Chords %%%%
%%%% comments:[] %%%%
%%%% difficulty:None %%%%
%%%% provider:ultimate-guitar %%%%
%%%% contributor:None %%%%
%%%% type:Chords %%%%
%%%% Tab:<i></i>
<span>A</span>                                <span>Bm</span>  <span>D</span>                 <span>E</span>          <span>A</span>
Todo un buen principio tiene un final eres bueno eres malo y nada mas
                                       <span>Bm</span>    <span>D</span>             <span>E</span>      <span>A</span>
en tu vida tu eres lo que tu quieres ser me lo dijo mi madre una vez
                                        <span>Bm</span>    <span>D</span>                <span>E</span>
no entendi esas palabras hasta el dia de hoy que metido en el tambo
      <span>A</span>                                     <span>Bm</span>    <span>D</span>              <span>E</span>
solo estoy  empece por las drogas acabe por robar e perdido la calma
           <span>A</span>      <span>A7</span>
familia y hogar.
             coro
<span>D</span>                    <span>A</span>      <span>E</span>                  <span>A</span>   <span>D</span>
lo siento por mis padres que me dieron tanto amor extraño a mis
<span>A</span>              <span>E</span>      <span>D</span>     <span>A</span>  <span>A7</span> <span>D</span>                <span>A</span>  <span>E</span>
hermanos mis amigos trizte estoy ahora solo les pido no me vallan a
<span>A</span>       <span>D</span>             <span>A</span>     <span>E</span>        <span>D</span>       <span>A</span>
olvidar purgare mi condena juro que voy a cambiar.

<span>A</span>                                <span>Bm</span>  <span>D</span>                 <span>E</span>          <span>A</span>
Todo un buen principio tiene un final eres bueno eres malo y nada mas
                                 <span>Bm</span>       <span>D</span>          <span>E</span>             <span>A</span> <span>A7</span>
empece por las drogas acabe por robar e perdido la calma famila y hogar
<span>D</span>                    <span>A</span>      <span>E</span>                  <span>A</span>   <span>D</span>
lo siento por mis padres que me dieron tanto amor extraño a mis
<span>A</span>              <span>E</span>      <span>D</span>     <span>A</span>  <span>A7</span> <span>D</span>                <span>A</span>  <span>E</span>
hermanos mis amigos trizte estoy ahora solo les pido no me vallan a
<span>A</span>       <span>D</span>             <span>A</span>     <span>E</span>        <span>D</span>       <span>A</span>
olvidar purgare mi condena juro que voy a cambiar.


camara banda del disco remasterizado de una vez mas de los tuzos
espero les guste dudas o comentarios al correo jefhardeyw@
apoya al movimiento urbano y que el rock sea.....
