%%%% rating:r_5 %%%%
%%%% artist:Snsd Taitiseo Tabs %%%%
%%%% url:http://tabs.ultimate-guitar.com/s/snsd_taitiseo/only_u_crd.htm %%%%
%%%% title:Only U Chords %%%%
%%%% comments:[u'<p class="mtop5">It does match! Thank you :\')</p>'] %%%%
%%%% difficulty:
                                    intermediate                                 %%%%
%%%% provider:ultimate-guitar %%%%
%%%% contributor:
                                     %%%%
%%%% type:Chords %%%%
%%%% Tab:<i></i>Taitiseo - Only U


NB: *Don't strum The last chord of <span>Dm</span>


Intro: <span>Dm</span> <span>Bb</span> <span>F</span> <span>Gm</span> (2x)


::VERSE::
<span>Dm</span>         <span>Bb</span>       <span>F</span>          <span>Gm</span>         <span>Dm</span>
Gwitgaeseo ullineun budeureoun neoui moksori
                  <span>Bb</span>          <span>F</span>             <span>Gm</span>             <span>Dm</span>
Nan nuneul tteugo isseodo tto gamado gyesok neoreul chatge dwae
          <span>Bb</span>        <span>F</span>         <span>Gm</span>          <span>Dm</span>
Pogeunhan neoui pumeseo neowa nuneul matchwo
             <span>Bb</span>                 <span>F</span>             <span>Gm</span>              <span>Bb</span>
Baby give me one more kiss just one more kiss naege soksagyeojwo


::PRE-CHORUS::
      <span>C</span>               <span>Bb</span>    <span>C</span>                 <span>Gm</span>       <span>Bb</span>            <span>C</span>
Neoui misoe nan useum jitgo duryeoumeun ijeun chaero nareul sumswige hae


::CHORUS::
                             <span>Bb</span>          <span>C</span>                     <span>Am7</span> <span>Dm7</span>
You are everything i've been looking for nae gyeoteul jikyeojullae?
      <span>Gm</span>            <span>C</span>               <span>Fsus4</span> <span>F</span>   <span>D#</span>
Neoui sarang neoran saram hamkkehan su....nganbuteo
<span>Bb</span>       <span>C</span>      <span>Am7</span>    <span>Dm7</span>
Baraejin gieoge apeumi ondaedo
<span>Gm</span>          <span>C</span>                  <span>C#</span>
Eonjena neoegeman ttwineun nae maeumeul jeonhae jul geoya
<span>Dm</span>  <span>Bb</span>  <span>F</span>   <span>Gm</span>       <span>Dm</span>  <span>Bb</span>  <span>F</span>   <span>Gm</span>
You you you only for you you you


::VERSE::
<span>Dm</span>         <span>Bb</span>     <span>F</span>               <span>Gm</span>         <span>Dm</span>
Nega yeope isseodo yeojeonhi neol bogo sipeunde
            <span>Bb</span>            <span>F</span>           <span>Gm</span>           <span>Dm</span>        
Naboda neol saranghan nae maeumi nege jeonhaejineunji
           <span>Bb</span>        <span>F</span>          <span>Gm</span>     <span>Dm</span>
Jogeum deo oraen siganeul neowa itgo sipeo
             <span>Bb</span>                <span>F</span>                <span>Gm</span>         <span>Bb</span>
Baby give me one more day just one more day nal nochi marajwo


::PRE-CHORUS::
    <span>C</span>                  <span>Bb</span>   <span>C</span>                 <span>Gm</span>         <span>Bb</span>        <span>C</span>
Nae du nuni neoreul geurigo ipsureun neoman bureugo neol gidarineunde


::CHORUS::
                             <span>Bb</span>          <span>C</span>                     <span>Am7</span> <span>Dm7</span>
You are everything i've been looking for nae gyeoteul jikyeojullae?
      <span>Gm</span>            <span>C</span>               <span>Fsus4</span> <span>F</span>   <span>D#</span>
Neoui sarang neoran saram hamkkehan su....nganbuteo
<span>Bb</span>       <span>C</span>      <span>Am7</span>    <span>Dm7</span>
Baraejin gieoge apeumi ondaedo
<span>Gm</span>          <span>C</span>                  <span>C#</span>
Eonjena neoegeman ttwineun nae maeumeul jeonhae jul geoya


::BRIDGE::
 <span>Gm</span>   <span>Am</span> <span>Dm</span>         <span>F</span>                     <span>Dm</span>
(Tell me now) dalkomhan hyanggiro neoreul neukkil su itge
 <span>Gm</span>   <span>Am</span> <span>Dm</span>   <span>F</span>                 <span>Dm</span>
(Hold me now) maeume neol saegillae
 <span>Bb</span>   <span>C</span>  <span>C#</span>     <span>G#</span>                   <span>Fm</span>        <span>Bbm7</span>              <span>C</span>
(Show me now) i sungani yeongwonhaji antago haedo my love is for you


::CHORUS 2::
                             <span>Bb</span>          <span>C</span>                    <span>Am7</span> <span>Dm7</span>
You are everything i've been looking for nae gyeote meomulleojwo
      <span>Gm</span>            <span>C</span>               <span>Fsus4</span> <span>F</span>   <span>D#</span>
Neoui sarang neoran saram hamkkehan su....nganbuteo
<span>Bb</span>       <span>C</span>      <span>Am7</span>    <span>Dm7</span>          <span>Gm</span>          <span>C</span>      <span>C#</span>  <span>C</span>
Baraejin gieoge apeumi ondaedo yeongwonhi hamkkehaejwo


::CHORUS 3::
                             <span>Bb</span>          <span>C</span>                     <span>Am7</span> <span>Dm7</span>
You are everything i've been looking for nae gyeoteul jikyeojullae?
      <span>Gm</span>            <span>C</span>               <span>Fsus4</span> <span>F</span>   <span>D#</span>
Neoui sarang neoran saram hamkkehan su....nganbuteo
<span>Bb</span>         <span>C</span>      <span>Am7</span>       <span>Dm7</span>     
Heuryeojin gieoge seulpeumi beonjyeodo
   <span>Gm</span>            <span>C</span>                 <span>C#</span>                
Neomaneul gadeuk dama ttwineun nae maeumeun yeongwonhalgeoya
<span>Dm</span>  <span>Bb</span>  <span>F</span>   <span>Gm</span>       <span>Dm</span>  <span>Bb</span>  <span>F</span>   <span>Gm</span>
You you you only for you you you
               <span>Dm</span>*
My love is for you



