%%%% rating:r_2 %%%%
%%%% artist:A Flock Of Seagulls Tabs %%%%
%%%% url:http://tabs.ultimate-guitar.com/a/a_flock_of_seagulls/i_ran_so_far_away_btab.htm %%%%
%%%% title:I Ran So Far Away Bass Tab %%%%
%%%% comments:[u'<p class="mtop5">It sounds better played on the E string.</p>', u'<p class="mtop5">Seriously? I don\'t know whether this guy is mistaking the bass for the rhythm guitar or he\'s just got the completely wrong song.</p>', u'<p class="mtop5">Wrong song, wrong key, wrong instrument I suspect and this version is all over the net. It is basic so how can you get it SO wrong it is played in the following and you can work it out with a quick listen.<br><br><nobr>:---:----:----:----:----:------</nobr><br><nobr>:---:----:----:----:----:------</nobr><br><nobr>:---:----:-x--:----:----:------</nobr>  x @12<br><nobr>:-x-:----:-x--:----:-x--:------</nobr></p>'] %%%%
%%%% difficulty:None %%%%
%%%% provider:ultimate-guitar %%%%
%%%% contributor:None %%%%
%%%% type:Bass Tabs %%%%
%%%% Tab:<i></i>         This is "I ran so far away" by the Flock Of Seagulls. It is a
really simple bassline. Any comments or questions e-mail me at
green_hell66@hotmail.com.

G:-----------------------------------------------------------------------|
D:-----------------------------------------------------------------------|
A:-1212121212121212121212-101010101010101010-12121212121212121212--------|
E:-----------------------------------------------------------------------|

G:-----------------------------------------------------------------------|
D:-----------------------------------------------------------------------|
A:-10101010101010-88888888888888-1010101010101010-1212121212121212-------|
E:-----------------------------------------------------------------------|
