%%%% rating:r_4 %%%%
%%%% artist:Turin Brakes Tabs %%%%
%%%% url:http://tabs.ultimate-guitar.com/t/turin_brakes/pain_killer_tab.htm %%%%
%%%% title:Pain Killer Tab %%%%
%%%% comments:[u'<p class="mtop5">nice job man</p>'] %%%%
%%%% difficulty:None %%%%
%%%% provider:ultimate-guitar %%%%
%%%% contributor:
                                     %%%%
%%%% type:Tabs %%%%
%%%% Tab:<i></i>Artist: Turin Brakes
Album: Ether Song
Song: Painkiller
Tuning: Standard E

Tablature by: Farzan Karimi (sevendustpsu@aol.com)

------------------------------------NOTE----------------------------------------
This file is the author's own work and represents their interpretation of the
song. You may only use this file for private study, scholarship, or research
Copyright 2003.  Please give credit where it's due.  Any questions please email
me at sevendustpsu@aol.com  
---------------------------------------------------------------------------------
I saw a couple tabs for this online, but none seemed complete or accurate... 
so I put some time into this one for you guys. Enjoy.

Intro (Clean)

e------------5---------3---3-3-------------
B------------5---------3---3-3-------------
G------------6---------4---4-4-------------
D-------7----7---------5---5-5--7----------  repeat as necessary
A-----7---7--7---------5---5-5--7----------
E---5--------5---------3---3-3--5----------


Verse
 
e-----5----------------3--------------------
B-----5----------------3--------------------
G-----6----------------4--------------------
D-----7---(5x)---------5----(5x)------------ repeat as necessary
A-----7----------------5-------------------- then play…
E-----5----------------3--------------------


“blows my brains out...”
e--------------------5------2------
B--------------------5------3—(8x)-
G--------------------6--(5x)2------
D--------------------7------0------
A--------------------7-------------
E--------------------5-------------


Chorus
“   Summer rain...           Dripping down your face again”
e--0------------4------------2------------------0-------
B--0------------5------------3-(x)--------------3—(x)---
G--1------------6------------2------------------2-------   repeat as
D--2—(x)--------6-(x)--------0------------------0-------   necessary
A--2------------4---------------------------------------
E--0------------4---------------------------------------
