%%%% rating:None %%%%
%%%% artist:Tush Tabs %%%%
%%%% url:http://tabs.ultimate-guitar.com/t/tush/el_sol_de_mi_vida_tab.htm %%%%
%%%% title:El Sol De Mi Vida Tab %%%%
%%%% comments:[] %%%%
%%%% difficulty:None %%%%
%%%% provider:ultimate-guitar %%%%
%%%% contributor:None %%%%
%%%% type:Tabs %%%%
%%%% Tab:<i></i>k tal colegas guitarristas! Aki les dejo esta rolita de tush k sta
muy buena, la habían pedido ps ahí sta, y sta muy fácil.


Intro:  F

F
De nuevo aquí...
viendo pasar el tiempo,
A#
Aferrado a ti...
esperando tu regreso,
Dm
Tú con mi vas
           A#
aunque se nuble la esperanza a seguir.
F
Recordando estoy...
Cada juramento,
A#
Va dentro de mi...
en cada pensamiento
Dm
Al buscar te vi que me quitas,
A#
la inquietud de seguir,
C                        Gm(A#)
viendo esta pelicula de ti,
            F
en un tono gris...

   F           A#
Aqui te esperaré...
          Dm
hasta que ya no haya estrellas
          A#        C
y que en cada una de ellas (me hable de ti?)

CORO
   F           A#
Aqui te esperaré...
        Dm      C
por que sigo aun creyendo
       A#                   C
que lo nuestro es mas que eterno.
      F
En el mismo amanecer,
             A#           C
queriendo abrazarte otra vez,
             F    A# aqui cuando hace el F hace un mini
SOL de MI vida...    requinto, solo acompaña con las
                      notas de F-A#-A y termina en F

F
De nuevo aqui...
buscando estos momentos,
A#
ligado a de ti...
con todos mis sentimientos,
Dm
como el viento voy
     A#
custodiando tus suspiros
F
Recordando estoy...
cada beso eterno,
A#
Va conmigo hoy...
en cada pensamiento,
Dm
Al sentir te vi que me quitas,
A#
todas las heridas,
      C
tus besos solo queda,
        Gm
luz del dia,
          A#
sol de mi vida...

CORO
   F           A#
Aqui te esperaré...
          Dm
hasta que ya no haya estrellas
          A#        C
y que en cada una de ellas (me hable de ti?)
   F           A#
Aqui te esperaré...
        Dm      C
por que sigo aun creyendo
       A#                   C
que lo nuestro es mas que eterno.
      F
En el mismo amanecer,
             A#           C
queriendo abrazarte otra vez,
            (aquí entra la acústica con el arpegio)
SOL de MI vida...

 nota: después de este arpegio entra la eléctrica con una
 pequeña figura(se las pongo más abajo)

arpegio de la acustica
e|------8----------8------5h6-5h6-----------------------|
B|----6----6-----6----6---6---6----8--6-----------------|
G|--7----------5----------------------5-----------------|
D|------------------------------------------------------|
A|------------------------------------------------------|
E|------------------------------------------------------|
               Dm           C          A#
e|-------------1-----1------1-----1-----1---------------|
B|--6/5/3/1--1/3---3---3----1---1---1---3---------------|
G|--------------------------------------3---------------|
D|--------------------------------------3---------------|
A|--------------------------------------1---------------|
E|------------------------------------------------------|

Figurita de la eléctrica (esta se empieza al mismo tiempo
Que cuando se toca el arpegio de Dm)
    Dm                   C     A#
e|------------------------------------------------------|
B|------------------------------------------------------|
G|-------------5-----------------333-2------------------|
D|---------------7/5/3-3/5-----3-------3----------------|
A|--10/3/5/8--------------------------------------------|
E|------------------------------------------------------|
               F
sol de mi vida...
                 A#
 (sol de mi vida)
             Dm
El sol de mi vida...
           C      A#
El sol de mi vida.


Eso es todo, recuerden que la figurita de la eléctrica
Se hace la mismo tiempo cuando entran al Dm, escuchen bien
La canción y sabrán lo que les digo. Dudas a mi correo.
