%%%% rating:r_5 %%%%
%%%% artist:Snsd Taitiseo Tabs %%%%
%%%% url:http://tabs.ultimate-guitar.com/s/snsd_taitiseo/whisper_crd.htm %%%%
%%%% title:Whisper Chords %%%%
%%%% comments:[] %%%%
%%%% difficulty:
                                    intermediate                                 %%%%
%%%% provider:ultimate-guitar %%%%
%%%% contributor:
                                     %%%%
%%%% type:Chords %%%%
%%%% Tab:<i></i>Taitiseo - Whisper


This song is very touch ,touch my heart ..


Intro: <span>Bm</span> <span>E</span> <span>Amaj7</span> <span>F#m</span> <span>F#m7</span>


          <span>Bm</span>   <span>E</span>
[Taeyeon] Oooh, Yeah yeah
         <span>Amaj7</span> <span>F#m</span> <span>F#m7</span>
[Tiffany] Oooh, Hey

::VERSE::
          <span>Bm</span>
[Taeyeon] Oh baby jogeumssik naege wa
<span>E</span>
No baby neomu ppareujin anke
<span>Amaj7</span>
Dalbichi challanhan oneulbam
    <span>F#m</span>
Nal bichuneun neoui moonlight

[Seohyun] Bichuneun neoui moonlight
<span>Bm</span>
Neol baraboneun nae nunbiche
<span>E</span>
Byeolbicheul gadeukhi damaseo
<span>Amaj7</span>
I bami kkeutnal ttaekkaji
    <span>F#m</span>
Hwanhi bichuneun nan neoui starlight
                       <span>D</span>                                <span>E</span>
[Tiffany] Sujubeun nae tteollime neol hyanghae ttwineun simjangeul
             <span>Amaj7</span>
Gamchul suga eobseo no no no
                 <span>F#m</span>
Ijeneun gobaekhalge yeah yeah yeah
          <span>Bm</span>
[Seohyun] Salmyeosi danneun lips
                  <span>E</span>
Somsatangcheoreom dalkomhi nongneun kiss
                <span>Amaj7</span>               <span>F#m</span> <span>F#</span>
Du nuneul gamgo you neoman deullige ooh


::CHORUS::
              <span>Bm</span>
[All] Saljjangman deo naege dagawajwo
<span>E</span>
My favorite i sungan
                <span>Amaj7</span>                      <span>F#</span>
[Tiffany] Naega nege malhae bimilseureopge nege malhae
      <span>Bm</span>
[All] Kkumgyeolgachi pogeunhan
   <span>E</span>                           <span>Amaj7</span>
Neoui pumsoge ssok angyeoseo tonight
                 
[Tiffany] Soksagyeojullae
<span>F#m</span>        <span>F#</span>
Naega nege naega nege malhae


::VERSE 2::
          <span>Bm</span>
[Seohyun] Ijekkeot sumgyeoon apeumi
<span>E</span>
Modu da sarajyeo beorige
<span>Amaj7</span>
Ganeulgo yeorin najiman
     <span>F#m</span>
Neol ganghage kkok gamssajulge
                    <span>D</span>                     <span>E</span>
[Taeyeon] Sinbiroun mabeobe ppajin deutan nae mameul
              <span>Amaj7</span>           <span>F#m</span>
Nege boyeo jullae oneuri gagi jeone
          <span>Bm</span>
[Tiffany] Budeureoun neoui lips
                <span>E</span>
Karamelcheoreom salmyeosi nongneun kiss
                <span>Amaj7</span>
Du nuneul gamgo you
                   <span>F#m</span> <span>F#</span>
Yeah baby it’s for you yeah


::CHORUS::
              <span>Bm</span>
[All] Saljjangman deo naege dagawajwo
<span>E</span>
My favorite i sungan
                <span>Amaj7</span>
[Taeyeon] Naega nege malhae
               <span>F#</span>
Bimilseureopge nege malhae
      <span>Bm</span>                         <span>E</span>
[All] Kkumgyeolgachi pogeunhan neoui
                         <span>Amaj7</span>
Pumsoge ssok angyeoseo tonight

[Taeyeon] Soksagyeojullae
<span>F#m</span>        <span>F#</span>
Naega nege naega nege malhae


::BRIDGE::
          <span>G</span>
[Tiffany] Dan hanbeondo neukkiji motaebwatdeon
        <span>C</span>
Nae onmomeul

Heundeuneun sinseonhan i neukkim
   <span>B</span>
My heartbeat (My heartbeat)
          <span>E</span>  
Nan eorin sonyeoga doen geotman gata
                <span>G#m</span>             <span>G</span>
[Taeyeon] Yeogi neowa na ireoke dan duri
         <span>C#m</span>    <span>F#</span>
Teukbyeolhan urimanui kkumeul


::CHORUS::
              <span>Bm</span>
[All] Saljjangman deo naege dagawajwo
<span>E</span>                          <span>Amaj7</span>
My favorite i sungan naega nege malhae
                         <span>F#</span>
[Seohyun] Bimilseureopge nege malhae
<span>Bm</span>                         <span>E</span>
Kkumgyeolgachi pogeunhan neoui
                         <span>Amaj7</span>
Pumsoge ssok angyeoseo tonight

[Seohyun] Soksagyeojullae
<span>F#m</span>        <span>F#</span>
Naega nege naega nege malhae


::CHORUS 2::
             <span>Bm</span>
[All] Hanbeonman deo naege dagawajwo
<span>E</span>                           <span>Amaj7</span>
My favorite han saram naega nege malhae
               <span>F#</span>
Bimilseureopge nege malhae
<span>Bm</span>                         <span>E</span>
Kkumgyeolgachi pogeunhan neoui
                         <span>Amaj7</span>
Pumsoge ssok angyeoseo tonight

Soksagyeojullae naega nege
<span>F#m</span>      
Naega neol saranghae

