%%%% rating:r_4 %%%%
%%%% artist:Turisas Tabs %%%%
%%%% url:http://tabs.ultimate-guitar.com/t/turisas/rasputin_intro_tab.htm %%%%
%%%% title:Rasputin Intro Tab %%%%
%%%% comments:[u'<p class="mtop5">having to read every pull off as a hammer on is ****ing annoying</p>'] %%%%
%%%% difficulty:None %%%%
%%%% provider:ultimate-guitar %%%%
%%%% contributor:None %%%%
%%%% type:Tabs %%%%
%%%% Tab:<i></i>Those other tabs are a bit wrong. The intro is played an octave higher.

e------------------------------------------------------|
B------------------------------------------------------|
G------------------------------------------------------|
D-----7-9-9-10h9h7-9h7-9----7-9-9-9-10h9h7-9h7-9-------|
A---9----------------------9---------------------------|
E------------------------------------------------------|

yeh, thats about it. the timing is tricky. Just have to listen to the song a bit to get 
rhythem.

Whats also fun is that you could play the 2nd main riff also an octave higher.

e-----------14-14-12h14h15-15/17~-15-14-14--------------------|
B-15h14-12~--------------------------------14-15-17~-17~-17~--|
G-------------------------------------------------------------|
D-------------------------------------------------------------|
A-------------------------------------------------------------|
E-------------------------------------------------------------|
-
e------------------------|
B-14-15-17-17-15-14-12~--|
G------------------------|
D------------------------|
A------------------------|
E------------------------|

and thats it. pretty fun. the rest you can get from the other tabs.
