%%%% rating:None %%%%
%%%% artist:Turtle Shell Tanks Tabs %%%%
%%%% url:http://tabs.ultimate-guitar.com/t/turtle_shell_tanks/shooting_star_btab.htm %%%%
%%%% title:Shooting Star Bass Tab %%%%
%%%% comments:[] %%%%
%%%% difficulty:None %%%%
%%%% provider:ultimate-guitar %%%%
%%%% contributor:None %%%%
%%%% type:Bass Tabs %%%%
%%%% Tab:<i></i>This band RULES! Check this site out: http://www.mike-network.com/

|-----------------------------------|
|-----------------------------------|  this is the chorus
|77777777-00000000-33333333-55555555|
|-----------------------------------|

|---------------------------------------|
|---------------------------------------|
|---------------------22222222----------|  this is the verse
|--44444444--00000000----------22222222-|


so thats pretty much it, be sure to check out the website
to learn more about the Turtle Shell Tanks
