%%%% rating:r_4 %%%%
%%%% artist:Turnover Tabs %%%%
%%%% url:http://tabs.ultimate-guitar.com/t/turnover/sleepless_nights_tab.htm %%%%
%%%% title:Sleepless Nights Tab %%%%
%%%% comments:[] %%%%
%%%% difficulty:None %%%%
%%%% provider:ultimate-guitar %%%%
%%%% contributor:
                                     %%%%
%%%% type:Tabs %%%%
%%%% Tab:<i></i>-------------------------------------------------------------------------------
                             Sleepless Nights by Turnover
-------------------------------------------------------------------------------
Tabbed by: Iamtheoceanusea

Learned this by completely by ear in Drop C. But, I am sure it can easily be transposed 
to Drop C# or even Drop D. Easy Song. Great Tune to Rock Out.

PLEASE RATE!!!

Root notes are....
 F#, E, and D.

Octave root notes are...
B, C, and E

Peace and love.....


Tuning: Drop C

Intro:   x2

  F#                                 E                           D
|------------------------------------------------------------------------------------|
|------------------------------------------------------------------------------------|
|------------------------------------------------------------------------------------|
|-6-6-6-6-6-6-x--4-4-4-4-4-4-4-x--2-2-2-2-2-2-x-2-2-2-2-2-2--------------------------|
|-6-6-6-6-6-6-x--4-4-4-4-4-4-4-x--2-2-2-2-2-2-x-2-2-2-2-2-2--------------------------|
|-6-6-6-6-6-6-x--4-4-4-4-4-4-4-x--2-2-2-2-2-2-x-2-2-2-2-2-2--------------------------|

Chorus:      x2

F#                                                 E
|-------------------------------------------------------------------------------|
|-------------------------------------------------------------------------------|
|--------------6-6-6-8-8-8----------------6-6-6-8-8-8---------------------------|
|-6-6-6-6-6-6-x-x-x-x-x-x-4-4-4-4-4-4-4--x-x-x-x-x-x----------------------------|
|-6-6-6-6-6-6-4-4-4-6-6-6-4-4-4-4-4-4-4--4-4-4-6-6-6----------------------------|
|-6-6-6-6-6-6--------------4-4-4-4-4-4-4----------------------------------------|

  D
----------------------------------------------------------|
----------------------------------------------------------|
------------6-6-6-8-8-8--12-12-12-12-12-12----------------|
2-2-2-2-2-2-x-x-x-x-x-x--x--x--x--x--x--x-----------------|
2-2-2-2-2-2-4-4-4-6-6-6--9--9--9--9--9--9-----------------|
2-2-2-2-2-2-----------------------------------------------|

Verse 1:

    x2
    F#  E         D
|------------------------------------------------------------------------------------|
|--------------------------/----------------------\----------------------------------|
|-------------------------/------------------------\---12----------------------------|
|-6---4-x--2-2-2-2-2-2--2-2-2-2-2-2------OR-------\---x------------------------------|
|-6---4-x--2-2-2-2-2-2--2-2-2-2-2-2-------------------9------------------------------|
|-6---4-x--2-2-2-2-2-2--2-2-2-2-2-2--------------------------------------------------|


           x2
                F#                  E                          D                        

|------------------------------------------------------------------------------------|
|------------------------------------------------------------------------------------|
|------------------------------------------------------------------------------------|
|-6-6-6-6-6-6---4-4-4-4-4-4-4--2-2-2-2-2-2--2-2-2-2-2-2--x-x-------------------------|
|-6-6-6-6-6-6---4-4-4-4-4-4-4--2-2-2-2-2-2--2-2-2-2-2-2--x-x-------------------------|
|-6-6-6-6-6-6---4-4-4-4-4-4-4--2-2-2-2-2-2--2-2-2-2-2-2--x-x-------------------------|

Chorus once more.


Verse 2:

    x2
    F#  E         D
|------------------------------------------------------------------------------------|
|------------------------------------------------------------------------------------|
|------------------------------------------------------------------------------------|
|-6---4-x--2-2-2-2-2-2--2-2-2-2-2-2--------------------------------------------------|
|-6---4-x--2-2-2-2-2-2--2-2-2-2-2-2--------------------------------------------------|
|-6---4-x--2-2-2-2-2-2--2-2-2-2-2-2--------------------------------------------------|


Outro:

    F#            E        D (PalmMuteDa"D")
|-------------------------------------------------------------------------------------|
|-------------------------------------------------------------------------------------|
|-------------------------------------------------------------------------------------|
|-6-------4---2-2-2-2-2-2-------------------------------------------------------------|
|-6-------4---2-2-2-2-2-2-------------------------------------------------------------|
|-6-------4---2-2-2-2-2-2-------------------------------------------------------------|

Second Part of Outro:

4 Times I think.

    F#                      E              D                  E
|-------------------------------------------------------------------------------------|
|-------------------------------------------------------------------------------------|
|-------------------------------------------------------------------------------------|
|-6-6-6-6-6-6--4-4-4--2-2-2-2-2-2--4-4-4----------------------------------------------|
|-6-6-6-6-6-6--4-4-4--2-2-2-2-2-2--4-4-4----------------------------------------------|
|-6-6-6-6-6-6--4-4-4--2-2-2-2-2-2--4-4-4----------------------------------------------|
--

End on Power D chord:


    D
|----------------------------------------------------------------------------------|
|----------------------------------------------------------------------------------|
|----------------------------------------------------------------------------------|
|2---------------------------------------------------------------------------------|
|2---------------------------------------------------------------------------------|
|2---------------------------------------------------------------------------------|
