%%%% rating:r_5 %%%%
%%%% artist:Snsd Taitiseo Tabs %%%%
%%%% url:http://tabs.ultimate-guitar.com/s/snsd_taitiseo/stay_crd.htm %%%%
%%%% title:Stay Chords %%%%
%%%% comments:[] %%%%
%%%% difficulty:
                                    advanced                                 %%%%
%%%% provider:ultimate-guitar %%%%
%%%% contributor:
                                     %%%%
%%%% type:Chords %%%%
%%%% Tab:<i></i>Taitiseo - Stay

NB: i prepare alternative chord for chorus 3

So Hard to find chord in verse!!


Intro: <span>Am7</span> <span>Bm7</span> <span>C</span> <span>Cmaj7</span>
       <span>Am</span> <span>Gm</span> <span>Fmaj7</span> <span>Em</span> <span>D#</span> <span>Cmaj7</span>


::VERSE::
<span>G</span>                 <span>Em</span>     <span>C</span>           <span>G</span>      <span>C</span> - <span>D</span>
 Saeparan haneure ppuryeojin baramui mellodi
<span>G</span>                   <span>Em</span>      <span>C</span>          <span>G</span>       <span>C</span> - <span>D</span>               
 Balkkeuchi bichige tumyeonghan badaui mulbichi
       <span>G</span>                     <span>Em</span>  <span>D</span>                 <span>G</span>     <span>C</span> - <span>D</span>
 Machi kkumcheoreom nunbusyeoseo neol hyanghae dorabomyeon
<span>G</span>                       <span>Em</span>       <span>C</span>             <span>G</span>   <span>Em</span>  <span>Em7</span>
 Neon mollae nae ppyame surprise kiss nalligon utji


::PRE-CHORUS::
   <span>Am7</span>        <span>Bm7</span>             <span>Cmaj7</span>                 <span>C</span>                 <span>Am7</span>
Uuuu.. Ganbam ssodajin yuseongbie heungbunhan neoui moksoriga gwiyeowoseo
       <span>Bm7</span>                <span>D</span>
Bulkkotnorireul seonmulhalge urin i sungane


::CHORUS::
<span>Dmaj7</span>          <span>C#m7</span>        <span>Bm7</span>         <span>E</span>             <span>Dmaj7</span>
     Stay! Jeo taeyang sogeseo stay! Padoreul tago nora
             <span>C#m7</span>                <span>F#m</span>            <span>F#</span>
     Stay! Sigani meomchwobeorin nagwoncheoreom uuuu..
<span>Dmaj7</span>           <span>C#m7</span>        <span>Bm7</span>          <span>E</span>              <span>Dmaj7</span>
     Stay! Tteollineun nunbiche stay! Chaoreun sarang soge
               <span>C#m7</span>               <span>F#m</span>            <span>F#</span>
     Stay! Nae gyeote isseojullae jigeumcheoreom


::RAP/VERSE 2::
     <span>G</span>
Nega johahaneun meotjin scenery
       <span>Em</span>                     <span>D</span>
Summer time fireworks on the beach with me
    <span>G</span>                  <span>Em</span>        <span>D</span>
Sangsangmaneurodo joha simjangi ttwieo wow!
<span>G</span>                       <span>Em</span>            <span>D</span>
Eodideun let’s go go go maeumi kkeullineun daero
<span>G</span>               <span>C</span>                       <span>Em7</span>
You know it! So let me see you show it!


::PRE-CHORUS::
   <span>Am7</span>           <span>Bm7</span>           <span>Cmaj7</span>                     <span>C</span>                <span>Am7</span>
Uuuu.. Heumppeok naerineun sonagie sini nan uri jeormeun nareul chukbokhalkka
      <span>Bm7</span>                 <span>D</span>
Dalkomhan janeul nopi deulgo hwanhohan i sungan


::CHORUS::
<span>Dmaj7</span>          <span>C#m7</span>        <span>Bm7</span>         <span>E</span>             <span>Dmaj7</span>
     Stay! Jeo taeyang sogeseo stay! Padoreul tago nora
             <span>C#m7</span>                <span>F#m</span>            <span>F#</span>
     Stay! Sigani meomchwobeorin nagwoncheoreom uuuu..
<span>Dmaj7</span>           <span>C#m7</span>        <span>Bm7</span>          <span>E</span>              <span>Dmaj7</span>
     Stay! Tteollineun nunbiche stay! Chaoreun sarang soge
               <span>C#m7</span>               <span>F#m</span>            <span>F#</span>
     Stay! Nae gyeote isseojullae jigeumcheoreom


::BRIDGE::
<span>Dmaj7</span>      <span>C#m7</span>         <span>Bm7</span>  <span>E</span>      
     Neowa naega kkumkkudeon woo wo 
<span>Dmaj7</span>       <span>C#m7</span>      <span>Bm7</span>     <span>C#7</span>  <span>C#</span>  <span>F#m</span>
     sigani areumdaun geol uh wo


::CHORUS 2::
(F#m)         <span>C#m7</span>         <span>Bm7</span>
     Stay challanhan yeoreuma 
             <span>E</span>              <span>Dmaj7</span>
     stay bitnaneun sunganmada 
            <span>C#m7</span>               <span>F#m</span>         <span>F#</span>
     stay sojunghi gaseum soge ganjikhalge


::CHORUS 3:: [CHORD UP]
<span>Emaj7</span>          <span>D#m7</span>        <span>C#m7</span>
     Stay! Jeo taeyang sogeseo
             <span>F#</span>              <span>Emaj7</span>
     Stay! Pureun dalbit araeseo
                <span>D#m7</span>                  <span>G#m</span>            <span>G#</span>
     Stay! Yeongwonhi kkeuchi eomneun yaksokcheoreom uuuu..
<span>Emaj7</span>           <span>D#m7</span>        <span>C#m7</span>     
     Stay! Tteollineun nunbiche
               <span>F#</span>            <span>Emaj7</span>
     Stay! Chaoreun sarangmankeum
               <span>D#m7</span>               <span>G#m</span>             <span>G#</span>
     Stay! Nae gyeote isseojullae jigeumcheoreom (jigeumcheoreom)

------------------------------------------------------------------------

::CHORUS 3 ALTERNATIVE:: [WITH CAPO PLACED AT 2ND FRET]
<span>Dmaj7</span>          <span>C#m7</span>        <span>Bm7</span>
     Stay! Jeo taeyang sogeseo
             <span>E</span>               <span>Dmaj7</span>
     Stay! Pureun dalbit araeseo
                <span>C#m7</span>                  <span>F#m</span>            <span>F#</span>
     Stay! Yeongwonhi kkeuchi eomneun yaksokcheoreom uuuu..
<span>Dmaj7</span>           <span>C#m7</span>        <span>Bm7</span>     
     Stay! Tteollineun nunbiche
               <span>E</span>             <span>Dmaj7</span>
     Stay! Chaoreun sarangmankeum
               <span>C#m7</span>               <span>F#m</span>             <span>F#</span>
     Stay! Nae gyeote isseojullae jigeumcheoreom (jigeumcheoreom)


