%%%% rating:None %%%%
%%%% artist:Turf Tabs %%%%
%%%% url:http://tabs.ultimate-guitar.com/t/turf/loco_un_poco_ver2_crd.htm %%%%
%%%% title:Loco Un Poco (ver 2) Chords %%%%
%%%% comments:[] %%%%
%%%% difficulty:None %%%%
%%%% provider:ultimate-guitar %%%%
%%%% contributor:None %%%%
%%%% type:Chords %%%%
%%%% Tab:<i></i>(no te arrepientas de nada y no pidas perdon)
intro ( A - G - C )
<span>A</span>
Loco un poco nada mas,
<span>C#m</span>
casi pareces normal
<span>G</span>               <span>F#m</span>           <span>Bm</span>            
pero en la mirada ocultas algo detras
<span>A</span>
Simulando, sonriendo, 
<span>C#m</span>
sin saber que estoy diciendo 
<span>G</span>                   <span>F#m</span>                  <span>Bm</span>
sucio en la conciencia pero claro el porvenir
             <span>E</span>
Por que ya esta por venir...


<span>A</span>                  <span>C#m</span>               <span>G</span>
Cuando escuches esta cancion
             <span>F#m</span>           <span>Bm</span>
te va alegrar el corazon
                                <span>Dm</span>                          
hay tiempo para decidir 
                   <span>E</span>
vas a encontrarla porque

<span>A</span>
Una aguja en un pajar 
<span>C#m</span>
es dificil de encontrar
<span>G</span>                <span>F#m</span>          <span>Bm</span>
pero mas dificil debe ser si la buscas

por eso
<span>A</span>                             <span>C#m</span>
no te arrepientas de nada y
                     <span>G</span>     <span>F#m</span>    <span>Bm</span>
no pidas perdon 
  <span>E</span>
porque ya esta por venir....

<span>A</span>                  <span>C#m</span>               <span>G</span>
Cuando escuches esta cancion
             <span>F#m</span>           <span>Bm</span>
te va alegrar el corazon
                                <span>Dm</span>                          
hay tiempo para decidir 
                   <span>E</span>
vas a encontrar la solucion


<span>A</span>                  <span>C#m</span>               <span>G</span>
Cuando escuches esta cancion
             <span>F#m</span>           <span>Bm</span>
te va alegrar el corazon
                                <span>Dm</span>                          
hay tiempo para decidir 
                   <span>E</span>
vas a encontrar la solucion
