%%%% rating:None %%%%
%%%% artist:Turf Tabs %%%%
%%%% url:http://tabs.ultimate-guitar.com/t/turf/viajando_en_jet_set_crd.htm %%%%
%%%% title:Viajando En Jet (set) Chords %%%%
%%%% comments:[] %%%%
%%%% difficulty:None %%%%
%%%% provider:ultimate-guitar %%%%
%%%% contributor:None %%%%
%%%% type:Chords %%%%
%%%% Tab:<i></i>Interprete: Turf
Titulo: VIAJANDO EN JET (SET)
Album: Una Pila De Vida
Transcripción: Marcelo Villar

ACORDES:  Bm 224432
          Db 446664 
          G  355433 o 320003
          F# 244322 
          A  577655 o 002220
          Em 022000  
          F  133211  
             
NOTA: El comienzo de esta canción es con un piano pero se puede
simular con estos acordes Bm,Db,G y F# (solamente con cejillo)           

          <span>Bm</span>  <span>Db</span>    <span>G</span>          <span>F#</span>        <span>Bm</span>      <span>Db</span>        <span>G</span>    <span>F#</span>
Cuando estoy así     ya no me acuerdo mi nombre (ni quien fuí)
       <span>Bm</span>    <span>Db</span>     <span>G</span>         <span>F#</span>     <span>Bm</span>    <span>Db</span>     <span>G</span>    <span>F#</span>
Me voy a quedar,     me gustaria que pases a escuchar.


<span>G</span>                    <span>Bm</span>
Ya no tenemos que hablar.
<span>F#</span>                   <span>Bm</span>
Vamos a ver donde está
<span>G</span>               <span>Bm</span>    <span>F#</span>   <span>A</span>
ese lugar donde nadie va.


      <span>Bm</span>     <span>Db</span>    <span>G</span>        <span>F#</span>      <span>Bm</span>    <span>Db</span>       <span>G</span>   <span>F#</span>
Me cansé de ver     como la pasa la gente del jet-set.
      <span>Bm</span>     <span>Db</span>    <span>G</span>          <span>F#</span>        <span>Bm</span>      <span>Db</span>     <span>G</span>    <span>F#</span>
Me voy a quedar,    esta ansiedad me consume al despertar.

<span>G</span>                    <span>Bm</span>
Ya no tenemos que hablar.
<span>F#</span>                   <span>Bm</span>
Vamos a ver donde está
<span>G</span>               <span>Bm</span>    <span>F#</span>   
ese lugar donde nadie va.


<span>Bm</span>      <span>G</span>     <span>D</span>   <span>F#</span>              <span>G</span>         <span>F#</span>  <span>F</span>  <span>Em</span>      <span>F#</span>  
Yo ya estube ahí, puedo mostrarte donde es,          si querés.
<span>Bm</span>      <span>G</span>     <span>D</span>    <span>F#</span>             <span>G</span>           <span>F#</span>  <span>F</span>  <span>Em</span>    <span>F#</span>
Ya soy como vos, quiero llegar hasta el final,        y bajar.

(solo de guitarra sobre Bm, Db, G y F#)

          
Cuando estoy así ya no me acuerdo mi nombre (ni quien fuí)      
Me voy a quedar, me gustaria que pases a escuchar.


<span>G</span>                    <span>Bm</span>
Ya no tenemos que hablar.
<span>F#</span>                   <span>Bm</span>
Vamos a ver donde está
<span>G</span>               <span>Bm</span>    <span>F#</span>   
ese lugar donde nadie va.


<span>Bm</span>      <span>G</span>     <span>D</span>   <span>F#</span>              <span>G</span>         <span>F#</span>  <span>F</span>  <span>Em</span>      <span>F#</span>  
Yo ya estube ahí, puedo mostrarte donde es,          si querés.
<span>Bm</span>      <span>G</span>     <span>D</span>    <span>F#</span>             <span>G</span>           <span>F#</span>  <span>F</span>  <span>Em</span>    <span>F#</span>
Ya soy como vos, quiero llegar hasta el final,        y bajar.


             <span>G</span>                  <span>Bm</span>
En cualquier parte.
             <span>G</span>                  <span>Bm</span>
En cualquier parte.
             <span>G</span>                  <span>Bm</span>
En cualquier parte.
             <span>G</span>                  <span>F#</span>
En cualquier parte.
             <span>G</span>                   <span>Bm</span>
En cualquier parte.(En cualquier parte)
             <span>G</span>                   <span>Bm</span>
En cualquier parte.(En cualquier parte)
             <span>G</span>                   <span>Bm</span>
En cualquier parte.(En cualquier parte)
             <span>G</span>                   <span>F#</span>
En cualquier parte.        

  <span>G</span>     <span>Bm</span>     <span>G</span>     <span>Bm</span>     <span>G</span>     <span>Bm</span>      <span>G</span>      <span>A</span>
  uuuu   uuhhhhuuuu  uhhhhh uuuuuuuuhhhhhuuuaaaaa
 
(fade)
   


Cualquier duda, consulta o sugerencia: marcelovillar@
