%%%% rating:r_4 %%%%
%%%% artist:Turbowolf Tabs %%%%
%%%% url:http://tabs.ultimate-guitar.com/t/turbowolf/rich_gift_tab.htm %%%%
%%%% title:Rich Gift Tab %%%%
%%%% comments:[] %%%%
%%%% difficulty:
                                    intermediate                                 %%%%
%%%% provider:ultimate-guitar %%%%
%%%% contributor:
                                     %%%%
%%%% type:Tabs %%%%
%%%% Tab:<i></i>-------------------------------------------------------------------------------
                             RICH GIFT - Turbowolf
-------------------------------------------------------------------------------
TabbDd by: funkymonk66
D-mail: sam@mwosb.co.uk

Tuning:DADGBe

Listen to the song for the exact timings.


Intro: 0:00-0:42

Synth tabbed for guitar (w/ octave pedal)                       x3
e||-------------------------------------------------------------||
B||*-----------------------------------------------------------*||
G||-------------------------------------------------------------||
D||--0-14-12---10-12---------------------------0-3-2-1-0-3-2-1--||
A||*-----------------12--12-13-15-13-12-10-12------------------*||
D||-------------------------------------------------------------||


Guitar                                              x3
e||-------------------------------------------------||
B||*-----------------------------------------------*||    
G||-------------------------------------------------||
D||--0----------------------------0-3-2-1-0-3-2-1---||
A||*-0----------------------------0-3-2-1-0-3-2-1--*||
D||--0----------------------------0-3-2-1-0-3-2-1---||


Then

Synth (w/ octave pedal)                   x7
e||---------------------------------------||
B||*-------------------------------------*||
G||---------------------------------------||
D||--0-0-2-3-0-3-5-7-0-7-8-10-0-10-12-14--||
A||*-------------------------------------*||
D||---------------------------------------||

Guitar            x4
e||---------------||----------------------------------|
B||*-------------*||----------------------------------|
G||---------------||----------------------------------|
D||--0--0--0--0---||--0-3-2-1-0-3-2-1-0-3-2-1-0-3-2-1-|
A||*-0--0--0--0--*||--0-3-2-1-0-3-2-1-0-3-2-1-0-3-2-1-|
D||--0--0--0--0---||--0-3-2-1-0-3-2-1-0-3-2-1-0-3-2-1-|
   PM............   PM (grad release)................. 

Synth and Guitar
e|----------------|
B|-3--------------|
G|-2--------------|
D|-0--let ring----|
A|-0--------------|
D|-0--------------|



Riff 1
0:58-1:12                                 x4
e|------------||--------------------------||
B|------------||*------------------------*||
G|-------5-7--||---------------------5-7--||
D|-3-5-7------||--------3------3-5-7------||
A|------------||*-5-3-0---3-5------------*||
D|------------||--------------------------||


Verse: 1:13-1:36                                                  x3
e||---------------------------------------------------------------||
B||*-------------------------------------------------------------*||
G||----------7-7-7-7---------7-7-7-7---------7-10-9-5--10-9-5-2---||
D||---3p0-0--7-7-7-7--3p0-0--7-7-7-7--3p0-0--7-10-9-5--10-9-5-2---||
A||*--3p0-0--5-5-5-5--3p0-0--5-5-5-5--3p0-0--5-8--7-3--8--7-3-0--*||
D||---3p0-0-----------3p0-0-----------3p0-0-----------------------||

Last time
e|--------------------------------------------------------------|
B|--------------------------------------------------------------|
G|----------7-7-7-7---------7-7-7-7---------7--7-5-3--3-2-------|
D|---3p0-0--7-7-7-7--3p0-0--7-7-7-7--3p0-0--7--7-5-3--3-2-5--5--|
A|---3p0-0--5-5-5-5--3p0-0--5-5-5-5--3p0-0--5--5-3-1--1-0-5--5--|
D|---3p0-0-----------3p0-0-----------3p0-0----------------5--5--|


Chorus: 1:37-1:51                     x3
e||-----------------------------------||
B||*---------------------------------*||
G||-----------------------------------||
D||-----------------------------------||
A||*---------------------------------*||
D||-2-2-2-3-3-3-3-5-5-5-5-7-7-7-3-3---||

Then
e|-----------------------------------------------------------------------------|
B|-----------------------------------------------------------------------------|
G|-----------------------------------------------------------------------------|
D|-----------------------------------------------------------------------------|
A|-----------------------------------------------------------------------------|
D|-2-2-2-3-3-3-3-5-5-5-5-7-7-7-3-3-2-2-2-3-3-3-5-5-5-5-5-5-5-5-5-5-5-5-5-5-5-5-|



1:52-2:46  repeat riff 1, verse and chorus


Link: 2:47-3:05
e|------x-x--------x-x--------------------------------------------|
B|------x-x--------x-x-----------------------------------5--------|
G|------x-x--------x-x-----------------------------------4--------|
D|------x-x--------x-x-2--5--7--9~-----10--9--7--5--2----2---9\---|
A|------x-x--------x-x-2--5--7--9~-----10--9--7--5--2----2---9\---|
D|------x-x--------x-x-2--5--7--9~-----10--9--7--5--2----2---9\---|

e|---------------------------------------------------|
B|--------------------------------------5/\----5-----|
G|--------------------------------------4/\-----4----|    /\=whammy bar  
D|-2--5--7--9~-----10--9--7--2----------2/\------2---|
A|-2--5--7--9~-----10--9--7--2----------2/\-------2--|
D|-2--5--7--9~-----10--9--7--2----------2/\--------2-|


3:05-3:32 drums and bass



Bridge: 3:32-4:33

Riff 2                                     x8
e||----------------------------------------||
B||*--------------------------------------*||
G||----------------------------------------||
D||---0-2-0-2--0-4-0-4--0-5-0-5--0-7-0-7---||
A||*--0-2-0-2--0-4-0-4--0-5-0-5--0-7-0-7--*||
D||---0-2-0-2--0-4-0-4--0-5-0-5--0-7-0-7---||

Then
e|--------------------------------------------------------------------|
B|--------------------------------------------------------------------|
G|-------------------7-7-7-7-7-7-7-7-7-7-7-7-7-7-7-7-7-7-7-7-7-7-7-7--|
D|-0-2-0-2-2-2-4-4-4-7-7-7-7-7-7-7-7-7-7-7-7-7-7-7-7-7-7-7-7-7-7-7-7--|
A|-0-2-0-2-2-2-4-4-4-5-5-5-5-5-5-5-5-5-5-5-5-5-5-5-5-5-5-5-5-5-5-5-5--|
D|-0-2-0-2-2-2-4-4-4--------------------------------------------------|

e|-------------------------------------------------------------|
B|-------------------------------------------------------------|
G|-------------------7-7-7-7-7-7-7-7-7-7-7-7-7-7-7-7-7-7-7-7---|
D|-0-2-0-2-2-2-4-4-4-7-7-7-7-7-7-7-7-7-7-7-7-7-7-7-7-7-7-7-7---|
A|-0-2-0-2-2-2-4-4-4-5-5-5-5-5-5-5-5-5-5-5-5-5-5-5-5-5-5-5-5---|
D|-0-2-0-2-2-2-4-4-4-------------------------------------------|


Solo
Rhythm guitar plays riff 2 x4

e|-----------------------------------------------------------------------|
B|-17b18-17b18-17b18-17b18-18r17-15------15----15-17-15-17-18-15-17------|
G|----------------------------------16~-----16----------------------16~--|
D|-----------------------------------------------------------------------|
A|-----------------------------------------------------------------------|
D|-----------------------------------------------------------------------|

e|--------------------------------------------------------|
B|--------------------------------------------------------|
G|--------------------------------------------------------|
D|-0-000-3-3-3-5-5-7-7-10-10-/14~-14~-14h15p14-12-10-12~--|
A|--------------------------------------------------------|
D|--------------------------------------------------------|

e|------------------------------------------------------------------------------------------0----------|
B|----------------------------------------------------14-----------16-----------17///-\\\\--0----------|
G|-------------------------12----------------------12-----------12-----------12-16///-\\\\--0-feedback-|
D|-12\---------15-12-14-10----12~~-b13r12~---12-14--------12-14--------12-14----------------0----------|
A|------------------------------------------------------------------------------------------0----------|
D|------0-----------------------------------------------------------------------------------0----------|


Outro: 4:34-6:46                                            repeat and fade
e||----------------------------------------------------------------------||
B||*--------------------------------------------------------------------*||
G||--------------------7-7-7-7-7-7-7-7-7-7-7-7-7-7-7-7-7-7-7-7-7-7-7-7---||
D||--0-2-0-2-2-2-4-4-4-7-7-7-7-7-7-7-7-7-7-7-7-7-7-7-7-7-7-7-7-7-7-7-7---||
A||*-0-2-0-2-2-2-4-4-4-5-5-5-5-5-5-5-5-5-5-5-5-5-5-5-5-5-5-5-5-5-5-5-5--*||
D||--0-2-0-2-2-2-4-4-4---------------------------------------------------||


After the guitars fade the synth plays til the end of the song but I couldn't figure it out. Feel free to 
work it out for yourselves or suggest it in the comments and I'll add it in.


************************************

| /   slide up
| \   slide down
| h   hammer-on
| p   pull-off
| ~   vibrato
| +   harmonic
| x   Mute note
| b   Bend
| pb  Pre-bend
| br  Bend release
| pbr Pre-bend release
| brb Bend release bend

************************************
