%%%% rating:r_5 %%%%
%%%% artist:Turin Brakes Tabs %%%%
%%%% url:http://tabs.ultimate-guitar.com/t/turin_brakes/never_stops_crd.htm %%%%
%%%% title:Never Stops Chords %%%%
%%%% comments:[] %%%%
%%%% difficulty:
                                    novice                                 %%%%
%%%% provider:ultimate-guitar %%%%
%%%% contributor:
                                     %%%%
%%%% type:Chords %%%%
%%%% Tab:<i></i>Standard tuning, capo 7th, play all chords as you would in open positions without the 
capo except for the F

<span>C</span>            <span>G</span>
Sing another song for me
<span>C</span>                    <span>G</span>
Fill your lungs with history
<span>C</span>                <span>G</span>
Heavy feel don't bite your tongue
<span>C</span>           <span>G</span>
Easy go not easy come

<span>D</span>  <span>Emin</span>

        <span>F</span>               <span>G</span>
Trouble don't you knock upon this door

<span>C</span>  <span>G</span>   <span>C</span>  <span>G</span>

<span>C</span>          <span>G</span>
Heavy heart some years ago
<span>C</span>         <span>G</span>
Ruination, broken soul
<span>C</span>         <span>G</span>
Emanate a sweeter sound
<span>C</span>      <span>G</span>
Legacy don't bring us down - no

<span>D</span>  <span>Emin</span>

         <span>F</span>               <span>G</span>                          <span>G</span>
Trouble don't you knock upon this door no more
                                <span>C</span>
Once you get it started it will never ever stop

<span>C</span>  <span>G</span>  <span>C</span>  <span>G</span>  <span>C</span>  <span>G</span>  <span>C</span>  <span>G</span>


<span>C</span>            <span>G</span>
Sing another song for me
<span>C</span>                    <span>G</span>
Fill your lungs with history
<span>C</span>           <span>G</span>
Eminate our sweetest sound
<span>C</span>         <span>G</span>
Legacy don't bring us down - no

<span>D</span> <span>Emin</span>

        <span>F</span>               <span>G</span>           CG <span>C</span>  <span>G</span>
Trouble don't you knock upon this door no more
<span>A</span>                               <span>D</span>
Once you get it started it will never ever stop
<span>A</span>
Once you get it started it will never ever
<span>D</span>
It's never gonna stop

<span>C</span>  <span>G</span>  <span>C</span>  <span>G</span>  <span>C</span>  <span>G</span>  <span>C</span>  <span>G</span>


<span>C</span>          <span>G</span>            <span>C</span>               <span>G</span>
You cannot erase what's burning your soul
<span>C</span>       <span>G</span>     <span>C</span>      <span>G</span>
You can never start over again
<span>C</span>          <span>G</span>            <span>C</span>            <span>G</span>
You cannot erase what's burning your soul
<span>C</span>       <span>G</span>     <span>C</span>      <span>G</span>
You can never start over again
<span>C</span>           <span>G</span>           <span>C</span>            <span>G</span>
You cannot erase what's burning your soul
<span>C</span>       <span>G</span>     <span>C</span>      <span>G</span>
You can never start over again

<span>D</span>  <span>Emin</span>


        <span>F</span>               <span>G</span>          <span>C</span> <span>G</span> <span>C</span>  <span>G</span>
Trouble don't you knock upon this door no more
<span>C</span>                               <span>G</span>
Once you get it started it will never ever stop
<span>C</span>                          <span>G</span>                 <span>C</span>
Once you get it started it will never ever
  <span>G</span>
It's never gonna stop

<span>C</span>  <span>G</span>  <span>C</span>  <span>G</span>

<span>C</span>            <span>G</span>
Sing another song for me
<span>C</span>               <span>G</span>
Fill your lungs with history
<span>C</span>                <span>G</span>
Heavy feel don't bite your tongue
<span>C</span>           <span>G</span>
Easy go not easy come



I know it's not quite 100% in places, but it sounds about right. For the rhythm listen 
to the track, it's pretty easy to pick up. Also the chord changes i've put in are in 
approximate positions, listen to the track to get it exact.
