%%%% rating:None %%%%
%%%% artist:Sylvie Vartan Tabs %%%%
%%%% url:http://tabs.ultimate-guitar.com/s/sylvie_vartan/ritme_de_la_pluie_crd.htm %%%%
%%%% title:Ritme De La Pluie Chords %%%%
%%%% comments:[] %%%%
%%%% difficulty:None %%%%
%%%% provider:ultimate-guitar %%%%
%%%% contributor:None %%%%
%%%% type:Chords %%%%
%%%% Tab:<i></i>#----------------------------------PLEASE NOTE---------------------------------#
#This file is the author's own work and represents their interpretation of the #
#song. You may only use this file for private study, scholarship, or research. #
#------------------------------------------------------------------------------#

Date: Fri, 7 Mar 1997 18:56:50 +0100 (MET)
From: Evilio del Rio <evilio>

Title:  Ritme de la pluie
Artist: Sylvie Vartan

[G]J'?coute en souspirant la pluie qui [C]me recele
[G]frappant doucement sur mes ca[D7]rreaux
[G]Comme de milliers de larmes qui [C]me rappelent
que [G]je suis seule en l'[C]attand[G]ant

[G]Le seul gar?on que j'aime n'a pas [C]su comprendre
[G]que lui seul cont? pour [D7]moi
[G]et pr?s de ma fen?tre je reste[C] a l'attante
d'[G]entendre le [C]bruit de ses [G]pas

[C]Oh pluie, oh dit lui de revenir[G] un jour
[C]et quand ? ? rena?t un [G]grand amour
[C]le pass? ne sera [D7]plus que un triste souve[G]nir

[G]Mais si apr?s la pluie se mette [C]le Soleil
[G]et qui va rechauffer son [D7]coeur
[G]il va comprendre combien j'etait [C]fid?le
et [G]lui viendra ? se[C]cher mes [G]larmes

[C]Et comment lui dire que moi je [G]l'aimait trop
[C]qu'il remarque que j'ai le [G]coeur gros
[C]et que pour moi, l'am[D7]our sans lui
n'existe [G]pas

#_________________________________________________________________________
#Evilio Jose del Rio Silvan     Institut d'Estudis Espacials de Catalunya
#E-mail: evilio@ieec.fcr.es     URL: http://www.ieec.fcr.es/~evilio/
#"Anywhere you choose,/ Anyway, you're gonna lose"- Mike Oldfield</evilio>
