%%%% rating:None %%%%
%%%% artist:Turf Tabs %%%%
%%%% url:http://tabs.ultimate-guitar.com/t/turf/siempre_libre_crd.htm %%%%
%%%% title:Siempre Libre Chords %%%%
%%%% comments:[] %%%%
%%%% difficulty:None %%%%
%%%% provider:ultimate-guitar %%%%
%%%% contributor:None %%%%
%%%% type:Chords %%%%
%%%% Tab:<i></i>
<span>G</span> - <span>A</span> -  <span>Am9</span>  <span>Am7</span> - <span>G9</span> <span>G</span> (x2)

<span>G</span>
Canten conmigo esta canción
    <span>A</span>         <span>Am9</span> <span>Am7</span>  <span>G9</span> <span>G</span>
de libertad, Siem-pre li--bre.
<span>G</span>
Para las almas que nunca
   <span>A</span>
dejan de estar.
<span>Am9</span> <span>Am7</span>  <span>G9</span>   <span>G</span>
Sien-ten, vi-ven.
<span>G</span>
Aunque nos cueste ver el sol
  <span>A/G</span>
y todo sea igual
<span>C/G</span>
no nos tenemos que esconder,
  <span>G</span>
tenemos que pelear,
hasta encontrar como vivir
    <span>A</span>          <span>Am9</span> <span>Am7</span> <span>G9</span>  <span>G</span>
con emoción. Siem-pre  li--bre.

secuencia a la 'Eiti Leda': C - D/C - D#/C - F/C

<span>G</span>   <span>D</span>  <span>C</span>  <span>G</span>
Ah ah, ah ah
¡Siempre libre!
<span>G</span>   <span>D</span>  <span>C</span>
ah, ah ah

Canten conmigo esta canción
de libertad, siempre libre.
Para las almas que nunca
dejan de estar, sienten, viven
Aunque nos cueste ver el sol
y todo sea igual
no nos tenemos que esconder,
tenemos que pelear.
Por los que están ahora
y por los que vendrán, siempre libre.

<span>C</span>
De acá a la eternidad
<span>D/C</span>
sin día, sin final,
<span>D#/C</span>
no lo podés mirar
   <span>F/C</span>
de afuera.

Ah ah, ah ah
¡Siempre libre!
Ah ah, ah ah
Ah ah, ah ah
¡Siempre libre!
Ah ah, ah ah    <span>A</span>_<span>B</span> (modula <span>A</span> <span>C</span>)

<span>C</span>
Canten conmigo esta canción
    <span>D</span>         <span>Dm9</span> <span>Dm7</span>  <span>C9</span>  <span>C7</span>
de libertad, siem-pre li--bre.
Para las almas que nunca
dejan de estar, sienten viven
<span>C</span>
Aunque nos cueste ver el sol
   <span>D/C</span>
y todo sea igual
<span>F/C</span>
no nos tenemos que esconder,
   <span>C</span>
tenemos que pelear.
<span>C</span>
Hasta encontrar como vivir
       <span>D</span>       <span>Dm9</span> <span>Dm</span> <span>C9</span> <span>C7</span>
con emoción, siem-pre li-bre.
<span>F</span>
De acá a la eternidad,
<span>G/C</span>
sin días sin final,
G#/C
no lo podés mirar
A#/C
de afuera
Escucha aquella voz
que estalla en tu interior.
Te ayuda a respirar.
Te eleva.

Ah ah, ah ah
¡Siempre libre!
Ah ah, ah ah
Ah ah, ah ah
¡Siempre libre!
Ah ah, ah ah

vuelve a G
Canten conmigo esta canción
de libertad, Siempre libre.
Para las almas que nunca
dejan de estar.
Sienten, viven.
Siempre libre
(hacia el fin)
