%%%% rating:None %%%%
%%%% artist:Snsd Tabs %%%%
%%%% url:http://tabs.ultimate-guitar.com/s/snsd/its_love_crd.htm %%%%
%%%% title:Its Love Chords %%%%
%%%% comments:[] %%%%
%%%% difficulty:None %%%%
%%%% provider:ultimate-guitar %%%%
%%%% contributor:
                                     %%%%
%%%% type:Chords %%%%
%%%% Tab:<i></i>Sung by Taeyeon and Sunny

Intro: <span>A</span> <span>Bm</span> <span>E</span> 

Verse:
<span>A</span>                           <span>C#m</span>
Nan geudae jinachyo gal ttaemyeon
<span>F#</span>                           <span>Bm</span>
Haru jongil gaseumi tteollyeoyo
<span>Db</span>                    <span>F#m</span>
Hollo geudaereul geurigo itjyo
      <span>D</span>                    <span>E</span>
Jakku geudaeran jagugi namayo

<span>A</span>                             <span>C#m</span>
Do umyeonin deut buditjyeo ga do
    <span>F#</span>                         <span>Bm</span>
Nan meonghani gokaereul sungyeoyo
   <span>Db</span>                 <span>F#m</span>
Mundeug geudaewa maju chil daedo
    <span>D</span>      <span>E</span>          <span>A</span>
Sujubeun misoman boyeoyo


Pre Chorus:
<span>D</span>              <span>Db</span>     <span>F#m</span>
Geudae ijeneun alsu itnayo
<span>D</span>              <span>Db</span>           <span>F#m</span>  <span>G</span>
Geudae ijeneun nae nam bolsu it  jyo
<span>D</span>            <span>Db</span>     <span>F#m</span>
Sorido eopsi dagaon sarangi
      <span>D</span>                     <span>E</span>
Geudaeneun geudaeneun deullinayo


Chorus:
<span>A</span>
Cheoeumbuteo nae sarangingeollyo
   <span>Bm</span>            <span>Db</span>            <span>F#m</span>
Chagaun nae mame ttaseuhi bichujyo
      <span>D</span>          <span>E</span>         <span>C#m</span>    <span>F#m</span>
Hangeoreum hangeoreum dagaoneun sarang
<span>D</span>                    <span>E</span>         
Nan jogeumeun duryeopjiman

<span>A</span>
Seolleineun nae sarangingeulyo
   <span>Bm</span>               <span>Db</span>             <span>F#m</span>
Biodeut sarangi nae mameul jeoksyeoyo
      <span>D</span>        <span>E</span>         <span>C#m</span>    <span>F#</span>
Nae mami nae mami ijen sarangingeollyo
<span>D</span>           <span>E</span>     <span>A</span>
Geudae geuriunmankeum

Interlude: <span>Bm</span> <span>D</span>  <span>C#m</span> <span>F#m</span>  <span>D</span> <span>E</span> <span>A</span>

Pre Chorus:
<span>D</span>              <span>Db</span>     <span>F#m</span>
Geudae ijeneun alsu itnayo
<span>D</span>              <span>Db</span>           <span>F#m</span>  <span>G</span>
Geudae ijeneun nae nam bolsu it  jyo
<span>D</span>            <span>Db</span>     <span>F#m</span>
Sorido eopsi dagaon sarangi
      <span>D</span>                     <span>E</span>
Geudaeneun geudaeneun deullinayo


Chorus:
<span>A</span>
Cheoeumbuteo nae sarangingeollyo
   <span>Bm</span>            <span>Db</span>            <span>F#m</span>
Chagaun nae mame ttaseuhi bichujyo
      <span>D</span>          <span>E</span>         <span>C#m</span>    <span>F#m</span>
Hangeoreum hangeoreum dagaoneun sarang
<span>D</span>                    <span>E</span>         
Nan jogeumeun duryeopjiman

<span>A</span>
Seolleineun nae sarangingeulyo
   <span>Bm</span>               <span>Db</span>             <span>F#m</span>
Biodeut sarangi nae mameul jeoksyeoyo
      <span>D</span>        <span>E</span>         <span>C#m</span>    <span>F#</span>
Nae mami nae mami ijen sarangingeollyo
<span>D</span>           <span>E</span>     <span>A</span>
Geudae geuriunmankeum

Ending:
<span>D</span>         <span>E</span>      <span>A</span>
Ige sarangingeollyo
