%%%% rating:r_4 %%%%
%%%% artist:Tuuli Tabs %%%%
%%%% url:http://tabs.ultimate-guitar.com/t/tuuli/paljon_onnea_vaan_crd.htm %%%%
%%%% title:Paljon Onnea Vaan Chords %%%%
%%%% comments:[u'<p class="mtop5">noi B:t saa muuttaa Bb:ksi muuten hyv\xe4 :)</p>'] %%%%
%%%% difficulty:
                                    novice                                 %%%%
%%%% provider:ultimate-guitar %%%%
%%%% contributor:
                                     %%%%
%%%% type:Chords %%%%
%%%% Tab:<i></i>Tyttöystävä pyysi ettimään, ni ajattelin samalla pistää tänne, kun ei missään ollut näitä :)


Tuuli - Paljon Onnea Vaan

<span>Dm</span>
Nää sadepäivät vaivas mua
ennen kuin mä vielä tunsin sua
<span>C</span>
mun aika pysyi paikallaan
     <span>B</span>      <span>C</span>
kuin pilvet taivaalla
<span>Dm</span>
Sitten toit värit uudelleen
maailmaan mustavalkoiseen
    <span>C</span>
Ois vaikeeta jos entiseen
    <span>B</span>       <span>C</span>     <span>Dm</span>
mun täytyis palata

<span>Dm</span>           <span>C</span>      
Ei siinä ois järkee
<span>B</span>            <span>C</span>
Sä oot mulle tärkee
Nyt mä tunnustan

<span>Dm</span>                  <span>B</span>
En mä vois kuvitellakaan
                    <span>C</span>
ettei sua olis ollenkaan
mun elämässä
<span>B</span>     <span>C</span>    <span>Dm</span>
Happy birthday sulle

<span>Dm</span>                       <span>B</span>
Kun mä näen sut mun lähellä
                             <span>C</span>
sateenkaari nousee mun mielessä
               <span>B</span>       <span>C</span> <span>Dm</span>
Silmissä hyvää syntymäpäivää
<span>Dm</span>           <span>B</span>
Paljon onnea vaan
             <span>C</span>     
Paljon onnea vaan
<span>B</span>     <span>C</span>    <span>Dm</span>    
Happy Birthday

<span>Dm</span>              <span>B</span>
Hei, tän päivän sankari oot
<span>C</span>
ja huomisenkin
<span>Dm</span>(vaikeampi versio lopussa)
minulle ainakin
<span>Dm</span>              <span>B</span>
Hei, tän päivän sankari oot
<span>C</span>
ja huomisenkin
<span>Dm</span>
minulle ainakin


Versio kaksi:
<span>Dm</span>  <span>Am</span>  <span>Dm</span><span>Am</span><span>Dm</span>
Minulle ainakin
A-mollit ihan lyhyitä
Toi kohta oli vähän haastava, eikä kumpikaan ole 
ihan nappiin, mutta tarpeeks lähellä, että on hyvä soittaa.


Toinen säkeistö samalla tavalla
