%%%% rating:None %%%%
%%%% artist:Turvakytkin Tabs %%%%
%%%% url:http://tabs.ultimate-guitar.com/t/turvakytkin/mina_uskon_sinuun_tab.htm %%%%
%%%% title:Mina Uskon Sinuun Tab %%%%
%%%% comments:[] %%%%
%%%% difficulty:
                                    novice                                 %%%%
%%%% provider:ultimate-guitar %%%%
%%%% contributor:
                                     %%%%
%%%% type:Tabs %%%%
%%%% Tab:<i></i>Minä Uskon Sinuun
Turvakytkin

Intro/Verse Chords

|Gm|Eb|F|Bb Dm7|
|Gm|Eb|F|  F   |

I am not 100% sure on the Bb/Dm7 chords, they sound a bit odd to me as they are.

Chorus Chords:

|Eb|Bb|Cm|Gm|
|Eb|Bb|F |F |

Intro Theme

e|-------------------------------------------------------------------|
B|---------------------------------------------6-----6---------------|
G|-----------------------8---------10--------7-----5-----------------|
D|-----------12--------8----8---10----10--8------7-------------------|
A|-10-10-13-----13--6---------8--------------------------------------|
E|-------------------------------------------------------------------|

e|-------------------------------------------------------------------|
B|-------------------------------------------------------------------|
G|----------------------8-------------10-----------------------------|
D|----------12--------8---8--------10-------10-----------------------|
A|-10-10-13----13--6---------8--12-------12----12--------------------|
E|-------------------------------------------------------------------|

Verse Arpeggios

These are played mostly palm muted
e|-------------------------------------------------------------------|
B|-------------------------------------------6------6----------------|
G|--------12---12--------8---------10------7------5------------------|
D|-----12---------12---8---8---10----10--8------7--------------------|
A|-10-------10-------6-------8---------------------------------------|
E|-------------------------------------------------------------------|

e|-------------------------------------------------------------------|
B|-------------------------------------------------------------------|
G|---------12-----12--------8---8------------------------------------|
D|-----12------------12---8-------8------10------10----------10---10-|
A|-10---------10--------6-----6-----8-12----12-8-----12-8-12---12----|
E|-------------------------------------------------------------------|


Solo

e|-------------10----------------------------------------------------|
B|-----10-11-----13~-13s11-11p10-10----------------------------------|
G|-12--------------------------------10-12-----------------------10--|
D|------------------------------------------12-----12----------10----|
A|---------------------------------------------13-----13-10-8~-------|
E|-------------------------------------------------------------------|

e|-------------------------------------------------------------13----|
B|------------------------------------10-11-10-----13-12----13-------|
G|-------------------------10-12----10---------12--------10----------|
D|------------13-12----10--------12----------------------------------|
A|-10-12-13--------13------------------------------------------------|
E|-------------------------------------------------------------------|

And the song finishes in Gm

Verse 1

En enää tahdo katsella
kuinka tämä kuiva maa 
peittyy jälleen kylmiin kyyneliin
Uskon taivaan Jumalaan
tiedän vielä nähdä saan
meidän rukouksiimme vastataan

Chorus

Ja vielä Uskon sinuun mä
Luotan sinuun minä
turvaan sinuun sillä tiedän auttaa voit 
Uskon sinuun mä
Luotan sinuun minä
turvaan sinuun sillä tiedän ... tiedän auttaa voit 

Verse 2
Vaikka täällä pitkä yö
meitä maata vasten lyö 
voit olla varma ettet yksin jää
Pimeyteen hän valollaan
antaa ristin joka saa
meitä rakkaudestaan muistuttaa 

Chorus x2, Solo in between

Ja vielä Uskon sinuun mä
Luotan sinuun minä
turvaan sinuun sillä tiedän auttaa voit 
Uskon sinuun mä
Luotan sinuun minä
turvaan sinuun sillä tiedän ... tiedän auttaa voit 


Made By Stefan Rudvin

Any inquiries/corrections can be sent to: Stefan.Rudvin@hotmail.com

