%%%% rating:r_5 %%%%
%%%% artist:Turtles Tabs %%%%
%%%% url:http://tabs.ultimate-guitar.com/t/turtles/happy_together_btab.htm %%%%
%%%% title:Happy Together Bass Tab %%%%
%%%% comments:[] %%%%
%%%% difficulty:
                                    novice                                 %%%%
%%%% provider:ultimate-guitar %%%%
%%%% contributor:
                                     %%%%
%%%% type:Bass Tabs %%%%
%%%% Tab:<i></i>Tabbed by: 6METAL6BASSIST6
E-mail: petergriffinav@gmail.com

Tuning: EADG

0:05

G|--------------------------------------------------|
D|--------------------------------------------------|
A|4-------------------------------------------------|
E|--2-----2-----2-----2-----2-----2-----2-----2-----|

G|------------------------------------------------------------------------------------------------|
D|------------------------------------------------------------------------------------------------|
A|------------------------------------------------------------------------------------------------|
E|2-----2-----2-----2-----2-----2-----2-----2-----0-----0-----0-----0-----0-----0-----0-----0-----|

G|------------------------------------------------------------------------------------------------|
D|----------------------7-----------------------------------------------6-------------------------|
A|5-----5-----5-----5-----5-----5-----5-----5-----4-----4-----4-----4-----4-----4-----4-----4-----|
E|------------------------------------------------------------------------------------------------|

G|------------------------------------------------------------------------------------------------|
D|------------------------------------------------------------------------------------------------|
A|------------------------------------------------------------------------------------------------|
E|2-----2-----2-----2-----2-----2-----2-----2-----0-----0-----0-----0-----0-----0-----0-----0-----|

G|------------------------------------------------------------------------------------------------|
D|----7-----------------7-----------------------------6-----6-----------6-----------------6-----2-|
A|5-----5-----5-----5-----5-----5-----5-----5-----4-----4-----4-----4-----4-----4-----4-----4-----|
E|------------------------------------------------------------------------------------------------|

0:41

G|------------------------------------------------------------------------------------------------|
D|4-----4-----4-----4---2-----------------------2-4-----4-----4-----2---------------------------2-|
A|------------------------4-----4-----4-----4---------------------------4-0-----0-----0-----4-----|
E|------------------------------------------------------------------------------------------------|

G|------------------------------------------------------------------------------------------------|
D|4-----4-----4-----4---2-----------------------2-4-----4-----4-----4-----------------------------|
A|------------------------4-----4-----4-----4---------------------------4-0-----0-----0-----0---4-|
E|------------------------------------------------------------------------------------------------|

0:57

G|------------------------------------------------------------------------------------------------|
D|------------------------------------------------------------------------------------------------|
A|------------------------------------------------------------------------------------------------|
E|2-----2-----2-----2-----2-----2-----2-----2-----0-----0-----0-----0-----0-----0-----0-----0-----|

G|------------------------------------------------------------------------------------------------|
D|----------7-----------------------7-----------------------6-----------6-----------6-----6-----2-|
A|5-----5-----5-----5-----5-----5-----5-----5-----4-----4-----4-----4-----4-----4-----4-----4-----|
E|------------------------------------------------------------------------------------------------|

1:13

G|------------------------------------------------------------------------------------------------|
D|4-----4-----4-----4---2-----------------------2-4-----4-----4-----4-----------------------------|
A|------------------------4-----4-----4-----4---------------------------4-0-----0-----0-----0---4-|
E|------------------------------------------------------------------------------------------------|

G|------------------------------------------------------------------------------------------------|
D|4-----4-----4-----4---2-----------------------2-4-----4-----4-----4-----------------------------|
A|------------------------4-----4-----4-----4---------------------------4-0-----0-----0-----0---4-|
E|------------------------------------------------------------------------------------------------|

1:29

G|------------------------------------------------------------------------------------------------|
D|------------------------------------------------------------------------------------------------|
A|------------------------------------------------------------------------------------------------|
E|2-----2-----2-----2-----2-----2-----2-----2-----0-----0-----0-----0-----0-----0-----0-----0-----|

G|------------------------------------------------------------------------------------------------|
D|----------------------------------------------------------------------6-----------------------2-|
A|5-----5-----5-----5-----5-----5-----5-----5-----4-----4-----4-----4-----4-----4-----4-----4-----|
E|------------------------------------------------------------------------------------------------|

1:45

G|------------------------------------------------------------------------------------------------|
D|4-----4-----4-----4---2-----------------------2-4-----4-----4-----4---6-7-----7-----------------|
A|------------------------4-----4-----4-----4---------------------------------------7-0-----0---4-|
E|------------------------------------------------------------------------------------------------|

G|------------------------------------------------------------------------------------------------|
D|4-----4-----4-----4---2-----------------------2-4-----4-----4-----4---2-------------------------|
A|------------------------4-----4-----4-----4-----------------------------4-----4-----4-----4---/-|
E|------------------------------------------------------------------------------------------------|

G|------------------------|
D|------------------------|
A|4-----4---/-4---/-4-----|
E|------------------------|

2:02

G|------------------------------------------------------------------------------------------------|
D|------------------------------------------------------------------------------------------------|
A|----------------------------------------------------------------------------------------------0-|
E|2-----2-----2-----2-----2-----2-----2-----2-----0-----0-----0-----0-----0-----0-----0-----0-----|

G|------------------------------------------------------------------------------------------------|
D|----------------------------------------------------6-----6-------------4-----4-----4-----4-----|
A|5-----5-----5-----5-----5-----5-----5-----5-----4-----4-----4-----4---------------------------2-|
E|------------------------------------------------------------------------------------------------|

2:20

G|------------------------------------------------------------------------------------------------|
D|----------6-----------------------------------------------------------2-4-----4-----4-----4-----|
A|4-----4-----4-----4---------------------------2-4-----4-----4-----4---------------------------2-|
E|------------------------2-----2-----2-----2-----------------------------------------------------|

G|------------------------------------------------------------------------------------------------|
D|----------------------2-4-----4-----4-----4---------------------------2-4-----4---2-4-----4-----|
A|4-----4-----4-----4---------------------------2-4-----4---2-4-----4---------------------------2-|
E|------------------------------------------------------------------------------------------------|

G|------------------------------------------------------------------------------------------------|
D|----------------------2-4-----4---2-4-----4---------------------------2-4---2-4---2-4---2-4-----|
A|4-----4---2-4-----4---------------------------2-4---2-4---2-4---2-4---------------------------2-|
E|------------------------------------------------------------------------------------------------|

G|------------------------------------------------------------------------------------------------|
D|----------------------2-4---2-4---2-4---2-4-----------------------------------------------------|
A|4---2-4---2-4---2-4---------------------------2-4---2-4---2-4---2-4---2-------------------------|
E|------------------------------------------------------------------------2-----------------------|
