%%%% rating:None %%%%
%%%% artist:Turf Tabs %%%%
%%%% url:http://tabs.ultimate-guitar.com/t/turf/no_necesito_amarte_crd.htm %%%%
%%%% title:No Necesito Amarte Chords %%%%
%%%% comments:[] %%%%
%%%% difficulty:None %%%%
%%%% provider:ultimate-guitar %%%%
%%%% contributor:None %%%%
%%%% type:Chords %%%%
%%%% Tab:<i></i>Intro: Riff
1-----------------------------
2-----------------------------
3-4 2 0---0---4 2 0---0----0--
4-------3-----------3---0 3---
5-----------------------------
6-----------------------------

<span>G</span>
El amor se terminó y ya no hay nada que hablar

y lo dicho esta dicho y lo hecho, hecho esta

la canción se terminó y ya no hay lo que cantar

y tengo que moverme aunque me cueste avanzar.

R<span>C</span>     re(re4)                     do(do7)
Esta bien, voy a olvidar su nombre y ya
R<span>C</span>         re(re4)                do(do7)
ella es el 666 y yo no quiero ese número.
                       <span>G</span>
ye me di cuenta que....


riff

<span>G</span>
Estaba tan ciego que no podía ver quien sos

y no tuvimos hijos sólo gracias a dios

iba caminando hacia mi propio funeral

y tuve que moverme aunque me cueste avanzar.

        <span>D</span> (<span>D4</span>)                    <span>C</span> (<span>C7</span>)
Y esta bien, voy a olvidar su nombre y ya
<span>D</span>         re(re4)                <span>C</span> (<span>C7</span>)
ella es el 666 y yo no quiero ese número.

ye me di cuenta que....

<span>G</span>                 <span>A#</span>
No necesito amarte, no necesito amarte
<span>C</span>
no necesito amarte si me hace mal (dos veces)

El amor se terminó......


Dedicado a Rosario(la 666)de parte de Carlee.
Consultas chino_academia@
