%%%% rating:None %%%%
%%%% artist:Turbowolf Tabs %%%%
%%%% url:http://tabs.ultimate-guitar.com/t/turbowolf/rabbits_foot_tab.htm %%%%
%%%% title:Rabbits Foot Tab %%%%
%%%% comments:[] %%%%
%%%% difficulty:
                                    intermediate                                 %%%%
%%%% provider:ultimate-guitar %%%%
%%%% contributor:
                                     %%%%
%%%% type:Tabs %%%%
%%%% Tab:<i></i>Turbowolf's new single 'Rabbit's Foot', unveiled on 26/10/14 on the BBC Radio 1 Rock Show and chosen as their
#RockestRecord of the following week. Promoting the release of the new album, 'Two Hands', releasing in April
2015, its a worthy song to reveal prior to the album release.
It sounds like the song is played with an octave down effect layered on to the guitar, sounds better with it
anyway if you've got some sort of Digitech Whammy.

D Standard Tuning - DGCFAd

Intro bit

[Strike the 3rd string every beat(^).]
[For the second slide, play a slide going further towards the end of the fretboard.]
d|----------|
A|----------|
F|-4///4///-|
C|-^-^-^-^--|
G|----------|
D|----------|

[Play staccato notes (mute the open D every other quaver).]
d|-----------------|
A|-----------------|
F|-----------------|
C|-----------------|
G|-----------------|
D|-0-0-0-0-0-0-0-0-|

Verse Riff [Play staccato notes here as well except from sustained notes indicated with '~'.]

d|--------------------------|
A|--------------------------|
F|--------------------------|
C|--------------------------|
G|--------------------------|
D|-0-0-0-0-12~0-0-10-10--10-|x3

(Singing enters)

d|--------------------------|
A|--------------------------|
F|--------------------------|
C|--------------------------|
G|--------------------------|
D|-0-0-0-0-12~0-0-10-10--10-|x3

d|--------------------------|
A|--------------------------|
F|--------------------------|
C|--------------------------|
G|--------------------------|
D|-0-0-0-0-12~0-0-10--------|
                   
Chorus (I need some kind of voodoo)

d|------------------------|
A|------------------------|
F|------------------------|
C|------------------------|
G|---10p9-10p9----10--10~-|
D|-0----------10-0--------|x3

d|---------------------|
A|---------------------|
F|---------------------|
C|---------------------|
G|---10p9--------5---7-|
D|-0-----10-5--7---7---|

d|------------------------|
A|------------------------|
F|------------------------|
C|------------------------|
G|---10p9-10p9----10--10~-|
D|-0----------10-0--------|x3

d|---------------------|
A|---------------------|
F|---------------------|
C|---------------------|
G|---10p9--------5---7-|
D|-0-----10-5--7---7---|

Verse Riff (detailed earlier)

d|--------------------------|
A|--------------------------|
F|--------------------------|
C|--------------------------|
G|--------------------------|
D|-0-0-0-0-12~0-0-10-10--10-|

d|---------------------------------|
A|---------------------------------|
F|---------------------------------|
C|---------------------------12h14-|
G|---------------------12h14-------|
D|-0-0-0-0-12~0-0-10-10------------|

d|--------------------------|
A|--------------------------|
F|--------------------------|
C|--------------------------|
G|--------------------------|
D|-0-0-0-0-12~0-0-10-10--10-|

d|--------------------------|
A|--------------------------|
F|---------------(FEEDBACK)-|
C|--------------------------|
G|--------------------------|
D|-0-0-0-0-12~0-0-10--------|

Chorus (I need some kind of voodoo)

d|------------------------|
A|------------------------|
F|------------------------|
C|------------------------|
G|---10p9-10p9----10--10~-|
D|-0----------10-0--------|x3

d|----------------------|
A|----------------------|
F|----------------------|
C|----------------------|
G|---10p9---------5---7-|
D|-0-----10-3/5-7---7---|

d|------------------------|
A|------------------------|
F|------------------------|
C|------------------------|
G|---10p9-10p9----10--10~-|
D|-0----------10-0--------|x3

d|----------------------|
A|----------------------|
F|----------------------|
C|----------------------|
G|---10p9---------5---7-|
D|-0-----10-3/5-7---7---|

Bridge

[Play staccato notes (mute the open D every other quaver).]
d|-------------------|-------------------|
A|-------------------|-------------------|
F|-------------------|-------------------|
C|-------------------|-------------------|
G|-------------------|------------10-12--|
D|-0-0-0-0-------0-0-|-0-0-0-0---------10|

d|-------------------|-------------------|
A|-------------------|-------------------|
F|-------------------|-------------7-9-12|
C|-------------------|-----(feedback)----|
G|-------------------|-------------5-7-10|
D|-0-0-0-0-------0-0-|-0-0-0-0-----------|

d|-------------------|-------------------|
A|-------------------|-------------------|
F|-9-9-9-9--7-7~-7-7~|-9-9-9-9-7-7~7-7-10|
C|-------------------|-------------------|
G|-7-7-7-7--5-5~-5-5~|-7-7-7-7-5-5~5-5--8|
D|-0-0-0-0-----------|-0-0-0-0-----------|

d|-------------------|-------------------|
A|-------------------|-------------------|
F|-9-9-9-9--7-7~-7-7~|-9-9-9-9-7-7~7-7-7-|
C|-------------------|-------------------|
G|-7-7-7-7--5-5~-5-5~|-7-7-7-7-5-5~5-5-5-|
D|-0-0-0-0-----------|-0-0-0-0-----------|

d|-----------------|-----------------|
A|-----------------|-----------------|
F|-----------------|-----------------|
C|10101010-9-9-9-9-|10101010-9-9-9-9-|
G|-----------------|-----------------|
D|-8-8-8-8-7-7-7-7-|-8-8-8-8-7-7-7-7-|

d|-----------------|--------------------------------|
A|-----------------|--------------------------------|
F|-----------------|----------------------------77~-|
C|10101010-9-9-9-9-|-~~~lots of feedback~~~---------|
G|-----------------|----------------------------55~-|
D|-8-8-8-8-7-7-7-7-|--------------------------------|

Chorus (I need some kind of voodoo)

d|------------------------|
A|------------------------|
F|------------------------|
C|------------------------|
G|---10p9-10p9----10--10~-|
D|-0----------10-0--------|x3

d|----------------------|
A|----------------------|
F|----------------------|
C|----------------------|
G|---10p9---------5---7-|
D|-0-----10-3/5-7---7---|

d|------------------------|
A|------------------------|
F|------------------------|
C|------------------------|
G|---10p9-10p9----10--10~-|
D|-0----------10-0--------|x3

d|----------------------|
A|----------------------|
F|----------------------|
C|----------------------|
G|---10p9---------------|
D|-0-----10-00-5-~-3-~--|

Outro

d|------------------------|
A|------------------------|
F|------------------------|
C|--------------9---------|
G|--10p9-10p9--------9----|
D|-0---------10---10---10-|x3

d|----------------------|
A|----------------------|
F|----------------------|
C|----------------------|
G|---10p9---------------|
D|-0-----10-00-5-~-3-~--|

d|------------------------|
A|------------------------|
F|------------------------|
C|--------------9---------|
G|--10p9-10p9--------9----|
D|-0---------10---10---10-|x3

d|----------------------|------|
A|----------------------|------|
F|----------------------|------|
C|----------------------|------|
G|---10p9---------------|-2~~--|
D|-0-----10-00-80007500-|-0~~--|
