%%%% rating:None %%%%
%%%% artist:Turf Tabs %%%%
%%%% url:http://tabs.ultimate-guitar.com/t/turf/pasos_del_costado_tab.htm %%%%
%%%% title:Pasos Del Costado Tab %%%%
%%%% comments:[] %%%%
%%%% difficulty:None %%%%
%%%% provider:ultimate-guitar %%%%
%%%% contributor:None %%%%
%%%% type:Tabs %%%%
%%%% Tab:<i></i>Estube viendo a turf en la tv
y vi que el guitarrista hace el punteado
que puse en la anterior transcricion de
esta manera, que en realidad seria igual
pero está es  de la manera q la hace el
asi q para los q le gusta igual, ahi esta

tambien modifique un acorde que q  me di cuenta
despues de subirla,
pero aca no me dejanban subir la transcripcion
de vuelta por ser similar, asi
q le cambie el nombre a la cancion

Intro x 2

e ------------------------|
B ------------------------|
G -----------2--2---------|
D -----2---4------4-2-----|
A -5-5---5------------5|--|
E ------------------------|

igualmente me parece mucho mas
sensilla de la manera q la pase antes


      D                                 Bm
nunca dormi tan poco tal ves viva demasiado
 F#m                                      A
no reconosco el punto justo donde hay q frenar
me preguntaba lo que habia dado y lo que me habian dejado
me respondieron q en la vida hay q aceptar
    Bm                          D
de cualquier modo que te toque esta bien
     A                           E
de cualquier modo que te toque esta mal
G                         D                     A
mejor abrir los ojos para saber lo que te gustaria ser

e ------------------------|
B ------------------------|
G -----------2--2---------|
D -----2---4------4-2-----|
A -5-5---5------------5|--|
E ------------------------|
(DOS VECES)

debo haber estado dando pasos al costado
paralizado por el miedo de saber la verdad
me imaginaba que lo que habiamos pasado habia quedado pisado
pero encontramos una nueva forma de hablar
de cualquier modo que te toque esta bien
de cualquier modo que te toque esta mal
mejor abrir los ojos para saber lo que te gustaria ser

E               D                    A
es el momento que todo comienza de vuelta
mi corazon esta alerta y el tuyo tambien
todo este tiempo vivido me sirve de ejemplo
G                 A               G             A
para no volver, para no volver, para no volver, a caer

de cualquier modo que te toque esta bien
de cualquier modo que te toque esta mal
mejor abrir los ojos para saber lo que te gustaria ser

y aca les va el punteado del solo

e -------------------------------------------------------------------------------|
B -------------------------------------------------------------------------------|
G -------------------------------------------------------------------------------|
D -------------------------------------------------------------------------------|
A -0-2-4-5--5-5-5-5-5-5-5-5--5-4-0-5-2largo---2-2-2-4-4--4-4-4-4-4-4-3-0--4-3-0--|
E -------------------------------------------------------------------------------|

aunque les paresca raro el punteado es ese, vi como lo hacia, es en una sola cuerda
cuando pongo varios 5 me pierdo asi puede q falten un par o haya un par de mas lo
mismo cuando repito los 4

es el momento que todo comienza de vuelta
mi corazon esta alerta y el tuyo tambien
todo este tiempo vivido me sirve de ejemplo
para no volver, para no volver, para no volver, a caer
para no volver, para no volver, para no volver, a caer

y ahora se la dedico a Agos q la amo con todo mi ser!
y se q le gusta mucho esta cancion

                                     Mayu!
