%%%% rating:r_4 %%%%
%%%% artist:Smithereens Tabs %%%%
%%%% url:http://tabs.ultimate-guitar.com/s/smithereens/blood_and_roses_btab.htm %%%%
%%%% title:Blood And Roses Bass Tab %%%%
%%%% comments:[u'<p class="mtop5">its tuned down half a step</p>'] %%%%
%%%% difficulty:None %%%%
%%%% provider:ultimate-guitar %%%%
%%%% contributor:
                                     %%%%
%%%% type:Bass Tabs %%%%
%%%% Tab:<i></i>This is much closer than any of the other versions I've seen.


Intro/Verse/Outro
G|--------|--------|
D|------0-|------40|
A|---2---2|---2-2--|
E|0-3-3---|0-3-3---|

Chorus
G|--------|---------|--------|---------|----------|------|
D|--------|---------|--------|---------|----------|------|
A|33-333-3|55-5-77-7|33-333-3|55-5-77-7|33-333----|------|
E|--------|---------|--------|---------|------0135|5-55/\|

Solo  (starts of like this for about 4 measures then changes
to something I'm not sure of yet...)
G|--------|--------|
D|22225555|22225500|
A|--------|--------|
E|--------|--------|

Then it's just another verse, then chorus, then back to verse
until you end, the song fades out, so do with it what you like.

The arrangement is something like:
Intro
Verse
Chorus
Verse
Chorus
Intro
Solo
Intro
Verse
Chorus
Outro
