%%%% rating:r_1 %%%%
%%%% artist:Snsd Tabs %%%%
%%%% url:http://tabs.ultimate-guitar.com/s/snsd/gee_crd.htm %%%%
%%%% title:Gee Chords %%%%
%%%% comments:[] %%%%
%%%% difficulty:None %%%%
%%%% provider:ultimate-guitar %%%%
%%%% contributor:
                                    novice                                 %%%%
%%%% type:Chords %%%%
%%%% Tab:<i></i>Play throughout whole song:
<span>Dm7</span>
<span>Bm7</span>
<span>C#m7</span>
<span>F#m7</span>

Aha! Listen boy
My first love story
My angel and my girls
My sunshine
Oh! Oh! Let’s go!

Neomuneomu meotjyeo nuni nuni busyeo
Sumeul mot swigesseo tteollineun girl
Gee Gee Gee Gee Baby Baby Baby
Gee Gee Gee Gee Baby Baby Baby

Oh neomu bukkeureowo chyeodabol su eobseo
Sarange ppajyeosseo sujubeun girl
Gee Gee Gee Gee Baby Baby Baby
Gee Gee Gee Gee Bab Bab Bab Bab Bab Bab

Eotteoke hajyo (eotteokhajyo)
Tteollineun maeum (tteollineun mameunyo)
(Dugeundugeundugeundugeun) dugeun dugeungeoryeo bamen jamdo mot irujyo

Naneun naneun babongabwayo
Geudae geudaebakke moreuneun babo geuraeyo geudael boneun nan

Neomu banjjak banjjak nunibusyeo No No No No No
Neomu kkamjjak kkamjjak nollan naneun Oh Oh Oh Oh Oh
Neomu jjaritjjarit momi tteollyeo Gee Gee Gee Gee Gee
Jeojeun nunbit Oh Yeah joheun hyanggi Oh Yeah Yeah Yeah

Oh neomu neomu yeppeo mami neomu yeppeo
Cheotnune banhaesseo kkok jjibeun girl
Gee Gee Gee Gee Baby Baby Baby
Gee Gee Gee Gee Baby Baby Baby

Neomuna tteugeowo manjil suga eobseo
Sarange tabeoryeo hukkeunhan girl
Gee Gee Gee Gee Baby Baby Baby
Gee Gee Gee Gee Ba Ba Ba Ba Ba Ba

Eojjeomyeon joha (eojjeomyeon johayo)
Sujubeun naneun (sujubeun naneunyo)
(Mollamollamollamolla)
Molla mollahamyeo maeil geudaeman geurijyo

Chinhan chingudeureun malhajyo
Jeongmal neoneun jeongmal motmallyeo
Babo hajiman geudael boneun nan

Neomu banjjak banjjak nunibusyeo No No No No No
Neomu kkamjjak kkamjjak nollan naneun Oh Oh Oh Oh Oh
Neomu jjaritjjarit momi tteollyeo Gee Gee Gee Gee Gee
Jeojeun nunbit Oh Yeah joheun hyanggi Oh Yeah Yeah Yeah

Maldo motaenneun geol neomu bukkeureowo haneun nal
Yonggiga eomneungeolkka eotteokhaeya joheungeolkka
Dugeundugeun mam jorimyeo barabogo inneun na

Neomu banjjak banjjak nunibusyeo No No No No No
Neomu kkamjjak kkamjjak nollan naneun Oh Oh Oh Oh Oh
Neomu jjaritjjarit momi tteollyeo Gee Gee Gee Gee Gee
Jeojeun nunbit Oh Yeah joheun hyanggi Oh Yeah Yeah Yeah

Neomu banjjak banjjak nunibusyeo No No No No No
Neomu kkamjjak kkamjjak nollan naneun Oh Oh Oh Oh Oh
Neomu jjarit jjarit momi tteollyeo Gee Gee Gee Gee Gee
Jeojeun nunbit Oh Yeah joheun hyanggi Oh Yeah Yeah Yeah
