%%%% rating:None %%%%
%%%% artist:Snubnose Tabs %%%%
%%%% url:http://tabs.ultimate-guitar.com/s/snubnose/i_feel_exhausted_ukulele_crd.htm %%%%
%%%% title:I Feel Exhausted Ukulele Chords %%%%
%%%% comments:[] %%%%
%%%% difficulty:None %%%%
%%%% provider:ultimate-guitar %%%%
%%%% contributor:
                                    novice                                 %%%%
%%%% type:Ukulele %%%%
%%%% Tab:<i></i>http://web.archive.org/web/20011031135020/www.snubnose.com/start.shtml

Nicht sehr genau, aber zum Spielen (ggf. schrubben ^^) und Singen sollte es reichen. 
sich jemand Geübtes die Mühe machen würde, eine Korrektur zu schreiben, wäre ich natürlich 
erfreut.
Praise the Lord!

---------------------------
I feel exhausted - Snubnose
---------------------------

Verse:

<span>D</span>          <span>C</span>            <span>G</span>              <span>A</span>
I feel exhausted and i need some recreation
<span>D</span>        <span>C</span>           <span>G</span>              <span>A</span>
I am so tired i can hardly stand today
<span>D</span>           <span>C</span>             <span>G</span>           <span>A</span>
I have to come to rest i need a sanctuary
<span>D</span>           <span>C</span>               <span>G</span>            <span>A</span>
Where I can be alone with you my loving GOD

Chorus:

<span>G</span>  <span>A</span>                <span>D</span>                        (<span>A</span>)
We do not have to worry about tomorrow
<span>G</span>        <span>A</span>          <span>H</span>  (?<span>H</span>)      (<span>A</span>)
Not to worry ґbout today
<span>G</span>     <span>A</span>                <span>D</span>                         (<span>A</span>)
You promised that you will always be with us
<span>G</span>        <span>A</span>         <span>D</span> <span>A</span>  <span>G</span>
You will be with me
(<span>A</span>)          <span>D</span>  <span>A</span> <span>G</span>     (<span>A</span>)
Will be with me


And when i think about the stress I'l have tomorrow
It deadens me, my courage and my confidence
I need your mighty strength my heavenly creator
To cast aside my fear and my anxiety

Chorus


Bridge:


<span>F</span>           <span>G</span>
No matter what will come
<span>F</span>           <span>G</span>
No matter what will be
<span>F</span>            <span>G</span>                 <span>A</span>
I know that you are there for me


next Part:

Chords: <span>D</span>    <span>C</span>    <span>G</span>    <span>A</span>
Tab(unfinished, just a hint:
e------------------------------------10-8----------------10s13---10-8----|..
H-----------------------------------------10-8---10--8-10----------------|
G----12-13-12-13-12-10-----10-----10-----------10------------------------|
D----------------------12------12----------------------------------------|
A------------------------------------------------------------------------|
E------------------------------------------------------------------------|
