%%%% rating:r_5 %%%%
%%%% artist:Snsd Tabs %%%%
%%%% url:http://tabs.ultimate-guitar.com/s/snsd/mistake_crd.htm %%%%
%%%% title:Mistake Chords %%%%
%%%% comments:[] %%%%
%%%% difficulty:
                                    novice                                 %%%%
%%%% provider:ultimate-guitar %%%%
%%%% contributor:
                                     %%%%
%%%% type:Chords %%%%
%%%% Tab:<i></i>CAPO 2

<span>C</span>               <span>Am</span>
Nan ajig jejarijyo
                       <span>Dm</span>
Yeojeonhi geudae gyeoteseo
     <span>F</span>
Hemaeida jichyeoseo

<span>C</span>                      <span>G</span>
Oneuldo geudaer maemdolda
                      <span>Em</span>             
Haru tto haru heulleo heulleoseo
      <span>F</span>          <span>G</span>
Yeogikkaji ongeojyo

      <span>Em</span>            <span>Am</span>            <span>Dm</span>
Almyeonse apeun nae mam almyeonseodo
   <span>Fm</span>                    <span>G</span>
Utneun geudaega nar deo apeuge hajyo

<span>F</span>                   <span>Am</span>          
Nareul deo saranghage mandeulji mothan
<span>G</span>          <span>F</span>
Nae jalmosijyo
<span>F</span>                   <span>Am</span>     
Naega deo saranghaeseo mandeureobeorin
<span>G</span>           <span>F</span>
Nae jalmosijyo
          <span>Am</span>               <span>G</span>
Nae maeummankeum narreur deo
       <span>C</span>              <span>G</span>                  <span>Am</span>
Saranghage haji mot haesseotdeon geoyeotjyo
     <span>G</span>       <span>F</span>
Nae jalmosijyo

<span>C</span>               <span>Am</span>
Eolmana deo manheun siganeul
                       <span>Dm</span>
Nunmureur heullyeo yahanayo
     <span>F</span>
Geu yaksokmaneul mideumyeo

<span>C</span>                      <span>G</span>
Gidaryeo dalladeon geojitmal
                      <span>Em</span> 
Ije sogatdeon nae yoksimdo
            <span>F</span>          <span>G</span>
Jichyeo beorigo mangeojyo

      <span>Em</span>            <span>Am</span>            <span>Dm</span>
Almyeonseo apeun naemamda almyeonseo
       <span>Fm</span>                      <span>G</span>
Geureohge moreun cheok useul sun eobtjanhayo

<span>F</span>                   <span>Am</span>          
Nareul deo saranghage mandeulji mothan
<span>G</span>          <span>F</span>
Nae jalmosijyo
<span>F</span>                   <span>Am</span>     
Naega deo saranghaeseo mandeureobeorin
<span>G</span>           <span>F</span>
Nae jalmosijyo
          <span>Am</span>               <span>G</span>
Nae maeummankeum nareul deo
       <span>C</span>              <span>G</span>                  <span>Am</span>
Saranghage haji mot haesseotdeon geoyeotjyo
     <span>G</span>       <span>F</span>
Nae jalmosijyo

<span>Bb</span>       <span>F</span>                   <span>C</span>
Gajil su eobtneungeol almyeonseo
<span>Bb</span>          <span>F</span>           <span>C</span>              
Meotdaero keojin nae maeumi
      <span>Bb</span>
Honjaseo gidaridaga
         <span>F</span>
Honjaseo huhoehadaga
    <span>Dm</span>      <span>G</span>   <span>F</span>    <span>Am</span>   <span>G</span>
Saranghan geotdo jalmosineyo

<span>F</span>                   <span>Am</span>  
Apeun jul almyeonseodo itjireu mothan
<span>G</span>          <span>F</span>
Nae jalmosijyo (Naega cham babo gatjyo)
<span>F</span>                       <span>Am</span>         
Dachil kkeol almyeonseodo biuji mothan
<span>G</span>           <span>F</span>
Nae jalmosijyo (Nae jalmosijyo)
        <span>Am</span>            <span>G</span>
Modeun ge nae tasiradeo(Modeun ge nae tasiradeo)
       <span>C</span>              <span>G</span>                  <span>Am</span>
Geurado gwaenchanhayo geudaeman itdamyeon (Itdamyeon)
    <span>G</span>       <span>F</span>
Eonjekkajina
   <span>Am</span>                <span>G</span>
Oh ireon nal yongseohaejwoyo
        <span>F</span> <span>G</span>        <span>C</span>
Geudael saranghan nal

Good Luck ~
