%%%% rating:None %%%%
%%%% artist:Nacho Vegas Tabs %%%%
%%%% url:http://tabs.ultimate-guitar.com/tab/1629960 %%%%
%%%% title:Canción De Palacio #7 Chords %%%%
%%%% comments:[] %%%%
%%%% difficulty:None %%%%
%%%% provider:ultimate-guitar %%%%
%%%% contributor:None %%%%
%%%% type:Chords %%%%
%%%% Tab:<i></i>Hola a todos,pues aqui les dejo lo que ami me parecio lo mas
en cuanto acores,puesto que ahy algunas partes en las que no
puedo identificar el sonido(por ejemplo la parte que dice
"Y si empiezo a arder...")
asi que acepto que me digan que esta
mal...
Otra cosa,les aconsejo que oigan la cancion para que no se
equivoquen en la letra por que se que aqui la letra no estara
en orden.


Introducción:

<span>D</span>-<span>A</span>-<span>G</span>-<span>Bm</span>-<span>G</span>


                                <span>D</span>
Con todas estas páginas... he construido
              <span>A</span>                        <span>G</span>
Mi mansión en una zona alta de la ciudad,
       <span>Bm</span>     <span>A</span>
Soleada y residencial.

<span>D</span>                              <span>A</span>
Me llegó a ofrecer y era una ganga- mano
               <span>G</span>          <span>Bm</span>       <span>A</span>
De obra infantil cierta gran multinacional.
<span>G</span>
Claro, yo la rechacé.


<span>D</span>                            <span>A</span>
No saben la de cosas que se escuchan cuando
             <span>G</span>   <span>Bm</span>          <span>A</span>
Tus paredes son todas de papel.
<span>D</span>                          <span>A</span>                  <span>G</span>
Anoche oí a dos tipos planear una guerra nuclear
                       <span>Bm</span>      <span>A</span>
Mientras me hacía un té.

(Nota #1:
En esta estrofa que sigue pueden cambiar A por D...ok
pues ami me sonava bien de las dos maneras asi que lo dejo a su
criterio)


<span>Bm</span>                    <span>A</span>       <span>G</span>
Y a veces oigo a las ratas
                  <span>Bm</span>    <span>A</span>
Que roen la pared.

<span>Bm</span>                <span>A</span>
Les doy papel de estraza
              <span>G</span>          <span>Bm</span>          <span>A</span>
Del que uso yo para sacar la tinta de la piel.


<span>D</span>                   <span>A</span>                <span>G</span>
Y vivo así en mi palacio de papel.
                  <span>Bm</span>         <span>A</span>
Se está bien aquí,  se está bien.
<span>D</span>                      <span>A</span>                    <span>G</span>
La mujer del tiempo anuncia un vendaval,
               <span>Bm</span>          <span>A</span>
Pero no me iré;  resistiré.


<span>G</span>


    <span>D</span>                       <span>A</span>
Y se oyen voces que hablan de desahucio
                        <span>G</span>           <span>Bm</span>       <span>A</span>
y sé que quieren derribar mi humilde  mansión.

<span>D</span>                             <span>A</span>                   <span>G</span>
Al parecer pretende abrir aquí una nueva boutique
            <span>Bm</span>        <span>A</span>
Un tal Louis  Vuitton.
<span>G</span>
    Puede que le vaya a ver...


<span>D</span>                            <span>A</span>
O puede que me atrinchere aquí,
                      <span>G</span>                                <span>Bm</span>   <span>A</span>
y como cualquier animal ya sabré lo que hay que hacer.


        <span>D</span>                      <span>A</span>
O entienda que si no pierdo la fe es porque
           <span>G</span>                      <span>Bm</span>    <span>A</span>
Jamás llegué a tener una que perder.


(Nota #2:Misma nota que la #1)

<span>Bm</span>                      <span>A</span>
Pero en veintiocho años,
<span>G</span>                       <span>Bm</span>  <span>A</span>
 Vean que la reconstruí
<span>Bm</span>                     <span>A</span>
Con estas torpes manos
       <span>G</span>            <span>Bm</span>               <span>A</span>
Un millar de veces y sigo viviendo así,


         <span>D</span>                      <span>A</span>     <span>G</span>
Como un rey en mi palacio de papel.
                  <span>Bm</span>             <span>A</span>
Se está bien aquí,  se está bien.
    <span>D</span>                 <span>A</span>                <span>G</span>
La mujer del tiempo anuncia un huracán,
               <span>Bm</span>          <span>A</span>
Pero no me iré;  resistiré.


<span>D</span>-<span>A</span>-<span>G</span>-<span>Bm</span>-<span>A</span>


<span>G</span>                                          <span>D</span>   <span>D7</span>  <span>Am</span>
  Y si hay un fuego aprenderé a arder.
<span>G</span>                         <span>A</span>                  <span>Bm</span>-<span>A</span>-<span>Bm</span>-<span>A</span>
  Y si empiezo a arder aprenderé a apagarme.


         <span>D</span>                      <span>A</span>     <span>G</span>
Como un rey en mi palacio de papel.
                  <span>Bm</span>             <span>A</span>
Se está bien aquí,  se está bien.
    <span>D</span>                 <span>A</span>                <span>G</span>
La mujer del tiempo anuncia un vendaval,
               <span>Bm</span>          <span>A</span>
Pero no me iré;  resistiré.


         <span>D</span>                      <span>A</span>     <span>G</span>
Como un rey en mi palacio de papel.
                  <span>Bm</span>             <span>A</span>
Se está bien aquí,  se está bien.
    <span>D</span>                 <span>A</span>                <span>G</span>
La mujer del tiempo anuncia un huracán,
               <span>Bm</span>          <span>A</span>
Pero no me iré;  resistiré.


<span>D</span>-<span>A</span>-<span>G</span>-<span>Bm</span>-<span>A</span> (x4)


<span>G</span>


Un saludo muy grande para mi amiga Yazmin,que me a ayudado mucho
y recuerden...
"Si no pierdes al fin la razon,
sabras que no hay mas que una solucion:I...MEL...DA"
