%%%% rating:None %%%%
%%%% artist:Snsd Tabs %%%%
%%%% url:http://tabs.ultimate-guitar.com/s/snsd/whisper_ukulele_crd.htm %%%%
%%%% title:Whisper Ukulele Chords %%%%
%%%% comments:[] %%%%
%%%% difficulty:
                                    novice                                 %%%%
%%%% provider:ultimate-guitar %%%%
%%%% contributor:
                                     %%%%
%%%% type:Ukulele %%%%
%%%% Tab:<i></i>INTRO <span>D</span> <span>A</span> <span>E</span> <span>Gbm</span> 

<span>D</span>
Oh baby jogeumssik naege wa
<span>A</span>
No baby neomu ppareujin anke
<span>E</span>
Dalbichi challanhan oneulbam
<span>Gbm</span>
Nal bichuneun neoui moonlight
Bichuneun neoui moonlight
<span>D</span>
Neol baraboneun nae nunbiche
<span>A</span>
Byeolbicheul gadeukhi damaseo
<span>E</span>
I bami kkeutnal ttaekkaji
<span>Gbm</span>
Hwanhi bichuneun nan neoui starlight


<span>D</span>                                             <span>A</span>
Sujubeun nae tteollime neol hyanghae ttwineun simjangeul
             <span>E</span>
Gamchul suga eobseo no no no
             <span>Gbm</span>
Ijeneun gobaekhalge yeah yeah yeah

<span>D</span>
Salmyeosi danneun lips
                  <span>A</span>
Somsatangcheoreom dalkomhi nongneun kiss
                <span>E</span>                   <span>Gbm</span>
Du nuneul gamgo you neoman deullige ooh


        <span>D</span>
Saljjangman deo naege dagawajwo
<span>A</span>
My favorite i sungan
       <span>E</span>                          <span>Gbm</span>
Naega nege malhae bimilseureopge nege malhae
<span>D</span>
Kkumgyeolgachi pogeunhan
      <span>A</span>                      <span>E</span>
Neoui pumsoge ssok angyeoseo tonight

Soksagyeojullae
<span>Gbm</span>
Naega nege naega nege malhae


<span>D</span>
Ijekkeot sumgyeoon apeumi
<span>A</span>
Modu da sarajyeo beorige
<span>E</span>
Ganeulgo yeorin najiman
<span>Gbm</span>
Neol ganghage kkok gamssajulge


          <span>D</span>                     <span>A</span>
Sinbiroun mabeobe ppajin deutan nae mameul
           <span>E</span>                  <span>Gbm</span>
Nege boyeo jullae oneuri gagi jeone


<span>D</span>
Budeureoun neoui lips
                <span>A</span>
Karamelcheoreom salmyeosi nongneun kiss
                <span>E</span>
Du nuneul gamgo you
                   <span>Gbm</span>
Yeah baby it’s for you yeah

       

        <span>D</span>
Saljjangman deo naege dagawajwo
<span>A</span>
My favorite i sungan
       <span>E</span>                          <span>Gbm</span>
Naega nege malhae bimilseureopge nege malhae
<span>D</span>
Kkumgyeolgachi pogeunhan
      <span>A</span>                      <span>E</span>
Neoui pumsoge ssok angyeoseo tonight

Soksagyeojullae
<span>Gbm</span>
Naega nege naega nege malhae



<span>D</span>
Dan hanbeondo neukkiji motaebwatdeon

Nae onmomeul
            <span>A</span>
Heundeuneun sinseonhan i neukkim
<span>E</span>
My heartbeat (My heartbeat)
<span>Gbm</span>
Nan eorin sonyeoga doen geotman gata
<span>D</span>                     <span>A</span>
Yeogi neowa na ireoke dan duri
<span>E</span>               <span>Gbm</span>
Teukbyeolhan urimanui kkumeul


        <span>D</span>
Saljjangman deo naege dagawajwo
<span>A</span>
My favorite i sungan
       <span>E</span>                          <span>Gbm</span>
Naega nege malhae bimilseureopge nege malhae
<span>D</span>
Kkumgyeolgachi pogeunhan
      <span>A</span>                      <span>E</span>
Neoui pumsoge ssok angyeoseo tonight

Soksagyeojullae
<span>Gbm</span>
Naega nege naega nege malhae


        <span>D</span>
Hanbeonman deo naege dagawajwo
<span>A</span>
My favorite han saram
       <span>E</span>                          <span>Gbm</span>
Naega nege malhae bimilseureopge nege malhae
<span>D</span>
Kkumgyeolgachi pogeunhan
      <span>A</span>                      <span>E</span>
Neoui pumsoge ssok angyeoseo tonight

Soksagyeojullae
<span>Gbm</span>
Naega nege naega
                   <span>D</span>
Naega neol saranghae 






