%%%% rating:None %%%%
%%%% artist:Snuff Tabs %%%%
%%%% url:http://tabs.ultimate-guitar.com/s/snuff/arsehole_tab.htm %%%%
%%%% title:Arsehole Tab %%%%
%%%% comments:[] %%%%
%%%% difficulty:None %%%%
%%%% provider:ultimate-guitar %%%%
%%%% contributor:
                                     %%%%
%%%% type:Tabs %%%%
%%%% Tab:<i></i>-----------------------------------------------------------------------------
                             ARSEHOLE - SNUFF
-----------------------------------------------------------------------------
Tabbed by:Toby irwin aka mr_dingdong
Email:mr_dingdong@hotmail.com
Tuning:normal
         2x                  2x
e|-------------------|-------------------|--------------------|
B|-------------------|-------------------|--------------------|
G|----2--2---2222----|---/9--9---9999----|--7--7---7777-------|
D|----2--2---2222----|---/9--9---9999----|--7--7---7777-------|
A|----0--0---0000----|----7--7---7777----|--5--5---5555-------|
E|-------------------|-------------------|--------------------|

e|------------------------------------------------------------|
B|------------------------------------------------------------|
G|---9--9---9999----7--7---7777----2--2---2222----------------|
D|---9--9---9999----7--7---7777----2--2---2222----------------|
A|---7--7---7777----5--5---5555----0--0---0000----------------|
E|------------------------------------------------------------|


i changed the trombone to guitar tab if anyone wants to play that
e|-----------------------------------------------------------|
B|-----------------------------------------------------------|
G|-----9-7-6-9-11-9-11-9-9-4-11-9-11-9-9-7-11-9-11-9-4-6-2---|
D|-----------------------------------------------------------|
A|-----------------------------------------------------------|
E|-----------------------------------------------------------|

well thats it. im open for critisism if you think somethings wrong. This is my first tab too.
