%%%% rating:None %%%%
%%%% artist:Tuzos Tabs %%%%
%%%% url:http://tabs.ultimate-guitar.com/t/tuzos/una_mirada_una_sonrisa_crd.htm %%%%
%%%% title:Una Mirada Una Sonrisa Chords %%%%
%%%% comments:[] %%%%
%%%% difficulty:None %%%%
%%%% provider:ultimate-guitar %%%%
%%%% contributor:None %%%%
%%%% type:Chords %%%%
%%%% Tab:<i></i>UNA ROLA MUY CHIDA....
<span>D</span>           <span>A</span>        <span>G</span>    <span>D</span>
UNA SONRISA TAN SOLO PARA MI
<span>D</span>          <span>A</span>        <span>G</span>    <span>D</span>
UNA MIRADA TAN SOLO PARA TI
<span>D</span>         <span>A</span>          <span>G</span>     <span>D</span>
PENSABA HABLARTE ME FALTO VALOR
<span>D</span>           <span>A</span>          <span>G</span>      <span>D</span>
PARA EXPRESARTE MI GRAN DULCE AMOR
<span>G</span>                     <span>A</span>
DECIR QUE TE QUIERO Y ANHELO LLEGAR
<span>G</span>                 <span>A</span>          <span>D</span>
LLEGAR A TU NUBE PODERTE BESAR
<span>D</span>       <span>A</span>        <span>G</span>          <span>D</span>
YO NO PENSABA LLEGARTE A QUERER
<span>D</span>         <span>A</span>            <span>G</span>             <span>D</span>
HASTA QUE TUS OJOS SE CRUZARON EN MI SER
<span>D</span>       <span>A</span>              <span>G</span>      <span>D</span>
MI VIDA CAMBIABA CUNDO TE CONOCI
<span>D</span>       <span>A</span>         <span>G</span>          <span>D</span>
DE DIA Y DE NOCHE PENSANDO EN TI
<span>G</span>
PENSANDO EN TU CUERPO
<span>A</span>
PENSANDO QUE HARAS
<span>G</span>
SI YO NO TE VEO

<span>A</span>            <span>D</span>
ME SIENTO MUY MAL.
