%%%% rating:r_5 %%%%
%%%% artist:Turtles Tabs %%%%
%%%% url:http://tabs.ultimate-guitar.com/t/turtles/it_aint_me_babe_crd.htm %%%%
%%%% title:It Aint Me Babe Chords %%%%
%%%% comments:[u'<p class="mtop5">great!  thanks!</p>'] %%%%
%%%% difficulty:None %%%%
%%%% provider:ultimate-guitar %%%%
%%%% contributor:None %%%%
%%%% type:Chords %%%%
%%%% Tab:<i></i>#----------------------------------PLEASE NOTE---------------------------------#
#This file is the author's own work and represents their interpretation of the #
#song. You may only use this file for private study, scholarship, or research. #
#------------------------------------------------------------------------------##
From: rogers@hi.com (Andrew Rogers)
Subject: /t/turtles/it_aint_me_babe.crd

			"It Ain't Me Babe"
			   (Bob Dylan)

Intro:

	<span>G</span>        <span>Am</span>
	/ / / /  / / / /

Verse 1:

	     <span>G</span>           <span>Am</span>
	Go away from my window
	 <span>Bm</span>            <span>Am</span>          <span>G</span>
	Leave at your own chosen speed
	     <span>G</span>               <span>Am</span>
	I'm not the one you want, babe
	    <span>Bm</span>      <span>Am</span>       <span>G</span>
	I'm not the one you need
	    <span>Bm</span>                 <span>Am</span>
	You say you're lookin' for someone
	             <span>Bm</span>              <span>Am</span>
	Who's never weak but always strong
	       <span>Bm</span>             <span>Am</span>
	To protect you and defend you
	        <span>Bm</span>                <span>Am</span>
	Whether you are right or wrong
	     <span>C</span>                          <span>D</span>
	Someone to open each and every door

Chorus:

	             <span>G</span>
	But it ain't me babe
	  <span>C</span>       <span>D</span>           <span>G</span>
	A-no, no, no it ain't me babe
	         <span>C</span>          <span>D</span>       <span>G</span>
	It ain't me you're lookin' for babe

Link:

	<span>Bm</span>       <span>Am</span>       <span>Bm</span>  <span>Am</span>   <span>G</span>
	/ / / /  / / / /  / / / /  / / / /  / / / /

Verse 2:

	Go lightly from the ledge, babe
	Go lightly on the ground
	I'm not the one you want, babe
	I'll only lead you down
	You say you're lookin' for someone
	Who'll promise never to part
	Someone to close his eyes to you
	Someone to close his heart
	Someone who will die for you and more

	[repeat chorus]

Coda:

	            <span>C</span>          <span>D</span>       <span>G</span>
	No it ain't me you're lookin' for, babe
	         <span>C</span>       <span>D</span>            <span>G</span>
	I said a-no, no, no, it ain't me babe	[repeat to fade]


-- another ace 60's tab from Andrew Rogers
