%%%% rating:r_2 %%%%
%%%% artist:Smithereens Tabs %%%%
%%%% url:http://tabs.ultimate-guitar.com/s/smithereens/girl_like_you_tab.htm %%%%
%%%% title:Girl Like You Tab %%%%
%%%% comments:[] %%%%
%%%% difficulty:None %%%%
%%%% provider:ultimate-guitar %%%%
%%%% contributor:None %%%%
%%%% type:Tabs %%%%
%%%% Tab:<i></i>#----------------------------------PLEASE NOTE--------------------------------#
#This file is the author's own work and represents their interpretation of the#
#song. You may only use this file for private study, scholarship, or research.#
#-----------------------------------------------------------------------------#
#-- File created with Instab - http://www.pconline.com/~smcarey/instab.html --#
#-----------------------------------------------------------------------------#

Author/Artist: Smithereens
Title: Girl Like You
Transcribed by: Scott Hashbarger
Email: scootermuhbob@yahoo.com

They are tuned down a half step again,
so instead of retuning all of the string I wrote
this with the low E string tuned down to D.
Everything fits OK.

Intro (also played after the solo) (2 times I think).

------------------------------------------------------------------------------|
------------------------------------------------------------------------------|
------------------------------------------------------------------------------|
-6--6--6--4--6------6--6--6--4--6------4--6-----------------------------------|
-6--6--6--4--6------6--6--6--4--6------4--6-----------------------------------|
-6--6--6--4--6------6--6--6--4--6------4--6-----------------------------------|
 Verse (and most of the song)

------------------------------------------------------------------------------|
------------------------------------------------------------------------------|
----------------6-------------------------------------------------------------|
-6--6--6--4--6--6---2--1------------------------------------------------------|
-6--6--6--4--6--4---2--1------------------------------------------------------|
-6--6--6--4--6------2--1------------------------------------------------------|
 Bridge/Chorus thing                 "love of a girl like..."

------------------------------------------------------------------------------|
------------------------------------------------------------------------------|
-------------6-------------------4----6---------------------------------------|
-4---6---4---6---6------4---6----4----6---------------------------------------|
-4---6---4---4---6------4---6----2----4---------------------------------------|
-4---6---4-------6------4---6-------------------------------------------------|
 Solo (not perfect, but close)

---b--b--b--b--r-------------------------b--r-------------b-------------------|
-9b-9--9--9--9--9---7-7-9-9-7-7-----7/9b--9--9--7------/5b--5--5--5--5--------|
-8b-8--8--8--8--8---6-6-8-8-6-6-----6/8b--8--8--7------/4b--4--4--4--4--------|
--------------------------------------------------6v--------------------------|
------------------------------------------------------------------------------|
------------------------------------------------------------------------------|
                                            repeat 2 times

-----------------------------------------|--/5-5-5-5-5-5----------------------|
-5----6---5---6-----5--5-----------------|--/7-7-7-7-7-7----------------------|
-4b-r-6---4---6b-r--4--4---6--4----------|--/5-5-5-5-5-5----------------------|
---------------------------------6---6\--|------------------------------------|
-----------------------------------------|------------------------------------|
-----------------------------------------|------------------------------------|
 repeat 3 times                  repeat 2 times

-------------------------------------|-------b--------------------------------|
-9-----9------9------9---12---9------|---15b--15--15--15--15--15--15--15-r----|
---8b-----8b-----8b---r----------8---|----------------------------------------|
-------------------------------------|----------------------------------------|
-------------------------------------|----------------------------------------|
-------------------------------------|----------------------------------------|
         Intro, Chorus, repeat till hands are sore.  ;-)
