%%%% rating:None %%%%
%%%% artist:Turin Brakes Tabs %%%%
%%%% url:http://tabs.ultimate-guitar.com/t/turin_brakes/rain_city_ukulele_crd.htm %%%%
%%%% title:Rain City Ukulele Chords %%%%
%%%% comments:[] %%%%
%%%% difficulty:None %%%%
%%%% provider:ultimate-guitar %%%%
%%%% contributor:None %%%%
%%%% type:Ukulele %%%%
%%%% Tab:<i></i>--------------------------------------------------------
                             RAIN CITY - Turin Brakes
--------------------------------------------------------

Tabbed by: Alex North
Email: northalex@optusnet.com.au

Tuning:  EADGBE   (standard)

Capo on 1st                 

Chords Used:

   <span>C</span>       <span>A#</span>       <span>F</span>     <span>Am</span>       <span>G</span>     <span>E</span>       <span>D</span>
e|----------x-------1--------------3--------------2-----|     
B|--1-------3-------1------1-------3--------------3-----|
G|----------3-------2------2--------------1-------2-----|
D|--2-------3-------3------2--------------2-------------|
A|--3-------1-------3--------------2------2-------x-----|
E|----------1-------1------x-------3--------------x-----|





Intro
<span>C</span>  <span>A#</span>  <span>F</span>

<span>C</span>                    <span>A#</span>                    <span>F</span>                  <span>C</span>
Opened my eyes had a dream last night that both my arms were broken,
<span>C</span>     <span>A#</span>    <span>F</span>        <span>C</span>
Eeeeeeeeeeeeeeevenin' time,
<span>C</span>               <span>A#</span>               <span>F</span>              <span>C</span>
Help me now or hold me down, i feel my world is tumblin',
<span>C</span>          <span>A#</span>               <span>F</span>          <span>C</span>
Spiiiiiiiiiiiiiiiiiiiiiiiiiiiiiiiiiiral down,


<span>F</span>                      <span>Am</span>
Oh my love i can`t let go,
<span>F</span>                        <span>Am</span>
Somethings wrong i can`t let go,
<span>F</span>                 <span>Am</span>        <span>G</span>
Natures cruel she laughs at me,


<span>C</span>                                 <span>A#</span>
As i make my way through the century,
      <span>F</span>              <span>C</span>
As i slowly turn to house dust,
<span>C</span>      <span>A#</span>      <span>F</span>       <span>C</span> 
Tummmmmmmmmmmmmmmblin' down,
<span>C</span>                        <span>A#</span>
The rain comes down like a victory,
    <span>F</span>                 <span>C</span>
In sheets of shinin' memory,
<span>C</span>         <span>A#</span>
Over and over,
<span>F</span>         <span>C</span>
Circlin' around,


<span>F</span>                          <span>Am</span>
Over and over, I can`t let go,
<span>F</span>                            <span>Am</span>
Somethings wrong i can`t let go,
<span>F</span>                <span>Am</span>        <span>G</span>
Natures cruel she laughs at me,
<span>E</span>                       <span>G</span>
Almost too much for my heart,
        <span>D</span>
When it rains,
<span>E</span>                 <span>G</span>  
Oh tears my soul apart,
        <span>D</span>                  <span>C</span>      <span>F</span>
When it rains it rains so slowwwly,
    <span>C</span>                <span>A#</span>             <span>C</span>
In the city where i'm from,


.....::::::I LOVE DEAHNA:::::......

