%%%% rating:r_5 %%%%
%%%% artist:Turbulence Tabs %%%%
%%%% url:http://tabs.ultimate-guitar.com/t/turbulence/based_on_a_true_story_crd.htm %%%%
%%%% title:Based On A True Story Chords %%%%
%%%% comments:[] %%%%
%%%% difficulty:None %%%%
%%%% provider:ultimate-guitar %%%%
%%%% contributor:
                                    novice                                 %%%%
%%%% type:Chords %%%%
%%%% Tab:<i></i><span>G</span>                 <span>D</span>            <span>A</span>                   <span>Bm</span>
At the age of eighteen i was roaming around with a gun in my waist
<span>G</span>                 <span>D</span>            <span>A</span>                   <span>Bm</span>
Gun in my waist  ??  then you know jumbo rasta gun shot in the face
<span>G</span>                 <span>D</span>            <span>A</span>                    <span>Bm</span>
shot in the face
<span>G</span>                <span>D</span>             <span>A</span>                           <span>Bm</span>
At the age of nineteen i was lost couldnt be found tearing up the place
<span>G</span>                <span>D</span>             <span>A</span>                           <span>Bm</span>
          But then came rastafari who saved i with his   glory and grace
<span>G</span>                <span>D</span>             <span>A</span>                  <span>Bm</span>
        king rastafari if it wasnt for you id be dead by now
<span>G</span>                <span>D</span>             <span>A</span>                  <span>Bm</span>
             rastafari  our  praises and love to  you yes i
<span>G</span>                 <span>D</span>            <span>A</span>                  <span>Bm</span>
put away my frown
<span>G</span>                <span>D</span>             <span>A</span>                  <span>Bm</span>
             rastafari if it wasnt for you id be dead by now
<span>G</span>                <span>D</span>             <span>A</span>                  <span>Bm</span>
               Give thanks to Rastafari
<span>G</span>                <span>D</span>             <span>A</span>                        <span>Bm</span>
           i thought the alternative was in the gun. i thought troubling people
<span>G</span>                 <span>D</span>                      <span>A</span>                         <span>Bm</span>
that was the fun. until i got wanted and waste on the run me start to hear rastafari i and i
<span>G</span>                 <span>D</span>                      <span>A</span>              <span>Bm</span>              
force we done. i cared for no one but myself         i used to hurt innocent 
<span>G</span>                    <span>D</span>                  <span>A</span>              <span>Bm</span>
people for fame and wealth             ????           bad for my health
<span>G</span>                 <span>D</span>             <span>A</span>              <span>Bm</span>
               based on a true story          king rastafari
<span>G</span>                 <span>D</span>             <span>A</span>              <span>Bm</span>   
saved      turbulence with his grace and glory
<span>G</span>                <span>D</span>             <span>A</span>               <span>Bm</span>
so i          put  none   after    and then il put none before me
<span>G</span>                <span>D</span>            <span>A</span>                <span>Bm</span>
      emporor selassie-i    jah              rastafari
<span>G</span>                <span>D</span>            <span>A</span>             <span>Bm</span>    
              mamma knew the man that i was so shes so
<span>G</span>                <span>D</span>                 <span>A</span>                      <span>Bm</span>
happy that im a rastaman so is ma auntie and my friends eradicate
<span>G</span>                 <span>D</span>                       <span>A</span>                <span>Bm</span>
hatred with love. man i believe theres a man in the sky up above, amongst the
<span>G</span>                    <span>D</span>                <span>A</span>                     <span>Bm</span>
astronaughts. king selassie run the south the east and the north, clean up your
<span>G</span>
heart

by tom starkey
