%%%% rating:None %%%%
%%%% artist:Turin Brakes Tabs %%%%
%%%% url:http://tabs.ultimate-guitar.com/t/turin_brakes/last_chance_ver2_crd.htm %%%%
%%%% title:Last Chance (ver 2) Chords %%%%
%%%% comments:[] %%%%
%%%% difficulty:None %%%%
%%%% provider:ultimate-guitar %%%%
%%%% contributor:None %%%%
%%%% type:Chords %%%%
%%%% Tab:<i></i>INTRO/VERSE:

<span>E</span>*, <span>C7</span>, <span>G</span>, <span>Bm</span>

E -------- 0 ------- x --------	3 -------- 2
B -------- 7 ------- 8 --------	3 -------- 3
G -------- 9 ------- 0 --------	4 -------- 4
D -------- 9 ------- 9 --------	5 -------- 4
A--------- 7 ------- 10 -------	5 -------- 2   
E -------- 0 ------- 8 --------	3 -------- x


CHORUS:
<span>Em</span>, <span>G</span>, <span>C</span>, <span>C</span>

E -------- 0 --------- 3 -------- 0
A -------- 0 --------- 3 -------- 1
G -------- 0 --------- 4 -------- 0
D -------- 2 --------- 5 -------- 2
A -------- 2 --------- 5 -------- 3
E -------- 0 --------- 3 -------- 3


INTERLUDE 2:

<span>E</span>*, <span>C7</span>, <span>G</span>, <span>Bm</span>


E 	0-------- x --------- 3 --------- 2 -------- x
B 	7-------- 8 --------- 3 --------- 3 -------- x
G 	9-------- 0 --------- 4 --------- 4 -------- x
D 	9-------- 9 --------- 5 --------- 4 -------- 7
A 	7-------- 10 -------- 5 --------- 2 -------- 7
E 	0-------- 8 --------- 3 --------- x -------- 5	



INTRO 

<span>E</span>* <span>C7</span> <span>G</span> <span>Bm</span> (X 2) 


VERSE 1 

<span>E</span>           <span>C7</span>
This is the last chance, 
<span>G</span>                 <span>Bm</span> 
The last chance to heed the call, 
<span>E</span>           <span>C7</span> 
This is the moment, 
<span>G</span>          <span>Bm</span> 
The moment awaits us all 
<span>E</span>      <span>C7</span>  <span>G</span>               <span>Bm</span> 
You've got so many questions, 
<span>E</span>         <span>C7</span>        <span>G</span>     <span>Bm</span> 
Buzzing around your brain yeah 


VERSE 2 

<span>E</span>           <span>C7</span>
This is the last time, 
<span>G</span>                 <span>Bm</span> 
The last time you see my face, 
<span>E</span>           <span>C7</span> 
This is the moment, 
<span>G</span>                  <span>Bm</span> 
The last chance to leave this place. 
<span>E</span>   <span>C7</span>     <span>G</span>                  <span>Bm</span>
Sometimes I feel like I'm drowning, 
<span>E</span>              <span>C7</span>       <span>G</span>   <span>Bm</span> 
I'm drowning inside the ground 

CHORUS 

<span>Em</span>    <span>G</span>    <span>C</span> 
Don't ask too many questions, 
<span>Em</span>    <span>G</span>    <span>C</span> 
Don't ask too many questions, 
<span>Em</span>    <span>G</span>    <span>C</span> 
Don't ask too many questions, 
<span>Em</span>    <span>G</span>    <span>C</span> 
Don't ask too many questions, 
<span>C</span>
Too many questions 



INTERLUDE 1

Same Chords as verse


VERSE 3
CHORUS

INTERLUDE 2
Same chords as verse, except for the last 8 bars where the chord played is an A powerchord.



BRIDGE 

     <span>E</span>                     <span>C7</span> 
I've got to keep both feet on the ground 
     <span>G</span>                     <span>Bm</span>
I've got to keep both feet on the ground 
     <span>E</span>                     <span>C7</span>       <span>G</span> <span>Bm</span> 
I've got to keep both feet on the ground 


CHORUS

