%%%% rating:None %%%%
%%%% artist:Turin Brakes Tabs %%%%
%%%% url:http://tabs.ultimate-guitar.com/t/turin_brakes/fishing_for_a_dream_ukulele_crd.htm %%%%
%%%% title:Fishing For A Dream Ukulele Chords %%%%
%%%% comments:[] %%%%
%%%% difficulty:None %%%%
%%%% provider:ultimate-guitar %%%%
%%%% contributor:None %%%%
%%%% type:Ukulele %%%%
%%%% Tab:<i></i>Credit goes to pjnutz for figuring out the bulk of this song! I noticed a few 
things that could be improved upon though, and when I saw they hadn't logged in 
since June 2005 it might just be easier to make a new tab ;)

Standard Tuning

Sequence:

Intro
Verse 1
Chorus
Verse 2
Chorus
Verse 3 (half normal length)
Chorus
Outro x 3

Finger picking the chords sounds much much better!

Intro: <span>E</span>, <span>D</span>, <span>C</span>, <span>C</span>, <span>D</span>, <span>Am</span>, <span>C</span>, <span>D</span>, <span>G</span>, <span>D</span>, <span>C</span>, <span>D</span>, <span>Am</span>, <span>C</span>/B, <span>C</span>


Verse 1:

<span>E</span>        <span>D</span>             <span>C</span>
Lets go fishing for a dream,

<span>C</span>          <span>D</span>          <span>Am</span>
Lets find some place new,

<span>C</span>   <span>D</span>      <span>G</span>    <span>D</span>    <span>C</span>      <span>D</span>   <span>Am</span>
Somewhere  we  can  be    our-selves,

<span>Am</span>           <span>C/B</span> <span>C</span>
Some of the time,


Chorus: 

           <span>G</span>                  <span>D</span>
lose your heart, i'll lose my mind,

<span>D</span>           <span>C</span>      <span>C/G</span>
We'll make quite a pair,

<span>C</span>                <span>G</span>
Dazzling all the time,

              <span>D</span>                     <span>C</span>
Celebrity parties, the red carpet mile

                <span>D</span>                 <span>Am</span>     <span>C/B</span> <span>C</span>
Nothing is too good there for my girl,

            <span>Am</span>     <span>C/B</span> <span>C</span>
All of this world, 

                 <span>E</span>
Is gonna see you shine,


Verse 2:

          <span>D</span>          <span>C</span>
Do do do da da do do dooo,

<span>C</span>        <span>D</span>      <span>Am</span>
Do da da do do dooo

<span>C</span>         <span>D</span>        <span>G</span>    <span>D</span>    <span>C</span>     <span>D</span>    <span>Am</span>
Do da da do da da  do   do  do    do   dooo

<span>C/B</span> <span>C</span>      <span>E</span>    
Da  dooo

         <span>D</span>           <span>C</span>
Lets do loneliness in style,

<span>C</span>           <span>D</span>         <span>Am</span>
Lets put on moonlight mile,

     <span>C</span>    <span>D</span>     <span>G</span>   <span>D</span>   <span>C</span>     <span>D</span>    <span>Am</span>
And feel the   ra - di -o   waves flow,

               <span>C/B</span> <span>C</span>
Don't say you won't


Chorus: 

           <span>G</span>                  <span>D</span>
lose your heart, i'll lose my mind,

<span>D</span>           <span>C</span>      <span>C/G</span>
We'll make quite a pair,

<span>C</span>                   <span>G</span>
Dazzling all the time,

             <span>D</span>                     <span>C</span>
Celebrity parties, the red carpet mile

                <span>D</span>                 <span>Am</span>     <span>C/B</span> <span>C</span>
Nothing is too good there for my girl,

             <span>Am</span>     <span>C/B</span> <span>C</span>
All of this world, 

                 <span>E</span>
Is gonna see you shine,


Verse 3 (half normal length):


<span>E</span>         <span>D</span>          <span>C</span>
Do do do da da do do dooo,

<span>C</span>        <span>D</span>      <span>Am</span>
Do da da do do dooo

<span>C</span>         <span>D</span>        <span>G</span>    <span>D</span>   <span>C</span>     <span>D</span>     <span>Am</span>
Do da da do da da  do   do  do    do   dooo

<span>C/B</span> <span>C</span>
Da  dooo


Chorus: 

           <span>G</span>                <span>D</span>
lose your heart, i'll lose my mind,

<span>D</span>           <span>C</span>      <span>C/G</span>
We'll make quite a pair,

<span>C</span>                <span>G</span>
Dazzling all the time,

             <span>D</span>                      <span>C</span>
Celebrity parties, the red carpet mile

                 <span>D</span>                 <span>Am</span>     <span>C/B</span> <span>C</span>
Nothing is too good there for my girl,

            <span>Am</span>     <span>C/B</span> <span>C</span>
All of this world, 


Outro x 3 : <span>E</span>, <span>D</span>, <span>C</span>, <span>C</span>, <span>D</span>, <span>Am</span>, <span>C</span>, <span>D</span>, <span>G</span>, <span>D</span>, <span>C</span>, <span>D</span>, <span>Am</span>, <span>C</span>/<span>B</span>, <span>C</span>


Feel free to point out any mistiakes I'm sure I've made!

