%%%% rating:None %%%%
%%%% artist:Smithereens Tabs %%%%
%%%% url:http://tabs.ultimate-guitar.com/s/smithereens/blues_before_and_after_ver2_btab.htm %%%%
%%%% title:Blues Before And After (ver 2) Bass Tab %%%%
%%%% comments:[] %%%%
%%%% difficulty:None %%%%
%%%% provider:ultimate-guitar %%%%
%%%% contributor:
                                     %%%%
%%%% type:Bass Tabs %%%%
%%%% Tab:<i></i>-----------------------------------------------------------------------------
                  BLUES BEFORE AND AFTER - The Smithereens
-----------------------------------------------------------------------------

Transcribed by: Gary Ramsey

Updated by: Matt Broback
E-mail: 37hambone@gmail.com

Tuning: E A D G

INTRO
|--------|--------|
|--------|--------|
|--------|--------|
|--------|--------|

VERSE 1
|--------|--------|--------|--------|--------|--------|
|--------|--------|--------|------2-|4-2-2---|--------|
|--------|02200---|--------|022004-4|---4--42|002-----|
|2-2-022-|-----22-|2-2-022-|--------|--------|---2-020|

|--------|--------|--------|--------|--------|--------|
|--------|------2-|4-2-2---|--------|--------|--------|
|00002222|0----4-4|---4--42|002-----|00002222|0-------|
|--------|-202----|--------|---2-020|--------|-202-020|

CHORUS 1
|--------|--------|--------|--------|--------|--------|--------|--------|
|--------|--------|--------|--------|--------|----2242|--------|------2-|
|00002222|--0-2-0-|00002222|0-------|00002222|--24----|00002222|0----4-4|
|--------|22-2-2-2|--------|-202-020|--------|22------|--------|-202----|

VERSE 2   
|--------|--------|--------|--------|--------|--------|--------|--------|
|4-2-2---|--------|--------|------2-|4-2-2---|--------|--------|--------|
|---4--42|002-----|00002222|0----4-4|---4--42|002-----|00002222|0-------|
|--------|---2-020|--------|-202----|--------|---2-020|--------|-202-020|

CHORUS 2
|--------|--------|--------|--------|--------|----2---|--------|--------|
|--------|--------|--------|--------|--------|--24-42-|--------|--------|
|00002222|--0-2-0-|00002222|0-------|00002222|-4-----4|00002222|0-----02|
|--------|22-2-2-2|--------|-202-020|--------|2-------|--------|-202-2--|

BRIDGE
|--------|--------|--------|--------|--------|--------|--------|--------|
|--------|--------|--------|--------|--------|--------|--------|------2-|
|44444444|0002--02|44444444|0002--02|44444444|0002--02|00000000|222224-4|
|--------|-----2--|--------|-----2--|--------|-----2--|--------|--------|

SOLO
|--------|--------|--------|--------|--------|--------|--------|--------|
|4-2-2---|--------|--------|------2-|4-2-2---|--------|--------|------2-|
|---4--42|002-----|--------|022004-4|---4--42|002-----|--------|022004-4|
|--------|---2-020|2-2-022-|--------|--------|---2-020|2-2-022-|--------|

VERSE 3
|--------|--------|--------|--------|--------|--------|--------|--------|
|4-2-2---|--------|--------|------2-|4-------|--------|--22--23|42------|
|---4--42|002-----|00002222|0----4-4|--------|--------|00--22--|--2---42|
|--------|---2-020|--------|-202----|--------|--------|--------|---2-2--|

CHORUS 3
|--------|--------|--------|--------|--------|-----2--|--------|--------|
|--------|--------|--------|--------|--------|---24-4-|--------|--------|
|00002222|--0-2-0-|00002222|0-------|00002222|--4----2|00002222|0-------|
|--------|22-2-2-2|--------|-202-020|--------|22------|--------|-202-020|

OUTRO        ss  ss
|--------|-----22---|--------|--------|--------|--------|--------|--------|
|----2222|44422--42-|--------|--------|----2222|44--2242|--------|--------|
|0000----|---------4|00002222|0-------|0000----|--24----|00002222|420-----|
|--------|----------|--------|-202-020|--------|--------|--------|---2-222|

                                                 ss  ss               ss ss
|--------|--------|--------|--------|--------|-----22---|--------|----------|
|--------|-----2--|--------|--------|----2222|44422--42-|--------|2444424444|
|00002220|0-024-42|00002222|0-------|0000----|---------4|00002224|----------|
|--------|-2------|--------|-202-020|--------|----------|--------|----------|

|--------|----------|--------|--------|--------|--1/223h42--|--------|--------|
|-------2|444---22--|-------2|42-2----|-------2|44--------42|-------2|44444444|
|0000224-|---2h4--42|0000224-|--4-4242|0000224-|------------|0000224-|--------|
|--------|----------|--------|--------|--------|------------|--------|--------|

