%%%% rating:None %%%%
%%%% artist:Nacho Vegas Tabs %%%%
%%%% url:http://tabs.ultimate-guitar.com/n/nacho_vegas/chucho_malherido_crd.htm %%%%
%%%% title:Chucho Malherido Chords %%%%
%%%% comments:[] %%%%
%%%% difficulty:None %%%%
%%%% provider:ultimate-guitar %%%%
%%%% contributor:None %%%%
%%%% type:Chords %%%%
%%%% Tab:<i></i>Esta cancion se toca con capotraste en la segunda cuerda


<span>D</span>               <span>G</span>            <span>A</span>
 Comencé al amanecer

                          <span>D</span>
y seguí así hasta que el sol huyó.

<span>D</span>                  <span>G</span>             <span>A</span>
  Días después, aún no sé

                              <span>D</span>
si conseguí escribir una canción de amor.


<span>D</span>             <span>G</span>          <span>A</span>
Regresé al hogar, dije:

                         <span>D</span>
 "Madre, ¿ha acabado la guerra?"

                   <span>G</span>             <span>A</span>
"No, hijo, no, y seguirá

                       <span>D</span>
mucho después de que mueras."

                   <span>G</span>            <span>A</span>
Creí haberme encontrado

                    <span>D</span>
y estaba aún más perdido.

              <span>G</span>              <span>A/D</span>
Comencé a cojear cual chucho malherido.


<span>D</span>                <span>G</span>           <span>A</span>
Y atenté contra ti,

                <span>D</span>
traicioné a mi familia.

                    <span>G</span>       <span>A</span>
Fui un periódico con

                <span>D</span>
sólo malas noticias.

                <span>G</span>          <span>A</span>
Jamás te culparía,

                       <span>D</span>
yo también me hubiera ido.

                     <span>G</span>
¿Por qué no abandonar

            <span>A/D</span>
a un chucho malherido?

Así que fui a mi iglesia a rezar.
Le pregunté a San Alfaro:
"¿Hay algo que pueda hacer
para purgar mis pecados?"
Él tuvo a bien responderme
con el más bello ladrido
que jamás oyó perruzo malherido.

<span>D</span> - <span>G</span> - <span>A</span> - <span>D</span> (x4)
(Nacho silba)


<span>D7</span>
 Y quiero que sepas

        <span>G</span>               <span>G#m</span>
que no es la mala vida


la que me mata.

     <span>D</span>               <span>A7</span>      <span>D</span>        <span>A7</span>
Que no, que es la vida entera.

                  <span>D</span>
Toda, toda, toda ella.


<span>D</span>                   <span>G</span>            <span>A</span>
Y el día de mi funeral,

                <span>D</span>
si acuden mis amantes,

                   <span>G</span>             <span>A</span>
diles que por una vez

                 <span>D</span>
se pongan algo elegante.

                 <span>G</span>              <span>A</span>
Que un mínimo decoro

                 <span>D</span>
es lo único que pido

                     <span>G</span>           <span>A/D</span>
para el triste final del chucho malherido.

<span>D</span>                  <span>G</span>          <span>A</span>
Y si dejo deudas di que

                  <span>D</span>
las anoten en la arena.

             <span>G</span>              <span>A</span>
La marea sabrá

               <span>D</span>
liquidar todas ellas.

                 <span>G</span>             <span>A</span>
Me tomaron por humano,

                 <span>D</span>
qué más da, si el olvido

                      <span>G</span>               <span>A/D</span>
no entiende de hombres ni de chuchos malheridos.

<span>D</span>             <span>G</span>            <span>A</span>
Los años pasarán,

                 <span>D</span>
tú me habrás olvidado.

                    <span>G</span>          <span>A</span>
Aunque si fuera por mí,

                   <span>D</span>
ojalá de vez en cuando

                  <span>G</span>            <span>A</span>
recuerdes lo muchísimo

                    <span>D</span>
que en vida te ha querido

                   <span>G</span>          <span>A/D</span>
cierto chucho torpe, tonto y malherido.

        <span>G</span>        <span>A/D</span>
Porque él te ha querido.

     <span>G</span>           <span>A/D</span>
Sí, él te ha querido.

    <span>G</span>         <span>A/D</span>
¡Él te ha querido!

(Nacho aúlla)
