%%%% rating:None %%%%
%%%% artist:Turnover Tabs %%%%
%%%% url:http://tabs.ultimate-guitar.com/t/turnover/cutting_my_fingers_off_ver2_tab.htm %%%%
%%%% title:Cutting My Fingers Off (ver 2) Tab %%%%
%%%% comments:[] %%%%
%%%% difficulty:
                                    intermediate                                 %%%%
%%%% provider:ultimate-guitar %%%%
%%%% contributor:
                                     %%%%
%%%% type:Tabs %%%%
%%%% Tab:<i></i>-------------------------------------------------------------------------------
                       CUTTING MY FINGERS OFF - Turnover
-------------------------------------------------------------------------------
Tabbed by: Mike Wolfe
E-mail: mikewolfe182@gmail.com

Tuning: Standard (EADGBe) w/ a capo on the 5th fret

Guitar 1:

e|---------------------------------|
B|---------------------------------|
G|---------0---------0---------0---|
D|-----0---------0---------0-------|
A|-3-3---3---3-3---3---3-3---3--3--|
E|---------------------------------|

That repeats until the verse ends
                                            played on the 4th time
e|-----------------------------------|-----------------------------------|
B|-3333333333333333-3333333333333333-|-3333333333333333-3333333333333333-|
G|-0000000000000000-0000000000000000-|-0000000000000000-0000000000000000-|
D|-0000000000000000-0000000000000000-|-0000000000000000-0000000000000000-|
A|-3333333333333333-2222222200000000-|-2222222222222222-0000000000000000-|
E|-----------------------------------|-0000000033333333------------------|
     
                 x2                                    x2
e|------------------------------------|---------------------------------|
B|-3-3-33333-3-33333-3-3-3333-3-33333-|-3-3-3-3-3-3-3-3-3-3-3-3-3-3-3-3-|
G|-0-0-00000-0-00000-0-0-0000-0-00000-|-0-0-0-0-0-0-0-0-0-0-0-0-0-0-0-0-|
D|-0-0-00000-0-00000-0-0-0000-0-00000-|-0-0-0-0-0-0-0-0-0-0-0-0-0-0-0-0-|
A|-3-3-33333-3-33333-2-2-2220-0-00000-|-3-3-3-3-3-3-3-3-2-2-2-2-0-0-0-0-|
E|------------------------------------|---------------------------------|

                 x6                                 x2
e|----------------------------------|---------------------------------|
B|-33333333333333333333333333333333-|---------------------------------|
G|-00000000000000000000000000000000-|---------0---------0---------0---|
D|-00000000000000000000000000000000-|-----0---------0---------0-------|
A|-33333333333333332222222200000000-|-3-3---3---3-3---3---3-3---3--3--|
E|----------------------------------|---------------------------------|

Guitar 2:

              x2                            
e|---------------------------|
B|---------------------------|
G|---------------------------|
D|---------0-----------------|
A|-0-----------2---0---------|
E|-----0---------------0---3-|

e|---------------7--------------|---------------7-----------|
B|----8---10p8-----8---10p8---8-|----8---10p8-----8-------8-|
G|-77---7------7-----7------7---|-77---7------7-----7-7h9---|
D|------------------------------|---------------------------| Whole thing played twice
A|------------------------------|---------------------------|
E|------------------------------|---------------------------|

Guitar 2 cuts out for the verse

e|---------------7--------------|---------------7-----------|
B|----8---10p8-----8---10p8---8-|----8---10p8-----8-------8-|
G|-77---7------7-----7------7---|-77---7------7-----7-7h9---|
D|------------------------------|---------------------------| Whole thing played twice
A|------------------------------|---------------------------|
E|------------------------------|---------------------------|

Guitar 1 only and then...

e|-------------------------0000-----------------------------------------------------------------------|
B|-333333333333333333333333----33330000000000000000--------11110000------------------------33330000---|
G|-------------------------------------------------22222222--------000000000000000022222222--------0~-|
D|----------------------------------------------------------------------------------------------------|
A|----------------------------------------------------------------------------------------------------|
E|----------------------------------------------------------------------------------------------------|

Only guitar 1 again and then...

e|---------------7--------------|---------------7-----------|
B|----8---10p8-----8---10p8---8-|----8---10p8-----8-------8-|
G|-77---7------7-----7------7---|-77---7------7-----7-7h9---|
D|------------------------------|---------------------------| Whole thing played twice
A|------------------------------|---------------------------|
E|------------------------------|---------------------------|

e|------------------------------------------------------------------|
B|-8888888888888888-10-10-10-10-10-10-10-10-10-10-10-10-10-10-10-10-|
G|------------------------------------------------------------------|
D|------------------------------------------------------------------| Whole thing played twice
A|------------------------------------------------------------------|
E|------------------------------------------------------------------|

                    x2
e|--------10tr--7tr---------------7tr-|-10tr----12tr--10tr--7tr--------|--------10tr--7tr---------------7tr-|
B|-8tr---------------10tr----8tr------|---------------------------10tr-|-8tr---------------10tr----8tr------|
G|------------------------------------|--------------------------------|------------------------------------|
D|------------------------------------|--------------------------------|------------------------------------|
A|------------------------------------|--------------------------------|------------------------------------|
E|------------------------------------|--------------------------------|------------------------------------|


************************************

| /   slide up
| \   slide down
| h   hammer-on
| p   pull-off
| ~   vibrato
| +   harmonic
| x   Mute note
| b   Bend
| pb  Pre-bend
| br  Bend release
| pbr Pre-bend release
| brb Bend release bend
| tr  tremolo picking

************************************
