%%%% rating:None %%%%
%%%% artist:Tush Tabs %%%%
%%%% url:http://tabs.ultimate-guitar.com/t/tush/vuelvo_a_sentir_crd.htm %%%%
%%%% title:Vuelvo A Sentir Chords %%%%
%%%% comments:[] %%%%
%%%% difficulty:None %%%%
%%%% provider:ultimate-guitar %%%%
%%%% contributor:None %%%%
%%%% type:Chords %%%%
%%%% Tab:<i></i>Una vez mas aportando un tema de este duo
q hace muy buena musica-espero no equivocarme jeje
XD

<span>G</span>-<span>D</span>-<span>D</span>-<span>A</span>

<span>G</span>      <span>D</span>
Y AMBOS
                           <span>A</span>
no pensamos que esto volveria a suceder
<span>G</span>         <span>D</span>                        <span>A</span>
bajo un miedo tenia cada quien un mundo diferente

    <span>Em</span>
y ahora
       <span>G</span>
te encuentras frente a mi
       <span>D</span>         <span>A</span>
y te robas cada verso que hay en mi

<span>G</span>     <span>A</span>
vuelvo
      <span>Bm</span>               <span>D</span>
a sentirme nuevamente vivo a tu lado
    GA           <span>F#m</span>      <span>Bm</span>
y creo en este amor inesperado

        <span>G</span>
que me devolvio las fuerzas
    <span>A</span>
y puso en mi cabeza
        <span>F#m</span>         <span>Bm</span>
la esperanza de seguir

              <span>G</span> <span>D</span> <span>D</span> <span>A</span>
vuelvo a sentir

     <span>D</span>                          <span>A</span>
y ambos no pensamos que hubiera almas tan gemelas
<span>G</span>                <span>D</span>
 bajo un mismo cielo anelando a que llegara
     <span>A</span>
este sueño existente

<span>Em</span>
 es tan extraño
         <span>G</span>
que me vuelva a sorprender
      <span>D</span>          <span>A</span>
y probocas cada verso que hay en mi


<span>G</span>     <span>A</span>
vuelvo
      <span>Bm</span>               <span>D</span>
a sentirme nuevamente vivo a tu lado
    GA           <span>F#m</span>      <span>Bm</span>
y creo en este amor inesperado

        <span>G</span>
que me devolvio las fuerzas
    <span>A</span>
y puso en mi cabeza
        <span>F#m</span>         <span>Bm</span>
la esperanza de seguir
              <span>G</span>-<span>A</span>-<span>Bm</span>-<span>D</span>-<span>G</span>-<span>A</span>-<span>F#m</span>-<span>Bm</span>
vuelvo a sentir


<span>G</span>     <span>A</span>
vuelvo
      <span>Bm</span>               <span>D</span>
a sentirme nuevamente vivo a tu lado
    GA           <span>F#m</span>      <span>Bm</span>
y creo en este amor inesperado

       <span>G</span>
que me devolvio las fuerzas
    <span>A</span>
y puso en mi cabeza
        <span>F#m</span>         <span>Bm</span>
la esperanza de seguir

   <span>G</span> <span>A</span>           <span>F#m</span>      <span>Bm</span>
y creo en este amor inesperado
       <span>G</span>
que me devolvio las fuerzas
    <span>A</span>
y puso en mi cabeza
        <span>F#m</span>         <span>Bm</span>
la esperanza de seguir

             <span>G</span> <span>D</span> <span>D</span> <span>A</span>
vuelvo a sentir

<span>G</span>      <span>D</span>
Y AMBOS
                           <span>A</span>
no pensamos que esto volveria a suceder


cualquier sugerencia a mi mail(marcoantonio20003@
