%%%% rating:r_5 %%%%
%%%% artist:Turin Brakes Tabs %%%%
%%%% url:http://tabs.ultimate-guitar.com/t/turin_brakes/forever_crd.htm %%%%
%%%% title:Forever Chords %%%%
%%%% comments:[] %%%%
%%%% difficulty:
                                    novice                                 %%%%
%%%% provider:ultimate-guitar %%%%
%%%% contributor:
                                     %%%%
%%%% type:Chords %%%%
%%%% Tab:<i></i>Forever by turin brakes

tab submitted by pokey_wasere@hotmail.com / myspace.com/lucasakapokey

this tab is just the rhythm section thought i would submit this because i could'nt find 
decent tab and had to figure it out on my own this will save someone else some time i 
good luck

*Done with classic Turin Brakes strumming*

intro
<span>G</span>-320030
<span>D</span>-000232
<span>C/E</span>-002030

verse chords:

<span>D</span>-000232
<span>A</span>-002220
<span>Bm</span>-024432
<span>F#</span>-244322

chorus chords

<span>G</span>-320033
<span>D</span>-000232
<span>A</span>-002220

= Intro =
<span>G</span>  <span>D</span>  <span>C/E</span>
ooooh.... (x2)

= Verse 1 =

<span>D</span>         <span>A</span>
inch by inch
<span>Bm</span>                    <span>F#</span>
i'm infected by your love
<span>D</span>        <span>A</span>
head to toe
<span>Bm</span>                <span>F#</span>
i'm chemically changed

= Chorus =
<span>G</span>  <span>D</span>  <span>A</span>
forever......

<span>D</span>            <span>A</span>
oh take me back
<span>Bm</span>                       <span>F#</span>
to your house again, my love
<span>D</span>          <span>A</span>
I want to roam
<span>Bm</span>                             <span>F#</span>
through your fields again, my love

= Chorus =

<span>G</span>  <span>D</span>  <span>A</span>
forever......

<span>G</span>  <span>D</span>  <span>C/E</span>
ooooh.... (x2)

<span>D</span>                   <span>A</span>
I feel like, i'm falling
<span>Bm</span>              <span>F#</span>
i'm falling, for you

= Chorus =
<span>G</span>  <span>D</span>  <span>A</span>
forever.....

= Verse 3 =
<span>D</span>             <span>A</span>
from head to toe
<span>Bm</span>                   <span>F#</span>
i'm infected by your love
<span>D</span>        <span>A</span>
inch by inch
<span>Bm</span>                <span>F#</span>
i'm chemically changed
*End of Tab Have fun playing this song i love it a lot learned it for a girl ;)keep on Smiling
