%%%% rating:None %%%%
%%%% artist:Turf Tabs %%%%
%%%% url:http://tabs.ultimate-guitar.com/t/turf/viajando_en_jet_set_btab.htm %%%%
%%%% title:Viajando En Jet (set) Bass Tab %%%%
%%%% comments:[] %%%%
%%%% difficulty:None %%%%
%%%% provider:ultimate-guitar %%%%
%%%% contributor:None %%%%
%%%% type:Bass Tabs %%%%
%%%% Tab:<i></i>Versos
G|---------------------------------|x2
D|---------------------------------|
A|-2--2-4------------2--2-4--------|
E|---------3--3-2--2---------3-3-2-|

Coros
G|--------------------------------4-2-----|---------------------|---------|
D|------------------------------------4-2-|---------------4-2---|---------|
A|----------2--2-5\2----------1-2---------|------5-3-2--2-------|---------|
E|-3--3-5-6----------4-3--2-4-------------|-3--3--------------2-|-2222222-|

Verso 2 ('Yo ya estuve ahi...')
G|---------------------------------------------------------------------|x2
D|------4-------------------7------------------------------------------|
A|-2--2---2-------5----5--5---5----------------------------------------|
E|-----------3--3---3------------2-3-4-5-3--3-3-2-1--0-0-1-2---3-2-1-0-|

Solo de Guitarra
G|---------------------------------|
D|---------------------------------|
A|-2--2-4------------2--2-4--------|
E|---------3--3-2--2---------3-3-2-|

Final ('En cualquier parte...')
G|--------------|-----------------|
D|--------------|-----------------| **hasta el final**
A|-----------2--|-----------------|
E|-3-33333-5----|-3-33333-3-2-1-0-|
 | TRES   VECES |
