%%%% rating:None %%%%
%%%% artist:Turin Brakes Tabs %%%%
%%%% url:http://tabs.ultimate-guitar.com/t/turin_brakes/forever_tab.htm %%%%
%%%% title:Forever Tab %%%%
%%%% comments:[] %%%%
%%%% difficulty:None %%%%
%%%% provider:ultimate-guitar %%%%
%%%% contributor:None %%%%
%%%% type:Tabs %%%%
%%%% Tab:<i></i>Turin brakes- Forever

This is taken off their amazing new album. I have tabbed mostly the rhythm part but if I 
out any more of Gale's lead part, I will post it later.
I'm not good with chord names so I've just put the chord formations. Listen to the song 
timings and strum patterns.

Intro:

E-0-0-0-0---------0-------|
B-3-3-2---2-----2---2-----|
G-0-2-2-----4-2-------4-2-| (x2)
D-0-0-2-------------------|
A-2-2-0-------------------|
E-3-x-x-------------------|

Verse:

E-0-0-0-2-|
B-3-2-0-2-| (x2)
G-2-2-4-3-|
D-0-2-4-4-|
A-0-0-2-4-|
E-x-x-x-2-|

Chorus:

Guitar 1

E-3-2-0-|
B-3-3-2-|
G-0-2-2-|
D-0-0-2-|
A-2-0-0-|
E-3-0-x-|

Guitar 2

E-----5-----5------------10--------------------------------|
B-0-3---0-3---3- (x2)-10---10-10- (x8)-2-3-5-7-8-10-12-14--|
G--------------------------------------2-2-6-7-9-11-12-14--|
D----------------------------------------------------------|
A----------------------------------------------------------|
E----------------------------------------------------------|

Then repeat- Verse, Chorus, Intro, verse, chorus, verse

Enjoy!
