%%%% rating:None %%%%
%%%% artist:Turin Brakes Tabs %%%%
%%%% url:http://tabs.ultimate-guitar.com/t/turin_brakes/for_the_fire_btab.htm %%%%
%%%% title:For The Fire Bass Tab %%%%
%%%% comments:[] %%%%
%%%% difficulty:
                                    novice                                 %%%%
%%%% provider:ultimate-guitar %%%%
%%%% contributor:
                                     %%%%
%%%% type:Bass Tabs %%%%
%%%% Tab:<i></i>Heres another one the band needed me to do... Im pretty sure that its right, but im 
pretty new to this... sorry. Practice makes perfect though.

Intro/Verse
G|-----------------|
D|-----------------|
A|-----22-------55-|
E|-2~-3-----5~-7---|

Chorus
G|----------------------------|
D|----------------------------|
A|-55555----------33333-------|
E|-------33333----------33333-|

Mid Section
G|-------------|
D|-------------|
A|-------------|
E|-2~-3~-5~-7~-|
