%%%% rating:None %%%%
%%%% artist:Tuure Kilpelainen Tabs %%%%
%%%% url:http://tabs.ultimate-guitar.com/t/tuure_kilpelainen/laiva_crd.htm %%%%
%%%% title:Laiva Chords %%%%
%%%% comments:[] %%%%
%%%% difficulty:
                                    novice                                 %%%%
%%%% provider:ultimate-guitar %%%%
%%%% contributor:
                                     %%%%
%%%% type:Chords %%%%
%%%% Tab:<i></i>Intro: <span>Gm</span> <span>Eb</span>  x4

<span>Gm</span>         <span>F</span>        <span>Eb</span>        <span>D</span>
Elämäni on laiva ja lainehtii tie
<span>Gm</span>     <span>Cm</span>        <span>D</span>
sylisi turvasta pois
<span>Gm</span>            <span>F</span>          <span>Eb</span>         <span>D</span>
Satamavalojen loisteesta tuntemattomaan
       <span>Gm</span>        <span>Cm</span>           <span>A</span>              <span>D</span>
maksan viimeisen sentin jonka vapaus minulta vie

<span>Gm</span>           <span>F</span>        <span>Eb</span>        <span>D</span>
Anna minulle anteeksi tiesithän sen
      <span>Gm</span>    <span>Cm</span>      <span>D</span>
etten olisi kelvollinen 
<span>Gm</span>             <span>F</span>          <span>Eb</span>          <span>D</span>
talonisännäksi puutarhaan riippumattomaan
       <span>Gm</span>         <span>Cm</span>          <span>A</span>               <span>D</span>
maksan viimeisen sentin mutta vapaus on ainoa tie

    <span>Eb</span>                <span>Cm</span>
Jäi viiltoja vihan ja painauma rakkauden
<span>Gm</span>       <span>Bb</span>
iholleni elämään
     <span>F</span>              <span>Dm</span>
Olit lumisen talven kuningatar
     <span>Gm</span>            <span>Bb</span>
minä olin se musta jää
    <span>Eb</span>               <span>Cm</span>
Jäi eteisen taulussa neitsyt maria
<span>Gm</span>                 <span>Bb</span>
huokaamaan kehyksissään
   <span>F</span>               <span>Dm</span>
Me olemme matkalla tahdot tai et
       <span>Gm</span>                <span>Eb</span>    <span>Gm</span>  <span>Eb</span>
Meillä on sama määränpää

<span>Gm</span>          <span>F</span>
Elämä se on laiva
   <span>Eb</span>      <span>D</span>         <span>Gm</span>      <span>Cm</span>      <span>D</span>
ja silkkiä vaan sain sinulta sylillisen
    <span>Gm</span>             <span>F</span>         <span>Eb</span>        <span>D</span>
Kun majakanvalossa vaivuimme yöllä humalaan
   <span>Gm</span>       <span>Cm</span>           <span>A</span>                <span>D</span>
me paloimme silloin eikä mikään sitä pois vie

<span>Gm</span>            <span>F</span>
Annan sinulle anteeksi
<span>Eb</span>          <span>D</span>      <span>Gm</span>     <span>Cm</span>          <span>D</span>
tiesin minä sen on surusi myrkyllinen
<span>Gm</span>              <span>F</span>         <span>Eb</span>          <span>D</span>
Huvimajan valot sammuneet jäivät ikkunaan
     <span>Gm</span>        <span>Cm</span>             <span>A</span>            <span>D</span>
Sait viimeisen lauseen sitten vapaus minua vie

    <span>Eb</span>                <span>Cm</span>
Jäi viiltoja vihan ja painauma rakkauden
<span>Gm</span>       <span>Bb</span>
iholleni elämään
     <span>F</span>              <span>Dm</span>
Olit lumisen talven kuningatar
     <span>Gm</span>            <span>Bb</span>
minä olin se musta jää
    <span>Eb</span>               <span>Cm</span>
Jäi eteisen taulussa neitsyt maria
<span>Gm</span>                 <span>Bb</span>
huokaamaan kehyksissään
   <span>F</span>               <span>Dm</span>
Me olemme matkalla tahdot tai et
       <span>Gm</span>                <span>Eb</span>    <span>Gm</span>  <span>Eb</span>
Meillä on sama määränpää


<span>Gm</span>                       <span>Eb</span>             <span>Gm</span>          <span>Eb</span>
Satamavalojen loisteesta tuntemattomaan laiva minua vie    x4
