%%%% rating:None %%%%
%%%% artist:Turisas Tabs %%%%
%%%% url:http://tabs.ultimate-guitar.com/t/turisas/battle_metal_intro_tab.htm %%%%
%%%% title:Battle Metal Intro Tab %%%%
%%%% comments:[u'<p class="mtop5">i had this tab first....</p>'] %%%%
%%%% difficulty:
                                    intermediate                                 %%%%
%%%% provider:ultimate-guitar %%%%
%%%% contributor:
                                     %%%%
%%%% type:Tabs %%%%
%%%% Tab:<i></i>done this by ear.

hello.

i like potatoes. this is a great song

guitar 1

E|-----------------------------------------------------------|
B|-----------------------------------------------------------|
G|----4--6--7----6--4--4-------------------------------------|
D|-4-------------------------5--7----5--3--5-----------------|
A|-----------------------------------------------------------|
E|-----------------------------------------------------------|

E|----------------------------------------------------------|
B|----------------------7-----------------------------------|
G|----4--6--7----6--4------- 7--4----6--4--3----------------|
D|-4--------------------------------------------------------|
A|----------------------------------------------------------|
E|----------------------------------------------------------|

guiatr 2


E|-----------------------------------------------------------|
B|-----------------------------------------------------------|
G|-6--------6---9--------------------------------------------|
D|-6-7-4-6--6-7-9-4-4-4-4-4-4-4-4----------------------------|
A|-4-7-4-6--4-7-7-4-4-4-4-4-4-4-4----------------------------|
E|---5-2-4----5-7-6-6-6-6-6-6-6-6----------------------------|
                  p p p p p p p p

p= palm mute

go easy its my first tab.

i love u all.
