%%%% rating:None %%%%
%%%% artist:Nacho Vegas Tabs %%%%
%%%% url:http://tabs.ultimate-guitar.com/tab/1629958 %%%%
%%%% title:Canción De Isabel Chords %%%%
%%%% comments:[] %%%%
%%%% difficulty:None %%%%
%%%% provider:ultimate-guitar %%%%
%%%% contributor:None %%%%
%%%% type:Chords %%%%
%%%% Tab:<i></i>Afinación estándar, CEJILLA en el 2º TRASTE

Intro: <span>Am</span>-<span>E </span>

<span>Am</span>             <span>G </span>                <span>F </span>
Me dicen: Ya te volveremos a llamar,
                <span>E </span>
pero no lo harán; lo sé muy bien.
<span>Am</span>             <span>G </span>                  <span>F </span>
Estoy en la calle y sólo puedo pensar
                 <span>E </span>
en la manera de decírselo a Isabel.
<span>Am</span>              <span>G </span>                 <span>F </span>
Tras la puerta escucho cómo toca en su violín
                 <span>C </span>              <span>E </span>
algo triste y yo no sé qué vamos a hacer.
<span>Am</span>              <span>G </span>                <span>F </span>
No es un buen momento, porque en Navidad
                 <span>E </span>
nacerá nuestro primer bebé.

<span>C </span>             <span>G </span>               <span>F </span>
Conozco mi suerte demasiado bien
                <span>C </span>                <span>E </span>
pero al oír su voz me siento algo mejor.
<span>Am</span>             <span>G </span>               <span>F </span>
Ella dice que las cosas cambiarán.
                  <span>E </span>
Yo la abrazo y permanezco así, y así se esconde el sol.

[a partir de aquí no aparece ninguna estructura nueva...]

En este viejo coche no se está tan mal;
llevo aquí desde hace un mes con Isabel.
Pero el invierno muy pronto llegará
y nuestro hijo con él.
Ya no cobro el paro; Isabel no toca su violín.
Hace frío y ella no se encuentra bien.
He visto un abrigo en el centro comercial.
No tengo dinero pero me he de hacer con él,
así que robaré para ella, robaré para Isabel.
Lo hago y trato de escapar pero alguien por detrás
me golpea y me he debido desmayar
pues despierto en una celda gris y no consigo recordar.


[estos cuatro versos en silencio]
Llevo dos semanas sin saber de Isabel.
Me dan cuatro hostias y me dejan libre al fin.
Vuelvo al viejo coche y me la encuentro tiritando;
está enferma y alguien le ha robado su violín.

[va entrando la guitarra paulatinamente]
Me desnudo y con mis ropas la trato de abrigar;
yo manténgome en calor con un poco de alcohol.
Le consigo agua y algo de comer.
En unos días se pondrá mejor, lo sé.
Pero esta mañana cuando al fin brillaba el sol
Isabel no despertó; siquiera lo intentó.
Se me fue con nuestro hijo en su interior;
al menos no podrá acabar igual que yo.

Isabel se fue a un lugar mejor;
yo no tuve el valor para ir detrás.
Con aquel abrigo habría entrado en calor,
sólo espero que me sepa perdonar.
Pero fue mi culpa, y por ella pagaré...
¡Hoy estoy en deuda!
Al fin lo veo claro; ahora sé
cuál es mi misión aquí:
tengo una navaja; esta misma noche haré
un abrigo con mi piel, pondrá Isabel en él.
Queda algo de vodka; aliviará el dolor.
Si comienzo pronto podría acabar al amanecer.
