%%%% rating:r_5 %%%%
%%%% artist:Snsd Tabs %%%%
%%%% url:http://tabs.ultimate-guitar.com/s/snsd/gee_tab.htm %%%%
%%%% title:Gee Tab %%%%
%%%% comments:[] %%%%
%%%% difficulty:
                                    novice                                 %%%%
%%%% provider:ultimate-guitar %%%%
%%%% contributor:
                                     %%%%
%%%% type:Tabs %%%%
%%%% Tab:<i></i>-- Gee by Girls' Generation **Iu cover** -- Acoustic 
January 6, 2012

Tabbed by: Simply G.C.
Tunning: Standard
Chords: Asus2  A/F#  G#m  C#m  --throughout song--


Intro:
        Asus2             A/F#               G#m          
e|----------0------|----------0------|----------4------|--4--|
B|--0----0-----0---|--0----0-----0---|--4----4-----4---|--4--|
G|----2---2---2-2--|----2---2---2-2--|----4---4---4-4--|--4--|
D|-----2-----------|-----2-----------|-----4-----------|--4--|
A|--0--------------|-----------------|-----------------|--4--|
E|-----------------|--2--------------|--4--------------|--x--|

Verses:
   Asus2        A/F#          G#m         C#m
e|------x-----x------x-----x------x-----x------x-----x--|
B|---0--x--0--x---0--x--0--x---4--x--4--x---5--x--5--x--|
G|---2--x--2--x---2--x--2--x---4--x--4--x---6--x--6--x--|
D|------x-----x------x-----x---6--x--6--x---6--x--6--x--|
A|---0--x--0--x------x-----x------x-----x-0-4--x--4--x--|
E|-0----x-----x-0-2--x--2--x-0-4--x--4--x------x-----x--|
        ^tap with palm


Asus2
 Neomuneomu meotjyeo nuni nuni busyeo
A/F#
 Cheotnune banhaesseo tteollineun geol
G#m
 Gee gee gee baby baby 
C#m
 Gee gee gee baby baby

Oh neomu bukkeureowo chyeodabol su eobseo
Sumeul mot swigesseo sujubeun geol
Gee gee gee baby baby
Gee gee gee baby baby

Asus2
 Eotteoke hajyo 
A/F#
 Tteollineun naneun
G#m
 Molla molla molla
                  C#m
 Molla mollahamyeo maeil geudaeman geurijyo

Chinhan chingudeureun malhajyo
Jeongmal neoneun jeongmal motmallyeo
babo geuraeyo geudael boneun nan

      Asus2                      A/F#
Neomu banjjak banjjak nunibusyeo No No No
      G#m                             C#m
Neomu kkamjjak kkamjjak nollan naneun Oh Oh Oh
      Asus2                       A/F#
Neomu jjaritjjarit momi tteollyeo Gee Gee Gee Gee Gee
        G#m                   C#m
Jeojeun nunbit Oh Yeah joheun hyanggi Oh Yeah Yeah Yeah


