%%%% rating:None %%%%
%%%% artist:Turtles Tabs %%%%
%%%% url:http://tabs.ultimate-guitar.com/t/turtles/shed_rather_be_with_me_ver2_btab.htm %%%%
%%%% title:Shed Rather Be With Me (ver 2) Bass Tab %%%%
%%%% comments:[] %%%%
%%%% difficulty:
                                    novice                                 %%%%
%%%% provider:ultimate-guitar %%%%
%%%% contributor:
                                     %%%%
%%%% type:Bass Tabs %%%%
%%%% Tab:<i></i>She’d Rather Be With Me
Released by The Turtles this single reached UK number 4 in 1967.
Bass performance Chip Douglas. Tab by bass 50611. Welcome to my tab
Of this timeless classic from The Summer of Love. Fast & Furious with
Most of the bass line in Quavers (8’s). Comments bass254@btinternet.com

Intro: (Play Quavers or 8’s)      .
G|----------------------------------|
D|-44444442-----------------------4-|
A|---------44444442---------4---4---|
E|-----------------22222222---2-----|

Verse 1:                   (Play This x2)
G|---------------------------------------|
D|----------------------2-2-2--4---------|
A|-2-1-2--2---4-3-4--4---2-2------2-1----|
E|--2----2-----4----4----------------4-2-|

Chorus: (Play Quavers or 8’s)
G|-----------------------------------------------------------|
D|-----------------------------------------77777777----------|
A|-22222222-22222222---777777777--------------------99999999-|
E|-------------------------------999999999-------------------|

G|----------------------|
D|-99999999---5555-4444-|
A|----------------------|
E|----------------------|

Repeat Verse 1 & Chorus:

Bridge & Into Key Change: (Play Quavers or 8’s)
G|----------------------------------------------------------|
D|-44444444-44444444-444444444-44444444---55555555-55555555-|
A|----------------------------------------------------------|
E|----------------------------------------------------------|

G|-------------------|
D|-55555555-5-5-5-5--|
A|-----------5-5-5-5-|
E|-------------------|

Verse 3:
G|--------------------------------------------------------------------|
D|----------------------3-3-3--5------------------------------3-3-3-5-|
A|-3-2-3--3---5-4-5--5---3-3-----3-2-0----3-2-3--3---5-4-5--5--3-3----|
E|--3----3-----5----5-----------------3----3----3-----5----5----------|

                                                (BREAK)
G|----------------------------------------------------|
D|-3-3-3-5---3-3-3-5--------------------3-3-3--5------|
A|--3-3-------3-3----3-2-0----5-4-5--5---3-3--------3-|
E|-------------------------3---5----5-----------------|

Outro: (Repeat To Fade/End)
G|-------------------------------------|
D|----------------------3-3-3-5--------|
A|-3-2-3--3---5-4-5--5---3-3----3-2-0--|
E|--3----3-----5----5----------------3-|
