%%%% rating:r_5 %%%%
%%%% artist:Snowy White Tabs %%%%
%%%% url:http://tabs.ultimate-guitar.com/s/snowy_white/the_time_has_come_tab.htm %%%%
%%%% title:The Time Has Come Tab %%%%
%%%% comments:[] %%%%
%%%% difficulty:
                                    intermediate                                 %%%%
%%%% provider:ultimate-guitar %%%%
%%%% contributor:
                                     %%%%
%%%% type:Tabs %%%%
%%%% Tab:<i></i>                                          Artist - Snowy White
                                         **********************
                                        Song - The Time Has Come
                                       **************************
                                            Album - Goldtop 
                                           *****************
                                          Tabbed By - Ayreon77
                                         **********************


Acoustic Strumming
Chords   Cm         Ab   Eb     Cm                             Ab
Blues Electric Guitar              b        b
[-----------|-11-13----|-11--13-|-13-13-11-13-11----|-------11----]
[----13--13-|-------13-|--------|----------------13-|----11----13-]
[-12--------|----------|--------|-------------------|-12----------]
[-----------|----------|--------|-------------------|-------------]
[-----------|----------|--------|-------------------|-------------]
[-----------|----------|--------|-------------------|-------------]

                  Eb
[--------------------]
[-11-13----s-----s---]
[--------10\11-10\11-]
[--------------------]
[--------------------]
[--------------------]

----------------------------------------------------
VERSE 1
********
             Cm
The time has come
Ab                     Eb
  I was blinded by the light
                          Cm
That shone from your very soul                Electric    
Ab                                            00:47 00:57 
  I guess i've lost my way                   [--8--|--4--]  
Cm                                           [--8--|--4--]
Just being near you                          [--8--|--5--]
Ab         Eb                  Bb            [-10--|--6--]    
Made every day light up like a shining star  [-----|-----]                        
Ab      Eb      Bb                           [-----|-----]  
  Mmmmm Still I wonder                                                
                                                    

------------------------01:11----------------------------
VERSE 2                [-----------]
********     Cm        [-8---------]     Electric
The time has come      [---8-------]     01:19        01:22
    Ab                 [-----10----]    [------------|-------------------]    
The heat of the moment [--------10-]    [--b---------|--------------b----]  
Eb                     [-----------] Cm [-10-10-8----|--------h----8-----]
Brought out the best of the worst in me [---------10-|--h----8-10-----10-]
Ab                     Eb               [------------|-8-10--------------]
  It was a revelation                   [------------|-------------------]
Cm                          Electric
I had been lost             01:38
       Ab            Eb    [--h-----]                    
In the world of your smile [-9-11-9-]               
    Bb                     [--------]
And could not break free   [--------]      
Ab       Eb            Bb  [--------]                 
  Mmmmmm Still I wonder    [--------]    
                                         
The time has come


----------------------------------------------------
SOLO
*****
01:49
 
[-11-11-|-11-------|---8----8-|-6-|----------|-11-13----|-11--13-]
[-13-13-|-------13-|--8----8--|---|----13-13-|-------13-|--------]
[-------|----10----|-8----8---|---|-12-------|----------|--------]
[-------|----------|----------|---|----------|----------|--------]
[-------|----------|----------|---|----------|----------|--------]
[-------|----------|----------|---|----------|----------|--------]

   br   h
[-13--11-13-15----------|---h---11---p---|---h---11---p------------]
[---------------13--11--|-11-13----13-11-|-11-13----13-11------h---]
[-----------------------|----------------|----------------12-10-12-]
[-----------------------|----------------|-------------------------]
[-----------------------|----------------|-------------------------]
[-----------------------|----------------|-------------------------]

                             rake     br      h                         h
[-------------|-------11----|---11-|-13--11-13-15-11-------|-13-13-13-13-14-]
[---s-----s---|----11----13-|-13---|-----------------13----|-11-11----------]
[-10\12-10\12-|-12----------|------|--------------------12-|----------------]
[-------------|-------------|------|-----------------------|----------------]
[-------------|-------------|------|-----------------------|----------------]
[-------------|-------------|------|-----------------------|----------------]

             h  p                             b    p      s
[----11-13-13-14-13-11-13-11-|-11-------11-|-13-13-11-|-18\-]
[-13-------------------------|----13-13-13-|----------|-----]
[----------------------------|-------------|----------|-----]
[----------------------------|-------------|----------|-----]
[----------------------------|-------------|----------|-----]
[----------------------------|-------------|----------|-----]

                    p
[-15-13-11-----13-11-10----|-13--11--13-|--------]
[----------13-----------13-|------------|-8------]
[--------------------------|------------|---8-10-]
[--------------------------|------------|--------]
[--------------------------|------------|--------]
[--------------------------|------------|--------]


----------------------------------------------------
VERSE 3
********
  Cm                                          Electric
I miss you so much                            03:06 & 03:14
    Ab         Eb               Bb           [-------------------]
The blues keep flowing like the pouring rain [--------------b----]
Cm         Am          Bb                    [--------h----8-----] 
       I'm wanting you now                   [--h----8-10-----10-]
Cm                        Ab         Eb      [-8-10--------------]
       Step back from the edge of my reason  [-------------------]
             Bb
And pray for another chance                   03:25
Ab       Eb             Bb                   [------]
  Mmmmmm Still I wonder                      [--br--]
                                             [-10-8-]
                                             [------]
                                             [------]
                                             [------]
                                             

----------------------------------------------------
ENDING SOLO
************
03:35
   b
[-13-11-------11-|----11-13-15-13---------------------]
[-------13-13----|-13--------------13-11-13--11-11-13-]
[----------------|------------------------------------]
[----------------|------------------------------------]
[----------------|------------------------------------]
[----------------|------------------------------------]

                                     pick scrape
             h  p               h            p
[----11-13-13-14-13-11-13-11--13-15-11-|-13---11----]
[-13-----------------------------------|---------13-]
[--------------------------------------|------------]
[--------------------------------------|------------]
[--------------------------------------|------------]
[--------------------------------------|------------]


[----11-15-11-13----11----------]
[-13-------------13----11-13-11-]
[-------------------------------]
[-------------------------------]
[-------------------------------]
[-------------------------------]

                                                     b        b  rb
[-------------------------------------------------|-18-15-18-18-18-]
[---s------b-8-8---------------------8------------|----------------]
[-12\10-8-10-----8-10----8-10-10--10---10-8-10-10-|----------------]
[---------------------10--------------------------|----------------]
[-------------------------------------------------|----------------]
[-------------------------------------------------|----------------]

          p
[---18-18--15-----18-15--b----------15------------p---|-------]
[--x---------18--------18--18-16-18----16-15-13-16-13-|-11----]
[-x---------------------------------------------------|----12-]
[-----------------------------------------------------|-------]
[-----------------------------------------------------|-------]
[-----------------------------------------------------|-------]

                        h  p
[--br------11-13-15-|-13-14-13----------10----|--------11----]
[-15-13-------------|----------16-13-------13-|-11-11-----11-]
[-------15----------|----------------15-------|--------------]
[-------------------|-------------------------|--------------]
[-------------------|-------------------------|--------------]
[-------------------|-------------------------|--------------]

                     s
[----10---10--11---11\13-]
[------------------------]
[-12---12---12--12-------]
[------------------------]
[------------------------]
[------------------------]



A Great Snowy White Track. Hard In Parts. Enjoy............... 

