%%%% rating:r_5 %%%%
%%%% artist:Turbowolf Tabs %%%%
%%%% url:http://tabs.ultimate-guitar.com/t/turbowolf/lets_die_tab.htm %%%%
%%%% title:Lets Die Tab %%%%
%%%% comments:[] %%%%
%%%% difficulty:
                                    intermediate                                 %%%%
%%%% provider:ultimate-guitar %%%%
%%%% contributor:
                                     %%%%
%%%% type:Tabs %%%%
%%%% Tab:<i></i>----------------------------------------------------------------------------
                             Let's Die - Turbowolf
----------------------------------------------------------------------------
Tabbed by:JaaaayDeeee
E-mail: jdgilbert@ntlworld.com

Tuning: Drop C

D|------------------|
A|------------------|
F|------------------|
C|-0-0-0-0-0-0-0-0--|
G|-0-0-0-0-0-0-0-0--|
C|-0-0-0-0-0-0-0-0--|

D|-------------------------------------|
A|-------------------------------------| x3
F|-------------------------------------|
C|-12----------------------------------|
G|----10-8-----------------8-10-8---10-|
C|---------0-10-12-0-12-10--------0----|


D|-------------------------------------|
A|-------------------------------------| 
F|-------------------------------------|
C|-12----------------------------------|
G|----10-8-----------------8-10-8------|
C|---------0-10-12-0-12-10--------0----|

D|------------------------|
A|------------------------|
F|------------------------|x2
C|-10--12--10--12--10--12-|
G|-8---10--8---10--8---12-|
C|---------------------12-|

D|-------------------------------------|
A|-------------------------------------| x3
F|-------------------------------------|
C|-12----------------------------------|
G|----10-8-----------------8-10-8---10-|
C|---------0-10-12-0-12-10--------0----|

D|-------------------------------------|
A|-------------------------------------| 
F|-------------------------------------|
C|-12----------------------------------|
G|----10-8-----------------8-10-8------|
C|---------0-10-12-0-12-10--------0----|


D|------------------------|
A|------------------------|
F|------------------------|x2
C|-10--12--10--12--10--12-|
G|-8---10--8---10--8---12-|
C|---------------------12-|


D|-------------------------------------|
A|-------------------------------------| x3
F|-------------------------------------|
C|-12----------------------------------|
G|----10-8-----------------8-10-8---10-|
C|---------0-10-12-0-12-10--------0----|

D|-------------------------------------|
A|-------------------------------------| 
F|-------------------------------------|
C|-12----------------------------------|
G|----10-8-----------------8-10-8------|
C|---------0-10-12-0-12-10--------0----|


D|------------------------|
A|------------------------|
F|------------------------|x2
C|-10--12--10--12--10--12-|
G|-8---10--8---10--8---12-|
C|---------------------12-|

D|--------------------------------|
A|--------------------------------|
F|--------------------------------|
C|-12-0-0--12-0-0--12-0-0--10--10-|X2
G|-12-0-0--12-0-0--12-0-0--8---10-|
C|-12-0-0--12-0-0--12-0-0------10-|

D|-------------------------------------|
A|-------------------------------------| x3
F|-------------------------------------|
C|-12----------------------------------|
G|----10-8-----------------8-10-8---10-|
C|---------0-10-12-0-12-10--------0----|

D|-------------------------|
A|-------------------------| 
F|-------------------------|
C|-12----------------------|
G|----10-8-----------------|
C|---------0-10-12-0-12\---|


D|------------------------10----10---10h12-10-12-13tr-15tr-22tr-|
A|-12b----12-----------------10---10----------------------------| 
F|-----12----12-12-10-12----------------------------------------|
C|--------------------------------------------------------------|
G|--------------------------------------------------------------|
C|--------------------------------------------------------------|

D|--------------------------------|
A|--------------------------------|
F|--------------------------------|
C|-12-0-0--12-0-0--12-0-0--10--10-|
G|-12-0-0--12-0-0--12-0-0--8---10-|
C|-12-0-0--12-0-0--12-0-0------10-|

D|--------------------------------------|
A|--------------------------------------|
F|--------x-12+-------------------------|
C|-12-0-0-x-12+--12-0-0--12-0-0--10--10-|
G|-12-0-0--------12-0-0--12-0-0--8---10-|
C|-12-0-0--------12-0-0--12-0-0------10-|

D|-----------------|
A|-----------------|
F|-----------------|
C|-12---12-12--12--|
G|-12---12-12--12--|
C|-12---12-12--12--|

keyboardddd

D|-------------5---|
A|---3-3-5-6-6---5-|x3
F|-5---------------|
C|-----------------|
G|-----------------|
C|-----------------|

D|-------------5--|
A|---3-3-5-6-6----|
F|-5--------------|
C|----------------|
G|----------------|
C|----------------|

D|-------------|
A|---3-3-5-6b--|
F|-5-----------|
C|-------------|
G|-------------|
C|-------------|

i'm not sure about this last bit

D|-----------------------------------------------------------------------|
A|-----------------------------------------------------------------------|
F|-------------------------------5-5---5-5-7-7-7-7-7-7-7-7-7-7-7-7-7-7-7-|
C|-12-0-0-12-0-0-3-3-3--3-3-3--3-5-5-3-5-5-7-7-7-7-7-7-7-7-7-7-7-7-7-7-7-|x2
G|-12-0-0-12-0-0-3-3-3--3-3-3--3-3-3-3-3-3-5-5-5-5-5-5-5-5-5-5-5-5-5-5-5-|
C|-12-0-0-12-0-0-3-3-3--3-3-3--3-----3-----------------------------------|

D|--------|
A|--------|
F|-7------|
C|-7----0-|
G|-5----0-|
C|------0-|

