%%%% rating:r_5 %%%%
%%%% artist:Turtles Tabs %%%%
%%%% url:http://tabs.ultimate-guitar.com/t/turtles/glitter_and_gold_crd.htm %%%%
%%%% title:Glitter And Gold Chords %%%%
%%%% comments:[] %%%%
%%%% difficulty:None %%%%
%%%% provider:ultimate-guitar %%%%
%%%% contributor:
                                     %%%%
%%%% type:Chords %%%%
%%%% Tab:<i></i>Glitter And Gold:The Turtles.
Album - It Ain't Me Babe - #8 on BB Hot 200
on WARNER Records in 1965.

INTRO: <span>F</span> <span>Bb</span> <span>F</span> <span>C</span>

#1.
<span>F</span>                 <span>Bb</span>              <span>F</span>            <span>Eb</span>
Girl, I know what he can give you every single day you live..
            <span>Bb</span>      <span>C</span>                       <span>F</span>    <span>Eb</span> <span>Bb</span> <span>F</span>
you will be wearing Paris gowns and diamond rings.
<span>F</span>                <span>Bb</span>                <span>F</span>                    <span>Eb</span>
There is nothing he can't buy you, and I can not tell a lie..
    <span>Bb</span>                  <span>C</span>                <span>F</span>
you know with me you'll never have those things.

CHORUS:
<span>Ab</span>  <span>Bb</span>          <span>F</span>                 <span>Eb</span>               <span>Bb</span>
But glitter and gold (glitter and gold)..never can keep you warm 
   <span>C</span>
at night.
            <span>F</span>                 <span>Eb</span>               <span>Bb</span>
Glitter and gold (glitter and gold)..never can make the wrong 
     <span>C</span>
love right.
<span>C</span>                  <span>D</span>           <span>Gm7</span>
Girl, you're gonna find you'll have my sweet, sweet lovin' on 
     <span>F</span>
your mind.


INTERLUDE: <span>F</span> <span>C</span> <span>Bb</span> <span>F</span> <span>C</span> <span>Bb</span>

#2.
<span>F</span>                <span>Bb</span>         <span>F</span>           <span>Eb</span>              <span>Bb</span>
You'll be eatin' caviar and riding in a chauffeured car and all 
                  <span>C</span>              <span>F</span>       <span>Ab</span>  <span>Eb</span> <span>Bb</span> <span>F</span>      
your friends will say, how lucky can she be?
<span>F</span>                <span>Bb</span>               <span>F</span>               <span>Eb</span>
He'll be keepin' you in style but you'll remember all the while,
    <span>Bb</span>            <span>C</span>                 <span>F</span>   <span>Ab</span>
the happiness you used to have with me.

CHORUS:
<span>Ab</span>  <span>Bb</span>          <span>F</span>                 <span>Eb</span>               <span>Bb</span>
But glitter and gold (glitter and gold)..never can keep you warm 
   <span>C</span>
at night.
            <span>F</span>                 <span>Eb</span>               <span>Bb</span>
Glitter and gold (glitter and gold)..never can make the wrong 
     <span>C</span>
love right.
<span>C</span>                  <span>D</span>    <span>C</span> <span>D</span>        <span>Gm7</span>     <span>C</span>            <span>Bb</span>
Girl, you're gonna find.....you'll have my sweet, sweet lovin' on 
     <span>F</span>
your mind.


OUTRO:
<span>F</span>                             <span>Eb</span>                 <span>F</span>
Glitter and gold (glitter and gold)..glitter and gold (glitter 
    <span>Eb</span>
and gold.)
            <span>F</span>                 <span>Eb</span>                 <span>F</span>
Glitter and gold (glitter and gold)..glitter and gold (glitter 
    <span>Eb</span>
and gold.)(Fade.)


A sixties smash from Kraziekhat.

