%%%% rating:None %%%%
%%%% artist:Turf Tabs %%%%
%%%% url:http://tabs.ultimate-guitar.com/t/turf/loco_un_poco_crd.htm %%%%
%%%% title:Loco Un Poco Chords %%%%
%%%% comments:[] %%%%
%%%% difficulty:None %%%%
%%%% provider:ultimate-guitar %%%%
%%%% contributor:None %%%%
%%%% type:Chords %%%%
%%%% Tab:<i></i>Aguante turf loco!! y todos los derivados de la música rollinga.... 
saludos a panchito!! apurate asi armamos la banda rollingocha!
SALUDOS A TODOS!


<span>A</span> <span>G</span> <span>A</span> <span>G</span> (x2)

<span>A</span>                      <span>C#m</span>
Loco un poco nada más, casi pareces normal,
<span>G</span>            <span>F#</span>           <span>Bm</span>
pero en la mirada ocultas algo detrás

Simulando, sonriendo, sin saber que estás diciendo,
sucia la conciencia pero claro el provenir
        <span>E</span>
porque ya está por venir...

<span>A</span>            <span>C#m</span>            <span>G</span>               <span>F#</span>        <span>Bm</span>
Cuando escuches esta canción, te va a alegrar el corazón,
                      <span>D</span>                <span>E</span>
hay tiempo para decidir, vas a encontrarla porque...

<span>A</span>                      <span>C#m</span>
Una aguja en un pajar, es dificil de encontrar
<span>G</span>              <span>F#</span>        <span>Bm</span>
pero más dificil debe ser si la buscas por eso...
<span>A</span>                      <span>C#m</span>                 <span>G</span>        <span>F#</span>       <span>Bm</span>
No te arrepientas de nada y no pidas perdón...ohohoho  ohohoho
        <span>E</span>
porque ya está por venir...

<span>A</span>            <span>C#m</span>            <span>G</span>               <span>F#</span>        <span>Bm</span>
Cuando escuches esta canción, te va a alegrar el corazón,
                      <span>D</span>                <span>E</span>            <span>A</span>
hay tiempo para decidir, vas a encontrar la solución
 <span>A</span>            <span>C#m</span>            <span>G</span>               <span>F#</span>        <span>Bm</span>
Cuando escuches esta canción, te va a alegrar el corazón,
                       <span>D</span>                <span>E</span>

hay tiempo para decidir, vas a encontrarla y no habrá...
<span>C#m</span>                 <span>C#</span>
ya ya ya ya yeah...ya ya ya ya yaaaa...

<span>A</span> <span>G</span> <span>A</span> <span>G</span> (x2)

<span>A</span> <span>E</span> <span>Bm</span> <span>E</span> (x2)

<span>A</span>            <span>C#m</span>            <span>G</span>             <span>F#</span>        <span>Bm</span>                       <span>D</span>       <span>E</span>
Cuando escuches esta cancióoooooooooooon....,uhuhuhu te va a alegrar el corazóooooooooooon
Cuando escuches esta cancióoooooooooooon...., te va a alegrar el corazóooooooooooon

Solo de bajo
<span>F#m</span> <span>E</span> <span>F#m</span> <span>Bm</span>
<span>F#m</span> <span>E</span> <span>F#m</span>

Esta version era para corregir la otra que hay aca en atame... 
y es medio improvisada..
pero escuchen la cancion asi saben como va el rasguido... 
dudas o consultas.. no me escriban jajj o tengo ganas de ayudar!!
