%%%% rating:None %%%%
%%%% artist:Tush Tabs %%%%
%%%% url:http://tabs.ultimate-guitar.com/t/tush/me_voy_crd.htm %%%%
%%%% title:Me Voy Chords %%%%
%%%% comments:[] %%%%
%%%% difficulty:None %%%%
%%%% provider:ultimate-guitar %%%%
%%%% contributor:
                                     %%%%
%%%% type:Chords %%%%
%%%% Tab:<i></i>algun dia Me ire !!! 

<span>D#</span>
Me voy de aquí
                   <span>G#</span>
ya no quiero molestarte
                       <span>Cm</span>
ya entendí que no soy nada para ti
                   <span>G#</span>
una media vuelta y se

                    <span>D#</span>
Que habrá un camino nuevo para mí
                            <span>G#</span>
lo que se pierde es por que viene algo mejor
                   <span>Cm</span>
y a veces uno no entiende una razón
                  <span>G#</span>
y se miente a si mismo


PRECORO:

     <span>Cm</span>
Me canse de pretender que era esa persona
     <span>D#</span>
para ti me olvide de lo que era en verdad
      <span>G#</span>                   <span>A#</span>
solo puedo ser yo solo se que soy yo.


CORO:
              <span>D#</span>
Y por eso me voy
                     <span>F</span>
por que ya no siento nada
                     <span>G#</span>
ya se acabaron esas falsas ilusiones
               <span>D#</span>    <span>F#</span>  <span>G#</span>
que tenía para ti

   <span>D#</span>
Me voy
                         <span>F</span>
por que ya se que no te quiero
                      <span>G#</span>
no me mereces por que se que como soy
                     <span>D#</span>     <span>F#</span>  <span>G#</span>
me merezco alguien mejor


___

   <span>D#</span>
Me voy de aquí
                 <span>G#</span>
ya no quiero lastimarte
                      <span>Cm</span>
ya entendí que no fui nada para ti
               <span>G#</span>
media vuelta y sabre

                     <span>D#</span>
que habrá un camino nuevo para mí
                             <span>G#</span>
lo que se pierde es por que viene algo mejor
                   <span>Cm</span>
y a veces uno no entiende una razón
                  <span>G#</span>
y se miente a si mismo.


PRECORO:

     <span>Cm</span>
Me canse de pretender que era esa persona
     <span>D#</span>
para ti me olvide de lo que era en verdad
      <span>G#</span>                   <span>A#</span>
solo puedo ser yo solo se que me voy.


CORO:
              <span>D#</span>
Y por eso me voy
                     <span>F</span>
por que ya no siento nada
                     <span>G#</span>
ya se acabaron esas falsas ilusiones
               <span>D#</span>    <span>F#</span>  <span>G#</span>
que tenía para ti

   <span>D#</span>
Me voy
                         <span>F</span>
por que ya se que no te quiero
                      <span>G#</span>
no me mereces por que se que como soy
                     <span>D#</span>
me merezco alguien mejor


INTER: (solo)

<span>Cm</span> <span>D#</span> <span>G#</span> <span>A#</span>

__
    <span>D#</span>
Me voy de aquí
                <span>F</span>
ya no quiero molestarte
                       <span>G#</span>
ya entendí que no soy nada para ti
                   <span>D#</span>     <span>F#</span> <span>G#</span>
una media vuelta y se

   <span>D#</span>
Me voy
                         <span>F</span>
por que ya se que no te quiero
                      <span>G#</span>
no me mereces por que se que como soy
                     <span>D#</span>
me merezco alguien mejor


FINAL:

<span>D#</span> <span>F</span> <span>G#</span> <span>D#</span>    <span>D#</span>

