%%%% rating:None %%%%
%%%% artist:Sylvius Leopold Weiss Tabs %%%%
%%%% url:http://tabs.ultimate-guitar.com/s/sylvius_leopold_weiss/fantasie_tab.htm %%%%
%%%% title:Fantasie Tab %%%%
%%%% comments:[] %%%%
%%%% difficulty:None %%%%
%%%% provider:ultimate-guitar %%%%
%%%% contributor:
                                     %%%%
%%%% type:Tabs %%%%
%%%% Tab:<i></i>Fantasie - Sylvius Leopold Weiss

E----------0---3---7---8---------------2---5---7-----------0---3----|
B------0-----0---5---8-------------3-----3---7---------0-----0---5--|
G----0---0---------------9-----2-----2-----------7---0---0----------|
D----------------------------4---4----------------------------------|
A-------------------------------------------------------------------|
E--0-----------------------2-----------------------3----------------|

E--7p5-7-----------------------------3---2---0---0---8-0-----2------|
B------------1-0h1---3-1h3---0---0-----0---1---0---------8-----1h3--|
G--------7---------------------2---0--------------------------------|
D----------------------------------------------------------0--------|
A----------0---------------------------------------0----------------|
E------------------2-------3----------------------------------------|


E------2-------3-2---2-------2---2---0---0---0----------------------|
B--0h1---0-------------0-----------2---0-------------3-0-----2-0----|
G------------2-----------2-----0---------------3---------0-------0--|
D------------------1-------2---------------------4------------------|
A----------4--------------------------------------------------------|
E------------------------------------------2-------3-------0--------|


E------2-0-----0-----7-5h7---4h5-7-0-12-10h12--------10-12----------|
B------------4---7-0---------------------------12-13------13-10-----|
G----3----------------------------------------------------------12--|
D-------------------------------------------------------------------|
A----------2----------------------------------0---------------------|
E--2-----------------------0----------------------------------------|


E----------5-7-8-5---5-7-8-10p7------------------7----------7-8-----0--|
B----5-7-8----------------------8-7-------7-8h10---8---8-10-----8-7----|
G------------------0------------------8h9------------------------------|
D----------------------------------------------------------------------|
A--5--------------------------------7----------------0------------0----|
E----------------------------------------------------------------------|


E--------------7p5-3p0---0-5p0---0-7p0---0-8p0---0-8p0---0-----2----|
B------5-7---7---------4-------4---------------------------4-0---4--|
G----8---------------------------------8-------8-------8------------|
D-------------------------------------------------------------------|
A----------6-------------------------------0-------0-------2--------|
E--7---------------0-------2-------3--------------------------------|

E--5---8----11----14-------14-12-11-12-----------12-12-11-9-11-7-------|
B----7---10----10----10--0-----------------------7---------------10-7--|
G-----------------------12-------------12-11-9-------------------------|
D----------------------------------------------------------------------|
A----------------------------------------------------------------------|
E------------------------------------------------7---------------------|


E----7--------5-------3-2p0-----0-2-------------0---------0----------|
B--8---10p8-7---8p7-5---------4-------1-0-----0-------------0-4---4--|
G-----------------------------------2-----2-0-----------2-------2----|
D-------------------------------------------------2---4--------------|
A---------------------------------------------------2----------------|
E--0------------------------0----------------------------------------|


E--0---3---|--2---7---|--7---5p4---5---0--|--5-------5-----|--5-----3-----|
B----------|--0-------|------------7------|--4----------4--|--5--0--5--0--|
G----------|------7---|--6----------------|-----6p4--6-----|--------------|
D--2-------|----------|-------------------|----------------|--------------|
A----------|----------|-------------------|----------------|--------------|
E----------|----------|-------------------|----------------|--------------|

E--2----------2-----|--0--3--2--0--|-----2-----7--|--0-------------|
B--5-----3p2--3--0--|--2--0--3-----|--3-----------|-----12--11-----|
G-------------------|--------------|--------------|----------------|
D-------------------|--------------|--4-----0-----|----------------|
A-------------------|--------------|--2-----------|----------9--7--|
E-------------------|--------------|--------------|--9-------------|
                    mf

E--7--------5-----|--3--0--7--0--|--0-------------|--0--2--3--5--|
B--7--------------|--------------|-----4p2--3-----|--------------|
G-----------------|--------0-----|--4-------0--2--|--0--------5--|
D--------------1--|--2-----------|----------------|-----4--2-----|
A--6--4--2--4-----|--------------|----------------|--------------|
E-----------------|--------------|----------------|--------------|


E--2-----------3--|--------3--2p0-2--|-----5--7-----|---------10-----|
B--1--1h3--0------|------------------|--8--------8--|--10---------7--|
G-----------------|-----2------------|--0-----------|------7---------|
D--0--------------|------------------|--------------|----------------|
A-----------------|--0---------------|--------------|----------------|
E-----------------|------------------|--------------|---9------------|


E-----5--7--5--3--|---------------------|-----0--------|--------0-----|
B--8--------5-----|--7p5h7--5-----8--0--|--1-----3--1--|--0-----------|
G-----------------|------------7--------|--------------|-----0--------|
D-----------------|------0--------------|--------------|--------------|
A--7--------3-----|---------------------|--0-----------|--3--------0--|
E-----------------|---------------7-----|--------2-----|--------------|

E--------0--2--|--3--0--4-----|--5--0--7-----|--8------9-----|-10----11-----|
B-----4--------|-----------3--|-----------0--|-----10--------|----10--------|
G--------------|--------------|--6-----------|------------0--|--------------|
D-----------1--|--2-----------|--------------|--7------------|--------9--7--|
A--2-----4-----|--------------|--------------|---------------|--9-----------|
E--------------|--------------|--------------|---------------|--------------|
          cresc.

E----12----12----12---12--|---12-12-10-8-7-------|--10----10---10--10--|
B-------12----------------|----------------10-8--|-----10----7---------|
G--0----------12----9-----|----------------------|----------------7----|
D-------------------------|----------------------|---------------------|
A-------------------------|-0--------------------|-9-------------------|
E-------------------------|----------------------|---------------------|

E----10-10-8-7--------|---8---8---8---8-|---8-8-7----------|---7---7---7---7-|
B--------------10-8-7-|-----8---5-------|---------10-8-7---|-----7-----------|
G--0------------------|-------------5---|----------------9-|---------8-------|
D---------------------|-----------------|------------------|-------------9---|
A---------------------|-7---------------|-9----------------|-----------------|
E---------------------|-----------------|------------------|-7---------------|

E----7-7-5---7---7--|-------7---5---5--|---5p2-----3-0----|---2-0-----2------|
B----------8--------|-----5---7---5----|-------4-------1--|-------1-----4-0--|
G--------------7----|---5--------------|------------------|------------------|
D-------------------|------------------|------------------|------------------|
A-------------------|-0----------------|-2-------3--------|-0-------2--------|
E--0----------------|------------------|------------------|------------------|

E-----0--3--0--|--2-----7-----|--7--5p4--5--0--|--5-------5-----|
B--------------|-----0--4--0--|----------7-----|--4----------4--|
G--------------|--------------|--6-------------|-----6p4--6-----|
D--2-----------|--------------|----------------|----------------|
A--------------|--------------|----------------|----------------|
E--0-----------|--------------|----------------|----------------|
   p                                                      F

E--3-----0-----|--0--------------|--0-----2-----|--3-----4--0--|
B--5-----0-----|-----------4-----|-----0-----0--|--0--0--------|
G--------------|--2--------4-----|--------------|--------------|
D--------------|-----------------|--------------|--------0-----|
A--------------|--------0--2--0--|--------------|--------------|
E-----0--3--0--|--2--3-----------|--3-----2-----|--0-----------|
               p cresc.

E--5--0--7-----|--8--7--5--4--0--|---------------------|-----12----11--12--||
B--5--------9--|-----------------|---------------------|---------------12--||
G--------------|-----------------|--8--6---------------|-----12----11--12--||
D--------------|-----------------|--------9--7---------|---------------9---||
A--3-----------|--0--------------|--------------10--9--|---------------7---||
E--------7-----|-----------------|---------------------|-12------7-----0---||
