%%%% rating:None %%%%
%%%% artist:Tush Tabs %%%%
%%%% url:http://tabs.ultimate-guitar.com/tab/1586675 %%%%
%%%% title:Lo Mejor De Mí (ver 2) Chords %%%%
%%%% comments:[] %%%%
%%%% difficulty:None %%%%
%%%% provider:ultimate-guitar %%%%
%%%% contributor:None %%%%
%%%% type:Chords %%%%
%%%% Tab:<i></i>Aquí les dejo una de las mejores canciones de este grupo
me falta un nota al final del coro pero ya ustedes
ven como le hacen espero que les guste
esta canción va dedicada para el amor de mi vida

<span>F</span>
 Fue un eterno despertar
<span>F</span>
 abrir los ojos y ver que eras tú
<span>F</span>                                         <span>Bb</span>
 la luz que entraría por la ventana de mi corazón
<span>F</span>
 fue un eterno suspirar
<span>F</span>
 sentir tus manos y saber que tú
<span>F</span>                                              <span>Gm</span>
 te has convertido en mi único mundo porque esta tu amor
<span>Gm</span>                              <span>Am</span>                         <span>Bb</span>
 si tú estas aquí ya no me importa lo que pueda haber de más
    <span>C</span>
 uuuuuuuuuuuuuuu


 CORO
<span>F</span>                <span>Bb</span>
 como tú no hay nadie más
         <span>Gm</span>                      <span>Am</span>                       <span>A</span>
 tú has hecho que mi alma cante con las melodias de tu voz
                            <span>Dm</span>           <span>C</span>
 que se grabó en lo mas profundo de mi ser
             <span>Bb</span>         <span>Gm</span>           <span>Am</span>        <span>Bb</span>    <span>C</span>
 y a tu corazón es a lo único que quiero darle lo mejor de mí


<span>F</span>-<span>Bb</span>-<span>Gm</span>-<span>Bb</span>

<span>F</span>
 incomparable es estar
<span>F</span>
 entre tus brazos y saber que tú
<span>F</span>                                              <span>Gm</span>
 me has regalado otra vida que brilla bajo un nuevo sol
<span>Gm</span>                           <span>Am</span>                           <span>Bb</span>
 si tú estas aqui ya no me importa lo que pueda haber de más
<span>C</span>
 uuuuuuuuuuuuuuuu

 CORO
<span>F</span>                <span>Bb</span>
 como tú no hay nadie mas
         <span>Gm</span>                      <span>Am</span>                       <span>A</span>
 tú has hecho que mi alma cante con las melodias de tu voz
                            <span>Dm</span>           <span>C</span>
 que se grabo en lo mas profundo de mi ser
             <span>Bb</span>         <span>Gm</span>           <span>Am</span>        <span>Bb</span>    <span>C</span>
 y a tu corazón es a lo único que quiero darle lo mejor de mi


<span>F</span>-<span>Bb</span>-<span>Gm</span>-<span>Bb</span>

<span>F</span>
 Fue un eterno despertar
<span>Bb</span>
 abrir los ojos y ver que eras tú

cualquier cosa  me avisan a mi mail [marcoantonio20003@

 - | - | - | - | - | - | - | - | - | - | - | - | - | - | - | - | -

No soy la gran cosa, pero creo que con estas correcciones basandome
en sus acordes de marco suena mejor, no le quito crédito y sé que
<span>A#</span> es igual <span>A</span> <span>Bb</span> pero siento en cuando a la escritura y la armonía
es mejor así, por cierto una recomendación en la parte de:

"              <span>Bb</span>         <span>Gm</span>           <span>Am</span>        <span>Bb</span>    <span>C</span>
...y a tu corazón es a lo único que quiero darle lo mejor de mí"

a partir de Gm, puedo recomendarles que toquen los siguientes acordes
con la segunda versión de Am y Bb, y la tercera versión de C para mí
gusto se escucha padre.

Cuídense y cualquier duda: ositob1@

ATTE:

LuiSiToOo

 - | - | - | - | - | - | - | - | - | - | - | - | - | - | - | - | -
