%%%% rating:r_2 %%%%
%%%% artist:Smithereens Tabs %%%%
%%%% url:http://tabs.ultimate-guitar.com/s/smithereens/blood_n_roses_btab.htm %%%%
%%%% title:Blood N Roses Bass Tab %%%%
%%%% comments:[u'<p class="mtop5">The other bass tab for this is much closer</p>'] %%%%
%%%% difficulty:None %%%%
%%%% provider:ultimate-guitar %%%%
%%%% contributor:None %%%%
%%%% type:Bass Tabs %%%%
%%%% Tab:<i></i>Artist~ The Smithereens
Song~ Blood N' Roses
Tabbed By~ Matt Palmieri
Tunning~ Regular {E.A.D.G}

Main Riff~

|G|---------------------0---|M|
|D|--------------------0-0--|A|
|A|-----2-----0-----2-0-----|T|
|E|-0--3-3--3---0-3---------|T|

This very cool bass line, is mostly the entire song, accept for one or two 
little parts.
If you have any questions or comments you can e-mail me at 
bigmatt13_@hotmail.com
      ~MATT~

