%%%% rating:None %%%%
%%%% artist:Smithereens Tabs %%%%
%%%% url:http://tabs.ultimate-guitar.com/s/smithereens/blood_and_roses_ver3_btab.htm %%%%
%%%% title:Blood And Roses (ver 3) Bass Tab %%%%
%%%% comments:[] %%%%
%%%% difficulty:
                                    D# G# C# F# A# D#                                 %%%%
%%%% provider:ultimate-guitar %%%%
%%%% contributor:
                                     %%%%
%%%% type:Bass Tabs %%%%
%%%% Tab:<i></i>-----------------------------------------------------------------------------
                      BLOOD AND ROSES - The Smithereens
-----------------------------------------------------------------------------

Tabbed by: Matt Broback
E-mail: 37hambone@gmail.com

Tuning:  Eb Ab Db Gb


INTRO                          x4
|---------------|----------------|
|:----------0---|-----------4-0-:|
|:-----2------2-|-----2---2-----:|
|-0--3---3------|0--3---3--------|


VERSE                          x4
|---------------|----------------|
|:----------0---|-----------4-0-:|
|:-----2------2-|-----2---2-----:|
|-0--3---3------|0--3---3--------|


CHORUS 1
|--------------|--------------|--------------|--------------|
|--------------|--------------|--------------|0-0--0-2-2--2-|
|3-3--3-3-3--3-|5-5--5-7-7--7\|3-3--3-3-3--3-|--------------|
|--------------|--------------|--------------|--------------|

|---------------|---------------|
|---------------|---------------|
|3-3--3-3-2-0---|0-0--4-5-4-----|
|-------------3-|-----------3-2-|


BRIDGE
|---------------|----------------|
|:----------0---|-----------4-0-:|
|:-----2------2-|-----2---2-----:|
|-0--3---3------|0--3---3--------|


VERSE                          x4
|---------------|----------------|
|:----------0---|-----------4-0-:|
|:-----2------2-|-----2---2-----:|
|-0--3---3------|0--3---3--------|


CHORUS 2
|--------------|--------------|--------------|--------------|
|--------------|0-0--0-2-2--2-|--------------|0-0--0-2-2--2-|
|3-3--3-3-3--3-|--------------|3-3--3-3-3--3-|--------------|
|--------------|--------------|--------------|--------------|

|---------------|---------------|
|---------------|---------------|
|3-3--3-3-2-0---|0-0--4-5-4-----|
|-------------3-|-----------3-2-|


BRIDGE                         x4
|---------------|----------------|
|:----------0---|-----------4-0-:|
|:-----2------2-|-----2---2-----:|
|-0--3---3------|0--3---3--------|


SOLO
|-----------------|-----------------|-----------------|-----------------|
|:2-2-2-2-5-5-5-5-|2-2-2-2-5-5-0-0-:|:2-2-2-0-5-5-5-0-|2-2-2-0-5-5-0-0-:|
|:----------------|----------------:|:----------------|----------------:|
|-----------------|-----------------|-----------------|-----------------|

                                                                    x3
|----------------|----------------|-----------------|-----------------|
|------7-5-5-----|--------5-5-----|:------7-5-------|--------5-5-----:|
|7---5---------5-|7---5-7-----5-5-|:7---5-------5-6-|7---5-7-----5-5-:|
|--7---------7---|--7-------------|---7-------7-----|--7--------------|

|----------------|--------------|----------------|---------------|
|--------5-5-5-5-|--------5--0--|--------5-5-5-5-|--------5------|
|7-7-7-7---------|7-7-7-7-------|7-7-7-7---------|7-7-7-7----5-\-|
|----------------|--------------|----------------|---------------|


BRIDGE
|---------------|----------------|
|:----------0---|-----------4-0-:|
|:-----2------2-|-----2---2-----:|
|-0--3---3------|0--3---3--------|


VERSE                          x4
|---------------|----------------|
|:----------0---|-----------4-0-:|
|:-----2------2-|-----2---2-----:|
|-0--3---3------|0--3---3--------|


CHORUS 3
|--------------|---------------|--------------|-----.-----------|
|--------------|0-0--0-2-2-2-2-|--------------|0-0--2/4-2-2-----|
|3-3--3-3-3--3-|---------------|3-3--3-3-3--3-|-------------2/5-|
|--------------|---------------|--------------|-----------------|

|---------------|---------------|
|---------------|-------------4-|
|3-3--3-3-2-0---|0-0--4-5-4-5---|
|-------------3-|---------------|


OUTRO
|--------------|---------------|--------------|---------------|
|----------0---|-----------4-0-|----------0---|-----------0-0-|
|-----2------2-|-----2---2-----|-----2------2-|-----2---2-----|
|0--3---3------|0--3---3-------|0--3---3------|0--3---3-------|

                               x6
|---------------|----------------|---------------|----------------|
|:----------0---|-----------4-0-:|-----------0---|--------4-2-0---|
|:-----2------2-|-----2---2-----:|------2------2-|------2-------2-|
|-0--3---3------|0--3---3--------|0-0-3---3------|0-0-3-----------|

|--------------|----------------|--------------|----------------|----|
|----------0---|4-2-0-----------|----------0---|4-4-2-0---------|----|
|-----2------2-|------3-2-0-----|-----2------2-|--------3-2-0---|----|
|0--3---3------|------------3-2-|0--3---3------|--------------3-|0---|

