%%%% rating:None %%%%
%%%% artist:Tush Tabs %%%%
%%%% url:http://tabs.ultimate-guitar.com/tab/1586671 %%%%
%%%% title:Así Llegaste (ver 2) Tab %%%%
%%%% comments:[] %%%%
%%%% difficulty:None %%%%
%%%% provider:ultimate-guitar %%%%
%%%% contributor:None %%%%
%%%% type:Tabs %%%%
%%%% Tab:<i></i>Ps aquí les dejo la corrección,creo q hay tonos
de más y mal acomodados, chequen esta a ver q les parece.
Suena mejor así, además les incluyo algunos adornitos q hacen,
y el pequeño punteo q hace a la mitad de la cancion.

Intro:
   G/B           D          Cadd9         G
e|-----2---x-|---2-------x|----------x--|-----x----|
B|-----2---x-|---1-------x|------0---x--|--2--x----|
G|--0--0---x-|---2----2--x|------0---x--|--0--x----|
D|--0------x-|---0----0--x|--0h2-0---x--|--0--x----|
A|--2------x-|------------|----------x--|--2--x----|
E|---------x-|------------|----------x--|--3--x----|

   G/  B         D           Cadd9        G
e|-----2---x-|---2-------x|------------------x----|
B|-----2---x-|---1-------x|------0--------2--x----|
G|--0--0---x-|---2----2--x|------0--------0--x----|
D|--0------x-|---0----0--x|--0h2-0--------0--x----|
A|--2------x-|------------|-----------0---2--x----|
E|---------x-|------------|---------------3--x----|


G/B      D
Era tan oscuro
             Cadd9    G
tenia tanto miedo de sentir
G/B            D
como una daga en el pecho
             Cadd9         G
un viejo amor me negaba a vivir


(aquí hace un arpegio, lo puse al final)
G/B         D
Solo en silencio
     Cadd9           G
sin palabras sin dormir
G/B               D
Arrastrando al olvido para asi
Cadd9      G
Dejarme existir

(aquí hace una adornito para entrar a G/B)
e|----------0---|
B|--------------|
G|--------------|
D|----------5---|
A|------3h5-----|
E|--3h5---------|

PRECORO

Em7
Y en esos momentos que pense
    D
que solo me quedaba en la nada
Cadd9                  D
que con tu voz era lo que me consolaba

CORO

  G/B
Y asi legaste
      Cadd9           G
Te convertiste en mi luz mi inspiracion
           D
La fuerza de mi voz mi amor

  G/B
Y asi llegaste
     Cadd9           G
Te convertiste en mi única ilusión
          D                   Dsus4
Lo que motiva esta canción

(Puenteo)(SE ACOMPAÑA CON LO DEL INTRO)

   G/B         D   Cadd9       G
e|--3----------5------------------------------------|
B|--3-----------------------------------3--5p3------|
G|-----7/9--------2/4--2---2-2/4----2h4---------4p2-|
D|-----7/9---------------4--------------------------|
A|--------------------------------------------------|
E|--------------------------------------------------|

   G/B         D   Cadd9
e|--3----------5------------------------------------|
B|--3----------------3------------------------------|
G|-----7/9-----------0------------------------------|
D|-----7/9-----------2------------------------------|
A|-------------------3------------------------------|
E|--------------------------------------------------|

G/B             D
Y es que tuve miedo
       Cadd9             G
Porque pensé que en unos brazos
G/B               D
Estaba puesta mi vida
             Cadd9           G
Y no note que estuviste a un lado

PRECORO

Em7
Y en esos momentos que pense
    D
que solo me quedaba en la nada
Cadd9                  D
que con tu voz era lo que me consolaba

CORO

  G/B
Y asi legaste
      Cadd9           G
Te convertiste en mi luz mi inspiracion
           D
La fuerza de mi voz mi amor

  G/B
Y asi llegaste
     Cadd9           G
Te convertiste en mi única ilusión
          D
Lo que motiva esta canción

C
No puedo creer que con tu amor
     D
Me elevas y me llevas al cielo
G                      D
No hay heridas tan profundas que duelan

(Aquí hace estos tonos en un solo rasgueo):
G/B Cadd9 G D

(Despues hace esos mismos acordes ya rasgueando.)


Arpegio, Min. 0.25 y se hace mientras toca la primera guitarra


  G/B          D       Cadd9           G
|--7-----7-----5-----|--8------8-------7----------|
|--8-8-----8---7-7---|--8--8-----8-----8--8-------|
|------7-----7-----7-|------9------9---7----7-----|  «2x
|--------------------|----------------------------|
|--------------------|----------------------------|
|--------------------|----------------------------|

   Cadd9              G/B
e|----3---|      e|----3---|
B|----3---|      B|----3---|
G|----0---|      G|----0---|
D|----2---|      D|----0---|
A|----3---|      A|----2---|
E|--------|      E|--------|

 Eso es todo y cualquier duda o comentario a mi correo, bye!!
