%%%% rating:r_4 %%%%
%%%% artist:Turntable Rockers Tabs %%%%
%%%% url:http://tabs.ultimate-guitar.com/t/turntable_rockers/no_melody_tab.htm %%%%
%%%% title:No Melody Tab %%%%
%%%% comments:[u'<p class="mtop5">G should be Gm</p>'] %%%%
%%%% difficulty:None %%%%
%%%% provider:ultimate-guitar %%%%
%%%% contributor:
                                    novice                                 %%%%
%%%% type:Tabs %%%%
%%%% Tab:<i></i>TURNTABLEROCKERS_NOMELODY
CHORDS:
   Fm   G#   G   Cm
e|-1----4----3---3----------------------------------|
H|-1----4----3---4----------------------------------|
G|-1----5----4---5----------------------------------|
D|-3----6----5---5----------------------------------|
A|-3----6----5---3----------------------------------|
E|-1----4----3--------------------------------------|


BASS:
G|------------------------------------------------|
D|------------------------------------------------|
A|----------3--------------------5--3-------------|
E|-1--4--3------------1--4--3---------------------|

e|----------------------------------------------|
H|----------------------------------------------|
G|----------------------------------------------|
D|--3/6-6-6-6-6-6-/10-----3/6-6-6-6-6-6-6---/3--|
A|----------------------------------------------|
E|----------------------------------------------|
 
   
BY BRAINING@HOTMAIL:DE
