%%%% rating:None %%%%
%%%% artist:Turin Brakes Tabs %%%%
%%%% url:http://tabs.ultimate-guitar.com/t/turin_brakes/pain_killer_intro_tab.htm %%%%
%%%% title:Pain Killer Intro Tab %%%%
%%%% comments:[] %%%%
%%%% difficulty:None %%%%
%%%% provider:ultimate-guitar %%%%
%%%% contributor:None %%%%
%%%% type:Tabs %%%%
%%%% Tab:<i></i>Hi every one! This is my first tab so go easy on it. It's pretty rubish coz so
far i ave only found out the beggining of this song. Watch this space becoz the
rest IS comin SOON!

Band: Turin Brakes
Song:Pain Killer

E----------0--3-----3--3||    Repeat as necessary
B----------2--3-----3--3||
G-----2----2--4-----4--4||
D---2---2--2--5-----5--5||
A-0--------0--5-----5--5||
E----------0--3--3--3--3||

                    OR

E----------3--1----1||
B----------3--1----1||
G-----5----4--2----2||
D---5---5--5--3----3||
A-3--------5--3----3||
E----------3--1--1-1||

    I will put the reat of it up when i find it out!

                         Don
