%%%% rating:None %%%%
%%%% artist:Nacho Vegas Tabs %%%%
%%%% url:http://tabs.ultimate-guitar.com/n/nacho_vegas/la_fin_crd.htm %%%%
%%%% title:La Fin Chords %%%%
%%%% comments:[] %%%%
%%%% difficulty:None %%%%
%%%% provider:ultimate-guitar %%%%
%%%% contributor:None %%%%
%%%% type:Chords %%%%
%%%% Tab:<i></i>ESTA CANCION LA DEBEN DE TOCAR
CON UN ARPEGIO RAPIDO, LE PUEDEN
HACER UN Gm7 PARA PASAR A Cm

<span>Gm</span>
Hace tres años y un dia llegaba a Norteña
                               <span>Cm</span>
Era solo uno mas entre los extraños
    <span>D</span>                                      <span>Gm</span>
Hoy diriais que he envejecido al menos diez años.

Me dedique por un tiempo a cantar en el puerto
                             <span>Cm</span>
Canciones que había aprendido aquí mismo;
    <span>D</span>                                     <span>Gm</span>
Unas pocas hablaban del cielo y muchas del abismo.

La conocí una mañana tras una guitarra y,
                             <span>Cm</span>
Broto de sus labios aquella tonada
    <span>D</span>                            <span>Gm</span>
Como si fuera maldición ya no pude olvidarla

        <span>Cm</span>
Y podría volver
        <span>D</span>                                      <span>Gm</span>
Y podría decir que las cosas van bien allá por Norteña.
               <span>Cm</span>
Y omitir que allí
            <span>D</span>                                          <span>Gm</span>
Una extraña mujer me enseño que no hay bien que por mal no venga.
               <span>Cm</span>
Y aunque yo preguntaba ella siempre callaba
                                                     <span>D</span>
O decía ?no quieras saber de mi vida, no me hagas hablar,
                            <span>Gm</span>
Que si bebo es para olvidar?.


/<span>Cm</span> <span>D</span> <span>Gm</span>/

<span>Gm</span>
Desde ese día aquella melodía se aferra a mi alma
                  <span>Cm</span>
Arrancarla resulta imposible
        <span>D</span>                                      <span>Gm</span>
Pues resuena con la perfección de un recuerdo terrible.

Y hoy cuando intento escribir nuevos versos
                                        <span>Cm</span>
De frente me encuentro tan solo con desilusiones,
        <span>D</span>                                  <span>Gm</span>
Y ahora se con certeza que no escribiré mas canciones.

         <span>Cm</span>
Y podría volver
         <span>D</span>                                     <span>Gm</span>
Y podría decir que las cosas van bien allá por Norteña.
               <span>Cm</span>
Y omitir que allí
             <span>D</span>                                          <span>Gm</span>
Una extraña mujer me enseño que no hay bien que por mal no venga.
                <span>Cm</span>
Y aunque yo preguntaba ella siempre callaba
                                                      <span>D</span>
O decía ?no quieras saber de mi vida, no me hagas hablar,
                            <span>Gm</span>
Que si bebo es para olvidar?.


/<span>Cm</span> <span>D</span> <span>Gm</span>/

                <span>Cm</span>
Y aunque yo preguntaba ella siempre callaba
                                                      <span>D</span>
O decía ?no quieras saber de mi vida, no me hagas hablar,
                            <span>Gm</span>
Que si vivi es para olvidar?.


ENTRA MUSICA A RITMO DE BALADA RANCHERA

////<span>Cm</span> <span>D</span> <span>Gm</span>////
