%%%% rating:r_4 %%%%
%%%% artist:Turisas Tabs %%%%
%%%% url:http://tabs.ultimate-guitar.com/t/turisas/battle_metal_tab.htm %%%%
%%%% title:Battle Metal Tab %%%%
%%%% comments:[u'<p class="mtop5">nice dude nice</p>'] %%%%
%%%% difficulty:
                                    intermediate                                 %%%%
%%%% provider:ultimate-guitar %%%%
%%%% contributor:
                                     %%%%
%%%% type:Tabs %%%%
%%%% Tab:<i></i>                    Band: Turisas
                   Song: Battle Metal
                Chris Povey (metallica-best@hotmail.co.uk)
                 Copyright 2007 all rights reserved
             I tabbed part of this song before this is the whole song.


Play This 3 times
E|-----------------------------------------------------------|
B|-----------------------------------------------------------|
G|----4--6--7----6--4--4-------------------------------------|
D|-4-------------------------5--7----5--3--5-----------------|
A|-----------------------------------------------------------|
D|-----------------------------------------------------------|

Play this 3 times
E|----------------------------------------------------------|
B|----------------------7-----------------------------------|
G|----4--6--7----6--4------- 7--4----6--4--3----------------|
D|-4--------------------------------------------------------|
A|----------------------------------------------------------|
D|----------------------------------------------------------|



Play this once
E|-----------------------------------------------------------|
B|-----------------------------------------------------------|
G|-6--------6------------------------------------------------|
D|-6-5-2-4--6-5-7-4-4-4-4-4-4-4-4----------------------------|
A|-4-5-2-4--4-5-7-4-4-4-4-4-4-4-4----------------------------|
D|---5-2-4----5-7-4-4-4-4-4-4-4-4----------------------------|
                  pm pm pm pm pm pm pm


This part comes in now....  ( you cant really hear it over accordian)

e|---------------------------------6---------------------------------------|
b|----------6----7----------7--------------/9------------------------------|
g|--------------------5----------------------------------------------------|
d|-------------------------------------------------------------------------|
a|-------------------------------------------------------------------------|
E|--0----------------------------------------------------------------------|


Repeat This bit 3 times
e|---------------------------------10--------------------------------------|
b|----------10----11----------12--------------/14--------------------------|
g|--------------------9----------------------------------------------------|
d|-------------------------------------------------------------------------|
a|-------------------------------------------------------------------------|
D|--0----------------------------------------------------------------------|


Verse:       Play this about 4 times
e|-------------------------------------------------------------------------|
b|-------------------------------------------------------------------------|
g|-------------------------------------------------------------------------|
d|--0--3---0---3-----------------------------------------------------------|
a|--0--3---0---3-----------------------------------------------------------|
D|--0--3---0---3-----------------------------------------------------------|



Outro:  Play twice
E|-----------------------------------------------------------|
B|-----------------------------------------------------------|
G|----4--6--7----6--4--4-------------------------------------|
D|-4-------------------------5--7----5--3--5-----------------|
A|-----------------------------------------------------------|
D|-----------------------------------------------------------|
