%%%% rating:None %%%%
%%%% artist:Turtles Tabs %%%%
%%%% url:http://tabs.ultimate-guitar.com/t/turtles/guide_for_the_married_man_ukulele_crd.htm %%%%
%%%% title:Guide For The Married Man Ukulele Chords %%%%
%%%% comments:[] %%%%
%%%% difficulty:None %%%%
%%%% provider:ultimate-guitar %%%%
%%%% contributor:None %%%%
%%%% type:Ukulele %%%%
%%%% Tab:<i></i>#----------------------------------PLEASE NOTE--------------------------------#
#This file is the author's own work and represents their interpretation of the#
#song. You may only use this file for private study, scholarship, or research.#
#-----------------------------------------------------------------------------#
                      "Guide For The Married Man"
                          (Williams-Bricusse)

Intro:

	<span>G</span>       <span>C6</span>/<span>G</span>
	/ / / /  / / / /	[3X]

Verse 1:

	<span>G</span>       <span>C/G</span>          <span>G</span>    <span>C</span>/<span>G</span>
	What we need in the world today
	      <span>G</span>             <span>Eb</span>      <span>G</span>
	Is a guide for the married man
	      <span>G</span>      <span>C/G</span>           <span>G</span>    <span>C</span>/<span>G</span>
	Some simple thing that in every way
	          <span>G</span>            <span>B7</span>      <span>E</span>
	Would provide for the harried man
	<span>Dm</span>               <span>Em</span>
	Help him not to worry
	   <span>Dm</span>            <span>Em</span>
	Assist him to relax
	 <span>Dm</span>                 <span>C</span>
	Help him slow his heart rate
	     <span>F#</span>            <span>D</span>
	And spare him cardiacs

Verse 2:

	Such a guide would in many ways
	Turn the tide for the married man
	Enable husbands to fill their days
	As only the married can
	<span>Dm</span>                <span>Em</span>
	Every man would praise it
	      <span>F</span>               <span>D7</span>
	It's such a splendid plan
	<span>G</span>       <span>C/G</span>            <span>G</span>          <span>C</span>/<span>G</span>
	Someday soon we shall point with pride
	         <span>Eb</span>                   <span>G</span>   <span>C/G</span>  <span>G</span>  <span>C</span>/<span>G</span>
	To the guide for the married man

Vocal interlude:

	<span>Eb</span>  <span>Ab</span>   <span>Eb</span>  <span>Ab</span>   <span>Eb</span>  <span>Ab</span>   <span>Eb</span>
	/ / / /  / / / /  / / / /  / / / /
	<span>D</span>   <span>G</span>    <span>D</span>   <span>G</span>    <span>D</span>   <span>A7</span>   <span>D</span>
	/ / / /  / / / /  / / / /  / / / /

Verse 3 [chords as per verse 1]:

	By the side of the married man
	'Tis the lady who shares his life
	You help the bride of the married man
	By removing the husband's strife
	Every wife who's truthful
	Who treasures married bliss
	Must keep her husband youthful
	What better way than this?

[key change to B]

Verse 4:

	<span>B</span>         <span>E</span>       <span>B</span>       <span>E</span>
	Each and every device we know
	          <span>B</span>            <span>G</span>       <span>B</span>
	Must be tried for the married man
	     <span>B</span>       <span>E/B</span>          <span>B</span>         <span>E</span>/<span>B</span>
	But who can question the debt he'll owe
	        <span>B</span>            <span>D#7</span>     <span>G#</span>
	To the guide for the married man
	<span>F#m</span>            <span>G#m</span>
	List things universal
	      <span>F#m</span>            <span>F#</span>
	From Pittsburgh to Japan
	<span>B</span>      <span>E</span>          <span>B</span>     <span>E</span>
	Every man can be satisfied
	        <span>G</span>                     <span>B</span>
	By the guide for the married man

Coda:

	<span>B</span>   <span>E</span>
	/ / / /  [repeat to fade]


-- another ace 60's tab from Andrew Rogers
