%%%% rating:None %%%%
%%%% artist:Smithfield Tabs %%%%
%%%% url:http://tabs.ultimate-guitar.com/s/smithfield/heaven_tab.htm %%%%
%%%% title:Heaven Tab %%%%
%%%% comments:[] %%%%
%%%% difficulty:None %%%%
%%%% provider:ultimate-guitar %%%%
%%%% contributor:
                                     %%%%
%%%% type:Tabs %%%%
%%%% Tab:<i></i>Song: Heaven
Artist: Smithfield
Album: The Song That Died Away
Tuning: Standard (EADGBe)
website: http://www.smithfieldmusic.com/

Main Riff
|--------------------------------------|
|-12^---10---15----13--12^--8-/10\-7/8-|
|--------------------------------------|
|--------------------------------------|
|--------------------------------------|x2
|--------------------------------------|

|-----0---------------------------------------0-----------------------------------|
|-3h5---3h5-------------------------------3h5---3h5-------------------------------|
|----------------5-4^------------------------------------5-4^---------------------|
|-----------------------5--4^--5-/7\-4/5------------------------5--4^---2~-0------|
|---------------------------------------------------------------------------------|
|---------------------------------------------------------------------------------|


Verse 1
|---------------------------------------------------------|
|---------------------3-----3-----------------------3-----|
|-----0-------0-----2---2-----2-----0-------0-----2---2---|
|---2-------2-----0---------------2-------2-----0---------|
|-3-------2---------------------3-------2-----------------|
|---------------------------------------------------------|


Verse 2
|-------------------------------|
|-----3---------------3-----3---|
|-------0-----0-----2---2-----2-|
|---2-------2-----0-------------|
|-3-------2---------------------|
|-------------------------------|

|-------------------------------|
|---------------------3-----3---|
|-----0-------0-----2---2-----2-|
|---2-------2-----0-------------|
|-3-------2---------------------|x2
|-------------------------------|

|-------------------------------|
|---------------------3---------|
|-----0-------0-----2---2---2-2-|
|---2-------2-----0-------------|
|-3-------2---------------------|
|-------------------------------|


Chorus
|-1--1--1-x-x-8---8---8--x-x-3--3--3--3-3-3-3-3--3-x-x-|
|-1--1--1-x-x-8---8---8--x-x-3--3--3--3-3-3-3-3--3-x-x-|
|-2--2--2-x-x-9---9---9--x-x-4--4--4--4-4-4-4-4--4-x-x-|
|-3--3--3-x-x-10--10--10-x-x-5--5--5--5-5-5-5-5--5-x-x-|
|-3--3--3-x-x-10--10--10-x-x-5--5--5--5-5-5-5-5--5-x-x-|x4
|-1--1--1-x-x-8---8---8--x-x-3--3--3--3-3-3-3-3--3-x-x-|
  V  V  V V ^ V   V   V  V ^ V  V  V  V ^ V ^ V  V V ^

Main Riff
|--------------------------------------|
|-12^---10---15----13--12^--8-/10\-7/8-|
|--------------------------------------|
|--------------------------------------|
|--------------------------------------|x2
|--------------------------------------|

|-----0---------------------------------------0-----------------------------------|
|-3h5---3h5-------------------------------3h5---3h5-------------------------------|
|----------------5-4^------------------------------------5-4^---------------------|
|-----------------------5--4^--5-/7\-4/5------------------------5--4^---2~-0------|
|---------------------------------------------------------------------------------|
|---------------------------------------------------------------------------------|


Verse 3
|---------------------------------------------------------|
|---------------------3-----3-----------------------3-----|
|-----0-------0-----2---2-----2-----0-------0-----2---2---|
|---2-------2-----0---------------2-------2-----0---------|
|-3-------2---------------------3-------2-----------------|
|---------------------------------------------------------|

Verse 4
|-------------------------------|
|---------------------3-----3---|
|-----0-------0-----2---2-----2-|
|---2-------2-----0-------------|
|-3-------2---------------------|x3
|-------------------------------|

|-------------------------------|
|---------------------3---------|
|-----0-------0-----2---2---2-2-|
|---2-------2-----0-------------|
|-3-------2---------------------|
|-------------------------------|

Chorus
|-1--1--1-x-x-8---8---8--x-x-3--3--3--3-3-3-3-3--3-x-x-|
|-1--1--1-x-x-8---8---8--x-x-3--3--3--3-3-3-3-3--3-x-x-|
|-2--2--2-x-x-9---9---9--x-x-4--4--4--4-4-4-4-4--4-x-x-|
|-3--3--3-x-x-10--10--10-x-x-5--5--5--5-5-5-5-5--5-x-x-|
|-3--3--3-x-x-10--10--10-x-x-5--5--5--5-5-5-5-5--5-x-x-|x8
|-1--1--1-x-x-8---8---8--x-x-3--3--3--3-3-3-3-3--3-x-x-|
  V  V  V V ^ V   V   V  V ^ V  V  V  V ^ V ^ V  V V ^

Main Riff
|--------------------------------------|
|-12^---10---15----13--12^--8-/10\-7/8-|
|--------------------------------------|
|--------------------------------------|
|--------------------------------------|x3
|--------------------------------------|

|-------------------------------10-----|
|-12^---10---15----13--12^--7h8--------|
|--------------------------------------|
|--------------------------------------|
|--------------------------------------|
|--------------------------------------|


| /  slide up
| \  slide down
| h  hammer-on
| p  pull-off
| ~  vibrato
| +  harmonic
| x  mute note
| ^  bend
