%%%% rating:None %%%%
%%%% artist:Tush Tabs %%%%
%%%% url:http://tabs.ultimate-guitar.com/t/tush/no_es_tan_complicado_crd.htm %%%%
%%%% title:No Es Tan Complicado Chords %%%%
%%%% comments:[] %%%%
%%%% difficulty:None %%%%
%%%% provider:ultimate-guitar %%%%
%%%% contributor:None %%%%
%%%% type:Chords %%%%
%%%% Tab:<i></i>esta canción esta muy xvr así q hay se las dejo pa los
q la estaban buscando


INTRO: <span>Em</span>-<span>Em</span>-<span>D</span>-<span>C</span>(X4)

           <span>Em</span>
Ya no me quiero mentir(no quiero seguir)
        <span>D</span>                 <span>C</span>
involucrado en este martirio insisto
          <span>Em</span>
que esto no es para mi(me asusta fingir)
         <span>D</span>          <span>C</span>
ya me cance de creer

     <span>D</span>              <span>C</span>
que tu encajes conmigo
   <span>D</span>                    <span>C</span>      <span>D</span>
y yo pretender ser tu amigo

<span>G</span>          <span>D</span>
 disculpame
                 <span>C</span>
pero solo soy asi
     <span>Em</span>          <span>D</span>
tan simple y sencillo
<span>G</span>                 <span>D</span>
 no es tan complicado
       <span>C</span>
entender
     <span>Em</span>        <span>D</span>            <span>C</span>   <span>D</span>
que no soy un perro a tus pies

           <span>Em</span>
ya no me quiero inventar (este juego al azar)
         <span>D</span>            <span>C</span>
que me tiene tan aturdido y digo
        <span>Em</span>
que no voy a intentar (herirte jamaz)
         <span>D</span>                <span>C</span>
aun que tu no piences lo mismo

       <span>D</span>              <span>C</span>
y tal vez no seas mi tipo
      <span>D</span>                 <span>C</span>     <span>D</span>
deja de quedar bien conmigo


<span>G</span>          <span>D</span>
 discúlpame
                 <span>C</span>
pero solo soy asi
     <span>Em</span>          <span>D</span>
tan simple y sencillo
<span>G</span>                 <span>D</span>
 no es tan complicado
       <span>C</span>
entender
     <span>Em</span>        <span>D</span>            <span>C</span>    <span>D</span>
que no soy un perro a tus pies


los acordes delo solo so C-D


<span>G</span>          <span>D</span>
 disculpame
                 <span>C</span>
pero solo soy asi
     <span>Em</span>           <span>D</span>
tan simple y sencillo
<span>G</span>                 <span>D</span>
 no es tan complicado
       <span>C</span>
entender
     <span>Em</span>        <span>D</span>            <span>C</span>
que no soy un perro a tus pies
     <span>Em</span>        <span>D</span>            <span>C</span>
que no soy un perro a tus pies
     <span>Em</span>        <span>D</span>
que no soy un perro a tus pies


cualquier pedido me mandan un mail(marcoantonio20003@
