%%%% rating:None %%%%
%%%% artist:Turin Brakes Tabs %%%%
%%%% url:http://tabs.ultimate-guitar.com/t/turin_brakes/mirror_tab.htm %%%%
%%%% title:Mirror Tab %%%%
%%%% comments:[] %%%%
%%%% difficulty:
                                    intermediate                                 %%%%
%%%% provider:ultimate-guitar %%%%
%%%% contributor:
                                     %%%%
%%%% type:Tabs %%%%
%%%% Tab:<i></i>-------------------------------------------------------------------------------
                           MIRROR - Turin Brakes
-------------------------------------------------------------------------------

Tabbed by: Sam Rayner
Site: samrayner.com

Tuning: Standard - EADGBE

One of my favourites off the new album, Outbursts. The song has two guitar
parts for Olly and Gale but I've tabbed it so it can be played solo (with a bit
of tricky fingering). The fills between chords in the verse aren't always
played so listen to the track for cues. Try and let the chords ring by playing
the fills with your free 3rd and 4th fingers while holding the chord shape.

Song structure:
Intro | Verse x2 | Chorus | Intro | Verse x2 | Chorus | Bridge | Intro | Finish

Tabbed by ear so almost certainly not how the guys play it but sounds close.
Enjoy!

Sam


Intro/Verse
-----------

  Emadd9           C                 G                      F#    G                      Bm

E|--2--------------0-----------------3--3p0-----------------2--0--3--3p0-----------------2--|
B|--0--0-----------1--1--------------3-------3p0------------2--0--3-------3p0------------3--|
G|--0-----------0--0--------0--------0------------3p0-------3--3--0------------3p0-------4--|
D|--2-----2--4-----2-----2-----4--0--0-----------------4p0--4--4--0-----------------4p0--4--|
A|--2--------------3-----------------2----------------------4--4--2----------------------2--|
E|--0--------------------------------3----------------------2--2--3-------------------------|


Chorus
------

    C              G              C              G

E|--0--3--3--2-----3--2--2--------0--3--3--2-----3--2--2--------|
B|--1-----------3--3--------3--0--1-----------3--3--------3--0--|
G|--0--------------0--------------0--------------0--------------|
D|--2--------------0--------------2--------------0--------------|
A|--3--------------2--------------3--------------2--------------|
E|-----------------3-----------------------------3--------------|

    C             Em7             C              C

E|--0--3--3--2-----3--2--2--------3--3--3--2-----3--3--3--2-----|
B|--1-----------3--3--------3--0--3-----------3--3-----------3--|
G|--0--------------0--------------0--------------0--------------|
D|--2--------------2--------------2--------------2--------------|
A|--3--------------2--------------3--------------3--------------|
E|-----------------0--------------------------------------------|


Bridge
------

   Em7   C   Em7   C   Em7   C

E|--3----3----3----3----3----3--|
B|--3----1----3----1----3----1--|
G|--0----0----0----0----0----0--|
D|--2----2----2----2----2----2--|
A|--2----3----2----3----2----3--|
E|--0---------0---------0-------|


Finish
------

   Em (harmonics on 12 fret)

E|--12--|
B|--12--|
G|--12--|
D|--14--|
A|--14--|
E|--12--|
