%%%% rating:r_2 %%%%
%%%% artist:Turf Tabs %%%%
%%%% url:http://tabs.ultimate-guitar.com/t/turf/magia_blanca_ver2_crd.htm %%%%
%%%% title:Magia Blanca (ver 2) Chords %%%%
%%%% comments:[u'<p class="mtop5">Lack of formatting. I dont like people who dont write all the acords just because they are repeated... a a a a a a a a</p>'] %%%%
%%%% difficulty:None %%%%
%%%% provider:ultimate-guitar %%%%
%%%% contributor:
                                     %%%%
%%%% type:Chords %%%%
%%%% Tab:<i></i>muy buena cancion de turf...bastante facil de tocar..en otro momento les dejo la intro...
cualquier consulta: savarela_88@hotmail.com


<span>G</span>                 <span>Bm</span>                    <span>Am</span>
Que decís que no vas a mentir, si te encanta.
<span>G</span>                <span>Bm</span>                   <span>Am</span> 
Que decís que no vas a reír, si te encanta.
<span>G</span>                <span>Bm</span> 
Que decís que no vas a venir,
       <span>Am</span>                <span>C</span>                    <span>G</span> 
si pensás en venir cada vez que te alejas de mí.
                  <span>Bm</span>                    <span>Am</span>   <span>C</span>  <span>D</span> 
Que decís que no vas a llorar, si te encanta. 

       <span>G</span>        <span>Em</span>
Es una noche más
          <span>Am</span>         <span>D</span> 
llena de magia blanca,
          <span>G</span> 
otra oportunidad... 

Que decís que no vas a bailar, si te encanta. 
Que decís que no vas a probar, si te encanta. 
Que decís que no vas a salir, 
si pensás en salir cada vez que te alejas de aquí. 
Que decís que no vas a gritar, si te encanta. 

Es una noche más
llena de magia blanca,
          <span>G</span>      <span>Em</span> <span>Bm</span> <span>Am</span> <span>C</span>
otra oportunidad
             <span>Em</span> <span>Bm</span> <span>Am</span> <span>C</span>
de magia blanca
             <span>Em</span> <span>Bm</span> <span>Am</span> <span>C</span>
de magia blanca

Es una noche más 
llena de magia blanca,
otra oportunidad 
donde el dolor descansa.

Es una noche mas...
