%%%% rating:None %%%%
%%%% artist:Turf Tabs %%%%
%%%% url:http://tabs.ultimate-guitar.com/tab/1586635 %%%%
%%%% title:Más Loca Que Yo Bass Tab %%%%
%%%% comments:[] %%%%
%%%% difficulty:None %%%%
%%%% provider:ultimate-guitar %%%%
%%%% contributor:None %%%%
%%%% type:Bass Tabs %%%%
%%%% Tab:<i></i>Versos
G|----------------|----------------|-----------6-9-|
D|----------------|----------------|-----6-7-9-----|
A|-2-3-4-3--5-4-2-|-2-3-4-5--5-4-5-|-7-9-----------|
E|----------------|----------------|---------------|
 |  CUATRO  VECES |   TRES   VECES |

Coros
G|--------|x4
D|--------|
A|--------|
E|-5--5-5-|

Puente ('Mas loca que yo...')
G|---------------|x8
D|---------------|
A|-5-5-5-----3-4-|
E|-------5-7-----|

Solo de Guitarra
G|----------------|-----------6-9-|
D|------------1-2-|-----6-7-9-----|
A|-2-3-4-3--4-----|-7-9-----------|
E|----------------|---------------|
 |  SIETE  VECES  |
