%%%% rating:None %%%%
%%%% artist:Tuuli Tabs %%%%
%%%% url:http://tabs.ultimate-guitar.com/t/tuuli/rockstar_boyfriend_tab.htm %%%%
%%%% title:Rockstar Boyfriend Tab %%%%
%%%% comments:[] %%%%
%%%% difficulty:
                                    intermediate                                 %%%%
%%%% provider:ultimate-guitar %%%%
%%%% contributor:
                                     %%%%
%%%% type:Tabs %%%%
%%%% Tab:<i></i>Author/Artist: Tuuli
Title: Rockstar boyfriend
Album: here we go
Transcribed by: Lee Kemp
Email: kidrocker@hotmail.com

----------------------------------------------------------------------------|
----------------------------------------------------------------------------|
----------------------------------------------------------------------------|
--8-8-------------3----10---------------------------------------------------|
--8-8-------------3----10----x2---------------------------------------------|
--6-6-------------1-----8---------------------------------------------------|
      let  ring              intro gt1

----------------------------|----------------|------------------------------|
----------------------------|----------------|------------------------------|
-/14-14-14p12-10-10---12-10-|-12-14-12-10-7--|-9-10-------------------------|
----------------------------|----------------|------------------------------|
----------------------------|----------------|------------------------------|
----------------------------|----------------|------------------------------|
  intro gt2                   first time        second time

----------------------------------------------------------------------------|
----------------------------------------------------------------------------|
----------------------------------------------------------------------------|
----------------------------------------------------------------------------|
--12-12-10-10-8-8-7-7-------------------------------------------------------|
--10-10--8--8-6-6-5-5-------------------------------------------------------|
   verse gt1

----------------------------------------------------------------------------|
----------------------------------------------------------------------------|
--------14-12-------12-10-----10-9-----9-10---------------------------------|
--12-12-------10-10-------8-8------7-7--------------------------------------|
----------------------------------------------------------------------------|
----------------------------------------------------------------------------|
    Verse gt2

----------------------------------------------------------------------------|
----------------------------------------------------------------------------|
----------------------------------------------------------------------------|
------------------3-10------------------------------------------------------|
-12-12-10-10-8-8--3-10------------------------------------------------------|
-10-10--8--8-6-6--1--8------------------------------------------------------|
 Pre chrous

----------------------------------------------------------------------------|
----------------------------------------------------------------------------|
----------------------------------------------------------------------------|
-8-8--3-10------------------------------------------------------------------|
-8-8--3-10------------------------------------------------------------------|
-6-6--1--8------------------------------------------------------------------|
 Chrous

----------------------------------------------------------------------------|
----------------------------------------------------------------------------|
----------------------------------------------------------------------------|
--5-5---3--10----5-5---3--10---8-8---3--10---5-5---3--10--------------------|
--5-5---3--10----5-5---3--10---8-8---3--10---5-5---3--10--------------------|
--3-3---1---8----3-3---1---8---6-6---1---8---3-3---1---8--------------------|
 interlude

----------------------------------------------------------------------------|
---------14b----------------------------------------------------------------|
-12b-----------------12br---------------------------------------------------|
-------------------------12-------------------------------------------------|
----------------------------------------------------------------------------|
----------------------------------------------------------------------------|
  solo
