%%%% rating:r_5 %%%%
%%%% artist:Snowy White Tabs %%%%
%%%% url:http://tabs.ultimate-guitar.com/s/snowy_white/blues_on_me_tab.htm %%%%
%%%% title:Blues On Me Tab %%%%
%%%% comments:[] %%%%
%%%% difficulty:
                                    intermediate                                 %%%%
%%%% provider:ultimate-guitar %%%%
%%%% contributor:
                                     %%%%
%%%% type:Tabs %%%%
%%%% Tab:<i></i>                                          Artist - Snowy White
                                         **********************
                                           Song - Blues On me
                                          ********************
                                      Album - Twice  As Addictive
                                     *****************************
                                          Tabbed By - Ayreon77
                                         **********************


This picking is right the way throughout the song up too the solo.
then after the solo it comes back in.

 Am           C         D            C
[------------|---------|----------2-|---------|
[----------1-|---------|-------3----|---------|
[-------2----|-------0-|----2-------|-------0-|
[----2-------|----2----|-0----------|----2----|
[-0----------|-3-------|------------|-3-------|
[------------|---------|------------|---------|


This part is the end of the picking, just before the solo. it goes.....
 D              h p          h
[----------2-3-2-3-2--------0-2-|
[-------3-------------3---------|
[----2-------------------2------|
[-0-----------------------------|
[-------------------------------|
[-------------------------------|


---------------------------------------------------
VERSE 1
********

I don't belive in heaven,     I don't belive in hell.

I don't ask God for mercy,     got nothing to tell.

Cause i've got no secrets,     got no needs

But what i've got beside me,    seem like trouble indeed.


---------------------------------------------------
CHORUS                          
*******                         [--p------|-----------|   
                                [-5-4--s--|--h-----s--|
I got the blues on my shoulder  [-----5\7-|-5-7-5-5\7-|
                                [---------|-----------|
I got the blues on me           [---------|-----------|   
                                [---------|-----------|    
I got the blues on my shoulder      X2  
                                       
I got the blues on me


---------------------------------------------------
VERSE 2                                                     [------| 
********                                                    [---10-|    
                                                            [-9----|     
don't belive the preacher,    when he says i am gonna burn  [------|             
                                                            [------| 
Who confound my teacher,    he says i'll never learn.       [------|          
                                                                 
I take my own protection,    when i'm walking out at night [---p---------|               
                                                           [-13-12---s---|      
I make a new selection,    when the music don't feel right.[-------12\14-|             
                                                           [-------------|
                                                           [-------------|
---------------------------------------------------        [-------------|
CHORUS
*******
[--p------|
[-5-4--s--|
[-----5\7-|
[---------|
[---------|
[---------|

---------------------------------------------------

       Heavy ovedrive chords
SOLO - Barred C A - just listen to the way he stums it
*****  ------------------------------------------------
       Solo
       Distorted and Wha Wha 
[----------------b--h--p----|-------s-----h-----s-----s-----h--p------|
[-10-8-----10-8-10-8-10-8---|-10-8-8\----8-10-10\12-12\13-12-13-12----|
[-------9-----------------9-|----------9---------------------------12-|
[---------------------------|-----------------------------------------|
[---------------------------|-----------------------------------------|
[---------------------------|-----------------------------------------|


[-------s-----------------------------|----b-5--p-----p--b--b----b-b-b-|
[-10-8-8\--b-5--5-b-rb--b-5---b-b-8-b-|-5-8----8-5---8-5-8--8---8-8-8--|
[----------7------7-7-5-7---5-7-7---7-|------------7-------------------|
[-------------------------------------|--------------------------------|
[-------------------------------------|--------------------------------|
[-------------------------------------|--------------------------------|

02:51
[------------|---------------------s-----p------------------p-----p--p-----|
[----b-----b-|----b-----b--10-12-10\12-13-12----10--13-12-13-12-13-12-10---|
[-9-12-12-12-|-9-12-12-12--------------------12--------------------------12|
[------------|-------------------------------------------------------------|
[------------|-------------------------------------------------------------|
[------------|-------------------------------------------------------------|


                                                          bend down slowly
[---------h--p---|------p------p------|--rbp--------------b---------------|
[--h----10-13-10-|-10-13-10--15-10-15-|-15--13-15-13--15-15---------------|
[-9-12-----------|--------------------|-----------------------------------|
[----------------|--------------------|-----------------------------------|
[----------------|--------------------|-----------------------------------|
[----------------|--------------------|-----------------------------------|

03:04
[---p-----p---------|----10--b------------------------|----------|
[-15-13-15-13-------|-13----13-13-10--------h---------|----------|
[-------------14-14-|----------------12-9-12-14-14-14-|-12----14-|
[-------------------|---------------------------------|----14----|
[-------------------|---------------------------------|----------|
[-------------------|---------------------------------|----------|

           hold *
[------------b----*---*------b-rp------------b-----b-rp---------------|
[----13-15--15---15--15-15--15---13-15---13-15-13-15---13------whammy-|
[-14------------------------------------------------------14--14------|
[---------------------------------------------------------------------|
[---------------------------------------------------------------------|
[---------------------------------------------------------------------|

           hold *
[-----------b----*---b-r--b-r----------|
[----13-15-15---15--18---18---13-15-15-|
[-14-----------------------------------|
[--------------------------------------|
[--------------------------------------|
[--------------------------------------|


Come back in with picking Am C D

Electric Guitar clean sound 
03:47
[-----br-|
[---10---|
[-9------|
[--------|
[--------|
[--------|

---------------------------------------------------
CHORUS
*******
play this through the chorus
04:01     04:10      04:21
[---------|---br-----|-5-|                                [----|
[--p------|-10--8-10-|-5-|X4                              [-17-|
[-5-4--s--|----------|-5-|                                [-17-|
[-----5\7-|----------|not sure about that last chord?     [-17-|
[---------|----------|---|                        or it   [----|
[---------|----------|---|                could be this 1 [----|

---------------------------------------------------

Keep picking and fade out and slow down till end.



This is a nice Snowy White tune, the solo is a tuff one i hope someone finds is useful.
Enjoy..........
