%%%% rating:r_4 %%%%
%%%% artist:Tv Carpio Tabs %%%%
%%%% url:http://tabs.ultimate-guitar.com/t/tv_carpio/i_want_to_hold_your_hand_tab.htm %%%%
%%%% title:I Want To Hold Your Hand Tab %%%%
%%%% comments:[u'<p class="mtop5">Are bm and b7 the right chords because it doesnt sound right (to me)  and the rest of it is great</p>', u'<p class="mtop5">yes they are :)</p>'] %%%%
%%%% difficulty:None %%%%
%%%% provider:ultimate-guitar %%%%
%%%% contributor:
                                     %%%%
%%%% type:Tabs %%%%
%%%% Tab:<i></i>HoPe YaH LiiK iiT MaYnE =]


Capo on 4 fret

play to the rythum of da song

Intro
e--------|
b--------|
g--------|
d-5(strum d string)
a----------|
E----------|

Verse 1

e--------------------------------------|
b--------------------------------------|
g--------------------------------------|
d-55555555-----------------------------|
a---------555555545677777777-----------|
E---------------------------77777777---|
yah i'll tell you something i think you'll understand

e--------------------------------------|
b--------------------------------------|
g--------------------------------------|
d-55555555-----------------------------|
a---------555555545677777777-----------|
E---------------------------77777777---|
when i say that something i wana hold your hand

e--------------------------------3-|
b--------------------------------3-|
g----------------------------------|
d----------------------------------|
a-33335555----------333355550----2-|
E---------333000-----------------3-|
i wana hold your hand i wana hold your hand

Verse 2
G           D
Oh please say to me
Em                    Bm
you'll let me be your man
G           D
and please say to me
Em                      B7
you'll let me hold your hand

Chorus
C           D       G  Em
now let me hold your hand
C       D         G
i wana hold your hand

Bridge
e------------------|
b------------------|
g------------------|
d-----5------7-----|
a-5-------3--------|
E------------------|
And when i touch you i feel happy inside

e-----------|
b-----------|
g-----------|
d------5----|
a-5-------3-|
E-----------|
Its such a feel that my love

e--00-2-00-2-00-2--|
b--11-3-11-3-11-3--|
g--00-2-00-2-00-2--|(hold note D out)
d--22-0-22-0-22-0--|
a--33-0-33-0-33-0--|
E--00-0-00-0-00-0--|
I cant hide i cant hide i cant hide

Verse 3
D      G             D
  yah you got that something
Em              Bm
i think you'll understand
G       D
when i feel that something
Em                B7
i wana hold your hand

Chorus
C       D        G Em
i wana hold your hand
C       D         Bm
i wana hold your hand

C       D         G
i wana hold your hand


=]
