%%%% rating:None %%%%
%%%% artist:Turf Tabs %%%%
%%%% url:http://tabs.ultimate-guitar.com/t/turf/vade_retro_crd.htm %%%%
%%%% title:Vade Retro Chords %%%%
%%%% comments:[] %%%%
%%%% difficulty:None %%%%
%%%% provider:ultimate-guitar %%%%
%%%% contributor:None %%%%
%%%% type:Chords %%%%
%%%% Tab:<i></i>Intro: <span>E</span> <span>D</span>

<span>E</span>
Vade retro
      <span>D</span>
Vade retro satanás
<span>E</span>
No te acerques
      <span>D</span>
A mi hogar, mi dulce hogar
<span>E</span>
No me asusto
       <span>D</span>
Porque tengo una misión
<span>E</span>
Hacer musica
       <span>D</span>
Que alimente la ilusión...

<span>F#</span>         <span>E</span>                   <span>D</span>
Cuando el cine se torna de verdad
     <span>C#</span>                       <span>F#</span>
Y te toca una escena de terror
        <span>E</span>                  <span>D</span>
En la calle se roban tu lugar
<span>C#</span>
Los idiotas de siempre

<span>E</span>
Vade retro
      <span>D</span>
Vade retro satanás
<span>E</span>
No te acerques
      <span>D</span>
A mi hogar, mi dulce hogar
<span>E</span>
Soy ateo
       <span>D</span>
Pero creo en la verdad
<span>E</span>
No me busques
       <span>D</span>
Porque no me vas a encontrar

<span>F#</span>          <span>E</span>                   <span>D</span>
Cuando el cielo esta nublado total,
       <span>C#</span>                  <span>F#</span>
La tormenta amenaza con largar
       <span>E</span>                     <span>D</span>
Cada vez que llega la inundación
       <span>C#</span>           <span>B</span>
No me ahogo si pienso

<span>D</span>                         <span>E</span>           <span>F#</span>
Que los amigos que el destino me presento
<span>A</span>
Van a estar para siempre
<span>D</span>                         <span>E</span>                  <span>F#</span>
Que las mujeres que nos dieron historias de amor
<span>A</span>
Van a estar para siempre
<span>D</span>                       <span>E</span>          <span>F#</span>
Que los acordes de la proxima canción
<span>A</span>                        <span>G</span>
Van a estar para siempre ehhh
<span>G</span>
En mi corazón...

<span>E</span>
Vade retro
              <span>D</span>
Vade retro satanás

<span>E</span>
Vade retro
       <span>D</span>
Vade retro satanás


<span>F#</span>   <span>E</span>                     <span>D</span>
Es dificil juntar la voluntad
       <span>C#</span>                  <span>F#</span>
En tu mente queda lo que se va
       <span>E</span>                     <span>D</span>
Cada vez que llega la inundación
       <span>C#</span>           <span>B</span>
No me ahogo si pienso

<span>D</span>                         <span>E</span>           <span>F#</span>
Que los amigos que el destino me presento
<span>A</span>
Van a estar para siempre
<span>D</span>                         <span>E</span>                  <span>F#</span>
Que las mujeres que nos dieron historias de amor
<span>A</span>
Van a estar para siempre
<span>D</span>                       <span>E</span>          <span>F#</span>
Que los acordes de la proxima canción
<span>A</span>                        <span>G</span>
Van a estar para siempre ehhh
<span>G</span>
En mi corazón...

Termina: A G


-------------------
A los amigos que el destino me presento!!!!!!
 say no more.
