%%%% rating:None %%%%
%%%% artist:Tush Tabs %%%%
%%%% url:http://tabs.ultimate-guitar.com/tab/1586677 %%%%
%%%% title:Pétalos Y Espinas Chords %%%%
%%%% comments:[] %%%%
%%%% difficulty:None %%%%
%%%% provider:ultimate-guitar %%%%
%%%% contributor:None %%%%
%%%% type:Chords %%%%
%%%% Tab:<i></i>Aquí les traigo mi aportación, si hay algun error o alguna corrección
me avisan, un saludo y disfrútenla!


Intro:  <span>A</span> <span>E</span> <span>C#m</span> <span>B</span> x2

<span>A</span>                <span>E</span>
  En esta situación
    <span>C#m</span>
De tener y no tener
         <span>A</span>                <span>E</span>
En las fuerzas de esperarte
        <span>C#m</span>
Sin saber que encontraré


     <span>A</span>          <span>E</span>         <span>C#m</span>
Qué hago con este dolor
         <span>A</span>              <span>E</span>
Al extrañarte tantas veces
       <span>C#m</span>
Y anhelando que regreses


       <span>A</span>           <span>E</span>
Entre pétalos y espinas
           <span>C#m</span>      <span>B</span>
En este momento mi vida
    <span>A</span>           <span>E</span>              <span>C#m</span>        <span>B</span>
La tengo suspendida en la esperanza de tenerte


      <span>A</span>          <span>E</span>
Y no sólo en mi mente
     <span>C#m</span>           <span>B</span>
Dibujar tus ojos siempre
   <span>A</span>            <span>E</span>          <span>C#m</span>
En esta conclusión de quererte


Durante el solo y por el sonido del bajo: C#m B, o bien...

e|-----7-----------------7----------| siento que es lo más cómodo pero
B|-4h5------5----0-4h5-0------4h5-0-| ya es gusto de ustedes, también

para pueden quitar el dedo de la segunda cuerda en el acorde de A
para que encaje con la continuación del verso...


<span>A</span>                <span>E</span>         <span>C#m</span>
  En esta situación de querer y entender
       <span>A</span>              <span>E</span>
Proyectar mi imaginación
         <span>C#m</span>
Y conservarte en el corazón


         <span>A</span>      <span>E</span>          <span>C#m</span>
No sé, qué hacer con este temor
          <span>A</span>         <span>E</span>
Sólo tu amor aclarará
    <span>C#m</span>                  <span>C#m</span>-<span>B</span> (Opcional: para que suene como la
Lo turbio de mi confusión, y entre...     eléctrica y/o batería)


    <span>A</span>           <span>E</span>
...pétalos y espinas
           <span>C#m</span>      <span>B</span>
En este momento mi vida
    <span>A</span>           <span>E</span>              <span>C#m</span>        <span>B</span>
La tengo suspendida en la esperanza de tenerte


      <span>A</span>          <span>E</span>
Y no sólo en mi mente
     <span>C#m</span>           <span>B</span>
Dibujar tus ojos siempre
   <span>A</span>            <span>E</span>          <span>C#m</span>
En esta conclusión de quererte


<span>A</span> <span>E</span> <span>C#m</span>


 <span>A</span>                <span>E</span>
Me hace falta tu voz
 <span>C#m</span>                     <span>B</span>
Sólo entre pétalos, mi amor


         <span>A</span>           <span>E</span>
Y entre pétalos y espinas
           <span>C#m</span>      <span>B</span>
En este momento mi vida
    <span>A</span>           <span>E</span>              <span>C#m</span>        <span>B</span>
La tengo suspendida en la esperanza de tenerte


      <span>A</span>          <span>E</span>
Y no sólo en mi mente
     <span>C#m</span>           <span>B</span>
Dibujar tus ojos siempre
   <span>A</span>            <span>E</span>          <span>C#m</span>
En esta conclusión de quererte


   <span>A</span>            <span>E</span>          <span>C#m</span>
En esta conclusión de quererte

<span>A</span> <span>E</span> <span>C#m</span> <span>B</span> x2

******************************************************************
ATTE:
LuIsIsItOoOo!
ositob1@
