%%%% rating:None %%%%
%%%% artist:Turf Tabs %%%%
%%%% url:http://tabs.ultimate-guitar.com/tab/1586628 %%%%
%%%% title:La Emoción Chords %%%%
%%%% comments:[] %%%%
%%%% difficulty:None %%%%
%%%% provider:ultimate-guitar %%%%
%%%% contributor:None %%%%
%%%% type:Chords %%%%
%%%% Tab:<i></i>
<span>A</span> EMOCION
Intro
<span>A</span> <span>E</span> <span>G</span> <span>D</span> <span>G</span> <span>D</span> x 2

<span>A</span> <span>G</span> x 4

<span>A</span>            <span>G</span> <span>D</span> <span>A</span>
Se acerca la hora,
              <span>G</span> <span>D</span> <span>A</span>
Estás por entrar
           <span>G</span> <span>D</span>         <span>A</span>      <span>G</span> <span>D</span> <span>A</span>
Tenés un lugaaaaar a donde ir

          <span>G</span> <span>A</span>              <span>G</span>
Es la emoción   que va a comenzar

<span>A</span>                 <span>G</span> <span>D</span> <span>A</span>
Se encienden las luces,
                <span>G</span> <span>D</span> <span>A</span>
le apuntan al show
            <span>G</span> <span>D</span>        <span>A</span>  <span>G</span>  <span>D</span> <span>A</span>
Tenés un lugaaaaar a donde ir

          <span>G</span> <span>A</span>
Es la emoción   que va a comenzar
          <span>G</span> <span>A</span>
Es la emoción   que va a comenzar.

<span>A</span>  <span>E</span>  <span>G</span>  <span>D</span>  <span>G</span>  <span>D</span>
<span>A</span>  <span>E</span>  <span>G</span>  <span>D</span>  <span>G</span>  <span>D</span>  <span>B</span>


<span>B</span>        <span>A</span>  <span>B</span>
Es la emoción   que va a comenzar
          <span>A</span>  <span>B</span>
Es la emoción   que va a comenzar


Cualquier consulta: chino_academia@
