%%%% rating:None %%%%
%%%% artist:Turin Brakes Tabs %%%%
%%%% url:http://tabs.ultimate-guitar.com/t/turin_brakes/emergency_7_ukulele_crd.htm %%%%
%%%% title:Emergency 7 Ukulele Chords %%%%
%%%% comments:[] %%%%
%%%% difficulty:None %%%%
%%%% provider:ultimate-guitar %%%%
%%%% contributor:None %%%%
%%%% type:Ukulele %%%%
%%%% Tab:<i></i>TURIN BRAKES - Emergency 72
Chords by rlock78@excite.co.uk

[CAPO 2]

Chords
Em    [0 2 2 0 0 0]  Em7   [0 2 0 0 0 0]
A     [0 0 2 2 2 0]  Asus4 [X 0 2 2 3 0]


<span>Em</span>                     <span>A</span>         <span>Asus4</span>  <span>A</span>
Well all my colour bleed for you
<span>Em</span>                 <span>A</span>   <span>Asus4</span> <span>A</span>
Can't you see them running?
<span>Em</span>                   <span>A</span>        <span>Asus4</span> <span>A</span>
My hazy hills go green for you
                     <span>Em</span>           <span>A</span>  <span>Asus4</span>
Yes, you could just call me you know
<span>Em</span>           <span>A</span>      <span>Asus4</span> <span>A</span>
On My mobile number
<span>Em</span>                   <span>A</span>  <span>Asus4</span> <span>A</span>
Oh, 'cos I am always in
<span>Em</span>               <span>A</span>      <span>Asus4</span> <span>Em</span>
And I was just thinking about you ...

          <span>A</span>     <span>Em</span> <span>Em7</span>
On Emergency ...... 72
  <span>A</span>  <span>Asus4</span>
72
  <span>Em</span>   <span>Em7</span>
72 Yeah
  <span>A</span> <span>Asus4</span> <span>A</span>
72

<span>Em</span>                        <span>A</span>         <span>Asus4</span> <span>A</span>
Well all my lust comes down to dust
<span>Em</span>                <span>A</span>    <span>Asus4</span> <span>A</span>
Can you see it crumbling......
<span>Em</span>                    <span>A</span>         <span>Asus4</span>
My Hazy hills come down to rust
                 <span>Em</span>          <span>A</span>  <span>Asus4</span> <span>A</span>
But you can just call me you know....

<span>Em</span>                       <span>A</span>     <span>Asus4</span>
Mmm... Pull me out of this whirlpool
<span>Em</span>               <span>A</span>   <span>Asus4</span>
And make me feel again
<span>Em</span>                 <span>A</span>    <span>Asus4</span> <span>Em</span>
And I was just thinking about you

          <span>A</span>         <span>Em</span> <span>Em7</span>
On Emergency ...... 72
  <span>A</span>  <span>Asus4</span>
72
  <span>Em</span>   <span>Em7</span>
72 Yeah
  <span>A</span> <span>Asus4</span> <span>A</span>
72

<span>A</span>            <span>G</span>     <span>Em</span>     <span>Em7</span> <span>A</span> <span>Asus4</span>
And I...... just can't forget......   72
<span>A</span>            <span>G</span>     <span>Em</span>     <span>Em7</span> <span>A</span> <span>Asus4</span>
And I...... just can't forget......   72

[Adlib chorus 4 times]
     <span>Em</span>
Oh...72 72
<span>A</span>
72 72
<span>Em</span>   <span>Em7</span>   <span>A</span> <span>Asus4</span>
72 yeah... 72

<span>Em</span>                     <span>A</span>         <span>Asus4</span>  <span>A</span>
Well all my colour bleed for you
<span>Em</span>                 <span>A</span>   <span>Asus4</span> <span>A</span>
Can't you see them running
<span>Em</span>                   <span>A</span>        <span>Asus4</span> <span>A</span>
My hazy hills go green for you
                    <span>Em</span>            <span>A</span>
Yes, you could just call me you know

NB The sus4's and the sevenths are played to add depth between chord changes not for a full bar...
