%%%% rating:r_5 %%%%
%%%% artist:Turtles Tabs %%%%
%%%% url:http://tabs.ultimate-guitar.com/t/turtles/happy_together_intro_ver2_tab.htm %%%%
%%%% title:Happy Together (ver 2) Intro Tab %%%%
%%%% comments:[] %%%%
%%%% difficulty:None %%%%
%%%% provider:ultimate-guitar %%%%
%%%% contributor:
                                     %%%%
%%%% type:Tabs %%%%
%%%% Tab:<i></i>The Turtles
Happy Together Intro
  
  There are 4 ways of playing it.

VERSION 1
e|---------------|--------------|
B|--------10-9-7-|------7-5-7---|
G|---------------|--------------|
D|---------------|--------------|
A|----9----------|---9----------|
E|--9------------|-9------------|

VERSION 2
e|--------5-4--2-|------2-0-2---|
B|---------------|--------------|
G|---------------|--------------|
D|----4----------|---4----------|
A|--4------------|-4------------|
E|---------------|--------------|

VERSION 3
e|--------5-4--2-|------2---2---|
B|---------------|--------5-----|
G|---------------|--------------|
D|----4----------|---4----------|
A|--4------------|-4------------|
E|---------------|--------------|

VERSION 4
e|---------------|--------------|
B|--------10-9-7-|------7---7---|
G|---------------|--------9-----|
D|---------------|--------------|
A|----9----------|---9----------|
E|--9------------|-9------------|


