%%%% rating:None %%%%
%%%% artist:Turtles Tabs %%%%
%%%% url:http://tabs.ultimate-guitar.com/t/turtles/shed_rather_be_with_me_ukulele_crd.htm %%%%
%%%% title:Shed Rather Be With Me Ukulele Chords %%%%
%%%% comments:[] %%%%
%%%% difficulty:None %%%%
%%%% provider:ultimate-guitar %%%%
%%%% contributor:
                                    intermediate                                 %%%%
%%%% type:Ukulele %%%%
%%%% Tab:<i></i>#-------------------------------PLEASE NOTE-------------------------------------#
# This file is the author's own work and represents their interpretation of the #
# song. You may only use this file for private study, scholarship, or research. #
#-------------------------------------------------------------------------------#
She d Rather Be With Me chords
The Turtles

Capo I

<span>G</span>    <span>C</span>              <span>D</span>
Some girls, love to run around
        <span>F</span>           <span>G</span>          <span>C</span>
Like to handle everything they see
                      <span>D</span>
But my girl, has more fun around
        <span>F</span>                 <span>G</span>       <span>C</span>
And you know she'd rather be with me

<span>C</span>               <span>C6</span>            <span>F</span>
Me-oh-my, lucky guy is what I am
         <span>D</span>               <span>G</span>
Tell you why you'll understand
                           <span>C</span>   <span>G</span>
She don't fly although she can
 
     <span>C</span>             <span>D</span>
Some boys, love to run around
     <span>F</span>                     <span>G</span>           <span>C</span>
They don't think about the things they do
                       <span>D</span>
But this boy, wants to settle down
        <span>F</span>                <span>G</span>       <span>C</span>
And you know he'd rather be with you

<span>C</span>               <span>C6</span>            <span>F</span>
Me-oh-my, lucky guy is what I am
         <span>D</span>               <span>G</span>
Tell you why you'll understand
                           <span>C</span>   <span>G</span>
She don't fly although she can

<span>G</span>    <span>C</span>              <span>D</span>
Some girls, love to run around
        <span>F</span>           <span>G</span>          <span>C</span>
Like to handle everything they see
                      <span>D</span>
But my girl, has more fun around
        <span>F</span>                 <span>G</span>       <span>C</span>
And you know she'd rather be with me
    <span>F</span>                 <span>G</span>       <span>C</span>
You know she'd rather be with me

<span>C</span>   <span>D</span>   <span>F</span>   <span>G</span>    <span>C</span>    (<span>G</span>) 

<span>C</span>         <span>D</span>             <span>F</span>                 <span>G</span>       <span>C</span>
Ba-ba-ba, ba-ba-ba, you know she'd rather be with me 3x

Set8

http://sites.google.com/site/guitarmusicchordsandlyrics/

