%%%% rating:None %%%%
%%%% artist:Tuxedomoon Tabs %%%%
%%%% url:http://tabs.ultimate-guitar.com/t/tuxedomoon/courante_marocain_btab.htm %%%%
%%%% title:Courante Marocain Bass Tab %%%%
%%%% comments:[] %%%%
%%%% difficulty:None %%%%
%%%% provider:ultimate-guitar %%%%
%%%% contributor:
                                     %%%%
%%%% type:Bass Tabs %%%%
%%%% Tab:<i></i>TUXEDOMOON - COURANTE MAROCAIN
ALBUM: Suite En Sous-Sol/Time To Lose/Short Stories (1982)
BASSIST: PETER PRINCIPLE

VERSE

E ---3---------------------3------------------3--|
A --------------------------------------3--5-----|
D -------5-5-5-5--5-3-2--3----5-5-5-5-3----------|
G -----------------------------------------------|

VARIATIONS

E ---3---------------------3------------------3--|
A --------------------------------------3--------|
D -------5-5-5-5--5-3-2--3----5-5-5-5-3----5-----|
G -----------------------------------------------|

JAH WOBBLE IS GOD!!!

http://www.myspace.com/tuxedomoon
