%%%% rating:None %%%%
%%%% artist:Turf Tabs %%%%
%%%% url:http://tabs.ultimate-guitar.com/tab/1586641 %%%%
%%%% title:Nos Vacían La Casa Chords %%%%
%%%% comments:[] %%%%
%%%% difficulty:None %%%%
%%%% provider:ultimate-guitar %%%%
%%%% contributor:None %%%%
%%%% type:Chords %%%%
%%%% Tab:<i></i>Intro :<span>D</span> <span>F</span> <span>A#</span> <span>G#</span> <span>A#</span>
       <span>Am</span> <span>D</span> <span>F</span> <span>G#</span> <span>A#</span>
<span>Am</span>
Yo no quiero seguir así
<span>D</span>
si esta locura llega a marginarme
<span>F</span>
no me importa donde vivir,
<span>G#</span>               <span>A#</span>
sólo me rió de mi propia suerte.

<span>Am</span>
Yo no quiero seguir así
<span>D</span>
si esta locura llega a marchitarme
<span>F</span>
todo puede nacer aquí
<span>G#</span>                    <span>A#</span>
mirando siempre hacia fuera.

       <span>Am</span>                        <span>D</span>
Nos vacían la casa y ni nos damos cuenta.
       <span>Am</span>                        <span>D</span>
Nos vacían la casa y ni nos damos cuenta.

<span>Am</span>
Yo no quiero seguir así
<span>D</span>
si esta locura llega a marginarme
<span>F</span>
no me importa donde vivir,
<span>G#</span>               <span>A#</span>
sólo me rió de mi propia suerte.

<span>Am</span>
Nada puedes de mi sacar
<span>D</span>
tenemos todo para ser destino
<span>F</span>
no pretendas venir aquí
<span>G#</span>                 <span>A#</span>
y dejar un toro tranquilo.

       <span>Am</span>                        <span>D</span>
Nos vacían la casa y ni nos damos cuenta x 4

<span>Am</span> <span>F#</span> <span>F</span> x2

solo : <span>D</span> <span>C</span> <span>D</span> x 4

<span>Am</span>
Si esta armonía de repente se desata,
<span>D</span>
ya no hay problemas que nos llamen la atención
<span>F</span>
yo buscaría la manera de encontrarlos
<span>G#</span>            <span>A#</span>
y no tendría ningún temor.
<span>Am</span>
No me preguntes con palabras tan difíciles
<span>D</span>
si hay problemas que no tengan solución,
<span>F</span>
si yo pudiera rescatarte te ahogaría,
<span>G#</span>          <span>A#</span>
yo no te rezo nunca.

       <span>Am</span>                        <span>D</span>
Nos vacían la casa y ni nos damos cuenta x 4

<span>Am</span> <span>F#</span> <span>F</span>               <span>Am</span>-FA#-FA
           ni nos damos cueeeeeeenta ......

Charly un grande.
chino_academia@
