%%%% rating:None %%%%
%%%% artist:Snuff Tabs %%%%
%%%% url:http://tabs.ultimate-guitar.com/s/snuff/wannabe_tab.htm %%%%
%%%% title:Wannabe Tab %%%%
%%%% comments:[] %%%%
%%%% difficulty:
                                    novice                                 %%%%
%%%% provider:ultimate-guitar %%%%
%%%% contributor:
                                     %%%%
%%%% type:Tabs %%%%
%%%% Tab:<i></i>Band - Snuff
Song - Wannabe (Spice Girls Cover)
Tabbed By : SumFX (Tyler Freear)

Pretty Odd Cover 0.40 Secs Long!

Here Are All The Riffs:

Riff 1
|-----------------|
|-----------------|
|-----------------|
|-777--1010--1212-|
|-777--1010--1212-|
|-555--8-8---1010-|

Riff 2
|-------------|
|-------------|
|-------------|
|-7--7--7--7--|
|-7--7--7--7--|
|-5--5--5--5--|
 
Riff 3
"If You Wanna Be My Lover"
|-----------------------------|
|-----------------------------|
|-----------------------------|
|-7777777777777-5555555555555-|
|-7777777777777-5555555555555-|
|-5555555555555-3333333333333-|

|-----------------------------|
|-----------------------------|
|---------------7777777777777-|
|-7777777777777-7777777777777-|
|-7777777777777-5555555555555-|
|-5555555555555---------------|


There You Go!

Rate & Comments Please!
