%%%% rating:None %%%%
%%%% artist:Tuuli Tabs %%%%
%%%% url:http://tabs.ultimate-guitar.com/t/tuuli/paljon_onnea_vaan_tab.htm %%%%
%%%% title:Paljon Onnea Vaan Tab %%%%
%%%% comments:[] %%%%
%%%% difficulty:
                                    novice                                 %%%%
%%%% provider:ultimate-guitar %%%%
%%%% contributor:
                                     %%%%
%%%% type:Tabs %%%%
%%%% Tab:<i></i>Joo okei. sen vitun intron jälkee alkaa tälleee 

 SOITETAAN KAKSI KERTAA.
(1.Osio)
[------------------------------]
[------------------------------]
[-7----5----------3~-----------]
[-7----5----------3~-----------]         
[-5----3----------1~~----------]
[-^----^-----------------------]
 16x     8x



 Kertsiin siirtyminen

(2x-)
[----------------]
[----------------]
[---7---------5--]
[---7---------5--]
[---5---------3--]
[----------------]


KERTSI

[--------------------------]
[--------------------------]
[--7--------------3-3--7---]
[--7---8---5------3-3--7---]
[--5---8---5------1-1--5---]
[------6---3-1-0-----------]


Paljon onnea vaaa kohta 


[--------------------------]
[--------------------------]
[--7---3-----5--3-3---7~---]
[--7---3---5-5--3-3---7~---]
[--5---1---5-3--1-1---5~---]
[----------3---------------]


sitten 1.osion tabit taas uudelleeen ja kertsi.



Sen jälkeen tämä 

"Ei, tän päivän sankari ooot..........Ja huomisenkin minulle ainakin...."
[---------------------------------------------------------- ]          
[---------------------------------------------------------- ] \        
[---------------------------------------------------------- ]   \     
[---------------------------------------------------------- ]    2x  
[--5~~---------------------3~~--------------1----3----5~~-- ]  /       
[--------------------------------------------------------- -]/      

jonka jälkeen kertsi ja paljon onnea vaan kohta ja se on siinä
