%%%% rating:None %%%%
%%%% artist:Turf Tabs %%%%
%%%% url:http://tabs.ultimate-guitar.com/t/turf/me_hace_sentir_crd.htm %%%%
%%%% title:Me Hace Sentir Chords %%%%
%%%% comments:[] %%%%
%%%% difficulty:None %%%%
%%%% provider:ultimate-guitar %%%%
%%%% contributor:None %%%%
%%%% type:Chords %%%%
%%%% Tab:<i></i>Transcripción: Marcelo Villar (Río Cuarto, Córdoba)


ACORDES:  G    320003   o   355433   
          G7   320001   o   355363 
          A#   113331   o   688766
          C    032010   o   335553
          D    000232   o   557775
          Am   002210   o   566555

NOTA: La primer estrofa se puede tocar con G solo pero con G7
      suena mas parecido a la canción.    

  <span>G</span>
Estoy enloqueciendo
   <span>G7</span>
tengo la sensación,
   <span>G</span>
no sé que estoy diciendo,
   <span>G7</span>
el frío es el calor.

      <span>A#</span>              <span>C</span>
Algo cambió dentro de mí,
          <span>G</span>
no soy el mismo hoy.
          <span>A#</span>
Ante mis ojos
      <span>C</span>          <span>D</span>
ya nada parece igual.
   

   <span>G</span>
Estás en todas partes,
    <span>G7</span>
en todo y más allá.
    <span>G</span>
En las profundidades
      <span>G7</span>
se esconde la verdad.


         <span>A#</span>             <span>C</span>
En el pasado, en el presente
         <span>G</span>
y  el futuro, hoy.
         <span>A#</span>          <span>C</span>             <span>D</span>
Ante mis ojos nada vuelve a ser igual.


           <span>G</span>       <span>C</span>
Me hace sentir tan bien.
           <span>G</span>       <span>C</span>
Me hace sentir tan mal.
         <span>A#</span>     <span>Am</span>          <span>D</span>
Pero mi amor el mundo gira igual.
                <span>G</span>   <span>C</span>
Me hace sentir tan bien.
                <span>G</span>   <span>C</span>
Me hace sentir tan mal.
         <span>A#</span>
Pero mi amor
<span>Am</span>              <span>D</span>
nada nos va a pasar.


  <span>G</span>
Estoy enloqueciendo
   <span>G7</span>
tengo la sensación,
   <span>G</span>
no sé que estoy diciendo,
   <span>G7</span>
el frío es el calor.


      <span>A#</span>              <span>C</span>
Algo cambió dentro de mí,
          <span>G</span>
no soy el mismo hoy.
          <span>A#</span>
Ante mis ojos
      <span>C</span>          <span>D</span>
ya nada parece igual.
   

(estribillo)


<span>A#</span>              <span>C</span>
Algo cambió dentro de mí,
          <span>G</span>
no soy el mismo hoy. (¡Nooooo!)
             <span>A#</span>          <span>C</span>
Aunque lo intente no podré
          <span>G</span>
volver atrás (¡Nunca maaaas!)
         <span>A#</span>             <span>C</span>
En el pasado, en el presente
         <span>G</span> 
y  el futuro, hoy.
         <span>A#</span>          <span>C</span>             <span>D</span>   <span>C</span>
Ante mis ojos nada vuelve a ser igual
           

            <span>G</span>        <span>C</span> 
Me hace sentir tan bien
            <span>G</span>       <span>C</span>
Me hace sentir tan mal
            <span>G</span>        <span>C</span> 
Me hace sentir tan bien
            <span>G</span>       <span>C</span>
Me hace sentir tan mal (fade out)


Cualquier duda, consulta o sugerencia: marcelovillar@
