%%%% rating:r_5 %%%%
%%%% artist:Turtles Tabs %%%%
%%%% url:http://tabs.ultimate-guitar.com/t/turtles/to_see_the_sun_crd.htm %%%%
%%%% title:To See The Sun Chords %%%%
%%%% comments:[] %%%%
%%%% difficulty:
                                    E A D G B E                                 %%%%
%%%% provider:ultimate-guitar %%%%
%%%% contributor:
                                     %%%%
%%%% type:Chords %%%%
%%%% Tab:<i></i>SONG:   TO SEE THE SUN
ARTIST: THE TURTLES
VIDEO:  https://youtu.be/4mugz8sjCDs
TAB BY: DON CZARSKI
EMAIL:  GUITARZAN7@HOTMAIL.COM


              TO SEE THE SUN
               THE TURTLES

INTRO:  

      <span>Am</span>   <span>Am</span>   <span>Am</span>   <span>Am</span>   <span>Am</span>  <span>Am</span>   <span>Am</span>   <span>Am</span>   
E ----0----0----0----0----0----0----0----0--
B ----1----1----1----1----1----1----1----1--
G ----2--2------2--2------2--2------2--2----
D --2--------2---------2---------2----------
A ------------------------------------------
E ------------------------------------------
                        Ooooooohhh Ooooooohhh

      <span>Am</span>   <span>Am</span>   <span>Am</span>   <span>Am</span>   <span>Am</span>  <span>Am</span>   <span>Am</span>   <span>Am</span>   <span>Am</span>  <span>Am</span>
E ----0----0----0----0----0----0----0----0---0----0--
B ----1----1----1----1----1----1----1----1---1----1--
G ----2--2------2--2------2--2------2--2-----2--2----
D --2--------2---------2---------2---------2---------
A ---------------------------------------------------
E ---------------------------------------------------
   Oooooooooooohhhh Ooooooooooooohhhhh Ooohhh Oooohhh


VERSE:
 <span>Am</span>       <span>Em</span>
Some day soon
 <span>Am</span>                     <span>G</span>
When we've been to the moon
<span>Fmaj7</span>             <span>E</span>
You will see the sun 


VERSE:
<span>Am</span>      <span>Em</span>
We can wait
 <span>Am</span>                  <span>G</span>
Hurry 'til it's too late
<span>Fmaj7</span>                <span>E</span>
Call him when we're done


BREAK:
<span>C</span>  <span>Em</span>  <span>Am</span>
He is very very young 


(N.C.)     Fmaj7
To see the sun
                               <span>C</span>
La la la la la la la la la la la la la
           <span>Fmaj7</span>
To see the sun 
                              <span>C</span>         <span>Dm</span> <span>E</span>  <span>Dm</span> <span>E</span>  <span>Dm</span> <span>E</span>
La la la la la la la la la la la la la 


VERSE:
<span>Am</span>       <span>Em</span>
Now he cries 
<span>Am</span>                     <span>G</span>
Man with tears in his eyes
<span>Fmaj7</span>          <span>E</span>   
Gazing at the sky 


VERSE:
<span>Am</span>        <span>Em</span>
Now he's done
<span>Am</span>               <span>G</span>
No desire to go on
<span>Fmaj7</span>          <span>E</span>
Never saw the sun

Ahhhhhhhhhhhhhh


INSTRUMENTAL: 
<span>Fmaj7</span>  <span>Am</span>  <span>Em</span>  <span>Em</span>  
<span>Fmaj7</span>  <span>Am</span>  <span>Em</span>  <span>Em</span>    
<span>Dm</span> <span>E</span>  <span>Dm</span> <span>E</span>  <span>Dm</span> <span>E</span>
<span>Dm</span> <span>E</span>  <span>Dm</span> <span>E</span>  <span>Dm</span> <span>E</span>


      <span>Am</span>   <span>Am</span>   <span>Am</span>   <span>Am</span>   <span>Am</span>  <span>Am</span>   <span>Am</span>   <span>Am</span>   
E ----0----0----0----0----0----0----0----0--
B ----1----1----1----1----1----1----1----1--
G ----2--2------2--2------2--2------2--2----
D --2--------2---------2---------2----------
A ------------------------------------------
E ------------------------------------------
  Oooooohhhh Oooooohhhhh Ooooooohhhh Oooohh

      <span>Am</span>   <span>Am</span>   <span>Am</span>   <span>Am</span>   <span>Am</span>  <span>Am</span>  
E ----0----0----0----0----0----0-
B ----1----1----1----1----1----1-
G ----2--2------2--2------2--2---
D --2--------2---------2---------
A -------------------------------
E -------------------------------
  Oooooooohhhhh Oooh 


VERSE:
 <span>Am</span>       <span>Em</span>
Some day soon
 <span>Am</span>                     <span>G</span>
When we've been to the moon
<span>Fmaj7</span>              <span>E</span>
And we'll see the sun 


VERSE:
<span>C</span> <span>Em</span>  <span>Am</span>
I am very very young
<span>C</span> <span>Em</span>  <span>Am</span>
I am very very young
<span>C</span> <span>Em</span>
I am 
 <span>Am</span>
very very very very
very very very very
 <span>Abm</span>
very very very very
very very very very


BREAK/INSTRUMENTAL:
<span>Em</span>  <span>Em</span>   <span>Em</span>  <span>D</span>    <span>C</span>  <span>B</span>  <span>B</span>   
<span>Em</span>  <span>Em</span>   <span>Em</span>  <span>D</span>    <span>C</span>  <span>B</span>  <span>B</span>  <span>B</span>  <span>B</span>  <span>B</span>  <span>B</span>  <span>B</span>
<span>Em</span>  <span>Em</span>   <span>Em</span>  <span>D</span>    <span>C</span>  <span>B</span>  <span>B</span>


OUTRO:

   <span>B</span>
E ------------------
B ------------------
G ------------------
D ----4---4---4--4--  ETC. - TO FADE OUT
A --2---2---2---2---
E ------------------


