%%%% rating:None %%%%
%%%% artist:Snuff Tabs %%%%
%%%% url:http://tabs.ultimate-guitar.com/s/snuff/efl_acoustic_tab.htm %%%%
%%%% title:Efl Acoustic Tab %%%%
%%%% comments:[] %%%%
%%%% difficulty:None %%%%
%%%% provider:ultimate-guitar %%%%
%%%% contributor:
                                     %%%%
%%%% type:Tabs %%%%
%%%% Tab:<i></i>Snuff

EFL

Intro

  C  Em Am Dm C
|-0--0--0--1--0-------|
|-1--0--1--3--1-------|
|-0--0--2--2--0-------|
|-2--2--2--0--2-------|
|-3--2--0--0--3-2-0-2-|
|----0----------------|


Verse etc

C Em Am  Dm  G
C Em Am  Dm  G
C    F
C    F
C Em Am  Dm  G

|-3--3--3--3--3--3--3--0-------|
|-3--0--3--0--3--0--3--1-------|
|-0--0--0--0--0--0--0--0-------|
|-0--0--0--0--0--0--0--2-------|
|-2--2--2--2--2--2--2--3-2-0-2-|
|-3--3--3--3--3--3--3----------|

Not totally sure about the last part with the G chords but it is as right as I can get it!

