%%%% rating:r_3 %%%%
%%%% artist:A Flock Of Seagulls Tabs %%%%
%%%% url:http://tabs.ultimate-guitar.com/a/a_flock_of_seagulls/space_age_love_song_ver2_tab.htm %%%%
%%%% title:Space Age Love Song (ver 2) Tab %%%%
%%%% comments:[] %%%%
%%%% difficulty:None %%%%
%%%% provider:ultimate-guitar %%%%
%%%% contributor:
                                     %%%%
%%%% type:Tabs %%%%
%%%% Tab:<i></i>----------------------------------------------------------------------------
                             Space age Love song - Flock of Seagulls
----------------------------------------------------------------------------
Tabbed by:Shawn

Tuning:Standard

Main Progression:

D  A  G  D

Intro

e|-0-0-0------------------------------------------------------------------|
B|-------2-2-2---------(15X)----------------------------------------------|
G|-------------2-2--------------------------------------------------------|
D|------------------------------------------------------------------------|
A|------------------------------------------------------------------------|
E|------------------------------------------------------------------------|

After 2nd Verse

e|-0-0-0--------------12-12-12-------------------14-14-14-----------------|
B|-------2-2-2-----------------14-14-14-------------------15-15-15--------|
G|-------------2-2----------------------14-14----------------------14-14--|
D|------------------------------------------------------------------------|
A|----(4X)--------------------(4X)------------------------(8X)------------|
E|------------------------------------------------------------------------|

After Last Verse

e|-0-0-0-------------12-12-12---------------------------------------------|
B|-------2-2-2----------------14-14-14------------------------------------|
G|-------------2-2---------------------14-14------------------------------|
D|------------------------------------------------------------------------|
A|-----(4X)-------------------(4X)----------------------------------------|
E|------------------------------------------------------------------------|

e|-14-14-14-----------------15-15-15-14-14-14-----------------------------|
B|----------15-15-15------------------------------------------------------|
G|-------------------14-14--------------------14-14-----------------------|
D|------------------------------------------------------------------------|
A|---------(3X)-----------------------------------------------------------|
E|------------------------------------------------------------------------|

e|-14-14-14--------------------15-15-15-14-14-14--------------------------|
B|----------15-15-15------------------------------------------------------|
G|-------------------14-14-----------------------14-14-14-----------------|
D|------------------------------------------------------------------------|
A|--------(7X)------------------------------------------------------------|
E|------------------------------------------------------------------------|

e|-14-14-14-----------------------15-15-15-14-14-14-----------------------|
B|----------15-15-15------------------------------------------------------|
G|-------------------14-14--------------------------14-14-14--------------|
D|------------------------------------------------------------------------|
A|---------(3X)-----------------------------------------------------------|
E|------------------------------------------------------------------------|

e|-14-14-14-----------------------15-15-15-14-14-14-----------------------|
B|----------15-15-15------------------------------------------------------|
G|-------------------14-14--------------------------14-14-14--------------|
D|------------------------------------------------------------------------|
A|---------(3X)-----------------------------------------------------------|
E|------------------------------------------------------------------------|

I saw your eyes,
And you made me smile;
For a little while
I was falling in love.

I saw your eyes,
And you touched my mind.
Although it took a while,
I was falling in love.

I saw your eyes,
And you made me cry;
And for a little while
I was falling in love.

I was falling in love.

Falling in love.

Falling in love.

Falling in love.

Falling in love.

============================================================================
