%%%% rating:None %%%%
%%%% artist:Turf Tabs %%%%
%%%% url:http://tabs.ultimate-guitar.com/t/turf/loco_un_poco_btab.htm %%%%
%%%% title:Loco Un Poco Bass Tab %%%%
%%%% comments:[] %%%%
%%%% difficulty:None %%%%
%%%% provider:ultimate-guitar %%%%
%%%% contributor:None %%%%
%%%% type:Bass Tabs %%%%
%%%% Tab:<i></i>intro
G|-----------------------|                   G|--------------------|         ¯\
D|-----------------------|                   D|--------------------|           \ TODO ESTO
A|-000000000000000000000-|                   A|-3----3---3---3---3-|           / DOS VECES
E|-----------------------|varias veces       E|-----3---3---3---3--|una vez  _/

esto lo hace para  G|------------------------|
terminar la intro  D|------------------------|
                   A|-0-----------1-----3----|
                   E|----0--3--0-----1-----3-|


riff para los versos
G|--------------------------------------------------------------------------------|
D|------2---2-----2---2-----6---6-----6---6|6---6-----4---4----4-----4---4-----4--| x2
A|-0---0-----0---0-----4---4-----4---4-----------4---4-----4----2---2-----2---2-2-|
E|--------------------------------------------------------------------------------|

esto lo toca al   G|------------------------|
final de c/verso  D|-2---2|2---2|2--0-------|
                  A|-------------------4--2-|
                  E|------------------------|


estribillo
G|------------------------------------------------------------------------------|
D|------2---2-----6---6|6---6-----4---4-----------4---4-----4---0---0-0-2---2-2-|
A|-0---0-----4---4-----------4---4-----4---4|2---2-----2---2-2-------0-------2--|
E|------------------------------------------------------------------------------|


final
G|--------------------------------------------------------------|
D|--------------------------------------------------------------|
A|----0-----------0-4|2|0-----0-----------0-4|2|0-----0---------|
E|-2---2|0--0h2--2-2-----0-2---2|0--0h2--2-2-----0-2---2|0--0h2-|


NOTA: la intro se repite en el medio, y despues viene un solo
      que pueden ir acompañandolo con el riff para los versos

      Cualquier consulta a mi mail: maro_rnr@
