%%%% rating:None %%%%
%%%% artist:Sylwia Grzeszczak Tabs %%%%
%%%% url:http://tabs.ultimate-guitar.com/s/sylwia_grzeszczak/male_rzeczy_ukulele_crd.htm %%%%
%%%% title:Male Rzeczy Ukulele Chords %%%%
%%%% comments:[] %%%%
%%%% difficulty:None %%%%
%%%% provider:ultimate-guitar %%%%
%%%% contributor:None %%%%
%%%% type:Ukulele %%%%
%%%% Tab:<i></i><span>F</span>                            <span>G</span>
1. Żadne z nas już nie pamięta, jak beztrosko biegły dni.
<span>D</span>                         <span>F</span>
Wiele nam nie było trzeba ja i ty, i długo nic.
<span>F</span>                      <span>G</span>
Nie zadawaliśmy pytań, nie prowadziliśmy gier,
<span>D</span>                          <span>F</span>
dziś kalkulujemy wszystko, nie ma w tym szaleństwa, wiem.
<span>D</span>
Co z tym możemy zrobić ?

      <span>F</span>                            <span>G</span>
Ref.: Budujemy nasz dom na piasku, cena nie gra roli dziś,
<span>D</span>                          <span>F</span>
kupiliśmy prawie wszystko, ale wciąż nie mamy nic.
<span>F</span>                           <span>G</span>
Chce pozbierać znowu myśli, słyszeć bicie naszych serc,
<span>D</span>                              <span>F</span>
widzieć, ile szczęścia w sobie kryje każda mała rzecz.

<span>F</span>                    <span>G</span>                  <span>D</span>                    <span>F</span>
Cieszmy się z małych rzeczy, bo wzór na szczęście w nich zapisany jest. /x2


2. Między nami znów zaiskrzy,
odnajdziemy blask i wdzięk
zakończymy smutny shopping
sztucznych, galerianych szczęść.
I będzie jak dawniej,
przestańmy się śpieszyć,
zacznijmy od nowa
od tych małych rzeczy. 

      <span>F</span>                            <span>G</span>
Ref.: Budujemy nasz dom na piasku, cena nie gra roli dziś,
<span>D</span>                          <span>F</span>
kupiliśmy prawie wszystko, ale wciąż nie mamy nic.
<span>F</span>                           <span>G</span>
Chce pozbierać znowu myśli, słyszeć bicie naszych serc,
<span>D</span>                              <span>F</span>
widzieć, ile szczęścia w sobie kryje każda mała rzecz.

<span>F</span>                    <span>G</span>                  <span>D</span>                    <span>F</span>
Cieszmy się z małych rzeczy, bo wzór na szczęście w nich zapisany jest. /x2

3.I będzie jak dawniej,
przestańmy się spieszyć,
zacznijmy od nowa, od tych małych rzeczy.
I będzie jak dawniej,
przestańmy się spieszyć,
zacznijmy od nowa, od tych małych rzeczy.

      <span>F</span>                            <span>G</span>
Ref.: Budujemy nasz dom na piasku, cena nie gra roli dziś,
<span>D</span>                          <span>F</span>
kupiliśmy prawie wszystko, ale wciąż nie mamy nic.
<span>F</span>                           <span>G</span>
Chce pozbierać znowu myśli, słyszeć bicie naszych serc,
<span>D</span>                              <span>F</span>
widzieć, ile szczęścia w sobie kryje każda mała rzecz.

<span>F</span>                    <span>G</span>                  <span>D</span>                    <span>F</span>
Cieszmy się z małych rzeczy, bo wzór na szczęście w nich zapisany jest. /x3

