%%%% rating:r_5 %%%%
%%%% artist:Turnover Tabs %%%%
%%%% url:http://tabs.ultimate-guitar.com/t/turnover/new_scream_tab.htm %%%%
%%%% title:New Scream Tab %%%%
%%%% comments:[] %%%%
%%%% difficulty:
                                    intermediate                                 %%%%
%%%% provider:ultimate-guitar %%%%
%%%% contributor:
                                     %%%%
%%%% type:Tabs %%%%
%%%% Tab:<i></i>----------------------------------------------------------------------------------------------------
                                   Turnover - New Scream    
----------------------------------------------------------------------------------------------------

Band: Turnover
Song: New Scream
Album: Peripheral Vision
Track: 2

Tabbed by: AsILayDying504
Email: mdl4208@aol.com

Tuning: Standard E (EADGBE)



CAPO ON FRET 2

**** This tab is in reference to the capo... 0 = FRET 2 ****

>> This is how they play it live.



[0:00 - 0:23]


GUITAR 1

E|---------------------------------------|
B|------10-8-----8-10-----10-8-----------|
G|--9~-------9~-------9~-------9~--7-9~--|
D|---------------------------------------|
A|---------------------------------------|
E|---------------------------------------|
 |
 |
E|-------------------------------------------|
B|------10-8-----8-10-----10-8---------------|
G|--9~-------9~-------9~-------9~--7-9~--9~--|
D|-------------------------------------------|
A|-------------------------------------------|
E|-------------------------------------------|



GUITAR 2

E|-----------------------10---------------------------|
B|--12~---13-12-10~---12----------13-12-10~---10------|
G|--------------------------12~------------------12~--|
D|----------------------------------------------------|
A|----------------------------------------------------|
E|----------------------------------------------------|
 |
 |
E|--------10-------------10--------------------------------|
B|--12~------12-10~---12----------13-12-10~---10------12~--|
G|--------------------------12~------------------12~-------|
D|---------------------------------------------------------|
A|---------------------------------------------------------|
E|---------------------------------------------------------|



[0:23 - 0:46]

(Both come in at 0:34)


GUITAR 1

E|---------------------------|
B|---------------------------|   x 2
G|--9~-----9~-----9~-----9~--|   
D|---------------------------|
A|---------------------------|
E|---------------------------|



GUITAR 2

E|-----10--------10-------7------5------|
B|---------12--------12------8-8----8---|   x 2
G|--12--------12--------9---------------|
D|--------------------------------------|
A|--------------------------------------|
E|--------------------------------------|



[0:46 - ]


GUITAR 1

E|-------------------------------------------|
B|------10-8-----8-10-----10-8---------------|
G|--9~-------9~-------9~-------9~--7-9~--9~--|
D|-------------------------------------------|
A|-------------------------------------------|
E|-------------------------------------------|



GUITAR 2

E|-----------------------10--------------------------------|
B|--12~---13-12-10~---12----------13-12-10~---10------12~--|
G|--------------------------12~------------------12~-------|
D|---------------------------------------------------------|
A|---------------------------------------------------------|
E|---------------------------------------------------------|



[0:57 - 1:20]

(Both Come in at 1:09)


GUITAR 1

E|--3-3-3-3-3-3-3-3-3-3-3-3-3-3-3-3-3-3-3-3-3-3-3-3-3-3-3-3-3-3-3-3--|
B|--3-3-3-3-3-3-3-3-3-3-3-3-3-3-3-3-3-3-3-3-3-3-3-3-3-3-3-3-3-3-3-3--|   x 2
G|--0-0-0-0-0-0-0-0-0-0-0-0-0-0-0-0-0-0-0-0-0-0-0-0-0-0-0-0-0-0-0-0--|
D|--2-2-2-2-2-2-2-2-2-2-2-2-2-2-2-2-0-0-0-0-0-0-0-0-2-2-2-2-2-2-2-2--|
A|--3-3-3-3-3-3-3-3-3-3-3-3-3-3-3-3-x-x-x-x-x-x-x-x-0-0-0-0-0-0-0-0--|
E|----------------------------------3-3-3-3-3-3-3-3------------------|



GUITAR 2

E|-----10--------10-------7------5------|
B|---------12--------12------8-8----8---|   x 2
G|--12--------12--------9---------------|
D|--------------------------------------|
A|--------------------------------------|
E|--------------------------------------|



[1:20 - 1:44]


GUITAR 1

E|--3-3-3-3-3-3-3-333-3-3-3-3-3-3-3-3-3-3-3-3-3-3-3-3-3-3-3-3-3-3-3--|
B|--3-3-3-3-3-3-3-333-3-3-3-3-3-3-3-3-3-3-3-3-3-3-3-3-3-3-3-3-3-3-3--|   x 2
G|--0-0-0-0-0-0-0-000-0-0-0-0-0-0-0-0-0-0-0-0-0-0-0-0-0-0-0-0-0-0-0--|
D|--2-2-2-2-2-2-2-222-2-2-2-2-2-2-2-0-0-0-0-0-0-0-0-2-2-2-2-2-2-2-2--|
A|--3-3-3-3-3-3-3-333-3-3-3-3-3-3-3-x-x-x-x-x-x-x-x-0-0-0-0-0-0-0-0--|
E|----------------------------------3-3-3-3-3-3-3-3------------------|



GUITAR 2

E|----------------------0--0-0-0--------------|
B|------0h3-----0---3-------------3--0--------|   x 4
G|--0h2------2---------------------------2-0--|
D|--------------------------------------------|
A|--------------------------------------------|
E|--------------------------------------------|



[1:44 - 2:07]


GUITAR 1

E|---------------------------------------|
B|------10-8-----8-10-----10-8-----------|
G|--9~-------9~-------9~-------9~--7-9~--|
D|---------------------------------------|
A|---------------------------------------|
E|---------------------------------------|
 |
 |
E|-------------------------------------------|
B|------10-8-----8-10-----10-8---------------|
G|--9~-------9~-------9~-------9~--7-9~--9~--|
D|-------------------------------------------|
A|-------------------------------------------|
E|-------------------------------------------|



GUITAR 2

E|-----------------------10---------------------------|
B|--12~---13-12-10~---12----------13-12-10~---10------|
G|--------------------------12~------------------12~--|
D|----------------------------------------------------|
A|----------------------------------------------------|
E|----------------------------------------------------|
 |
 |
E|--------10-------------10--------------------------------|
B|--12~------12-10~---12----------13-12-10~---10------12~--|
G|--------------------------12~------------------12~-------|
D|---------------------------------------------------------|
A|---------------------------------------------------------|
E|---------------------------------------------------------|



[2:07 - 2:30]

(Both Come in at 2:18)


GUITAR 1

E|--3-3-3-3-3-3-3-333-3-3-3-3-3-3-3-3-3-3-3-3-3-3-3-3-3-3-3-3-3-3-3--|
B|--3-3-3-3-3-3-3-333-3-3-3-3-3-3-3-3-3-3-3-3-3-3-3-3-3-3-3-3-3-3-3--|   x 2
G|--0-0-0-0-0-0-0-000-0-0-0-0-0-0-0-0-0-0-0-0-0-0-0-0-0-0-0-0-0-0-0--|
D|--2-2-2-2-2-2-2-222-2-2-2-2-2-2-2-0-0-0-0-0-0-0-0-2-2-2-2-2-2-2-2--|
A|--3-3-3-3-3-3-3-333-3-3-3-3-3-3-3-x-x-x-x-x-x-x-x-0-0-0-0-0-0-0-0--|
E|----------------------------------3-3-3-3-3-3-3-3------------------|



GUITAR 2

E|-----10--------10-------7------5------|
B|---------12--------12------8-8----8---|   x 2
G|--12--------12--------9---------------|
D|--------------------------------------|
A|--------------------------------------|
E|--------------------------------------|



[2:30 - 2:53]


GUITAR 1

E|--3-3-3-3-3-3-3-333-3-3-3-3-3-3-3-3-3-3-3-3-3-3-3-3-3-3-3-3-3-3-3--|
B|--3-3-3-3-3-3-3-333-3-3-3-3-3-3-3-3-3-3-3-3-3-3-3-3-3-3-3-3-3-3-3--|   x 2
G|--0-0-0-0-0-0-0-000-0-0-0-0-0-0-0-0-0-0-0-0-0-0-0-0-0-0-0-0-0-0-0--|
D|--2-2-2-2-2-2-2-222-2-2-2-2-2-2-2-0-0-0-0-0-0-0-0-2-2-2-2-2-2-2-2--|
A|--3-3-3-3-3-3-3-333-3-3-3-3-3-3-3-x-x-x-x-x-x-x-x-0-0-0-0-0-0-0-0--|
E|----------------------------------3-3-3-3-3-3-3-3------------------|



GUITAR 2

E|----------------------0--0-0-0--------------|
B|------0h3-----0---3-------------3--0--------|   x 4
G|--0h2------2---------------------------2-0--|
D|--------------------------------------------|
A|--------------------------------------------|
E|--------------------------------------------|



[2:53 - 4:14]


GUITAR 1

E|--------3--------------------------|--3~--|
B|----------------------0------------|--3~--|
G|------0-----0-0---------0---0-0----|--0~--|
D|----2-----------0---0-----------0--|--2~--|
A|--3-------3---------------0--------|--3~--|
E|------------------3----------------|------|
   
     ^ play this 12 times               ^ after 12th time



GUITAR 2 (Comes in with GUITAR 3 at 3:16)

E|---------------------------------------|
B|------10-8-----8-10-----10-8-----------|
G|--9~-------9~-------9~-------9~--7-9~--|  \
D|---------------------------------------|   \
A|---------------------------------------|    \
E|---------------------------------------|     \
 |                                               Play both, then repeat one more time
 |                                             /
E|---------------------------------------|    /
B|------10-8-----8-10-----10-8-----------|   /
G|--9~-------9~-------9~-------9~--7-9~--|  /
D|---------------------------------------|  
A|---------------------------------------|
E|---------------------------------------|
 |
 |
E|------|
B|------|  < after second playthrough
G|--9~--|
D|------|
A|------|
E|------|



GUITAR 3 (Comes in with GUITAR 2 at 3:16)

E|-----------------------10---------------------------|
B|--12~---13-12-10~---12----------13-12-10~---10------|
G|--------------------------12~------------------12~--|
D|----------------------------------------------------|
A|----------------------------------------------------|  \
E|----------------------------------------------------|   \
 |                                                          Play both, then repeat
 |                                                          one more time
E|--------10-------------10---------------------------|   /
B|--12~------12-10~---12----------13-12-10~---10------|  /
G|--------------------------12~------------------12~--|
D|----------------------------------------------------|
A|----------------------------------------------------|
E|----------------------------------------------------|
 |
 |
E|-------|
B|--12~--|  < after second playthrough
G|-------|
D|-------|
A|-------|
E|-------|



[END]



********************************

|  ~    held note
|  x    mute note
|  h    hammer on

********************************
