%%%% rating:None %%%%
%%%% artist:Nacho Vegas Tabs %%%%
%%%% url:http://tabs.ultimate-guitar.com/tab/1629959 %%%%
%%%% title:Canción De Isabel (ver 2) Chords %%%%
%%%% comments:[] %%%%
%%%% difficulty:None %%%%
%%%% provider:ultimate-guitar %%%%
%%%% contributor:None %%%%
%%%% type:Chords %%%%
%%%% Tab:<i></i>PARA MAYOR COMODIDAD Y MEJOR SONIDO PONGAN EL CAPOTRASTO EN EL 2° TRASTE;
EN ESE CASO LA POSICIÓN DE
"La Mayor" QUEDARÍA COMO "sol Mayor".
Y LA POSICIÓN DE "Re Mayor" QUEDARÍA COMO "Do Mayor".

intro: <span>Bm</span> - <span>F#m</span> x2


Puente:
ÉSTAS SON LAS NOTAS QUE TIENE,
ES UNA ESCALA CROMÁTICA MUY SIMPLE,
NADAMAS AGARRENLE LA ONDA Y SE DARÁN CUENTA DE QUE ES IGUAL
QUE LA CANCIÓN ORIGINAL

    <span>Bm</span>                    <span>F#m</span>        <span>Bm</span>
e|-----------------------------------------|
B|--10---10-10---10-10-9-8-7-7-7-7-7/10----|
G|-----------------------------------------|
D|-----------------------------------------|
A|-----------------------------------------|
E|-----------------------------------------| x2


<span>Bm</span>                    <span>A</span>
Me dicen: Ya te volveremos a llamar,

     <span>G</span>                <span>F#</span>
pero no lo harán; lo sé muy bien.

<span>Bm</span>                <span>A</span>
Estoy en la calle y sólo puedo pensar

<span>G</span>                     <span>F#</span>
en la manera de decírselo a Isabel.

<span>Bm</span>                      <span>A</span>
Tras la puerta escucho cómo toca en su violín

<span>G</span>                    <span>D</span>        <span>F#</span>
algo triste y yo no sé qué vamos a hacer.

<span>Bm</span>                      <span>A</span>
No es un buen momento, porque en Navidad

<span>G</span>                  <span>F#</span>
nacerá nuestro primer bebé.


<span>D</span>                  <span>A</span>
Conozco mi suerte demasiado bien

<span>G</span>               <span>D</span>           <span>F#</span>
pero al oír su voz me siento algo mejor.

<span>Bm</span>                 <span>A</span>
Ella dice que las cosas cambiarán.

<span>G</span>                    <span>F#</span>                             <span>Bm</span>
Yo la abrazo y permanezco así, y así se esconde el sol.

(PUENTE)

<span>Bm</span>                   <span>A</span>
En este viejo coche no se está tan mal;

<span>G</span>                         <span>F#</span>
llevo aquí desde hace un mes con Isabel.

<span>Bm</span>                <span>A</span>
Pero el invierno muy pronto llegará

<span>G</span>                  <span>F#</span>
y nuestro hijo con él.


<span>Bm</span>                       <span>A</span>
Ya no cobro el paro; Isabel no toca su violín.

<span>G</span>               <span>D</span>          <span>F#</span>
Hace frío y ella no se encuentra bien.

<span>Bm</span>                 <span>A</span>
He visto un abrigo en el centro comercial.

<span>G</span>                   <span>F#</span>
No tengo dinero pero me he de hacer con él,

        <span>D</span>                      <span>A</span>
así que robaré para ella, robaré para Isabel.

<span>G</span>                       <span>D</span>                <span>F#</span>       <span>Bm</span>
Lo hago y trato de escapar pero alguien por detrás

                     <span>A</span>
me golpea y me he debido desmayar

<span>G</span>                      <span>F#</span>                           <span>Bm</span>
pues despierto en una celda gris y no consigo recordar.


(PUENTE)


<span>Bm</span>                          <span>A</span>
Llevo dos semanas sin saber de Isabel.

<span>G</span>                           <span>F#</span>
Me dan cuatro hostias y me dejan libre al fin.

<span>Bm</span>                       <span>A</span>
Vuelvo al viejo coche y me la encuentro tiritando;

<span>G</span>                       <span>F#</span>
está enferma y alguien le ha robado su violín.

<span>Bm</span>                              <span>A</span>
Me desnudo y con mis ropas la trato de abrigar;

<span>G</span>                   <span>D</span>          <span>F#</span>       <span>Bm</span>
yo manténgome en calor con un poco de alcohol.

                  <span>A</span>
Le consigo agua y algo de comer.

<span>G</span>              <span>F#</span>
En unos días se pondrá mejor, lo sé.

<span>D</span>                           <span>A</span>
Pero esta mañana cuando al fin brillaba el sol

<span>G</span>                <span>D</span>            <span>F#</span>
Isabel no despertó; siquiera lo intentó.


<span>Bm</span>                        <span>A</span>
Se me fue con nuestro hijo en su interior;

<span>G</span>               <span>F#</span>                  <span>Bm</span>
al menos no podrá acabar igual que yo.


(PUENTE)

<span>Bm</span>             <span>A</span>
Isabel se fue a un lugar mejor;

<span>G</span>                <span>F#</span>
yo no tuve el valor para ir detrás.

<span>Bm</span>                   <span>A</span>
Con aquel abrigo habría entrado en calor,

<span>G</span>                   <span>F#</span>
sólo espero que me sepa perdonar.

<span>Bm</span>                 <span>A</span>
Pero fue mi culpa, y por ella pagaré...

<span>G</span>                    <span>D</span> - <span>F#</span>
¡Hoy estoy en deuda!

<span>Bm</span>                   <span>A</span>
Al fin lo veo claro; ahora sé

<span>G</span>                 <span>F#</span>
cuál es mi misión aquí:

<span>D</span>                       <span>A</span>
tengo una navaja; esta misma noche haré

<span>G</span>                 <span>D</span>               <span>F#</span>     <span>Bm</span>
un abrigo con mi piel, pondrá Isabel en él.

                       <span>A</span>
Queda algo de vodka; aliviará el dolor.

<span>G</span>                     <span>F#</span>
Si comienzo pronto podría acabar al amanecer
