%%%% rating:None %%%%
%%%% artist:Tuuli Tabs %%%%
%%%% url:http://tabs.ultimate-guitar.com/t/tuuli/whipped_tab.htm %%%%
%%%% title:Whipped Tab %%%%
%%%% comments:[] %%%%
%%%% difficulty:
                                    intermediate                                 %%%%
%%%% provider:ultimate-guitar %%%%
%%%% contributor:
                                     %%%%
%%%% type:Tabs %%%%
%%%% Tab:<i></i>Author/Artist: Tuuli
Title: Whipped
Album: Let go
Transcribed by: Lee Kemp
Email: kidrocker@hotmail.com

I think its all there..some parts are repeated in the riffs, they're easy to see once 
play it along with the song, feel free to correct me on any faults

----------------------------------------------------------------------------|
----------------------------------------------------------------------------|
------/7-6-4--6-4----/6-7-9--4-6-7-6---/7-6-4--6-4------------7-6-4---------|
------------------4--------------------------------4--5-7-5-4---------------|
----------------------------------------------------------------------------|
----------------------------------------------------------------------------|
        INTRO

----------------------------------------------------------------------------|
---6b7r6-4----6b7r6-4--7-6-4--6b7r6-4--6b7r6-7------------------------------|
----------------------------------------------------------------------------|
----------------------------------------------------------------------------|
----------------------------------------------------------------------------|
----------------------------------------------------------------------------|
              INTRO CONTINUED

----------------------------------------------------------------------------|
----------------------------------------------------------------------------|
----------------------------------------------------------------------------|
------------77-------------------77-9-77-9-77-9-77-9------------------------|
------99-55-55-7778--------99-55-55-7-55-7-55-7-55-7--7-8-9-----------------|
------77-33----5556--------77-33----------------------5-6-7-----------------|
          Verse

----------------------------------------------------------------------------|
----------------------------------------------------------------------------|
----------------------------------------------------------------------------|
----------------------------99-1212-5-77---99-55-7--------------------------|
---777-8-9----7777-5-7-9----99-1212-5-77---99-55-7--------------------------|
---555-6-7----5555-3-5-7----77-1010-3-55---77-33-5--------------------------|
  Repeat parts as nesessary      Bridge

----------------------------------------------------------------------------|
----------------------------------------------------------------------------|
----------------------------------------------------------------------------|
--44-55-77-8--999-5----999-7-7--77-9--------77-9-77-9-77-9------------------|
--44-55-77-8--999-5----999-7-7------7-78-------------------77789------------|
--22-33-55-6--777-3----777-5-5----------------------------------------------|
        Chorus

----------------------------------------------------------------------------|
----------------------------------------------------------------------------|
-9--1112--11-12-11-12-----7-6---6---7-6---6---------------------------------|
-9--1112---9-10--9-10---------7---------7-----------------------------------|
-7--9-10--------------------------------------------------------------------|
----------------------------------------------------------------------------|
        Solo

----------------------------------------------------------------------------|
----------------------------------------------7b7---------------------------|
-4-6-7-9-11h12p11/9--16-14-12-11-12-11-9--7-7-7b7-6-6/7-7-6-6-6/7-9-9--6b-4-|
----------------------------------------------------------------------------|
----------------------------------------------------------------------------|
----------------------------------------------------------------------------|
 Solo Continued

----------------------------------------------------------------------------|
----------------------------------------------------------------------------|
----------------------------------------------------------------------------|
-9999999999999999-55555555-77777777-----------------------------------------|
-9999999999999999-55555555-77777777-----------------------------------------|
-7777777777777777-33333333-55555555-----------------------------------------|
          After intro

----------------------------------------------------------------------------|
----------------------------------------------------------------------------|
----------------------------------------------------------------------------|
-------------9--------------------------------------------------------------|
-9989-89-89--9--------------------------------------------------------------|
-7767-67-67--7--------------------------------------------------------------|
          Ending
