%%%% rating:None %%%%
%%%% artist:Turin Brakes Tabs %%%%
%%%% url:http://tabs.ultimate-guitar.com/t/turin_brakes/new_star_crd.htm %%%%
%%%% title:New Star Chords %%%%
%%%% comments:[] %%%%
%%%% difficulty:
                                    novice                                 %%%%
%%%% provider:ultimate-guitar %%%%
%%%% contributor:
                                     %%%%
%%%% type:Chords %%%%
%%%% Tab:<i></i>Note:
For the A chord, from what I can hear / can see from live videos he uses: 
X-12-11-9-10-9 fingering.
I personally find that too hard so do: X-O-O-9-10-9 at the end of a verse then X-
O-11-9-10-9 at the start. Sounds about right, have a play and decide for yourself. 

----------------------

INTRO

<span>A</span>


VERSE 1

<span>A</span>                      <span>D</span>
Wait for the brand new sun,
              <span>G</span>
The brand new start,
        <span>A</span>
To wish upon

<span>A</span>                      <span>D</span>
Wait for the brand new day yeah
              <span>G</span>
The brand new way
           <span>A</span>
To see the world


CHORUS

<span>G</span>                   <span>D</span>
Oh my, wait for the blue sky
             <span>C</span>   <span>G</span>
Wait for the sunshine
   <span>D</span>
To clear your mind
<span>G</span>                    <span>D</span>
Oh yeah wait for the clear air
              <span>C</span>   <span>G</span>       <span>F#</span>
Cos even that old moon it couldn't
             <span>G</span>         <span>A</span>
eclipse this brand new sun


VERSE 2

<span>A</span>                     <span>D</span>
I've been to hell and back babe,
                  <span>G</span>
I've seen death's face,
          <span>A</span>
I've seen shame
<span>A</span>               <span>D</span>
I know, in that shadow,
        <span>G</span>
Lurks a high low
        <span>A</span>
See-saw game


CHORUS

<span>G</span>                   <span>D</span>
Oh my, wait for the blue sky
             <span>C</span>   <span>G</span>
Wait for the sunshine
   <span>D</span>
To clear your mind
<span>G</span>                    <span>D</span>
Oh yeah wait for the clear air
              <span>C</span>   <span>G</span>       <span>F#</span>
Cos even that old moon it couldn't
             <span>G</span>         <span>A</span>
eclipse this brand new sun


MIDDLE 8

  <span>A</span>      <span>D</span>      <span>G</span>      <span>A</span>
Ooooh, ooooh, ooooh, ooooh
  <span>A</span>      <span>D</span>      <span>G</span>      <span>A</span>
Ooooh, ooooh, ooooh, ooooh


CHORUS + ENDING

<span>G</span>                   <span>D</span>
Oh my, wait for the blue sky
             <span>C</span>   <span>G</span>
Wait for the sunshine
   <span>D</span>
To clear your mind
<span>G</span>                    <span>D</span>
Oh yeah wait for the clear air
              <span>C</span>   <span>G</span>       <span>F#</span>
Cos even that old moon it couldn't
             <span>G</span>     
eclipse this brand 
          <span>C</span>   <span>G</span>       <span>F#</span>
even that old moon it couldn't
             <span>G</span>     
eclipse this brand 
          <span>C</span>   <span>G</span>       <span>F#</span>
even that old moon it couldn't
             <span>G</span>         <span>A</span>
eclipse this brand new sun
