%%%% rating:None %%%%
%%%% artist:Snuff Tabs %%%%
%%%% url:http://tabs.ultimate-guitar.com/s/snuff/pass_me_by_tab.htm %%%%
%%%% title:Pass Me By Tab %%%%
%%%% comments:[] %%%%
%%%% difficulty:None %%%%
%%%% provider:ultimate-guitar %%%%
%%%% contributor:None %%%%
%%%% type:Tabs %%%%
%%%% Tab:<i></i>#----------------------------------PLEASE NOTE---------------------------------#
#This file is the author's own work and represents their interpretation of the #
#song. You may only use this file for private study, scholarship, or research. #
#------------------------------------------------------------------------------##
#

#----------------------------------PLEASE NOTE---------------------------------#
#This file is the author's own work and represents their interpretation of the #
#song. You may only use this file for private study, scholarship, or research. #
#------------------------------------------------------------------------------#

"Pass Me By" by Snuff
off the album "Snuff Said..." by Fat Wreck Chords
Tabbed by TNitz303@aol.com

Finally, my first posting, its not my greatest of work but it'll do.
Most of my tabs are usually very proffesional.
I was looking through OLGA and I didn't see any Snuff, so here's
one of my favorites.

e :5---5-----7p5---5-|--------------------|5---5-------5h7-8p7-5---|
B :5---5---7-----7---|--------------------|5---5---5h7-----------7-|
G :------------------|5---5--5-5-/7-7-7---|------------------------|
D :------------------|5---5--5-5-/7-7-7---|------------------------|
A :------------------|3---3--3-3-/5-5-5---|------------------------|
E :------------------|--------------------|------------------------|


e :--------------------|5---5-------5---------|--------------------|
B :--------------------|5---5---5h7---7-7p5-5-|--------------------|
G :5---5--5-5-/7-7-7---|----------------------|5---5--5-5-/7-7-7---|
D :5---5--5-5-/7-7-7---|----------------------|5---5--5-5-/7-7-7---|
A :3---3--3-3-/5-5-5---|----------------------|3---3--3-3-/5-5-5---|
E :--------------------|----------------------|--------------------|

                                                Repeat this part the
e :5---5-----------------|---------------------|--------------------|
B :5---5----5----5----5--|---------------------|--------------------|
G :*-----7-b--7-b--7-b---|5---5--5-5-/7-7-7----|*-------------------|
D :*---------------------|5---5--5-5-/7-7-7----|*7---7--7-7-7-5-5-5-|
A :*---------------------|3---3--3-3-/5-5-5----|-7---7--7-7-7-5-5-5-|
E :----------------------|------------------10\|-5---5--5-5-5-3-3-3-|

whole song.
e :--------------------|
B :--------------------|
G :5---5--5-5-5-------*|
D :5---5--5-5-5-7-7--5*|
A :3---3--3-3-3-7-7--5-|
E :-------------5-5--3-|

Thats pretty much all there is to the song except for the solo which I'm
too lazy to figure out, so just make something up, its in A pentatonic.

TAb KeY
h=hammer-on
p=pull-off
b=bend
\=slide
(Like you didn't already know this)

"Have a Day"
