%%%% rating:None %%%%
%%%% artist:Turos Hevi Gee Tabs %%%%
%%%% url:http://tabs.ultimate-guitar.com/t/turos_hevi_gee/kyntajan_poika_tab.htm %%%%
%%%% title:Kyntajan Poika Tab %%%%
%%%% comments:[] %%%%
%%%% difficulty:
                                    novice                                 %%%%
%%%% provider:ultimate-guitar %%%%
%%%% contributor:
                                     %%%%
%%%% type:Tabs %%%%
%%%% Tab:<i></i>Turo's Hevi Gee - Kyntajan poika
from "Putket Mutkalla" (1995)

Intro

 C   Em     Am    C  Em      Am      Dm           Em          F      G 
|---------------------------------------------------------------------------|
|---------------------------------------------------------------------------|
|-----------------0-5-0-5-4-0-4-2~-----2-5-5-4-2-2-0--0-0--------2-5-4~-----|
|-2-3-2-2-3-2-2~---------------------3--------------------2~--3~------------|
|---------------------------------------------------------------------------|
|---------------------------------------------------------------------------|

    C      Em        Am
Mina istuin peltotien paahan.
     C        Em     Am
Jain vehjetta katselemaan.
         Dm             Em              F                G
Nain kun isani pellolla hammasta purren huudatti traktoriaan.

     C        Em      Am
Sita katselin sekavin tuntein,
     C        Em       Am
mina junttien lapsista juntein.
    Dm                 Em                  F        G     C
Kun Valameetin valitus tienoon taytti, han pehmensi perunamaan.


       F    G        C             F       G        C
  Mina olin kyntajan poika,  lahes farmari siis itsekin.
        F        G     C                      F     G        C
  Viela kyntaisin syvemmalta kuin muut, viela isaanikin paremmin.

  F G    C 


Intro


     C        Em      Am
Mina nukahdin navetan varjoon.
     C        Em        Am
Unen apulannankatkuisen nain.
     Dm             Em               F                 G
Nain kyntajan kaistapaisen ja hurjan syoksyvan seinaa pain.

       C         Em      Am
Seinaa pain lapi renkien aitan.
      C       Em        Am
Siita ryskyen kohti sikalaa.
     Dm                Em                 F      G        C
Myos heinaladon paadyssa suuri on reika, ja ovikin on rempallaan.

Mina olin kyntajan poika - lahes farmari siis itsekin.
Viela kyntaisin syvemmalta kuin muut, viela isaanikin paremmin.  x 2
Viela isaanikin paremmin.

