%%%% rating:None %%%%
%%%% artist:Turf Tabs %%%%
%%%% url:http://tabs.ultimate-guitar.com/t/turf/me_hace_sentir_btab.htm %%%%
%%%% title:Me Hace Sentir Bass Tab %%%%
%%%% comments:[] %%%%
%%%% difficulty:None %%%%
%%%% provider:ultimate-guitar %%%%
%%%% contributor:None %%%%
%%%% type:Bass Tabs %%%%
%%%% Tab:<i></i>Versos
G|---------------|---------------------|-----------------|
D|---5-3h5---3-5-|---------5-3h5---3-5-|-----------------|
A|---------5-----|-1--3----------5-----|-1--3--3-5-5-3h5-|
E|-3-------------|-------3-------------|-----------------|
 | OCHO    VECES |

Coros
G|-------------------5-3h5---3-5-|
D|---5-3h5---3-5-----------5-----|
A|---------5-------3-------------|
E|-3-----------------------------|
 |       DOS          VECES      |


G|-----------------------------------------------------------------|
D|-----------------------------------------------------------------|
A|-----------------------------5-/5-5-3-5-5-5--5/17-17-17-17-17-17-|
E|-/6-6-4-6-6-6-5-/5-5-3-5-5-5-------------------------------------|
