%%%% rating:None %%%%
%%%% artist:Turf Tabs %%%%
%%%% url:http://tabs.ultimate-guitar.com/t/turf/siempre_libre_ii_crd.htm %%%%
%%%% title:Siempre Libre II Chords %%%%
%%%% comments:[] %%%%
%%%% difficulty:None %%%%
%%%% provider:ultimate-guitar %%%%
%%%% contributor:None %%%%
%%%% type:Chords %%%%
%%%% Tab:<i></i>    <span>E</span>              <span>EM7</span>
Se va la luz, se esconde el sol
<span>E7</span>             <span>A</span>
pero nosotros vemos mejor.
                    <span>E</span>             <span>EM7</span>
Porque tenemos nuestra propia visión
          <span>A</span>   <span>B</span>
de lo que haaaay.


El mundo ya se parte en dos
no me preocupa decirle adiós,
no necesito tener aprobación de los demáaaas.


  <span>E</span>-<span>EM7</span>  <span>A</span>      <span>E</span>-<span>E7</span>    <span>A</span>
¿Cuántas van? ¿Cuántas son?
 <span>E</span>-<span>E7</span>        <span>F#</span>        <span>A</span>        <span>B</span>
¿Cuántas tendré que morir para ser?..


<span>E</span>-<span>EM7</span> <span>A</span> <span>B</span>

<span>E</span>-<span>E7</span> <span>A</span> <span>B</span>


La libertad es tan real...
Sé que algún día nos va a llegar
porque tenemos nuestra propia visión
de lo que haaaay.


           <span>D#m</span> <span>A#</span> <span>A#m</span> <span>C#m</span>                     <span>D#m</span> <span>A#</span> <span>A#m</span> <span>C#m</span>
Si no hay caaaaaaalma,            calma en tu aaaalmaa
<span>D#m</span> <span>A#</span> <span>A#m</span> <span>C#m</span>                   <span>D#m</span> <span>A#</span> <span>A#m</span> <span>A</span>
naaaaada,             nada te alcaaaaaanzaaa.


¿Cuántas van? ¿Cuántas son?
¿Cuántas tendré que morir para ser?..


   <span>E</span>-<span>EM7</span>  <span>A</span>      <span>E</span>-<span>E7</span>   <span>A</span>
¿Cuántas van? ¿Cuántas son?
 <span>E</span>-<span>E7</span>       <span>F#</span>        <span>A</span>         <span>B</span>
¿Cuántas tendré que morir para ser?..


<span>Bm7</span>       <span>E</span>-<span>Em</span>   <span>E</span>-<span>Em</span>
¡Siempre Libre!¡Libre!
  <span>A</span>  <span>A#</span>   <span>B</span> <span>Bm7</span>
¡Libre! ¡Libre!


¿Cuántas van? ¿Cuántas son?
                                         ( X 2 )
¿Cuántas tendré que morir para ser?..


<span>Bm7</span>       <span>E</span>-<span>Em</span>   <span>E</span>-<span>Em</span>
¡Siempre Libre!¡Libre!
                                         ( X 2 )
  <span>A</span>  <span>A#</span>   <span>B</span> <span>Bm7</span>  <span>E</span>
¡Libre! ¡Libre!


Faltaba esta obra de los maestros, que bien podía ser el final de una canción
De Walt Disney
Es de mi agrado compartir con todos los amantes de esta banda extraordinaria,
este humilde aporte...
RECOMENDACIÓN: Haganlo todo con cejilla empezando desde el MI
cualquier cosa escuchen la canción y toquen arriba

Abrazo!
<span>EM7</span>
===========
***********  7
-----------
| | | * | |
-----------
| | * | * |
-----------

