%%%% rating:None %%%%
%%%% artist:Smithereens Tabs %%%%
%%%% url:http://tabs.ultimate-guitar.com/s/smithereens/behind_the_wall_of_sleep_btab.htm %%%%
%%%% title:Behind The Wall Of Sleep Bass Tab %%%%
%%%% comments:[] %%%%
%%%% difficulty:
                                    novice                                 %%%%
%%%% provider:ultimate-guitar %%%%
%%%% contributor:
                                     %%%%
%%%% type:Bass Tabs %%%%
%%%% Tab:<i></i>-----------------------------------------------------------------------------
             Behind The Wall Of Sleep – The Smithereens
-----------------------------------------------------------------------------
Tabbed by: NatDuv
E-mail: NatDuv@Gmail.com

Tuning: Standard

Intro

G|---------------------------------------------------------------|
D|---------------------------------------------------------------|
A|552---------------552-----------------5-5----------------------|
E|---000000000000000---0000000000000000--------------------------|

Verse/Solo

G|-----------------------------------------------------------------------|
D|-----------------------------------------------------------------------|
A|--------------------------------------------------552------------(5-2)-|
E|00000000000000002333333333333333345555555555555555---000000000000------|

Chorus

G|------------------------------------------------------------------|
D|-----------------------------------225525-------------------------|
A|---------------------------------33------55552222777777777777-5-5-|
E|33333333000000003333333300000000----------------------------------|

Outro

G|------------------------------------------------------------------------|
D|-----------------------------------------22--47-------------------------|
A|-033335555--------0233335555--------0233--55----------------------------|
E|----------00000000-----------00000000-----------------------------------|

G|------------------------------------------------------------|
D|------------------------------------------------------------|
A|---------------552----------------552----------------5-52---|
E|000000000000000---0000000000000000---0000000000000000----0--|

Play Order:

Intro (x1)
Verse (x2)
Chorus
Verse (x2)
Chorus
Verse (x2)
Chorus
Verse (x2)
Chorus
Outro
