%%%% rating:r_5 %%%%
%%%% artist:Turbowolf Tabs %%%%
%%%% url:http://tabs.ultimate-guitar.com/t/turbowolf/ancient_snake_tab.htm %%%%
%%%% title:Ancient Snake Tab %%%%
%%%% comments:[] %%%%
%%%% difficulty:
                                    novice                                 %%%%
%%%% provider:ultimate-guitar %%%%
%%%% contributor:
                                     %%%%
%%%% type:Tabs %%%%
%%%% Tab:<i></i>----------------------------------------------------------------------------
                             Ancient Snake - Turbowolf
----------------------------------------------------------------------------
Tabbed by:JaaaayDeeee
E-mail:jdgilbert@ntlworld.com

Tuning:Standard D (DGCFAD)

basically just pull-off each note...

D|-----------------------------------------------------------------------|
A|-----------------------------------------------------------------------|
F|-----------------------------------------------------------------------|
C|-----------------------------------------------------------------------|
G|------------------------------12p0-12p0-10p0-10p0-10p0-0-10p0-10p0-0---|
D|-12p0-12p0-12p0-0-12p0-12p0-0------------------------------------------|

D|-----------------------------------------------------------------------|
A|-----------------------------------------------------------------------|
F|-----------------------------------------------------------------------|
C|-----------------------------------------------------------------------|
G|-12p0-12p0------------------------------12p0-12p0-10p0-10p0-10p0-0-----|
D|-----------12p0-12p0-12p0-0-12p0-12p0-0--------------------------------|

D|---------------------|
A|---------------------|
F|---------------------|
C|-------------10-12---|
G|-10p0-10p0-0---------|
D|---------------------|

D|-----------------------------------------------------------------------|
A|-----------------------------------------------------------------------|
F|-----------------------------------------------------------------------|
C|-----------------------------------------------------------------------|
G|------------------------------12p0-12p0-10p0-10p0-10p0-0-10p0-10p0-0---|
D|-12p0-12p0-12p0-0-12p0-12p0-0------------------------------------------|

D|-----------------------------------------------------------------------|
A|-----------------------------------------------------------------------|
F|-----------------------------------------------------------------------|
C|-----------------------------------------------------------------------|
G|-12p0-12p0------------------------------12p0-12p0-10p0-10p0-10p0-0-----|
D|-----------12p0-12p0-12p0-0-12p0-12p0-0--------------------------------|

D|---------------------|
A|---------------------|
F|---------------------|
C|---------------------|
G|-10p0-10p0-0---------|
D|--------------8-10---|

D|-----------------------------------------------------------------------|
A|-----------------------------------------------------------------------|
F|-----------------------------------------------------------------------|
C|-----------------------------------------------------------------------|
G|------------------------------12p0-12p0-10p0-10p0-10p0-0-10p0-10p0-0---|
D|-12p0-12p0-12p0-0-12p0-12p0-0------------------------------------------|

D|-----------------------------------------------------------------------|
A|-----------------------------------------------------------------------|
F|-----------------------------------------------------------------------|
C|-----------------------------------------------------------------------|
G|-12p0-12p0------------------------------12p0-12p0-10p0-10p0-10p0-0-----|
D|-----------12p0-12p0-12p0-0-12p0-12p0-0--------------------------------|

D|---------------------|
A|---------------------|
F|---------------------|
C|-------------10-12---|
G|-10p0-10p0-0---------|
D|---------------------|

D|---------------------------------------------------------|
A|---------------------------------------------------------|
F|---------------------------------------------------------|
C|---------------------------------------------------------|
G|-14--14-14-14--12--12-12-12--9--9-9-10--5--5-5-5--10--12-|x4
D|-12--12-12-12--10--10-10-10--7--7-7-8---3--3-3-3--8---10-|

D|-------------------------------|
A|-------------------------------|
F|-------------------------------|
C|-------------------------------|
G|-2-2-2-2-2-2-2-2-2-2-2-2-2/-10-|
D|-0-0-0-0-0-0-0-0-0-0-0-0-0-----|

D|-----------------------------------------------------------------------|
A|-----------------------------------------------------------------------|
F|-----------------------------------------------------------------------|
C|-----------------------------------------------------------------------|
G|------------------------------12p0-12p0-10p0-10p0-10p0-0-10p0-10p0-0---|
D|-12p0-12p0-12p0-0-12p0-12p0-0------------------------------------------|

D|-----------------------------------------------------------------------|
A|-----------------------------------------------------------------------|
F|-----------------------------------------------------------------------|
C|-----------------------------------------------------------------------|
G|-12p0-12p0------------------------------12p0-12p0-10p0-10p0-10p0-0-----|
D|-----------12p0-12p0-12p0-0-12p0-12p0-0--------------------------------|

D|--------|
A|--------|
F|--------|
C|--12b---|
G|--------|
D|--------|


D|-----------------------------------------------------------------------|
A|-----------------------------------------------------------------------|
F|-----------------------------------------------------------------------|
C|-----------------------------------------------------------------------|
G|------------------------------12p0-12p0-10p0-10p0-10p0-0-10p0-10p0-0---|
D|-12p0-12p0-12p0-0-12p0-12p0-0------------------------------------------|

D|-----------------------------------------------------------------------|
A|-----------------------------------------------------------------------|
F|-----------------------------------------------------------------------|
C|-----------------------------------------------------------------------|
G|-12p0-12p0------------------------------12p0-12p0-10p0-10p0-10p0-0-----|
D|-----------12p0-12p0-12p0-0-12p0-12p0-0--------------------------------|

D|---------------------|
A|---------------------|
F|---------------------|
C|---------------------|
G|-10p0-10p0-0---------|
D|--------------8-10---|


D|---------------------------------------------------------|
A|---------------------------------------------------------|
F|---------------------------------------------------------|
C|---------------------------------------------------------|
G|-14--14-14-14--12--12-12-12--9--9-9-10--5--5-5-5--10--12-|x7
D|-12--12-12-12--10--10-10-10--7--7-7-8---3--3-3-3--8---10-|

D|---------------------------------------------------------------------|
A|---------------------------------------------------------------------|
F|---------------------------------------------------------------------|
C|---------------------------------------------------------------------|
G|-2-2-7-7-7-7-7-7-7-7-7-7-7-7-7-7-7-7-5-5-5-5-5-5-5-5-5-5-5-5-5-5-5-5-|
D|-0-0-----------------------------------------------------------------|

D|---------------------------------|
A|---------------------------------|
F|---------------------------------|
C|---------------------------------|
G|---------------------------------|
D|-8-8-8-8-8-8-8-8-8-8-8-8-8-8-8-8-|

D|--------------------------------------|
A|--------------------------------------|
F|--------------------------------------|
C|--------------------------------------|
G|--(9)(10)--(9)(10)--(9)(10)--(10)(13)-|x4
D|-0-7--8--0--7--8--0--7--8--0--8---11--|


