%%%% rating:r_5 %%%%
%%%% artist:Turin Brakes Tabs %%%%
%%%% url:http://tabs.ultimate-guitar.com/t/turin_brakes/optimist_crd.htm %%%%
%%%% title:Optimist Chords %%%%
%%%% comments:[] %%%%
%%%% difficulty:None %%%%
%%%% provider:ultimate-guitar %%%%
%%%% contributor:None %%%%
%%%% type:Chords %%%%
%%%% Tab:<i></i>Music X Tabs [http://www.mxtabs.net]
The Optimist (Turin Brakes) -- from the album 'The Optimist Lp'

tab by John Halfpenny (jhalfpenny@excite.com)

Chords used

     <span>B</span> x2444x (or 799877)
<span>F#</span> / <span>E</span> 244300
     <span>E</span> 022100
     <span>G</span> 355433
     <span>A</span> 577655

There is a picking pattern which follows the same line as the intro, listen to the original- you'll pick 
up easy enough- then just change to the indicated chords at the right places! :)

the intro

  <span>B</span>                                <span>F#</span>/<span>E</span>                             <span>E</span>               <span>G</span>
e --------------------------------|--------------------------------|--------------------------------|
B ----4-----4---4-----4-----4---4-|--------------------------------|--------------------------------|
G ----4-----4---4-----4-----4---4-|----3-----3---3-----3-----3---3-|----1-----1---1-----4-----4---4-|
D --4-----4---------4-----4-------|----4-----4---4-----4-----4---4-|----2-----2---2-----5-----5---5-|
A 2-----2-----2---2-----2-----2---|--4-----4---------4-----4-------|--2-----2---------5-----5-------|
E --------------------------------|2-----2-----2---2-----2-----2---|0-----0-----0---3-----3-----3---|


<span>B</span>

<span>B</span>                             <span>F#</span>/<span>E</span>
Sitting here, staring out the window
               <span>E</span>                      <span>G</span>      <span>B</span>
Traffic always makes me feel like I'm coming home
<span>B</span>                                      <span>F#</span>/<span>E</span>
Cold blood bleeding still at least I'm breathing
                  <span>E</span>                 <span>G</span>      <span>B</span>
Patiently waiting clinging on to my mobile phone


<span>G</span>                                  <span>B</span>
Cracked skull with a creepy mind inside
<span>G</span>                              <span>B</span>
I'm planning the greatest of escapes, you know
<span>G</span>                        <span>B</span>
Patiently waiting in the line
<span>G</span>
Soon I'm gonna stand up
<span>A</span>
Yeah, I'm gonna rear up and


<span>B</span>            <span>F#</span>/<span>E</span>         <span>E</span>   <span>G</span>   <span>B</span>
There's no escape. Lonely pla-net
<span>B</span>            <span>F#</span>/<span>E</span>         <span>E</span>   <span>G</span>   <span>B</span>
Oh, it's too late. Lonely pla-net


<span>B</span>                        <span>F#</span>/<span>E</span>
So la la la, la la la la la la
            <span>E</span>           <span>G</span>     <span>B</span>
La la la la la la la la la la la
<span>B</span>                                       <span>F#</span>/<span>E</span>
Cold blood bleeding, still at least I'm breathing
                  <span>E</span>              <span>G</span>       <span>B</span>
Patiently waiting soon I'm gonna take control


<span>G</span>                                  <span>B</span>
Cracked skull with a creepy mind inside
<span>G</span>                              <span>B</span>
I'm planning the greatest of escapes
<span>G</span>                        <span>B</span>
Patiently waiting in the line
<span>G</span>
Soon I'm gonna stand up
<span>A</span>
Yeah, I'm gonna rear up and


<span>B</span>            <span>F#</span>/<span>E</span>         <span>E</span>   <span>G</span>    <span>B</span>
There's no escape. Lonely pla-net
<span>B</span>            <span>F#</span>/<span>E</span>         <span>E</span>   <span>G</span>    <span>B</span>
Oh, it's too late. Lonely pla-net
