%%%% rating:None %%%%
%%%% artist:Turtles Tabs %%%%
%%%% url:http://tabs.ultimate-guitar.com/t/turtles/i_think_ill_run_away_ukulele_crd.htm %%%%
%%%% title:I Think Ill Run Away Ukulele Chords %%%%
%%%% comments:[] %%%%
%%%% difficulty:None %%%%
%%%% provider:ultimate-guitar %%%%
%%%% contributor:None %%%%
%%%% type:Ukulele %%%%
%%%% Tab:<i></i>-------------------------------------------------------------------------------
                             I THINK I'LL RUN AWAY - The Turtles
-------------------------------------------------------------------------------
Tabbed by: Jo
Email:BBBionic@googlemail.com

Tuning: EADGBE (standard)
Key: E major

CHORDS

<span>E</span>  <span>A</span>  <span>F#m</span>  <span>E</span>  
INSTRUMENTAL INTRO

[PAUSE]

<span>E</span> 
[BEFORE VOCALS COME IN]
                <span>A</span>
No wonder why I feel so bored
                   <span>F#m</span>
Each day's like the one before 
                 <span>E</span>
I think i'll run away... and 

<span>E</span>                      <span>A</span>
Climb higher than I've climbed before
                    <span>F#m</span>
Life should show me so much more
             <span>E</span>           <span>E7</span>
I think I'll run away


<span>F#m</span>              <span>B</span>
And you can come (and we'll be calm)
<span>F#m</span>              <span>B</span>
We'll run away (together - run)
<span>F#m</span>              <span>B</span>
Things wil be so (much better - run)
<span>F#m</span>              <span>B</span>
Live as we die      [pause]

fa-da-da-da-da-da fa-da-da-da-da-da

<span>E</span>                    <span>A</span>
High - high one some green hill we'll be
              <span>F#m</span>
Laughing at reality
           <span>E</span>        <span>E7</span>
Glad we ran away

INSTRUMENTAL SECTION
<span>F#m</span>   <span>B</span> <span>F#m</span>   <span>B</span>
<span>F#m</span>   <span>B</span> <span>F#m</span>   <span>B</span>   [pause]

fa-da-da-da-da-da fa-da-da-da-da-da

<span>E</span>                       <span>A</span>
Climb higher than we've climbed before
                    <span>F#m</span>
Life should show us so much more
                 <span>Em</span>                    <span>E</span>
I think I'll run away - think I'll run awa -
                  <span>E</span>                    <span>Em</span>
                - a -               -  ay -
                 <span>B</span>           <span>E</span>
 Think i'll i'll run away - oooh

My first tab.  Feel free to contact me with any corrections.

