%%%% rating:None %%%%
%%%% artist:Tush Tabs %%%%
%%%% url:http://tabs.ultimate-guitar.com/t/tush/acostumbrado_ukulele_crd.htm %%%%
%%%% title:Acostumbrado Ukulele Chords %%%%
%%%% comments:[] %%%%
%%%% difficulty:None %%%%
%%%% provider:ultimate-guitar %%%%
%%%% contributor:None %%%%
%%%% type:Ukulele %%%%
%%%% Tab:<i></i>Pues aki les dejo esta cancion que la verdad esta muy buena estos 
chavos tocan muy bn es un grupo nuevo que realmente se esta 
escuchando mucho la verdad esto lo saque yo y pues se no estoy 
seguro si esta bien pero ps ami me parecio que se escucha bien
espero y les guste para cualquier sugerencia o algun comentario 
mi correo es bone_punk_6_7@hotmail.com


Tuning: Standard



intro      Verse (Cesar) part1

e|--0--0--0--0-----0-----0-----|
B|--0--0--0--0-----0-----0-----|
G|--9--8--9--6-----6-----6-----|   (x2)
D|--9--9--9--7-----6-----7-----|
A|--7--7--7--7-----4-----7-----|
E|--x--x--x--5-----x-----5-----|



Verse (Carlos mario) part2

e|--0----0----0----0----0---0--|
B|--0----0----0----0----0---0--|
G|--6----2----6----2----2---4--|
D|--6----2----6----2----2---4--|
A|--4----0----4----0----0---2--|
E|--x----x----x----x----x---x--|



Chorus

e|--0----0----0----0----0----0----0----0--|
B|--0----0----0----0----0----0----0----0--|
G|--9----6----6----6----8----6----8----6--|
D|--9----7----6----7----9----7----9----7--|
A|--7----7----4----7----9----7----9----7--|
E|--x----5----x----5----7----5----7----5--|



solo

e|--0----0----0----0--|
B|--0----0----0----0--|
G|--9----6----6----6--|
D|--9----7----6----7--|
A|--7----7----4----7--|
E|--x----5----x----5--|



Verse (Cesar)

Como me encanta oir
ese juego de palabras
cuando aun estoy despierto
en el silencio aqui en la cama

sin colgar en el telefono
depronto nos amanece
siento tan rapido el tiempo
hasta la luna se desbanece

Verse(Carlos Mario)

como quiziera hoy tenerte a mi lado
y decirte lo mucho que te extraño
ho...
huo...

Chorus

y esque estoy acostumbrado en el silencio
a oir tu voz que me llega hasta los huesos
y en el calor en el tono mas intenso
desbordo el amor como quiziera que sintieras esto

Verse part 1

como deceo estar enseguida de tus risas
y sintiendo tus caricias todo el dia ahi estaria
por lo pronto esto me queda encontrar una manera
de verte entre mis brazos

Verse part 2

como quiziera hoy tenerte a mi lado
y decirte lo mucho que te extraño
ho...
huo...

Chorus

esque estoy acostumbrado en el silencio
a oir tu voz que me llega hasta los huesos
y en el calor en el tono mas intenso
desbordo el amor como quiziera que sintieras esto

(Solo)

Chorus

y esque estoy acostumbrado en el silencio
a oir tu voz que me llega hasta los huesos
y en el calor en el tono mas intenso
desbordo el amor como quiziera que sintieras esto


http://www.tush.com.mx/


           
