%%%% rating:None %%%%
%%%% artist:Smash Tabs %%%%
%%%% url:http://tabs.ultimate-guitar.com/s/smash/ada_cinta_crd.htm %%%%
%%%% title:Ada Cinta Chords %%%%
%%%% comments:[] %%%%
%%%% difficulty:None %%%%
%%%% provider:ultimate-guitar %%%%
%%%% contributor:
                                     %%%%
%%%% type:Chords %%%%
%%%% Tab:<i></i><span>C</span>                       <span>F</span>
Ada cinta yang kurasakan 
<span>Em</span>      <span>Am</span>     <span>Dm</span>             <span>G</span>
Saat bertatap dalam canda 
<span>C</span>                        <span>F</span>
Ada cinta yang kau getarkan 
<span>Em</span>      <span>Am</span>     <span>Dm</span>             <span>G</span>
Saat ku resah dalam harap 
<span>C</span>
Oh indahnya...

<span>C</span>       <span>F</span>      <span>G</span>            <span>C</span>
Pernah ku ragu akan sikapmu

<span>C</span>               <span>F</span>       <span>Em</span>     <span>Am</span> 
Tapi mengapa kini semuanya indah 

<span>Dm</span>       <span>G</span>
Oh resahnya...

<span>C</span>                       <span>F</span>
Ada cinta yang kurasakan 
<span>Em</span>      <span>Am</span>     <span>Dm</span>             <span>G</span>
Saat bertatap dalam canda 
<span>C</span>                        <span>F</span>
Ada cinta yang kau getarkan 
<span>Em</span>      <span>Am</span>     <span>Dm</span>             <span>G</span>
Saat ku resah dalam harap 

<span>C</span>
Oh indahnya...


<span>C</span>       <span>F</span>      <span>G</span>            <span>C</span>
Pernah ku malu pada hatiku
<span>C</span>               <span>F</span>       <span>Em</span>     <span>Am</span> 
Tapi mengapa kini seolah cinta 

<span>Dm</span>       <span>G</span>
Tlah ku genggam


<span>F</span>                       <span>Em</span>              <span>Am</span>
Tuhan ku ingin tahu semoga semua ini

<span>G#</span>                       <span>G</span> 
Bukan hanya rasa, rasaku saja
<span>A</span>               <span>B</span>
Rasaku sendiri...

<span>E</span>                        <span>A</span>
Ada cinta yang ku rasakan 
<span>G#m</span>      <span>C#m</span>           <span>F#m</span>    <span>B</span>
Saat bertatap dalam canda 
<span>E</span>                       <span>A</span>
Ada cinta yang kau getarkan
<span>G#m</span>     <span>C#m</span>    <span>F#m</span>            <span>B</span>
Saat ku resah dalam harap

        <span>E</span>
Oh indahnya...

source: http://youtu.be/q1HIbm7MSCo
just share this chords, hope ya'll like it! Thanks :D
