%%%% rating:None %%%%
%%%% artist:Tush Tabs %%%%
%%%% url:http://tabs.ultimate-guitar.com/tab/1586674 %%%%
%%%% title:Lo Mejor De Mí Chords %%%%
%%%% comments:[] %%%%
%%%% difficulty:None %%%%
%%%% provider:ultimate-guitar %%%%
%%%% contributor:None %%%%
%%%% type:Chords %%%%
%%%% Tab:<i></i>aqui les dejo una de las mejores canciones de este grupo
me falta un nota al final del coro pero ya usteds
ven como le hacen espero q les guste
esta cancion va dedicada para el amor de mi vida

<span>F</span>
 Fue un eterno despertar
<span>A#</span>
 abrir los ojos y ver que eras tu
<span>Gm</span>                                         <span>A#m</span>
 la luz que entraria por la ventana de mi corazon
<span>F</span>
 fue un eterno suspirar
<span>A#</span>
 sentir tus manos y saber que tu
<span>Gm</span>                                         <span>A#</span>
 te has convertido en mi unico mundo por que esta tu amor
<span>A#m</span>                           <span>Dm</span>                          <span>A#</span>
 si tu estas aqui ya no me importa lo que pueda haber de mas
<span>C</span>
 uuuuuuuuuuuuuuu


 CORO
<span>F</span>                <span>A#</span>
 como tu no hay nadie mas
         <span>Gm</span>                     <span>A#m</span>                     <span>A</span>
 tu has hecho que mi alma cante con las melodias de tu voz
                            <span>Dm</span>           <span>C</span>
 que se grabo en lo mas profundo de mi ser
             <span>A#</span>         <span>Gm</span>          <span>A#</span>               <span>C</span>
 y a tu corazon es a lo unico que quiero darle lo mejor de mi


<span>F</span>-<span>A#</span>-<span>Gm</span>-<span>A#m</span>

<span>F</span>
 incomparable es estar
<span>A#</span>
 entre tus brazos y saber que tu
<span>Gm</span>                                         <span>A#</span>
 me has regalado otra vida que brilla bajo un nuevo sol
<span>A#m</span>                           <span>Dm</span>                          <span>A#</span>
 si tu estas aqui ya no me importa lo que pueda haber de mas
<span>C</span>
 uuuuuuuuuuuuuuuu

 CORO
<span>F</span>                <span>A#</span>
 como tu no hay nadie mas
         <span>Gm</span>                     <span>A#m</span>                     <span>A</span>
 tu has hecho que mi alma cante con las melodias de tu voz
                            <span>Dm</span>           <span>C</span>
 que se grabo en lo mas profundo de mi ser
             <span>A#</span>         <span>Gm</span>          <span>A#</span>               <span>C</span>
 y a tu corazon es a lo unico que quiero darle lo mejor de mi


<span>F</span>-<span>A#</span>-<span>Gm</span>-<span>A#m</span>

<span>F</span>
 Fue un eterno despertar
<span>A#</span>
 abrir los ojos y ver que eras tu


cualquier cosa  me avisan a mi mail [marcoantonio20003@
