%%%% rating:None %%%%
%%%% artist:Turf Tabs %%%%
%%%% url:http://tabs.ultimate-guitar.com/t/turf/vago_tab.htm %%%%
%%%% title:Vago Tab %%%%
%%%% comments:[] %%%%
%%%% difficulty:None %%%%
%%%% provider:ultimate-guitar %%%%
%%%% contributor:None %%%%
%%%% type:Tabs %%%%
%%%% Tab:<i></i>Riff1 (Intro)

G#m
Por cesarea tuve que nacer
B                         C#(1)
porque ni fuerza quise hacer,
          G#m
ni fuerza para nacer.

G#m                       B
Soy la oveja negra del ganado,
                   C#(1)
yo ya naci desheredado,
                D#
igual, igual la sigo llevando.

E(1)                                  F#
Lo que pasa es que me estoy volviendo vago,
                  G#m
por lo menos algo hago, vago.

      E(1)                     F#
Me parece que me estoy acostumbrando
                 Riff2 (C#(1)) x2
a la vida del relajo.

Iba a construir una pared
pero en el medio me canse y pare.
yo nunca termino nada

porque siempre tengo que elegir,
mejor parar, mejor seguir,
mejor, estar un poco mareado.

Lo que pasa es que me estoy volviendo vago
por lo menos algo hago, vago.

Me parece que me estoy acostumbrando,
                   C#(1)
o aprendi a caer parado,

G#m  F#  C#(2) E(2)
vago,   vago,       vago,     vago.

E1 F#1 G#1 A#1

Algo se quema dentro de mi...

Riff2 x2

Riff3

E(1)                           F#
Me parece que me estoy acostumbrando
                 G#m
a la vida del relajo.
                   F#
Que se vayan al carajo,
                   C#(1)
no naci para el trabajo.
         D#   Riff4
Soy vago.

G#m  F#  C#(2) E(2)
vago,   vago,       vago,     vago.

Riff2 (G#m  F#  C#(2) E(2))
Algo se quema dentro de mi...


Riff1 (Intro)
e |--------------------|----------------------|--------------------|--------------------|
B |--------------------|----------------------|--------------------|--------------------|
G |--------------------|----------------------|--------------------|--------------------|
D |-4-6-4--------------|-4-6-4--------------6-|-4-6-4--------------|-4-6-4------------6-|
A |-------6--4-6-4-----|-------6--4-6-4-------|-------6--4-6-4-----|-------6--4-6-4-----|
E |----------------7-4-|----------------7-4---|----------------7-4-|----------------7---|


Riff2
e |--------------------|----------------------|
B |--------------------|----------------------|
G |--------------------|----------------------|
D |-4-6-4--------------|-4-6-4--------------6-|
A |-------6--4-6-4-----|-------6--4-6-4-------|
E |----------------7-4-|----------------7-4---|


Riff3
e |-----------------|------------------------|------------------------|
B |-----------------|------------------------|------------------------|
G |-----------------|------------------------|------------------------|
D |--11(1/2)-9h11h9-|----9-11-11(1/2)-9h11h9-|----9-11-11(1/2)-9h11h9-|
A |-----------------|-11---------------------|-11---------------------|
E |-----------------|------------------------|------------------------|

e |--------------|----------------|------------------------|------------------------|
B |--------------|----------------|------------------------|------------------------|
G |--------------|----------------|------------------------|------------------------|
D |----9-11-9----|-11(1/2)-9h11h9-|----9-11-11(1/2)-9h11h9-|----9-11-11(1/2)-9h11h9-|
A |-11--------11-|----------------|-11---------------------|-11---------------------|
E |--------------|----------------|------------------------|------------------------|

e |------------------------------------|
B |------------------------------------|
G |------------------------------------|
D |-----------------------------9--9-9-|
A |-----------9--9-9--11--11-11--------|
E |-11--11-11--------------------------|

Riff4
e |-------------------------|
B |------------------4(1/4)-|
G |---4-6(1/2)-6-4h6--------|
D |-6-----------------------|
A |-------------------------|
E |-------------------------|

Acordes

e |--4----2----4----6----2-----0----9-----12-----------------|
B |--4----4----6----8----2-----0----9-----12-----------------|
G |--4----4----6----8----3-----1----10----13-----------------|
D |--6----4----6----8----4-----2-----------------------------|
A |--6----2----4----6----4-----2-----------------------------|
E |--4----2----4----6----2-----0---------------0---2---4--6--|
    G#m   B  C#(1)  D#   F#   E(1) C#(2) E(2)  E1 F#1 G#1 A#1

