%%%% rating:r_5 %%%%
%%%% artist:Snsd Tabs %%%%
%%%% url:http://tabs.ultimate-guitar.com/s/snsd/indestructible_crd.htm %%%%
%%%% title:Indestructible Chords %%%%
%%%% comments:[] %%%%
%%%% difficulty:
                                    intermediate                                 %%%%
%%%% provider:ultimate-guitar %%%%
%%%% contributor:
                                     %%%%
%%%% type:Chords %%%%
%%%% Tab:<i></i>SNSD - Indestructible

If you want play the original chord, just click transpose Up twice.
THE SONG IS VERY NICE !!

Capo 2


Intro: <span>F#m</span> <span>E</span> <span>C#m</span> <span>Dmaj7</span>


              <span>Dmaj7</span>
[Tiffany] Hmm indestructible~
<span>F#m</span>  <span>E</span>
Indestructible
<span>C#m</span>  <span>Dmaj7</span>
Yeah yeah


::VERSE::
         <span>F#m</span>       <span>E</span>                 <span>C#m</span>        <span>Dmaj7</span>
[Seohyun] Hayai no ne tsukihi nagare the way we are
      <span>F#m</span>    <span>E</span>               <span>C#m</span>      <span>Dmaj7</span>
[Yuri] Omoi atte ita hazu ga itsukara ka
         <span>F#m</span>          <span>E</span>        <span>C#m</span>          <span>Dmaj7</span>
[Tiffany] Koron mugon subete o tomoni shita wa
       <span>F#m</span>       <span>E</span>          <span>C#m</span>         <span>Dmaj7</span>
[Yoona] Soredemo sono koe de hotto shiteru


::PRE-CHORUS::
              <span>D</span>   <span>E</span>    <span>F#m</span>
[Tiffany] How you like me?
             <span>C#m</span>     <span>F#m</span>
[Sooyoung] Atarashii kanjoron wa
          <span>D</span>    <span>E</span>  <span>F#m</span>
[Tiffany] It’s so hard
        <span>Bm</span>            <span>D</span>        <span>E</span>
[Sunny] Kantan ja nai kedo attakai


::CHORUS::
                <span>D</span>           <span>E</span>
[All] Kono indestructible unbreakable
         <span>C#m</span>          <span>F#m</span>         <span>D</span>
[Taeyeon] Kesshite koware nai kizuna
 <span>C#m</span>            <span>F#m</span>
Tamashi wa twin soul (twin soul)
          <span>A</span> <span>A7</span>   <span>D</span>
[Tiffany] Tatoe anata ga
  <span>E</span>       <span>C#m</span>        <span>F#m</span>           <span>D</span>
Gake kara ochi so ni natta toshite mo
            <span>A</span>          <span>E</span>
[Jessica] Sono te dake wa hanasa nai no


<span>F#m</span> <span>E</span>     <span>C#m</span>  <span>Dmaj7</span>
[Tiffany] Indestructible
                  <span>F#m</span>     <span>E</span> <span>C#m</span> <span>Dmaj7</span>
[Taeyeon] Mamorinuku kara


::VERSE::
        <span>F#m</span>         <span>E</span>             <span>C#m</span>          <span>Dmaj7</span>
[Sooyoung] Anata no okage kana zuibun i like myself
        <span>F#m</span>        <span>E</span>                <span>C#m</span>        <span>Dmaj7</span>
[Hyoyeon] Kirai na koto mo daibu ne hettari shite
     <span>F#m</span>              <span>E</span>               <span>C#m</span>    <span>Dmaj7</span>
[Yuri] Ai wo shiru to hito wa tsuyoku nareru tte
      <span>F#m</span>           <span>E</span>        <span>C#m</span>       <span>Dmaj7</span>
[Sunny] Toi mukashi papa ga itte ita koto


::PRE-CHORUS::
        <span>D</span>  <span>E</span>   <span>F#m</span>
[Yoona] Konsen chu?
               <span>C#m</span>        <span>F#m</span>
[Jessica] Omoi wa umaku todoku kana
        <span>D</span> <span>E</span> <span>F#m</span>
[Yoona] Dakedo
            <span>Bm</span>         <span>D</span>     <span>E</span>
[Taeyeon] Sunao ni ima tsutaetai


::CHORUS 2::
                 <span>D</span>            <span>E</span>
[All] Toki ni taisetsuna mono wa tada
            <span>C#m</span>          <span>F#m</span>        <span>D</span>
[Tiffany] Invisible meni mienai dakara
   <span>C#m</span>        <span>F#m</span>
Nando mo iwanakya (say to you)
          <span>A</span>   <span>A7</span>   <span>D</span>          <span>E</span> 
[Seohyun] Fureru koto naku chitte yuku
<span>C#m</span>          <span>F#m</span>     <span>D</span>
Shinjitsu ni furetakute
  <span>A</span>       <span>E</span>          <span>F#m</span>
Kono destiny arigato


::BRIDGE::
        <span>F#m</span>         <span>D</span>           <span>Esus4</span>  <span>E</span>
[Sooyoung] Fune o dasou fukisusabu (raising)
                           <span>A</span>
[Tiffany] Arashi no naka surrender
          <span>A7</span>             <span>F#m</span>
[Sunny] Kesshite yamenai
       <span>F#m</span>           <span>B</span>
[Seohyun] Tsuranaru omoi tsunaide
               <span>D</span>                      <span>E</span>
[Taeyeon] Mada never ever minai sekai e


::CHORUS 3:
                    <span>D</span>           <span>E</span>
[Jessica] Kono indestructible unbreakable
<span>C#m</span>         <span>F#m</span>        <span>D</span>
Kesshite koware nai kizuna
  <span>C#m</span>          <span>F#m</span>
Tashika na our soul
          <span>A</span> <span>A7</span>    <span>D</span>        <span>E</span>
[Tiffany] Tatoe darekaga watashi o
<span>C#m</span>      <span>F#m</span>         <span>D</span>
Kizutsukeyou toshite mo
            <span>A</span>          <span>E</span>
[Seohyun] Nani ga atte mo


::CHORUS 4::
                  <span>D</span>           <span>E</span>
[Jessica] Daijobu taisetsu na mono wa
            <span>C#m</span>          <span>F#m</span>        <span>D</span>
[Taeyeon] Invisible meni mienai dakara
   <span>C#m</span>          <span>F#m</span>
Nando mo ii tai no (ii tai no)
          <span>A</span>  <span>A7</span>   <span>D</span>
[Seohyun] Anata nashide wa
 <span>E</span>       <span>C#m</span>        <span>F#m</span>     <span>D</span>
Ima kono watashi wa nakatta yo
  <span>A</span>       <span>E</span>
Kono destiny


<span>F#m</span> <span>E</span>     <span>C#m</span>  <span>Dmaj7</span>
[Tiffany] Indestructible
               <span>F#m</span>      <span>E</span>
[Tiffany] Indestructible
<span>C#m</span>  <span>Dmaj7</span>
Indestructible~


