%%%% rating:r_5 %%%%
%%%% artist:Turin Brakes Tabs %%%%
%%%% url:http://tabs.ultimate-guitar.com/t/turin_brakes/fishing_for_a_dream_intro_tab.htm %%%%
%%%% title:Fishing For A Dream Intro Tab %%%%
%%%% comments:[u'<p class="mtop5">jolly good tab<br></p>', u'<p class="mtop5">I\'d say =]<br>good job!</p>'] %%%%
%%%% difficulty:None %%%%
%%%% provider:ultimate-guitar %%%%
%%%% contributor:
                                     %%%%
%%%% type:Tabs %%%%
%%%% Tab:<i></i>This represents my interpretation of the intro/chorus/part verse of this way cool song. 
is the first time I have submitted a tab so please get in touch and let me know what you 
Enjoy! Bohemiman.

Chords:
    hi--Lo
E---x546-|7x
D---x324-|5x
C---0102-|3x
D*--x7775x
C*--x5553x
Am--01220x
Am*-x5570x
G---x879xx]
D**-577xxx]Any inversion of these triads works well. I have only tabbed
G*--334xxx]these four to save time. How lazy?
D***232xxx]

e-----------------------0---------------------0--------------5--3--2----|
b--5-----5--3---3----1---1-----5----7-7----1--1-1---5--7--8--7--3--3----|
g------4--------2----0----0----5----7-7----2-----2--5--7--7--7--4--2----|
D----6--------4----------------5----7-7-------------5--7--9-------------|
A--7--------5------3---3-----3---3-5--5--0--0-------3--5----------------|
E-----------------------------------------------------------------------|
   E        D      C         C*    D*    Am         C* D* G  D**G* D***

e-------0------------/
b----1--1-1------1---/
g----2----2------0---/
D--------------------/
A--0--0------2-3-----/
E--------------------/

   Am          C
