%%%% rating:r_5 %%%%
%%%% artist:Turin Brakes Tabs %%%%
%%%% url:http://tabs.ultimate-guitar.com/t/turin_brakes/feeling_oblivion_ver2_tab.htm %%%%
%%%% title:Feeling Oblivion (ver 2) Tab %%%%
%%%% comments:[] %%%%
%%%% difficulty:None %%%%
%%%% provider:ultimate-guitar %%%%
%%%% contributor:None %%%%
%%%% type:Tabs %%%%
%%%% Tab:<i></i>==============================================================
                          TURIN BRAKES
                        FEELING OBLIVIAN
==============================================================

this is a printer friendly version! Nice!

Orignally tabbed by Christophe Girard (ch_girard@yahoo.fr)

modified by David Boston (bad_devotions@hotmail.com)

- Intro:
     G        Cadd9       Bmadd13-
E||--3--------3--------|--2----------------||
B||--3--------3--------|--3----------------||
G||--0--------0--------|--0----------------||
D||--0--------2--------|--0----------------||
A||--2--------3--------|--2----------------||
E||--3-----------------|-------------------||


_ Verses:
     G        Cadd9       Bmadd13- D/F#
E||--3--------3--------|--2--------2--------||
B||--3--------3--------|--3--------3--------||
G||--0--------0--------|--0--------2--------||
D||--0--------2--------|--0--------0--------||
A||--2--------3--------|--2-----------------||
E||--3-----------------|-----------2--------||


- Chorus:
     Am       C           G        D
E||--0--------0--------|--3--------2--------|
B||--1--------1--------|--3--------3--------|
G||--2--------0--------|--0--------2--------|
D||--2--------2--------|--0--------0--------|
A||--0--------3--------|--2-----------------|
E||--------------------|--3--------2--------|

     Am       C           G        Aadd11/F#
E||--0--------0--------|--3--------0--------||
B||--1--------1--------|--3--------2--------||
G||--2--------0--------|--0--------2--------||
D||--2--------2--------|--0--------0--------||
A||--0--------3--------|--2-----------------||
E||--------------------|--3--------2--------||






-------------------------------------------------------------------
                                                            Page .1

VERSE.1

G
Cubscouts are screaming,

Cadd9                  Bmadd13              D
Needing icescreaming & all the pleasures of June

G
I?m in a parked car.

Cadd9                   Bmadd13                  D
Flowers seem friendly & people in hall ways feel walls.

G                    Cadd9                 Bmadd13          D
Now it is night time maybe we?re cruising avoiding the anti-cruise.

G                      Cadd9        Bmadd13       D
Oh I don?t really know whe----re we ar--e.


** CHORUS

              Am
If things get real,

           C                  G     D
promise to take me some-where el---se,

       Am
By the time fear takes me

C                     G      Aadd11/F#
over will we still be ro--ll-ing     & feeling oblivion.


VERSE.2

G                   Cadd9                   Bmadd13                   D
Once in a while the lie in the laughter can burn through a hole in my ears,

G                       Cadd9                  Bmadd13               D
Like a man with glasses catching a sunbeam and burning the skin of a kid.

G                     Cadd9                    Bmadd13    D
Hypereal fragments disturbing the stagnants of almi--ghty fear.

G                           Cadd9    Bmadd13       D
Well I?ll just go under the wa-------ter.

** Back to CHORUS

MIDDLE 8

G                 Cadd9   Bmadd13          D
So don?t leave me he------re on my own.

G                 Cadd9   Bmadd13          D
So don?t leave me he------re on my own.

** Back to CHORUS

FINISH ON G

-------------------------------------------------------------------
                                                            Page .2
