%%%% rating:r_5 %%%%
%%%% artist:Snsd Taitiseo Tabs %%%%
%%%% url:http://tabs.ultimate-guitar.com/s/snsd_taitiseo/adrenaline_crd.htm %%%%
%%%% title:Adrenaline Chords %%%%
%%%% comments:[] %%%%
%%%% difficulty:
                                    novice                                 %%%%
%%%% provider:ultimate-guitar %%%%
%%%% contributor:
                                     %%%%
%%%% type:Chords %%%%
%%%% Tab:<i></i>Taitiseo - Adrenaline


Intro: <span>Em</span>


::VERSE::
<span>Em</span>
  Ireon neukkimeun mwoya naman moreuneun geoya

  Gamchwodun neoui geu beullaekhol tto saeroun segyega nal bangyeo
<span>Em</span>
  Igeon simjangui jangnan cupidra bullineun hwangak

  Yeongwonhadaneun geon eopdaedo ne nunbichi nareul tto heundeureonwa


::PRE-CHORUS::
           <span>Em</span>
(Nae nuni) neoman bwa ppanhi
           <span>D</span>
(Nae sumi) gappawa ppalli
           <span>Am</span>
(Nae momi) nae maeumgwa dalli
<span>C</span>                  <span>D</span>
Ppajyeodeureo nege ppajyeodeureo


::CHORUS::
             <span>E</span>
Teukbyeolhan neon my adrenaline
   <span>D</span>                             <span>A</span>
Oh sweet! Nal kkeureodanggyeo oh wait! Neoman chaja danyeo
<span>C</span>                  <span>D</span>
Ppajyeodeureo nege ppajyeodeureo
         <span>E</span>
Sinbihan neon my adrenaline
   <span>D</span>                           <span>A</span>
So good! Meomchul su eobseo so cool! Nege jungdokdwaesseo
<span>C</span>                  <span>D</span>
Ppajyeodeureo nege ppajyeodeureo

           <span>Em</span>
Adrenaline a adrenaline a adrenaline a


::VERSE::
<span>Em</span>
  Neoneun imi nae bangyeong nuneun imi mangwongyeong

  Dareun aedeureun siya bakk neoman jeomjeom deo keojyeoga
<span>Em</span>
  Machi nyuteunui apple sangdaeseong ironui secret

  Jeomjeom nareul kkeureodanggyeo neol dulleossan sesangi hwieojyeo


::PRE-CHORUS::
           <span>Em</span>
(Nae nuni) neoman bwa ppanhi
           <span>D</span>
(Nae sumi) gappawa ppalli
           <span>Am</span>
(Nae momi) nae maeumgwa dalli
<span>C</span>                  <span>D</span>
Ppajyeodeureo nege ppajyeodeureo
           <span>Em</span>
(Nae nuni) neoman bwa ppanhi
           <span>D</span>
(Nae sumi) gappawa ppalli
           <span>Am</span>
(Nae momi) nae maeumgwa dalli
<span>C</span>                  <span>D</span>
Ppajyeodeureo nege ppajyeodeureo


::CHORUS::
             <span>E</span>
Teukbyeolhan neon my adrenaline
   <span>D</span>                             <span>A</span>
Oh sweet! Nal kkeureodanggyeo oh wait! Neoman chaja danyeo
<span>C</span>                  <span>D</span>
Ppajyeodeureo nege ppajyeodeureo
         <span>E</span>
Sinbihan neon my adrenaline
   <span>D</span>                           <span>A</span>
So good! Meomchul su eobseo so cool! Nege jungdokdwaesseo
<span>C</span>                  <span>D</span>
Ppajyeodeureo nege ppajyeodeureo


::BRIDGE::
    <span>Em</span>
Nan neoreul wonhae (nan sokgo inneun geol)
<span>D</span>
Byeonchi anha (oh no) neomu ppeonhan geol
<span>Am</span>                        <span>C</span>          <span>D</span>
Nae mami idaero kkeutnaljido nun tteumyeon dangjang naeiriljido
<span>Em</span>                             <span>D</span>
Neoneun (naega mandeureo naen) hwansangil ppun
                   <span>Am</span>                           <span>C</span>       <span>D</span>
Jigeum i sunganeun neoppuniya bamimyeon sarajil taeyangiya

 <span>E</span>
(You give me that adrenaline) ADRENALINE A
 <span>D</span>
(You make me feel I’m gonna win) ADRENALINE A
 <span>A</span>
(You make it real, let’s go again) ADRENALINE A
 <span>C</span>           <span>D</span>
(Adrenaline, Adrenaline)
 <span>E</span>
(You give me that adrenaline) ADRENALINE A
 <span>D</span>
(You make me feel I’m gonna win) ADRENALINE A
 <span>A</span>
(You make it real, let’s go again) ADRENALINE A
 <span>C</span>           <span>D</span>
(Adrenaline, Adrenaline)


::CHORUS::
             <span>E</span>
Teukbyeolhan neon my adrenaline
   <span>D</span>                             <span>A</span>
Oh sweet! Nal kkeureodanggyeo oh wait! Neoman chaja danyeo
<span>C</span>                  <span>D</span>
Ppajyeodeureo nege ppajyeodeureo
         <span>E</span>
Sinbihan neon my adrenaline
   <span>D</span>                           <span>A</span>
So good! Meomchul su eobseo so cool! Nege jungdokdwaesseo
<span>C</span>                  <span>D</span>
Ppajyeodeureo nege ppajyeodeureo
             <span>E</span>
Teukbyeolhan neon my adrenaline
   <span>D</span>                             <span>A</span>
Oh sweet! Nal kkeureodanggyeo oh wait! Neoman chaja danyeo
<span>C</span>                  <span>D</span>
Ppajyeodeureo nege ppajyeodeureo
         <span>E</span>
Sinbihan neon my adrenaline
   <span>D</span>                           <span>A</span>
So good! Meomchul su eobseo so cool! Nege jungdokdwaesseo
<span>C</span>                  <span>D</span>
Ppajyeodeureo nege ppajyeodeureo


Outro: Em
