%%%% rating:r_4 %%%%
%%%% artist:Smithereens Tabs %%%%
%%%% url:http://tabs.ultimate-guitar.com/s/smithereens/blues_before_and_after_tab.htm %%%%
%%%% title:Blues Before And After Tab %%%%
%%%% comments:[] %%%%
%%%% difficulty:None %%%%
%%%% provider:ultimate-guitar %%%%
%%%% contributor:
                                     %%%%
%%%% type:Tabs %%%%
%%%% Tab:<i></i>Alright this is the song to my interpretaion and it sounds pretty close, so here is 
Before and after:

Standard Tuning: EADgbe

e------------------------------------------------------------|
b------------------------------------------------------------|
g------------------------------------------------------------|
D------------------------------------------------------------|
A--5-5-3-55-8-1010-88-55-------------------------------------|
E--3-3-1-33-6-8-8--66-33-------------------------------------|

Play that 3 times then this:

Verse:

e------------------------------------------------------------|
b------------------------------------------------------------|
g------------------------------------------------------------|
D------------------------------------------------------------|
A--8888-5555-10101010-5555-8888-10101010-55555555------------|
E--6666-3333-8-8-8-8--3333-6666-8-8-8-8--33333333------------|

Play that twice then the chorus:

e------------------------------------------------------------|
b------------------------------------------------------------|
g------------------------------------------------------------|
D------------------------------------------------------------|  4x
A--8888-10101010-55555555------------------------------------|
E--6666-8-8-8-8--33333333------------------------------------|

Verse 2: Play twice
Chorus: Four times

Then the Bridge:

e------------------------------------------------------------|
b------------------------------------------------------------|
g------------------------------------------------------------|
D------------------------------------------------------------|
A--10--5--8--10--5--8--10--5--8--8--3--5---------------------|
E--8---3--6--8---3--6--8---3--6--6--1--3---------------------|

During the solo play the first part of the verses, but when solo pauses play intro.

Verse: 3x
Chorus: whenever you get tired

If you have any questions what-so-ever contact me at either:

OmegaG0D@yahoo.com or Killtheceaseless@yahoo.com

that's all for now!
