%%%% rating:None %%%%
%%%% artist:Turquoise Splash Tabs %%%%
%%%% url:http://tabs.ultimate-guitar.com/t/turquoise_splash/the_twilight_will_rise_crd.htm %%%%
%%%% title:The Twilight Will Rise Chords %%%%
%%%% comments:[] %%%%
%%%% difficulty:
                                    intermediate                                 %%%%
%%%% provider:ultimate-guitar %%%%
%%%% contributor:
                                     %%%%
%%%% type:Chords %%%%
%%%% Tab:<i></i>Here are the chords for The Twilight Will Rise ft. Megaphoric and Joaftheloaf
You can play the whole song by just playing the chords, but if you want to play 
fingerpicking part as well I tabbed it four you.
And hit up my YouTube channel for more ponies! 
http://www.youtube.com/channel/UCI-6zOOhTwEgf7l0RghrCrA
Good luck. :3

<span>E</span>            <span>B</span>         <span>C#m</span>       <span>B</span>          <span>A</span>         <span>B</span>
<span>E</span>            <span>B</span>         <span>C#m</span>       <span>B</span>          <span>A</span>         <span>B</span>

tab
E --------------------------------------
B --------------------------------------
G -------9--------9--------9---------9--
D -----9---9----9---9----9---9-----9---9
A ---7--------6------------------0------
E ---------------------7----------------

<span>E</span>              <span>B</span>       <span>A</span>
I don’t know how I can find
   <span>C#m</span>          <span>B</span>          <span>A</span>
The strength for what I’ve been assigned
  <span>E</span>                <span>B</span>       <span>A</span>
My confidence has faded away
   <span>C#m</span>          <span>B</span>       <span>A</span>
Like dusk chased by the ending day

     <span>E</span>                 <span>B</span>           <span>A</span>
I’m caught between the day and the night
    <span>C#m</span>      <span>B</span>        <span>A</span>
Overshadowed by their blinding light
    <span>E</span>       <span>B</span>                <span>A</span>
The sun and moon; a dazzling pair
<span>C#m</span>                <span>B</span>       <span>A</span>
How could one like me ever hope to compare?
     <span>B</span>
But a voice within me says:

           <span>E</span>
“I will be brave
           <span>A</span>
I will be strong
              <span>C#m</span>        <span>B</span>           <span>A</span>
Despite those around who tell me I’m wrong
          <span>E</span>
I’ll make mistakes
                  <span>A</span>
I’ll take them in stride
         <span>C#m</span>           <span>B</span>          <span>A</span>
For I am here and I’ve nothing to hide
                  <span>C#m</span>    <span>A</span>
The twilight will rise
                   <span>B</span>    <span>E</span>
The Twilight will rise”

<span>E</span>            <span>B</span>         <span>C#m</span>       <span>B</span>          <span>A</span>         <span>B</span>
<span>E</span>            <span>B</span>         <span>C#m</span>       <span>B</span>          <span>A</span>         <span>B</span>

E --------------------------------------
B --------------------------------------
G -------9--------9--------9---------9--
D -----9---9----9---9----9---9-----9---9
A ---7--------6------------------0------
E ---------------------7----------------

     <span>E</span>               <span>B</span>        <span>A</span>
I’ve done so much to get this far
       <span>C#m</span>     <span>B</span>              <span>A</span>
Crossed every bridge, chased every star
     <span>E</span>                <span>B</span>        <span>A</span>
I’ve brought together dark and light
<span>C#m</span>            <span>B</span>        <span>A</span>     
I’ve witnessed love and all its might

      <span>E</span>            <span>B</span>        <span>A</span>
Still some believe I do not have
   <span>C#m</span>         <span>B</span>         <span>A</span>
The strength it takes to rise and stand
<span>E</span>                  <span>B</span>       <span>A</span>
Above the rest and take my place
<span>C#m</span>            <span>B</span>           <span>A</span>
To protect and serve those of my race
     <span>B</span>
But a voice within me says:

           <span>E</span>
“I will be brave
           <span>A</span>
I will be strong
              <span>C#m</span>        <span>B</span>           <span>A</span>
Despite those around who tell me I’m wrong
          <span>E</span>
I’ll make mistakes
                  <span>A</span>
I’ll take them in stride
         <span>C#m</span>           <span>B</span>          <span>A</span>
For I am here and I’ve nothing to hide
                   <span>C#m</span>    <span>A</span>
The twilight will rise
                   <span>B</span>    <span>E</span>
The Twilight will rise”

<span>E</span>    <span>A</span>     <span>E</span>     <span>B</span>
<span>E</span>       <span>D#m</span>      <span>C#m</span>      <span>B</span>    <span>A</span>   <span>B</span>
<span>E</span>       <span>D#m</span>      <span>C#m</span>      <span>B</span>    <span>A</span>   <span>B</span>    <span>E</span>

E -----------------------------------------------------------------------------------------
A -----------------------------------------------------------------------------------------
D ----------9--------9---------9-----------9------------9-------------9--------------------
G --------9---9----9---9-----9---9-------9---9--------9---9---------9---9------------------
B -----7---------6---------------------6------------7-------------6--------------0---------
E -------------------------7---------------------------------------------------------------
          <span>E</span>
I will be brave
          <span>A</span>
I will be strong
              <span>C#m</span>      <span>B</span>               <span>A</span>
And when they detest I will cry out in song
          <span>E</span>
I’ll make mistakes
                  <span>A</span>
I’ll take them in stride
             <span>C#m</span>           <span>B</span>          <span>A</span>
All of these doubts, I will cast them aside

           <span>E</span>
I will not bend
           <span>A</span>
I will not break
          <span>C#m</span>             <span>B</span>           <span>A</span>
I must be strong now, for my kingdom’s sake
                  <span>E</span>
With help from my friends
          <span>A</span>
Evil will hide
           <span>C#m</span>            <span>B</span>                <span>A</span>
And I will stretch out my wings, touch the sky
                   <span>C#m</span>    <span>A</span>
The twilight will rise
                   <span>B</span>    <span>E</span>
The Twilight will rise”

E -------------------------------------------------------------------------------------
A -------------------------------------------------------------------------------------
D ----------9---------9---------9----------9--------9-----------9-----------9----------
G --------9---9-----9---9-----9---9------9---9----9---9-------9---9---------9----------
B -----7---------6---------0----------0-------------------------------------7----------
E ----------------------------------------------7----------7---------------------------
