%%%% rating:None %%%%
%%%% artist:Tush Tabs %%%%
%%%% url:http://tabs.ultimate-guitar.com/t/tush/acostumbrado_ver2_crd.htm %%%%
%%%% title:Acostumbrado (ver 2) Chords %%%%
%%%% comments:[] %%%%
%%%% difficulty:None %%%%
%%%% provider:ultimate-guitar %%%%
%%%% contributor:
                                     %%%%
%%%% type:Chords %%%%
%%%% Tab:<i></i>Sin palabras !!! 

<span>D#</span>                <span>G#</span>
  Cómo me encanta oír
               <span>Cm7</span>
ese juego de palabras
                     <span>G#</span>                                <span>D#</span>
cuando aún estoy despierto en el silencio aquí en la cama.


<span>D#</span>                    <span>G#</span>
  Sin colgar en el teléfono
                 <span>Cm7</span>
de pronto nos amanece
                      <span>G#</span>
siento tan rápido el tiempo
                      <span>Cm</span>
hasta la luna se desvanece.


<span>Cm7</span>                    <span>D#</span>           <span>G#</span>
  ¡Cómo quisiera hoy tenerte a mi lado!
<span>Cm7</span>            <span>D#</span>              <span>G#</span>
  y decirte lo mucho que te extraño...
 <span>G#</span>
uoh...


            <span>D#</span>
Y es que estoy
                      <span>G#</span>
acostumbrado en el silencio
         <span>Cm7</span>
a oír tu voz
                          <span>G#</span>
que me llega hasta los huesos
          <span>Cm7</span>
y en el calor
                    <span>G#</span>
en el tono más intenso
             <span>Cm7</span>
desbordó el amor
                             <span>G#</span>
¡cómo quisiera que sintieras esto!


G# (aki se rasgea ese tono)


<span>D#</span>           <span>G#</span>
  Cómo deseo estar
                 <span>Cm7</span>
enseguida de tus risas
                  <span>G#</span>
y sintiendo tus caricias todo el día
          <span>D#</span>
ahí estaría.


<span>D#</span>                      <span>G#</span>
  Por lo pronto esto me queda
                <span>Cm7</span>                      <span>G#</span>
encontrar una manera de verte entre mis brazos



<span>Cm7</span>                    <span>D#</span>           <span>G#</span>
  ¡Cómo quisiera hoy tenerte a mi lado!
<span>Cm7</span>            <span>D#</span>              <span>G#</span>
  y decirte lo mucho que te extraño...
 <span>G#</span>
uoh...


            <span>D#</span>
Y es que estoy
                      <span>G#</span>
acostumbrado en el silencio
         <span>Cm7</span>
a oír tu voz
                          <span>G#</span>
que me llega hasta los huesos
          <span>Cm7</span>
y en el calor
                    <span>G#</span>
en el tono más intenso
             <span>Cm7</span>
desbordó el amor
                             <span>G#</span>
¡cómo quisiera que sintieras esto!

uh...


D# - G# - D# - G#                  (aki se para en el ultimo G#)


Y es que estoy
                         G#        (y entra aki kn el G#)
acostumbrado en el silencio
         <span>Cm7</span>
a oír tu voz
                          <span>G#</span>
que me llega hasta los huesos
          <span>Cm7</span>
y en el calor
                    <span>G#</span>
en el tono más intenso
             <span>Cm7</span>
desbordó el amor
                             <span>G#</span>
¡cómo quisiera que sintieras esto!

uh...
   <span>D#</span>
yeh...

