%%%% rating:None %%%%
%%%% artist:Turf Tabs %%%%
%%%% url:http://tabs.ultimate-guitar.com/t/turf/vil_metal_crd.htm %%%%
%%%% title:Vil Metal Chords %%%%
%%%% comments:[] %%%%
%%%% difficulty:None %%%%
%%%% provider:ultimate-guitar %%%%
%%%% contributor:None %%%%
%%%% type:Chords %%%%
%%%% Tab:<i></i>VIL METAL

Intro
riff (usar en otras partes de la cancion)
1-----------------------
2-----------------------
3-----------------------
4------2 1 0 -----------
5-0 0 3------3 2 0---0 3
6------------------3----


<span>A</span>
El horizonte se reclina hacia acá

El horizonte se reclina hacia acá
<span>D</span>
Ese es tu apodo o es tu nombre?
<span>F</span>
Ese es tu apodo o es tu nombre?

<span>A#</span>                                <span>G#</span>-<span>A</span>-LA#
Si somos opuestos somos números puestos

ese paraíso es el pretexto perfecto

<span>A</span>
Si el ave de presa sigue presa, a volar

Si el ave de presa sigue presa, a volar
<span>D</span>
Ese es tu apodo o es tu nombre?
<span>F</span>
Ese es tu apodo o es tu nombre?

<span>A#</span>                                   <span>G#</span>-<span>A</span>-LA#
Si es un accidente es la moneda corriente

si es un atentado voy a estar preparado

<span>A</span>  <span>C</span>  <span>D</span>                 (<span>G</span>)la
Oh, Oh, Oh, bienvenidos sean al paraíso
<span>A</span>  <span>C</span>  <span>D</span>                (<span>G</span>) <span>A</span>
Ah, Ah, Ah, todos luchando por el vil metal

<span>A</span>
La carretera se acelera hacia atrás.

La carretera se acelera hacia atrás.
<span>A</span>
Si el ave de presa sigue presa, a volar

Si el ave de presa sigue presa, a volar
<span>D</span>
Ese es tu apodo o es tu nombre?
<span>F</span>
Ese es tu apodo o es tu nombre?
<span>A#</span>                                <span>G#</span>-<span>A</span>-LA#
Si somos opuestos somos números puestos

ese paraíso es el pretexto perfecto


<span>A</span> <span>G#</span> <span>G</span> SOL# <span>A#</span> x 4

<span>A</span> <span>C</span> <span>D</span>
oh oh oh bienvenidos sean al.......


Tema dedicado al azar a Achi.
chino_academia@
