%%%% rating:r_5 %%%%
%%%% artist:Turnover Tabs %%%%
%%%% url:http://tabs.ultimate-guitar.com/t/turnover/flicker_and_fade_tab.htm %%%%
%%%% title:Flicker And Fade Tab %%%%
%%%% comments:[u'<p class="mtop5">thank you!</p>'] %%%%
%%%% difficulty:None %%%%
%%%% provider:ultimate-guitar %%%%
%%%% contributor:
                                     %%%%
%%%% type:Tabs %%%%
%%%% Tab:<i></i>-----------------------------------------------------------------------------
                             FLICKER AND FADE - Turnover
-----------------------------------------------------------------------------
Tuning: Standard

It's pretty simple. I was going to use a chord chart, but I'm not really sure about the 
names for these chords so I'll just do a short tab.

Verse:
e|-0---0---0-0-0-0-0---0---0-0-0-0-0---0---0-0-0-0-0----0---0-0-0-0---|
B|-9---9---9-9-9-9-5---5---5-5-5-5-2---2---2-2-2-2-2----2---2-2-2-2---|
G|-9---9---9-9-9-9-6---6---6-6-6-6-2---2---2-2-2-2-2----2---2-2-2-2---|
D|-7---7---7-7-7-7-0---0---0-0-0-0-0---0---0-0-0-0-0----0---0-0-0-0---|
A|-7---7---7-7-7-7-0---0---0-0-0-0-0---0---0-0-0-0-0----0---0-0-0-0---|
E|--------------------------------------------------------------------|

Chorus:
e|-0---0---0-0-0-0-0---0---0-0-0-0-0---0---0-0-0-0-0---0---0-0-0-0---|
B|-2---2---2-2-2-2-2---2---2-2-2-2-2---2---2-2-2-2-2---2---2-2-2-2---|
G|-2---2---2-2-2-2-2---2---2-2-2-2-2---2---2-2-2-2-2---2---2-2-2-2---|
D|-0---0---0-0-0-0-0---0---0-0-0-0-0---0---0-0-0-0-0---0---0-0-0-0---|
A|-0---0---0-0-0-0-0---0---0-0-0-0-2---2---2-2-2-2-2---2---2-2-2-2---|
E|-------------------------------------------------------------------|

Outro: (over chorus chords)
e|-------------------------------------|--|-----------------------------|
B|-----10-------10-------12-------12---|--|-----10-------10---12--------|
G|-9-9----9-9-9----9-9-9----9-9-9----9-|x3|-9-9----9-9-9----9-----------|
D|-------------------------------------|--|-----------------------------|
A|-------------------------------------|--|-----------------------------|
E|-------------------------------------|--|-----------------------------|
