%%%% rating:r_5 %%%%
%%%% artist:Turtles Tabs %%%%
%%%% url:http://tabs.ultimate-guitar.com/t/turtles/your_ma_said_you_cried_crd.htm %%%%
%%%% title:Your Ma Said You Cried Chords %%%%
%%%% comments:[] %%%%
%%%% difficulty:None %%%%
%%%% provider:ultimate-guitar %%%%
%%%% contributor:
                                     %%%%
%%%% type:Chords %%%%
%%%% Tab:<i></i>Your Ma Said You Cried:The Turtles.
Flip Side of Let Me Be..#29 on BB Hot 100
on WHITE WHALE Records in 1965.

INTRO:
<span>G</span>          <span>C</span>   <span>G</span>           <span>A#</span>  <span>G</span>
Baba ba ba ba..ba ba ba ba ba.. 
<span>G</span>          <span>C</span>   <span>G</span>           <span>A#</span>  <span>G</span>
Baba ba ba ba..ba ba ba ba ba..

#1.
<span>G</span>
Your Ma said you cried in your sleep last night.
<span>G</span>        <span>C</span>     <span>G</span>           <span>A#</span>  <span>G</span>
Baba ba ba ba..ba ba ba ba ba..
<span>G</span>
Your Ma said you cried in your sleep last night.
<span>G</span>          <span>C</span>   <span>G</span>           <span>A#</span>  <span>G</span>
Baba ba ba ba..ba ba ba ba ba..
<span>G</span>
You should've seen that look in her eyes..
<span>G</span>          <span>C</span>   <span>G</span>           <span>A#</span>  <span>G</span>
Baba ba ba ba..ba ba ba ba ba..
<span>G</span>
I had to tell her some little white lies.
<span>G</span>          <span>C</span>   <span>G</span>           <span>A#</span>  <span>G</span>
Baba ba ba ba..ba ba ba ba ba..
<span>G</span>          <span>C</span>   <span>G</span>           <span>A#</span>  <span>G</span>
Baba ba ba ba..ba ba ba ba ba..

#2.
<span>G</span>
I know I haven't been so true to you.
<span>G</span>          <span>C</span>   <span>G</span>           <span>A#</span>  <span>G</span>
Baba ba ba ba..ba ba ba ba ba..
<span>G</span>
I know I havn't been so true to you.
<span>G</span>          <span>C</span>   <span>G</span>           <span>A#</span>  <span>G</span>
Baba ba ba ba..ba ba ba ba ba..
<span>G</span>
Dont't ya cry, don't ya cry, don't ya cry no more. 
<span>G</span>          <span>C</span>   <span>G</span>           <span>A#</span>  <span>G</span>
Baba ba ba ba..ba ba ba ba ba..
<span>G</span>
Ain't gonna be the way it was before.
<span>G</span>          <span>C</span>   <span>G</span>           <span>A#</span>  <span>G</span>
Baba ba ba ba..ba ba ba ba ba..
<span>G</span>          <span>C</span>   <span>G</span>           <span>A#</span>  <span>G</span>
Baba ba ba ba..ba ba ba ba ba..

#3.
<span>G</span>
Oooo, I love you...ooo, I love you..
<span>G</span>          <span>C</span>   <span>G</span>           <span>A#</span>  <span>G</span>
Baba ba ba ba..ba ba ba ba ba..
<span>G</span>
Oooo, I love you...ooo, I love you..
<span>G</span>          <span>C</span>   <span>G</span>           <span>A#</span>  <span>G</span>
Baba ba ba ba..ba ba ba ba ba..
<span>G</span>
let me kiss you, let me hold you tight.
<span>G</span>          <span>C</span>   <span>G</span>           <span>A#</span>  <span>G</span>
Baba ba ba ba..ba ba ba ba ba..
<span>G</span>
Oooo, I love you...ooo, I love you..
<span>G</span>          <span>C</span>   <span>G</span>           <span>A#</span>  <span>G</span>
Baba ba ba ba..ba ba ba ba ba..

#4.
<span>G</span>
Ooooo, I love you..oooo, I love you 

so much that..
<span>G</span>
my Ma said I cried..

my Ma said I cried..
<span>G</span>
my Ma said I cried in my sleep last night.

OUTRO:
<span>G</span>
Yeah..dont't ya cry no more. 
<span>G</span>          <span>C</span>   <span>G</span>           <span>A#</span>  <span>G</span>
Baba ba ba ba..ba ba ba ba ba..
<span>G</span>          <span>C</span>   <span>G</span>           <span>A#</span>   <span>G</span>
Baba ba ba ba..ba ba ba ba ba..
<span>G</span>
Nooo..ain't gonna be the way it was before..
yeah, yeah, yeah..(End.)


A sixties smash from Kraziekhat.


