%%%% rating:r_5 %%%%
%%%% artist:Tuure Kilpelainen Tabs %%%%
%%%% url:http://tabs.ultimate-guitar.com/t/tuure_kilpelainen/valon_pisaroita_crd.htm %%%%
%%%% title:Valon Pisaroita Chords %%%%
%%%% comments:[] %%%%
%%%% difficulty:None %%%%
%%%% provider:ultimate-guitar %%%%
%%%% contributor:
                                     %%%%
%%%% type:Chords %%%%
%%%% Tab:<i></i>Tuure Kilpelainen – Valon Pisaroita
By Mteh

intro
<span>Cm</span> <span>Ab</span> <span>Bb</span> <span>Ab</span> <span>Bb</span> <span>Ab</span> <span>Bb</span> <span>Cm</span>

(1)
   <span>Bb</span>
En etsi valtaa loistoa,
   <span>Eb</span>
En kaipaa kultaakaan.
<span>G7</span>
Laulaa mummo pysakilla, 
   <span>Cm</span>
Ja kaipaa kuolemaa.
   <span>Ab</span>
Ma kaipaan bussin valoja, 
     <span>Fm6</span>
Kuin kuuta nousevaa.
     <span>G7</span>                  <span>Cm</span>
Olen etsimassa valon pisaroita.
<span>Bb</span>
Tytto istuu latakossa, 
<span>Eb</span>
Hiekkaa hiuksissaan.
   <span>G7</span>
Se hakkaa muovilapiolla
<span>Cm</span>
Suurta maailmaa.
<span>Ab</span>
Ala tule paha kakku, 
<span>Fm6</span>
Ala tulee vaan.
<span>G7</span>                    <span>Cm</span>
Anna meille valon pisaroita.


(Chorus 1)
<span>G7</span>        <span>Cm</span>
Valon pisaroita, 
<span>Bb</span>         <span>Eb</span>
Vasten pimeaa.
<span>Bb</span>         <span>Cm</span>
Meille putoaa, 
<span>Gm7</span>       <span>Ab</span>
Valon pisaroita.
<span>G7</span>        <span>Cm</span>
Valon pisaroita, 
    <span>Bb</span>        <span>Eb</span>
Kun toivo haviaa.
<span>Bb</span>         <span>Cm</span>
Meille putoaa, 
<span>Gm7</span>       <span>Ab</span>       <span>Bb</span>    <span>Ab</span>  
Valon pisaroita.
<span>Bb</span>         <span>Ab</span>
Meille putoaa, 
<span>Bb</span>        <span>Cm</span>
Valon pisaroita.

(2)
     <span>Bb</span>
Mies tanssii poydan paalla, 
    <span>Eb</span>
Ylistaen elamaa.
      <span>G7</span>
Silla vaanii kadunkulmassa
   <span>Cm</span>
Jo horisontin paa.
<span>Ab</span>
Yhdet viela tarjoilija, 
<span>Fm6</span>
Sitten lahdetaan.
<span>G7</span>                       <span>Cm</span>
Tuokaa poytaan valon pisaroita.
   <span>Bb</span>
Ja rakkaus ei katoa,
   <span>Eb</span> 
Se muuttaa muotoaan.
       <span>G7</span>
Kai se ilmestyy kun hiotaan
   <span>Cm</span>
Ja seinat maalataan.
<span>Ab</span>
Niin kuin nakymaton mies, 
   <span>Fm6</span>
Se jostain aivastaa.
<span>G7</span>                   <span>Cm</span>
Kadonneita valon pisaroita.

(Chorus 2)
<span>G7</span>        <span>Cm</span>
Valon pisaroita, 
<span>Bb</span>         <span>Eb</span>
Vasten pimeaa.
<span>Bb</span>         <span>Cm</span>
Meille putoaa, 
<span>Gm7</span>       <span>Ab</span>
Valon pisaroita.
<span>G7</span>        <span>Cm</span>
Valon pisaroita, 
    <span>Bb</span>        <span>Eb</span>
Kun toivo haviaa.
<span>Bb</span>         <span>Cm</span>
Meille putoaa, 
<span>Gm7</span>       <span>Ab</span>
Valon pisaroita.
<span>G7</span>        <span>Cm</span>
Valon pisaroita, 
<span>Bb</span>        <span>Eb</span>
Valon pisaroita.
<span>Bb</span>         <span>Cm</span>
Meille putoaa, 
<span>Gm7</span>       <span>Ab</span>
Valon pisaroita.
<span>Bb</span>         <span>Ab</span>
Meille putoaa, 
<span>Bb</span>         <span>Ab</span>
Meille putoaa.
<span>Bb</span>        <span>Cm</span>
Valon pisaroita.
