%%%% rating:None %%%%
%%%% artist:Snuff Tabs %%%%
%%%% url:http://tabs.ultimate-guitar.com/s/snuff/all_you_need_tab.htm %%%%
%%%% title:All You Need Tab %%%%
%%%% comments:[] %%%%
%%%% difficulty:None %%%%
%%%% provider:ultimate-guitar %%%%
%%%% contributor:None %%%%
%%%% type:Tabs %%%%
%%%% Tab:<i></i>Song: All You Need
Band: SNUFF                             
Album: Tweet Tweet My Lovely
By: Mikko Lehto (sk8punx6@hotmail.com)


PART1(intro/verse)
     D        Am       C        G
e|-2-2-2-2--0-0-0-0--0-0-0-0--1-1-1-1--|
B|-3-3-3-3--1-1-1-1--1-1-1-1--0-0-0-0--|
G|-2-2-2-2--2-2-2-2--0-0-0-0--0-0-0-0--|
D|-0-0-0-0--2-2-2-2--2-2-2-2--0-0-0-0--|
A|----------0-0-0-0--3-3-3-3--2-2-2-2--|
E|----------------------------3-3-3-3--|


PART2(Chorus)
     B        A        D         A        B       A   
e|-------------------------------------------------------|
B|-------------------------------------------------------|
G|-------------------------------------------------------|
D|-4-4-4-4--2-2-2-2--7-7-7-7--2-2-2-2--4-4-4-4--2-2-2-2--|
A|-2-2-2-2--0-0-0-0--5-5-5-5--0-0-0-0--2-2-2-2--0-0-0-0--|
E|-------------------------------------------------------|

          D             E(7th fret)    
e|-----------------------------------|
B|-----------------------------------|
G|-----------------------------------|
D|-7-7-7-7-7-7-7-7--9-9-9-9-9-9-9-9--|
A|-5-5-5-5-5-5-5-5--7-7-7-7-7-7-7-7--|
E|-----------------------------------|


PART3(Bridge) 
     D        A         C        G
e|-------------------------------------|
B|-------------------------------------|
G|-------------------------------------|
D|-7-7-7-7-----------5-5-5-5-----------|
A|-5-5-5-5--7-7-7-7--3-3-3-3--5-5-5-5--|
E|----------5-5-5-5-----------3-3-3-3--|

PART1 x6
PART2 x1
PART1 x4
PART2 x1
PART1 x6
PART3 x14
