%%%% rating:None %%%%
%%%% artist:Turtles Tabs %%%%
%%%% url:http://tabs.ultimate-guitar.com/t/turtles/you_showed_me_btab.htm %%%%
%%%% title:You Showed Me Bass Tab %%%%
%%%% comments:[] %%%%
%%%% difficulty:None %%%%
%%%% provider:ultimate-guitar %%%%
%%%% contributor:
                                     %%%%
%%%% type:Bass Tabs %%%%
%%%% Tab:<i></i>You Showed Me - The Turtles

Tabbed By: born21239
e-mail: bass21239@gmail.com

Tuning: EADG

0:07
G|-------------|-------------|-------------|-------------|
D|-------------|-------------|-------------|-------------|
A|-3-----------|-3-----------|-3-----------|-3-----------|
E|-----3-1---3-|-----3-1---3-|-----3-1---3-|-----3-1---3-|

0:18
G|-------------|-------------|-------------|-------------|
D|-------------|-------------|-------------|-------------|
A|-3-----------|-3-----3-----|-------------|-3-----3-----|
E|-----3-4--6--|-----3-----3-|-4---x-6---x-|-----3-----3-|

0:28
G|-------------|-------------|-------------|-------------|
D|-6-----------|-----------5-|-----------5-|-------------|
A|-----6-5-----|---------6---|---------6---|-3-----------|
E|----------6--|-4---4-------|-4---4-------|-----3-1---3-|

0:39
G|-------------|-------------|-------------|-------------|
D|-------------|-------------|-------------|-------------|
A|-3-----------|-3-----------|-3-----3-----|-------------|
E|-----3-1---3-|-----3-4--6--|-----3-----3-|-4---x-6---x-|

0:49
G|-------------|-------------|-------------|-------------|
D|-------------|-6-----------|-----------5-|-----------5-|
A|-3-----3---x-|-----6-5-----|---------6---|---------6---|
E|-----3-------|----------6--|-4---4-------|-4---4-------|

1:00
G|---------------|---------------|---------------|---------------|
D|-6-6--6--------|-3-3-3---------|-6-6--6--------|-3-3-3---------|
A|--------6-6--6-|-------3--3--6-|--------6-6--6-|-------3--3--6-|
E|---------------|---------------|---------------|---------------|

1:11
G|---------------|---------------|-----------------|-----------------|
D|-6-6--6--------|-3-3-3-------3-|-3-3-3-3-3-3-3-4-|-5-5-5-5-5-5-5-3-|
A|--------6-6--6-|-------3--3----|-----------------|-----------------|
E|---------------|---------------|-----------------|-----------------|

1:21
G|-------------|-------------|-------------|-------------|
D|-----5-3---5-|-----5-3---5-|-------------|-------------|
A|-3-----------|-3-----------|-3---3-------|-3-----3-----|
E|-------------|-------------|-------4--6--|-----3-----3-|

1:32
G|-------------|-------------|-------------|-------------|
D|-------------|-------------|-6-----------|-----------5-|
A|-------------|-3-----3---x-|-----6-5-----|---------6---|
E|-4---x-6---x-|-----3-------|----------6--|-4---4-------|

1:42
G|-------------|---------------|---------------|----------------|
D|-----------5-|---------------|---------------|----------------|
A|---------6---|-3-3-----------|-3-3-----------|-3-3------------|
E|-4---4-------|------3-1-1--3-|------3-1-1--3-|------3-4-4-6-6-|

1:53
G|---------------|---------------|---------------|-------------|
D|---------------|---------------|---------------|-6-----------|
A|-3-3----3-3----|---------------|-3-3----3-3--3-|-----6-5-----|
E|------3------3-|-4-4--4-6-6--6-|------3--------|----------6--|

2:03
G|-------------|-------------|-------------|-------------|
D|-----------5-|-----------5-|-----------5-|-----------5-|
A|---------6---|---------6---|---------6---|---------6---|
E|-4---4-------|-4---4-------|-4---4-------|-4---4-------|

2:13
G|-------------|-------------|-------------|-------------|
D|-----5-3---5-|-----5-3---5-|-------------|-----5-3---5-|
A|-3-----------|-3-----------|-3---3-------|-3-----------|
E|-------------|-------------|-------4--6--|-------------|

2:24
G|-------------|------------|-------------|-------------|
D|-----5-3---5-|------------|-----5-3---5-|-----5-3---5-|
A|-3-----------|-3----------|-3-----------|-3-----------|
E|-------------|------4--6--|-------------|-------------|

2:35
G|-------------|
D|-------------|
A|-3---3-------|
E|-------4--6--|

2:37 (repeat to fade out)
G|-------------|
D|-----5-3---5-|
A|-3-----------|
E|-------------|
