%%%% rating:r_5 %%%%
%%%% artist:Turin Brakes Tabs %%%%
%%%% url:http://tabs.ultimate-guitar.com/t/turin_brakes/feeling_oblivion_tab.htm %%%%
%%%% title:Feeling Oblivion Tab %%%%
%%%% comments:[] %%%%
%%%% difficulty:None %%%%
%%%% provider:ultimate-guitar %%%%
%%%% contributor:None %%%%
%%%% type:Tabs %%%%
%%%% Tab:<i></i>feeling oblivion by turin brakes

tab submitted by skunkybutter@hotmail.com

this tab is 100% correct but figure out rhythm for yourself

intro

e---------------------------------------------------------------------|
b------------8-----7------------12------8-----7----7--------8------10-|
g-----7------------------7--------------------------------------------|
d---------------------------------------------------------------------|
a---------------------------------------------------------------------|
e---------------------------------------------------------------------|

verse chords:

G5-300030
Csus2-800080
Bm-700770
Dmaj7/F#-200220

chorus chords

Am-002210
C/G-332010
G-320033
D/F#-200232

I saw them in Bristol recently and their new stuff sounds fucking ace.
