%%%% rating:None %%%%
%%%% artist:Turf Tabs %%%%
%%%% url:http://tabs.ultimate-guitar.com/tab/1586634 %%%%
%%%% title:Más Loca Que Yo Chords %%%%
%%%% comments:[] %%%%
%%%% difficulty:None %%%%
%%%% provider:ultimate-guitar %%%%
%%%% contributor:None %%%%
%%%% type:Chords %%%%
%%%% Tab:<i></i>
<span>Bm</span>
Hoy tuvimos otra vez 
una fuerte discusión. 
Perros, niños y vecinos 
nos pidieron por favor. 

<span>Bm7</span>
La policía vino a separarnos
            <span>E7</span> 
y terminamos en prisión 
locos los dos... 

<span>A</span>
¡La cárcel nena 
no es para mí! 
¡La fianza siempre 
<span>A</span> pago yo! 

Fuimos presos del amor 
donde nadie sale sin dolor. 
Me condenaste a sufrir 
por un crimen que cometí. 

De vacaciones al infierno fuimos, 
y conocimos lo mejor... y lo peor es que... 

El diablo nena 
me lo advirtió. 
Vos estás mucho 
           <span>Dm</span>
más loca que yo. 

e-----------10------------
B-------------------------
G-----12b13---------------
             <span>Dm</span>
más loca que yo.

e--------------------------
B----12b13-----------------
G---------12---------------

El solo se toca sobre Bm y E7 
más loca que yo
más loca que yo.
Mas, pero más, pero más, pero más...

El solo se toca sobre Bm y E7 

más loca que yo
¡La cárcel nena 
no es para mí! 
¡La fianza siempre 
<span>A</span> pago yo!  
El diablo nena 
me lo advirtió. 
Vos estás mucho 
más loca que yo  
más loca que yo...D5 D5

solo sobre D5
