%%%% rating:None %%%%
%%%% artist:Turf Tabs %%%%
%%%% url:http://tabs.ultimate-guitar.com/tab/1586648 %%%%
%%%% title:Quiero Seguir Así Chords %%%%
%%%% comments:[] %%%%
%%%% difficulty:None %%%%
%%%% provider:ultimate-guitar %%%%
%%%% contributor:None %%%%
%%%% type:Chords %%%%
%%%% Tab:<i></i>intro: <span>E</span>-<span>B7</span>-<span>E</span>-<span>B7</span>-<span>E</span>

         <span>E</span>         <span>B7</span>                    <span>E</span>        <span>B7</span>
Un día que se va cuando amanezca voy a despertar
          <span>E</span>             <span>B7</span>                        <span>E</span>         <span>B7</span>
<span>B</span> <span>A</span> marea vuelve <span>A</span> bajar sobre la arena me voy a acostar
<span>A</span>          <span>E</span>               <span>B7</span>               <span>E</span>
El viento sopla y hay que ver hacia donde va
<span>A</span>           <span>E</span>             <span>B7</span>
aquella gaviota sobre el mar

<span>E</span> - <span>B7</span> - <span>E</span> - <span>B7</span>

           <span>E</span>           <span>B7</span>                    <span>E</span>      <span>B7</span>
Por donde sale el sol hay una línea que la trazo yo
             <span>E</span>             <span>B7</span>                        <span>E</span>          <span>B7</span>
que abre las aguas para pasar por donde nadie me va a molestar
<span>A</span>               <span>E</span>               <span>B7</span>             <span>E</span>
Y si el viento sopla habrá que ver hacia donde va
<span>A</span>           <span>E</span>             <span>B7</span>
aquella gaviota sobre el mar
  <span>F#m</span>            <span>B7</span>
que vuela sin dirección
  <span>F#m</span>      <span>B7</span>                          <span>E</span>
buscando todo lo que el tiempo se llevó


           <span>B7</span>  <span>E</span>             <span>B7</span>   <span>E</span>
Quiero seguir asi, quiero olvidar
           <span>B7</span>    <span>E</span>              <span>B7</span>
Quiero sentirme así, quiero olvidar

<span>E</span> - <span>B</span>

<span>A</span>          <span>E</span>               <span>B7</span>              <span>E</span>               <span>A</span>
El viento sopla y hay que ver hacia donde va (hacia donde va)
            <span>E</span>             <span>B7</span>
aquella gaviota sobre el mar
  <span>F#m</span>            <span>B7</span>
que vuela sin dirección
  <span>F#m</span>      <span>B7</span>                          <span>E</span>
buscando todo lo que el tiempo se llevó


           <span>B7</span>  <span>E</span>             <span>B7</span>  <span>E</span>
Quiero seguir asi, quiero olvidar
           <span>B7</span>    <span>E</span>              <span>B7</span>  <span>E</span>
Quiero sentirme así, quiero olvidar

           <span>B7</span>  <span>E</span>             <span>B7</span>  <span>E</span>
Quiero seguir asi, quiero olvidar
           <span>B7</span>    <span>E</span>              <span>B7</span>  <span>E</span>
Quiero sentirme así, quiero olvidar


<span>E</span> - <span>B7</span> - <span>E</span> - <span>B7</span> - <span>E</span>

         <span>B7</span>              <span>E</span>            <span>B7</span>                 <span>E</span>
<span>B</span> <span>A</span> marea vuelve <span>A</span> bajar sobre la arena me voy a acostar
         <span>B7</span>              <span>E</span>            <span>B7</span>                 <span>E</span>
<span>B</span> <span>A</span> marea vuelve <span>A</span> bajar sobre la arena me voy a acostar

         <span>B7</span>              <span>E</span>            <span>B7</span>                 <span>E</span>
                           quiero seguir así..............


    <span>E</span>    <span>B7</span>     <span>A</span>    <span>F#m</span>
1)--0--|--2--|--0--|--2--|
2)--0--|--0--|--2--|--2--|
3)--1--|--2--|--2--|--2--|
4)--2--|--1--|--2--|--4--|
5)--2--|--2--|--0--|--4--|
6)--0--|--0--|--0--|--2--|

BUENO ESTE ES MI PRIMER TEMA EN LA CUERDA ESPERO QUE LES GUSTE
CUALQUIER COSA AVISAN Y LO VEMOS!
SE LO DEDICO A VALENS!!!
AGUANTE TURF!!!!!!!
