%%%% rating:r_5 %%%%
%%%% artist:Smithereens Tabs %%%%
%%%% url:http://tabs.ultimate-guitar.com/s/smithereens/blood_and_roses_ver2_btab.htm %%%%
%%%% title:Blood And Roses (ver 2) Bass Tab %%%%
%%%% comments:[] %%%%
%%%% difficulty:
                                    D# G# C# F# A# D#                                 %%%%
%%%% provider:ultimate-guitar %%%%
%%%% contributor:
                                    intermediate                                 %%%%
%%%% type:Bass Tabs %%%%
%%%% Tab:<i></i>You should be able to figure out the timing and when to play each part pretty easily. 
tougher in solo.
Part 1 (main part)
Gb|-------------------|
Db|------0---------4--|
Ab|---2---2----2--5-5-|
Eb|0-3-3----0-3-3-----|

Part 2 (Chorus)
Blood N Roses by The Smithereens
Gb|-------------------------------------------------|
Db|--------00-022-2--------00-022-2-----0-----0-----|
Ab|33-333-3--------33-333-3--------33-33-32002-20---|
Eb|----------------------------------------------30-|

part 3 (solo)
(3a)
Gb|--------------------|
Db|2222-5555-2222-5500-|
Ab|--------------------|
Eb|--------------------|
(3b)
Gb|--------------------|
Db|2224-5554-2224-5500-|
Ab|--------------------|
Eb|--------------------|
(3a)
Gb|-------------------|
Db|22552200-----------|
Ab|-------------------|
Eb|-------------------|

timing for part 3
ax2
bx2
cx8
