%%%% rating:r_5 %%%%
%%%% artist:Turbowolf Tabs %%%%
%%%% url:http://tabs.ultimate-guitar.com/t/turbowolf/a_rose_for_the_crows_tab.htm %%%%
%%%% title:A Rose For The Crows Tab %%%%
%%%% comments:[] %%%%
%%%% difficulty:
                                    C G C F A D                                 %%%%
%%%% provider:ultimate-guitar %%%%
%%%% contributor:
                                    intermediate                                 %%%%
%%%% type:Tabs %%%%
%%%% Tab:<i></i>Structure

Part A  x2
Part B  x4
Part C
Part B  x2
Part C
Part B  x2
Part C
Part B  x2
Part C
Part A  x4
Part Da x3
Part Ea
Part B  x4
Part C
Part B  x2
Part C
Part B  x2
Part C
Part A  x4
Part Da
Part Ea
Part Db
Part Eb
Part F
Part G  x... [until it fades out]

Part A

d|----|
a|----|
f|----|
c|0---|
G|0---|
C|0---|

Part B

d|--------------------|--------------------|
a|--------------------|--------------------|
f|--------------------|--------------------|
c|0--15-14-12-10-12---|0--10-12-12-10-12---|
G|0--15-14-12-10-12---|0--10-12-12-10-12---|
C|0--15-14-12-10-12---|0--10-12-12-10-12---|

Part C

d|--------------------------------|
a|--------------------------------|
f|--------------------------------|
c|55555555333333332222222233333333|
G|55555555333333332222222233333333|
C|55555555333333332222222233333333|

Part Da

d|----------------|----------------|
a|----------------|----------------|
f|----------------|----------------|
c|----------------|----------------|
G|----------------|----------------|
C|0000002233333377|5555552233332222|

Part Ea

d|----------------|----------------|
a|----------------|----------------|
f|----------------|----------------|
c|----------------|----------------|
G|----------------|----------------|
C|0000002233333377|5555552233333---|

Part Db

d|----------------|----------------|
a|----------------|----------------|
f|----------------|----------------|
c|0000002233333377|5555552233332222|
G|0000002233333377|5555552233332222|
C|0000002233333377|5555552233332222|

Part Eb

d|----------------|----------------|
a|----------------|----------------|
f|----------------|----------------|
c|0000002233333377|5555552233333\--|     \ = slide down
G|0000002233333377|5555552233333\--|
C|0000002233333377|5555552233333\--|

Part F

d|----------------|----------------|--------|--------|
a|----------------|----------------|--------|--------|
f|----------------|----------------|--------|--------|
c|5555555555555555|3333333333333355|0-------|--------|
G|5555555555555555|3333333333333355|0-------|--------|
C|5555555555555555|3333333333333355|0-------|--------|

Part G

d|----------------|----------------|--------|
a|----------------|----------------|--------|
f|----8-------10--|----8-------10--|--------|
c|0---8---5---10--|0---8---5---10--|3---7-8-|
G|0---6---5---8---|0---6---5---8---|3---7-8-|
C|0-------5-------|0-------5-------|3---7-8-|
