%%%% rating:None %%%%
%%%% artist:Snuff Tabs %%%%
%%%% url:http://tabs.ultimate-guitar.com/s/snuff/vikings_tab.htm %%%%
%%%% title:Vikings Tab %%%%
%%%% comments:[] %%%%
%%%% difficulty:
                                    novice                                 %%%%
%%%% provider:ultimate-guitar %%%%
%%%% contributor:
                                     %%%%
%%%% type:Tabs %%%%
%%%% Tab:<i></i>e|------------------------|
B|------5--4--------------|
G|------------------------|
D|-6----------6--9--------| x2
A|-6----------6--9--------|
E|-4----------4--7--------|

e|-4----------------------|
B|-4----5--4--------------|
G|-4----------------------|
D|-6----------6--9--------| x2
A|-6----------6--9--------|
E|-4----------4--7--------|

e|-4-4-4-4-4-4-4-4-4-44---9-9-9-9-9-9-9--9--9--9-9-9-------------------------|
B|-4-4-4-4-4-4-4-4-4-44---9-9-9-9-9-9-9--9--9--9-9-9-------------5-5-5-4-4-4-|
G|-6-6-6-6-6-6-6-6-6-66-8-9-9-9-9-9-9-11-11-11-9-9-9-------------6-6-6-4-4-4-|
D|-6-6-6-6-6-6-6-6-6-66-8-9-9-9-9-9-9-9--9--9--9-9-9-6-6-6-6-6-6-6-6-6-6-6-6-| x2
A|-4-4-4-4-4-4-4-4-4-44-6-7-7-7-7-7-7-7--7--7--7-7-7-6-6-6-6-6-6-4-4-4-6-6-6-|
E|---------------------------------------------------4-4-4-4-4-4-------------|

e|--------------------------------------------------|
B|--------------------------------------------------|
G|--------------------------------------------------|
D|-6-6-6-6-6-6-6-6-6-6-6-6-6-6-6-6-6-6-6-6-6-6-2----| x2
A|-6-6-6-4-4-4-6-6-6-4-4-4-4-4-4-4-6-6-6-4-4-4-2----|
E|-4-4-4-4-4-4-4-4-4-4-4-4-4-4-4-4-4-4-4-4-4-4-0----|

-----------------------------------------------------------------------------

e|----------------------------|
B|----------------------------|
G|----------------------------|
D|-666-666-66-2-2-2-2-2-2-2-2-| x4
A|-666-444-66-2-2-2-2-2-2-2-2-|
E|-444-444-44-0-0-0-0-0-0-0-0-|

e|-x-7-7-7-7-7-6-6-------------------|
B|-x---------------------------------|
G|-x---------------x-9-9-9-9-/-11-11-|
D|-x-6-6-6-6-6-6-6-------------------|
A|-x-6-6-6-6-6-6-6-x-7-7-7-7-/-9--9--|
E|-x-4-4-4-4-4-4-4-------------------|

e|----------------------------|
B|----------------------------|
G|----------------------------|
D|-666-666-66-2-2-2-2-2-2-2-2-| x3
A|-666-444-66-2-2-2-2-2-2-2-2-|
E|-444-444-44-0-0-0-0-0-0-0-0-|


e|---------------------------------------------------------------|
B|---------------------------------------------------------------|
G|-8-8-8-8-8-8-8-8-8-8-8-8-8-8-8-8-8-8-8-8-8-8-8-8-8-8-8-8-8-8-8-|
D|-9-9-9-9-9-9-9-9-9-9-9-9-9-9-9-9-9-9-9-9-9-9-9-9-9-9-9-9-9-9-9-|
A|-7-7-7-7-7-7-7-7-7-7-7-7-7-7-7-7-7-7-7-7-7-7-7-7-7-7-7-7-7-7-7-|
E|---------------------------------------------------------------|

whole section x2
------------------------------------------------------------------------------

e|-x-7-7-7-7-7-6-6-------------------|
B|-x---------------------------------|
G|-x---------------x-9-9-9-9-/-11-11-|
D|-x-6-6-6-6-6-6-6-------------------| 1,3
A|-x-6-6-6-6-6-6-6-x-7-7-7-7-/-9--9--|
E|-x-4-4-4-4-4-4-4-------------------|

e|-x-7-7-7-7-7-6-6-----------------|
B|-x-------------------------------|
G|-x---------------x-9-9-9-9-9-9-9-|
D|-x-6-6-6-6-6-6-6-----------------| 2,4
A|-x-6-6-6-6-6-6-6-x-7-7-7-7-7-7-7-|
E|-x-4-4-4-4-4-4-4-----------------|

e|----------------------------|
B|----------------------------|
G|----------------------------|
D|-666-666-66-2-2-2-2-2-2-2-2-| x4
A|-666-444-66-2-2-2-2-2-2-2-2-|
E|-444-444-44-0-0-0-0-0-0-0-0-|

e|----------------------------|
B|----------------------------|
G|----------------------------|
D|-666-666-66-2-2-2-2-2-2-2-2-| x4 (palm muted)
A|-666-444-66-2-2-2-2-2-2-2-2-|
E|-444-444-44-0-0-0-0-0-0-0-0-|

e|-x-7-7-7-7-7-6-6-------------------|
B|-x---------------------------------|
G|-x---------------x-9-9-9-9-/-11-11-|
D|-x-6-6-6-6-6-6-6-------------------|
A|-x-6-6-6-6-6-6-6-x-7-7-7-7-/-9--9--|
E|-x-4-4-4-4-4-4-4-------------------|

e|----------------------------|
B|----------------------------|
G|----------------------------|
D|-666-666-66-2-2-2-2-2-2-2-2-| x3
A|-666-444-66-2-2-2-2-2-2-2-2-|
E|-444-444-44-0-0-0-0-0-0-0-0-|


e|---------------------------------------------------------------|
B|---------------------------------------------------------------|
G|-8-8-8-8-8-8-8-8-8-8-8-8-8-8-8-8-8-8-8-8-8-8-8-8-8-8-8-8-8-8-8-|
D|-9-9-9-9-9-9-9-9-9-9-9-9-9-9-9-9-9-9-9-9-9-9-9-9-9-9-9-9-9-9-9-|
A|-7-7-7-7-7-7-7-7-7-7-7-7-7-7-7-7-7-7-7-7-7-7-7-7-7-7-7-7-7-7-7-|
E|---------------------------------------------------------------|

e|------------------------|
B|------5--4--------------|
G|------------------------|
D|-6----------6--9--------| x4
A|-6----------6--9--------|
E|-4----------4--7--------|

e|-4----------------------|
B|-4----5--4--------------|
G|-4----------------------|
D|-6----------6--9--------| x4
A|-6----------6--9--------|
E|-4----------4--7--------|

e|-4-4-4-4-4-4-4-4-4-44---9-9-9-9-9-9-9--9--9--9-9-9-------------------------|
B|-4-4-4-4-4-4-4-4-4-44---9-9-9-9-9-9-9--9--9--9-9-9-------------5-5-5-4-4-4-|
G|-6-6-6-6-6-6-6-6-6-66-8-9-9-9-9-9-9-11-11-11-9-9-9-------------6-6-6-4-4-4-|
D|-6-6-6-6-6-6-6-6-6-66-8-9-9-9-9-9-9-9--9--9--9-9-9-6-6-6-6-6-6-6-6-6-6-6-6-| x2
A|-4-4-4-4-4-4-4-4-4-44-6-7-7-7-7-7-7-7--7--7--7-7-7-6-6-6-6-6-6-4-4-4-6-6-6-|
E|---------------------------------------------------4-4-4-4-4-4-------------|

e|-----------------------------------------------------------|
B|-----------------------------------------------------------|
G|-----------------------------------------------------------|
D|-6-6-6-6-6-6-6-6-6-6-6-6-6-6-6-6-6-6-6-6-6-6-2-------------|
A|-6-6-6-4-4-4-6-6-6-4-4-4-4-4-4-4-6-6-6-4-4-4-2-------------|
E|-4-4-4-4-4-4-4-4-4-4-4-4-4-4-4-4-4-4-4-4-4-4-0-------------|


