%%%% rating:r_5 %%%%
%%%% artist:Turtles Tabs %%%%
%%%% url:http://tabs.ultimate-guitar.com/t/turtles/happy_together_intro_tab.htm %%%%
%%%% title:Happy Together Intro Tab %%%%
%%%% comments:[] %%%%
%%%% difficulty:None %%%%
%%%% provider:ultimate-guitar %%%%
%%%% contributor:None %%%%
%%%% type:Tabs %%%%
%%%% Tab:<i></i>-----------------------------------------------------------------------------
                    Happy Together (intro) - Turtles
-----------------------------------------------------------------------------

Tabbed by:Mikey Macias
Email:Nirvana383@aol.com

Intro:
e|--------5-4-2--------2------2-------------------------|
B|----------------------(2)-5---------------------------|
G|------------------------------------------------------|
D|---4------------4-------------------------------------|
A|-4--(4)-------4--(4)----------------------------------|
E|------------------------------------------------------|
