%%%% rating:r_5 %%%%
%%%% artist:Turtles Tabs %%%%
%%%% url:http://tabs.ultimate-guitar.com/t/turtles/happy_together_tab.htm %%%%
%%%% title:Happy Together Tab %%%%
%%%% comments:[u'<p class="mtop5">thx for this =D</p>'] %%%%
%%%% difficulty:
                                    novice                                 %%%%
%%%% provider:ultimate-guitar %%%%
%%%% contributor:
                                     %%%%
%%%% type:Tabs %%%%
%%%% Tab:<i></i>Turtles
Happy Together
Standard Tuning
Clean Guitar

Ok I totally love this song; its a classic. But no one has tabbed the whole song, so I
to. I'm 99.9% sure this is correct! I have also tabbed the bass line as well :P NOTE: Not
as the song progresses, the lead guitar gets harder and harder to hear, so I had to 
up my ipod ear phones to hear these lead licks, so some of these parts would be harder
hear if you had crappy speakers.

Intro:
|--------------|-------------|--------------|-------------|
|------10-9-7--|------7-5-7--|------10-9-7--|------7-5-7--|
|--------------|-------------|--------------|-------------|
|--------------|-------------|--------------|-------------|
|----9---------|----9--------|----9---------|----9--------|
|--9-----------|--9----------|--9-----------|--9----------|
|
|--------------|-------------|--------------|-------------|
|--------------|-------------|--------------|-------------|
|--------------|-------------|--------------|-------------|
|--------------|-------------|-0h2-2-2-2-2-2|-2-2-2-2-2-2-|

Verse I:
|--------------|-------------|---------|-----------|----------------|
|------10-9-7--|------7-5-7--|--9-7-5--|--5-3-5/7--|--7-5-7--5-7-5--|
|--------------|-------------|---------|-----------|----------------|
|--------------|-------------|---------|-----------|----------------|
|----9---------|----9--------|---------|-----------|----------------|
|--9-----------|--9----------|---------|-----------|----------------|
|
|----------------------------|---------------------|----------------|
|----------------------------|---------------------|----------------|
|----------------------------2/-7-7-7-7-7-7-7-7-7-7|--5-5-5-5-5-5-5-|
|--2-2-2-2-2-2-2-2-2-2-2-2---|---------------------|----------------|

|----------------|
|--6-4-6--6-4-6--|
|----------------|
|----------------|
|----------------| Note that the first time, the 6-4-6 is repeated twice, but
|----------------| not repeated in any of the other verses.
|
|----------------|
|----------------|
|--4-4-4-4-4-4---|
|----------------|

|--------------|-------------|---------|-----------|----------------|
|------10-9-7--|------7-5-7--|--9-7-5--|--5-3-5/7--|--7-5-7--5-7-5--|
|--------------|-------------|---------|-----------|----------------|
|--------------|-------------|---------|-----------|----------------|
|----9---------|----9--------|---------|-----------|----------------|
|--9-----------|--9----------|---------|-----------|----------------|
|
|----------------------------|---------------------|----------------|
|----------------------------|---------------------|----------------|
|----------------------------2/-7-7-7-7-7-7-7-7-7-7|--5-5-5-5-5-5-5-|
|--2-2-2-2-2-2-2-2-2-2-2-2---|---------------------|----------------|

|------------------|
|--6-4-6-----------|
|------------------|
|------------------|
|------------------|
|------------------|
|
|------------------|
|------------------|
|--4-4-4-4-4-4-4-4-|
|------------------|

Chorus:
  F#        C#        F#      A5
|--------------------------------------|
|--2-2-2-2--6-6-6-6--2-2-2-2-----------|
|--3-3-3-3--6-6-6-6--3-3-3-3--2-2-2-2--|
|--4-4-4-4--6-6-6-6--4-4-4-4--2-2-2-2--|
|--4-4-4-4--4-4-4-4--4-4-4-4--0-0-0-0--|
|--------------------------------------| x2
|
|--------------------------------------|
|--------------------------------------|
|-----------4-4-4-4-----------0-0-0-0--|
|--2-2-2-2-----------2-2-2-2-----------|

Verse II:
|--------------|-------------|---------|-----------|----------------|
|------10-9-7--|------7-5-7--|--9-7-5--|--5-3-5/7--|--7-5-7--5-7-5--|
|--------------|-------------|---------|-----------|----------------|
|--------------|-------------|---------|-----------|----------------|
|----9---------|----9--------|---------|-----------|----------------|
|--9-----------|--9----------|---------|-----------|----------------|
|
|----------------------------|---------------------|----------------|
|----------------------------|---------------------|----------------|
|----------------------------2/-7-7-7-7-7-7-7-7-7-7|--5-5-5-5-5-5-5-|
|--2-2-2-2-2-2-2-2-2-2-2-2---|---------------------|----------------|

|--------|----------|
|--6-4-6-|---6-6-6--|
|--------|----------|
|--------|----------|
|--------|----------|
|--------|----------|
|
|--------|----------|
|--------|----------|
|--4-4-4-|-4-4-4-4--|
|--------|----------|

Interlude/Bridge/Whatever You'd like to call it:
 F#        C#        F#      A5        F#       C#        F#
|-----------------------------------------------------------------|
|--2-2-2-2--6-6-6-6--2-2-2-2-----------2-2-2-2--6-6-6-6--2-2-2-2--|
|--3-3-3-3--6-6-6-6--3-3-3-3--2-2-2-2--3-3-3-3--6-6-6-6--3-3-3-3--|
|--4-4-4-4--6-6-6-6--4-4-4-4--2-2-2-2--4-4-4-4--6-6-6-6--4-4-4-4--|
|--4-4-4-4--4-4-4-4--4-4-4-4--0-0-0-0--4-4-4-4--4-4-4-4--4-4-4-4--|
|-----------------------------------------------------------------|
|
|-----------------------------------------------------------------|
|-----------------------------------------------------------------|
|-----------4-4-4-4-----------0-0-0-0-----------4-4-4-4-----------|
|--2-2-2-2-----------2-2-2-2-----------2-2-2-2-----------2-2-2-2--|

  C#
|-------------------|
|--6666666666666666-|
|--6666666666666666-|
|--6666666666666666-|
|--4444444444444444-| strum really hard and REALLY FAST
|-------------------|
|
|-------------------|
|-------------------|
|--4444444444444444-|
|-------------------|

Verse IIII: (This is when the verse starts getting REALLY choppy and the leads can't be
or are not being played.
|--------------|-------------|---------|-----------|----------------|
|--------------|------7-5-7--|---------|--5-3-5/7--|--7-5-7--5-7-5--|
|--------------|-------------|---------|-----------|----------------|
|--------------|-------------|---------|-----------|----------------|
|--------------|----9--------|---------|-----------|----------------|
|--------------|--9----------|---------|-----------|----------------|
|
|----------------------------|---------------------|----------------|
|----------------------------|---------------------|----------------|
|----------------------------2/-7-7-7-7-7-7-7-7-7-7|--5-5-5-5-5-5-5-|
|--2-2-2-2-2-2-2-2-2-2-2-2---|---------------------|----------------|

|--------|
|--6-4-6-|
|--------|
|--------|
|--------|
|--------|
|
|--------|
|--------|
|--4-4-4-|
|--------|

Outro: (This is prolly a lil bit wrong)
|----------|---------|---------|---------|---------|---------|---------|
|----------|---------|---------|---------|---------|-10-9-7--|---------|
|--6-6-6-6-|---------|-6-6-6-6-|---------|---------|---------|---------|
|----------|---------|---------|---------|---------|---------|---------|
|----------|---------|---------|---------|---------|---------|---------|
|----------|---------|---------|---------|---------|---------|---------|
|
|----------|---------|---------|---------|---------|---------|---------|
|----------|---------|---------|---------|---------|---------|---------|
|--4-4-4-4-|---------|-4-4-4-4-|---------|-4-4-4-4-|---------|-4-4-4-4-|
|----------|-2-2-2-2-|---------|-2-2-2-2-|---------|-2-2-2-2-|---------|

|--------|
|-10-9-7-|
|--------|
|--------|
|--------|
|--------|
|
|--------|
|--------|
|--------|
|--2-2-2-|

    C#       F#       C#      F#
|-------------------------------------|
|--6-6-6-6--2-2-2-2--6-6-6-6--2-2-2-2-|
|--6-6-6-6--3-3-3-3--6-6-6-6--3-3-3-3-|
|--6-6-6-6--4-4-4-4--6-6-6-6--4-4-4-4-|
|--4-4-4-4--4-4-4-4--4-4-4-4--4-4-4-4-|
|-------------------------------------| x2
|
|-------------------------------------|
|-------------------------------------|
|--------------------4-4-4-4----------|
|-2/9-9-9-9--2-2-2-2----------2-2-2-2-|

Lyrics:
[VERSE 1]
Imagine me and you, I do
I think about you day and night, it's only right
To think about the girl you love and hold her tight
So happy together
If I should call you up, invest a dime
And you say you belong to me and ease my mind
Imagine how the world could be, so very fine
So happy together

[CHORUS]
I can't see me lovin' nobody but you
For all my life
When you're with me, baby the skies'll be blue
For all my life

[VERSE 2]
Me and you and you and me
No matter how they toss the dice, it has to be
The only one for me is you, and you for me
So happy together

[CHORUS]
I can't see me lovin' nobody but you
For all my life
When you're with me, baby the skies'll be blue
For all my life

[VERSE 3]
Me and you and you and me
No matter how they toss the dice, it has to be
The only one for me is you, and you for me
So happy together

[INTERLUDE/BRIDGE/WHATEVER YOU WANT TO CALL IT]
B---|a-ba-ba-ba ba-ba-ba-ba ba-ba-ba ba-ba-ba-ba
B---|a-ba-ba-ba ba-ba-ba-ba ba-ba-ba ba-ba-ba-ba

[VERSE 4]
Me and you and you and me
No matter how they toss the dice, it has to be
The only one for me is you, and you for me
So happy together

[OUTRO]
So happy together
How is the weather
So happy together
We're happy together
So happy together
Happy together
So happy together
So happy together (ba-ba-ba-ba ba-ba-ba-ba)
