%%%% rating:None %%%%
%%%% artist:Turtles Tabs %%%%
%%%% url:http://tabs.ultimate-guitar.com/t/turtles/happy_together_ver6_crd.htm %%%%
%%%% title:Happy Together (ver 6) Chords %%%%
%%%% comments:[] %%%%
%%%% difficulty:None %%%%
%%%% provider:ultimate-guitar %%%%
%%%% contributor:
                                     %%%%
%%%% type:Chords %%%%
%%%% Tab:<i></i>Happy Together – The Turtles.
(Capo on 2nd fret for the original key of F#)   

Key of E:


<span>Em</span>                                          <span>D</span>
Imagine me and you, I do, I think about you day and night, it's only right,
                   <span>C</span>                                             <span>B7</span>
To think about the girl you love, and hold her tight, so happy together.


   <span>Em</span>                                                     <span>D</span>
If I should call you up, invest a dime, and you say you belong to me, and ease my mind,
                <span>C</span>                                        <span>B7</span>
Imagine how the world could be, so very fine, so happy together.


   <span>E</span>           <span>Bm</span>                <span>E</span>               <span>G</span>
I can't see me lovin' nobody but you, for all my life.
<span>E</span>                    <span>Bm</span>                   <span>E</span>                <span>G</span>
When you're with me, baby the skies'll be blue, for all my life.


<span>Em</span>                                            <span>D</span>
Me and you and you and me, no matter how they toss the dice, it has to be.
                 <span>C</span>                                     <span>B7</span>
The only one for me is you, and you for me, so happy together.


  <span>E</span>            <span>Bm</span>                <span>E</span>               <span>G</span>
I can't see me lovin' nobody but you, for all my life.
<span>E</span>                    <span>Bm</span>                   <span>E</span>                <span>G</span>
When you're with me, baby the skies'll be blue, for all my life.

<span>Em</span>                                            <span>D</span>
Me and you and you and me, no matter how they toss the dice, it has to be.
                 <span>C</span>                                    <span>B7</span>
The only one for me is you, and you for me, so happy together.

<span>E</span>           <span>Bm</span>                <span>E</span>            <span>Bm7</span>
Ba-ba-ba-ba ba-ba-ba-ba ba-ba-ba, ba-ba-ba-ba..
<span>E</span>           <span>Bm</span>                <span>E</span>            <span>Bm7</span>
Ba-ba-ba-ba ba-ba-ba-ba ba-ba-ba, ba-ba-ba-ba.. . . .  

<span>Em</span>                                            <span>D</span>
Me and you and you and me, no matter how they toss the dice, it has to be.
                 <span>C</span>                                    <span>B7</span>        
The only one for me is you, and you for me, so happy together. oh-oh-oh-oh

<span>Em</span>         <span>B7</span>                     <span>Em</span>            <span>B7</span>      
So happy together..(oh,oh,oh,oh)..so how is the weather..(ba-ba-ba-ba)
<span>Em</span>         <span>B7</span>                     <span>Em</span>            <span>B7</span>
So happy together..(ba-ba-ba-ba)..we're happy together..(ba-ba-ba-ba)..
<span>Em</span>         <span>B7</span>                     <span>Em</span>            <span>B7</span>
So happy together..(ba-ba-ba-ba)..so how is the weather..(ba-ba-ba-ba)
<span>Em</span>         <span>B7</span>                     <span>Em</span>            <span>B7</span>                      <span>E</span>
So happy together..(ba-ba-ba-ba)..so how is the weather..(ba-ba-ba-ba). mmmmm 
