%%%% rating:r_3 %%%%
%%%% artist:Tuuli Tabs %%%%
%%%% url:http://tabs.ultimate-guitar.com/t/tuuli/salaisuudet_crd.htm %%%%
%%%% title:Salaisuudet Chords %%%%
%%%% comments:[] %%%%
%%%% difficulty:
                                    novice                                 %%%%
%%%% provider:ultimate-guitar %%%%
%%%% contributor:
                                     %%%%
%%%% type:Chords %%%%
%%%% Tab:<i></i>-------------------------------------------------------------------------------
                             Salaisuudet - Tuuli
-------------------------------------------------------------------------------
Tabbed by: Tuoksman

CAPO 1

INTRO: <span>D</span> <span>A</span> <span>Hm</span> <span>A</span>

<span>D</span>                           <span>G</span>
Päälle päin mä näytän aivan siltä niinkuin eilenkin
<span>Em</span>                         <span>A</span>
mull on samat puheet samat vaatteet 
<span>D</span>                         <span>G</span>
kuljen samat reitit jotka joka päivä ennenkin
<span>Em</span>                      <span>A</span>
pidän kasvoillani samat ilmeet
<span>F#m</span>                   <span>Hm</span>
kuitenkin mun sisällä myrskyt puhaltaa
<span>G</span>               <span>A</span>
metsä taipuu ja seiniä kaatuu

<span>D</span>                    <span>A</span>         <span>Hm</span>
Kukaan ei saa tietää mitä aattelen 
             <span>G</span>    <span>A</span>
mitkä on mun salaisuudet
<span>D</span>                    <span>A</span>         <span>Hm</span>
kukaan ei saa tietää ketä aattelen
             <span>G</span>    <span>A</span>
mitkä on mun salaisuudet

<span>D</span>                    <span>A</span>         <span>Hm</span>
Kukaan ei saa tietää mitä aattelen 
             <span>G</span>    <span>A</span>
mitkä on mun salaisuudet
<span>D</span>                    <span>A</span>         <span>Hm</span>
kukaan ei saa tietää ketä aattelen
             <span>G</span>    <span>A</span>
mitkä on mun salaisuudet

<span>D</span>       <span>A</span>       <span>Hm</span>      <span>A</span>
aha aha oho oho aha aha salaisuudet 
<span>D</span>       <span>A</span>       <span>Hm</span>      <span>A</span>
aha aha oho oho aha aha salaisuudet

<span>D</span>                      <span>G</span>
Puhun ihmisille oikein kuuluisia sanoja
<span>Em</span>                          <span>A</span>
mutta niis on tänään puolet tyhjää
<span>D</span>                      <span>G</span>
en oo valehtelija mutt säästelen vaan totuutta 
    <span>Em</span>                            <span>A</span>
kun tunnen niin ei siin oo mitään väärää 
<span>F#m</span>                   <span>Hm</span>
kuitenkin mun sisällä myrskyt puhaltaa
<span>G</span>               <span>A</span>
metsä taipuu ja seiniä kaatuu

<span>D</span>       <span>A</span>       <span>Hm</span>      <span>A</span>
aha aha oho oho aha aha salaisuudet 
<span>D</span>       <span>A</span>       <span>Hm</span>      <span>A</span>
aha aha oho oho aha aha salaisuudet

<span>D</span>                    <span>A</span>         <span>Hm</span>
Kukaan ei saa tietää ketä aattelen 
             <span>G</span>    <span>A</span>
mitkä on mun salaisuudet
<span>F#m</span>                   <span>Hm</span>
kuitenkin mun sisällä myrskyt puhaltaa
<span>G</span>            <span>A</span>
metsä taipuu ja seiniä kaatuu
<span>D</span>                    <span>A</span>         <span>Hm</span>  <span>G</span>  <span>A</span>
Kukaan ei saa tietää mitä aattelen 
<span>D</span>                    <span>A</span>         <span>Hm</span>
kukaan ei saa tietää ketä aattelen
             <span>G</span>    <span>A</span>
mitkä on mun salaisuudet

<span>D</span>               <span>A</span>        <span>Hm</span>
aha aha oho oho aha aha
             <span>G</span>    <span>A</span> 
mitkä on mun salaisuudet
<span>D</span>                    <span>A</span>         <span>Hm</span>
kukaan ei saa tietää ketä aattelen
             <span>G</span>    <span>A</span>
mitkä on mun salaisuudet
