%%%% rating:None %%%%
%%%% artist:Tush Tabs %%%%
%%%% url:http://tabs.ultimate-guitar.com/t/tush/el_rostro_del_amor_crd.htm %%%%
%%%% title:El Rostro Del Amor Chords %%%%
%%%% comments:[] %%%%
%%%% difficulty:None %%%%
%%%% provider:ultimate-guitar %%%%
%%%% contributor:None %%%%
%%%% type:Chords %%%%
%%%% Tab:<i></i>              <span>D</span>                  <span>Bm</span>
Cuando haya cielos, que en ti se nublen,

       <span>G</span>                           <span>A</span>
en el rostro del amor habrá un camino.

            <span>D</span>              <span>Bm</span>
Siente mis manos, no te desvíes,

           <span>G</span>                             <span>A</span>
verás que sí hay algo sincero en estos brazos.


         <span>Bm</span>                      <span>G</span>
Que se mueren por tenerte cada día,


     <span>D</span>                        <span>A</span>
anhelando a que confíes todavía...


    <span>Bm</span>                 <span>G</span>
En medio, de esta soledad,

                 <span>D</span>                       <span>A</span>
se aclara el destino de mi vida y la verdad.

    <span>Bm</span>                  <span>G</span>
En medio, de esta oscuridad,

           <span>D</span>      <span>A</span>
caerá una luz...

<span>G</span>               <span>A</span>                   <span>Bm</span>
Renaceré mi pasión, motivaré el corazón,

            <span>D</span>                         <span>G</span>
en esta nostalgia, que nos une a los dos.

    <span>A</span>              <span>D</span>
Tu rostro, me cautivó.


Intermedio: <span>D</span>, <span>A</span>, <span>Bm</span>, <span>G</span>


              <span>D</span>                   <span>Bm</span>
Cuando haya cielos, que en ti no brillen,

            <span>G</span>                             <span>A</span>
en la más frágil sensación habrá un respiro.

            <span>D</span>               <span>Bm</span>
Siente mis manos, y no te olvides,

              <span>G</span>                          <span>A</span>
que aquí estará mi corazón siempre sincero.


         <span>Bm</span>                      <span>G</span>
Que se hiere al no tenerte cada día,


     <span>D</span>                              <span>A</span>
anhelando a que lo encuentres todavía...


    <span>Bm</span>                 <span>G</span>
En medio, de esta soledad,

                 <span>D</span>                       <span>A</span>
se aclara el destino de mi vida y la verdad.

    <span>Bm</span>                   <span>G</span>
En medio, de esta oscuridad,

            <span>D</span>     <span>A</span>
caerá una luz...

<span>G</span>               <span>A</span>                   <span>Bm</span>
Renaceré mi pasión, motivaré el corazón,

            <span>D</span>                         <span>G</span>
en esta nostalgia, que nos une a los dos.

    <span>A</span>               <span>D</span>
Tu rostro, me cautivó.

   <span>A</span>            <span>Bm</span>    <span>A</span>
Ohhhhh, me cautivó.

         <span>D</span>
Me cautivó.
