%%%% rating:None %%%%
%%%% artist:Tush Tabs %%%%
%%%% url:http://tabs.ultimate-guitar.com/tab/1586670 %%%%
%%%% title:Así Llegaste Tab %%%%
%%%% comments:[] %%%%
%%%% difficulty:None %%%%
%%%% provider:ultimate-guitar %%%%
%%%% contributor:None %%%%
%%%% type:Tabs %%%%
%%%% Tab:<i></i>Que tal, esta es mi primera transcripcion.... espero que les guste.

Intro
       G                D                   Am            C
e|-----2---x-|---2--0h2h0h2h0h2------|------------x--|-----x----|
B|-----2---x-|---1---------------3---|--0h1---0---x--|-----x----|
G|--0--0---x-|---2-------------------|------------x--|--0--x----|
D|--0------x-|------0----------------|------------x--|--2--x----|
A|--2------x-|-----------------------|--0-----0---x--|--3--x----|
E|---------x-|-----------------------|------------x--|-----x----|

       G                D                   Am            C
e|-----2---x-|---2--0h2h0h2h0h2------|---------------|-----x----|
B|-----2---x-|---1---------------3---|--0h1---0------|-----x----|
G|--0--0---x-|---2-------------------|-----------3---|--0--x----|
D|--0------x-|------0----------------|---------------|--2--x----|
A|--2------x-|-----------------------|--0-----0------|--3--x----|
E|---------x-|-----------------------|---------------|-----x----|

Despues los acordes se tocan con el mismo ritmo del acorde Sol del intro:

G        D
Era tan oscuro
             Am        C
tenia tanto miedo de sentir
G               D
como una daga en el pecho
             Am            C
un viejo amor me negaba a vivir

(Pequeño Rasgeo)

G         D
Solo en silencio
     Am              C
sin palabras sin dormir
G               D
Arrastrando al olvido para asi
Am         C
Dejarme exsitir

        C
e|--------------|
B|-----------1--|
G|--------0-----|
D|-----2--------|
A|--3-----------|
E|--------------|


(Esta parte y el intro la van a tocar con puro rasgueo)

Em             C
Y en esos momentos que pense
     G                     D
que solo me quedaba en la nada
Em          C          G          D
que con tu voz era lo que me consolaba

(Se detiene la guitarra con un golpe en las cuerdas)

Em       C
Y asi legaste
     G    D            Em           C
Te convertiste en mi luz mi inspiracion
           G              D
La fuerza de mi voz mi amor

Em        C
Y asi llegaste
     G    D           Em        C
Te convertiste en mi única ilusión
         G             D
Lo que motiva esta canción

(Puenteo) G  D  Am  C (x2)


(Esta parte se sigue tocando con rasgueo)


G             D
Y esque tuve miedo
            Am               C
Porque pensé que en unos brazos
G                 D
Estaba puesta mi vida
             Am               C
Y no note que estuviste a un lado

Em             C
Y en esos momentos que pense
     G                     D
que solo me quedaba en la nada
Em        C          G           D
y con tu voz era lo que me consolaba

(Se detiene la guitarra con un golpe en las cuerdas)

Em      C
Y asi legaste
     G    D            Em           C
Te convertiste en mi luz mi inspiracion
           G              D
La fuerza de mi voz mi amor

Em        C
Y asi llegaste
     G    D           Em        C
Te convertiste en mi única ilusión
         G              D
Lo que motiva esta canción

Em         C
No puedo creer que con tu amor
      G                    D
Me elevas y me llevas al cielo
Em        C            G           D
No hay heridas tan profundas que duelan

(Arpegio) G  D  Am  C (x4)

(En esta parte vamos a tocar un solo rasgueo por cada acorde)
         Em                C9
e|-----0-----------|------2---------|------2--------------------|
B|-----2-----------|------2---------|------2--------------------|
G|-----2-----------|------0---------|------0--------------------|
D|-----0-----------|------3---------|------0--------------------|
A|-----0-----------|------3---------|------2--------------------|
E|-----0-----------|------0---------|------3--------------------|
   Y asi llegaste     te convertiste   en luz mi inspiración

e|------------2----------|
B|------------3----------|
G|------------2----------|
D|------------0----------|
A|------------0----------|
E|-----------------------|
   La fuerza de mi voz
