%%%% rating:None %%%%
%%%% artist:A Flock Of Seagulls Tabs %%%%
%%%% url:http://tabs.ultimate-guitar.com/a/a_flock_of_seagulls/i_ran_ukulele_crd.htm %%%%
%%%% title:I Ran Ukulele Chords %%%%
%%%% comments:[] %%%%
%%%% difficulty:None %%%%
%%%% provider:ultimate-guitar %%%%
%%%% contributor:None %%%%
%%%% type:Ukulele %%%%
%%%% Tab:<i></i>Intro 
(2 bars of each)
<span>A</span>  <span>G</span>  <span>A</span>  <span>G</span>  <span>F</span>  <span>G</span>  <span>A</span> (bass & drums)
<span>A</span>  <span>G</span>  <span>A</span>  <span>G</span>  <span>F</span>  <span>G</span>  <span>A</span> (guitar)

Verse
<span>A</span>
I walked along the avenue
                                    <span>G</span>                                  
I never thought Id meet a girl like you
Meet a girl like you
<span>A</span>
With auburn hair and tawny eyes 
                                   <span>G</span>
The kind of eyes that hypnotize me through
Hypnotize me through

Chorus
      <span>F</span>                  <span>G</span>
And I ran, I ran so far away
       <span>F</span>                        <span>G</span> 
I just ran, I ran all night and day
N.<span>C</span>.
I couldn’t get away

<span>A</span>  <span>G</span>  <span>A</span>  <span>G</span> (2 bars of each)

Verse
<span>A</span>
A cloud appears above your head
                                      <span>G</span>
A beam of light comes shining down on you
Shining down on you
<span>A</span>
The cloud is moving nearer still
                         <span>G</span>
Aurora borealis comes in view
Aurora comes in view

Chorus

Bridge [C and drums…..4 bars] 
<span>A</span> <span>G</span> <span>A</span> <span>G</span> <span>F</span> <span>G</span> <span>F</span> <span>G</span> (2 bars of each with solo)

Verse
<span>A</span>
Reached out a hand to touch your face
                                   <span>G</span>
You’re slowly disappearing from my view;
‘pearing from my view
<span>A</span>
Reached out a hand to try again
                                     <span>G</span> 
I’m floating in a beam of light with you
A beam of light with you

Chorus

Bridge 
<span>A</span>  <span>G</span>  <span>A</span>  <span>G</span>  <span>F</span>  <span>G</span>  <span>F</span>  <span>G</span> (2 bars of each with solo)

