%%%% rating:r_4 %%%%
%%%% artist:Smithereens Tabs %%%%
%%%% url:http://tabs.ultimate-guitar.com/s/smithereens/blood_and_roses_crd.htm %%%%
%%%% title:Blood And Roses Chords %%%%
%%%% comments:[] %%%%
%%%% difficulty:None %%%%
%%%% provider:ultimate-guitar %%%%
%%%% contributor:None %%%%
%%%% type:Chords %%%%
%%%% Tab:<i></i>#----------------------------------PLEASE NOTE---------------------------------#
#This file is the author's own work and represents their interpretation of the #
#song. You may only use this file for private study, scholarship, or research. #
#------------------------------------------------------------------------------##
Date: Fri, 28 Jul 95 09:30:09 -0400
From: "Michael Zalot[mav]" <mcz>
Subject: TAB: "Blood And Roses" by The Smithereen


"Blood and Roses" by The Smithereens
transcription by Mike C. Zalot


Intro/Verse Pattern (Electric Bass)

|-------------------|-----------------0----|
|-------------0-----|-------------------0--|
|-----2---------2---|-------2-----2--------|
|0---3----3---------|0----3-----3----------|



 <span>Em</span>         <span>G</span>        <span>Em</span>          <span>G</span>    <span>D</span>
|0---0-0----3---3---|0---0-0-----3---------|
|0---0-0----3---3---|0---0-0-----3----3----|
|0---0-0----0---0---|0---0-0-----0----2----|
|2---2-2----0---0---|2---2-2-----0----0----|
|2---2-2------------|2---2-2---------------|
|0---0-0----3---3---|0---0-0-----3---------|

It was long ago, it seems like yesterday
I saw you standing in the rain
Then I heard you say

 <span>Cmaj7</span>     <span>Dsus2</span>     <span>Em</span>
|0---------0--------|0---------------------|
|0---------3--------|0---------------------|
|0---------2--------|0---------------------|
|2---------0--------|2---------------------|
|3------------------|2---------------------|
|-------------------|0---------------------|

I want your love, but your love's too strong
I need your love but I don't belong

 <span>Cmaj7</span>     <span>Dsus2</span>     <span>Asus2</span>
|0---------0--------|0---------------------|
|0---------3--------|0---------------------|
|0---------2--------|2---------------------|
|2---------0--------|2---------------------|
|3------------------|0---------------------|
|-------------------|----------------------|

I close my eyes and I see blood and roses

Flowers in the springtime, October we were wed
Wintertime the roses died,
You turned to me and said . . . .</mcz>
