%%%% rating:None %%%%
%%%% artist:Turf Tabs %%%%
%%%% url:http://tabs.ultimate-guitar.com/tab/1586644 %%%%
%%%% title:Para Mí, Para Vos Tab %%%%
%%%% comments:[] %%%%
%%%% difficulty:None %%%%
%%%% provider:ultimate-guitar %%%%
%%%% contributor:None %%%%
%%%% type:Tabs %%%%
%%%% Tab:<i></i>'Para mi, para vos'
Turf

(Riff verso)

   A                 D
1)---------0-------|-------------------
2)-----------0-----|-------------------
3)-----2-------2---|-----2-------2-----
4)---2---2-------2-|-2/4-----2/4---2---
5)-0---------------|-------0-----------
6)-----------------|-------------------

Para cualquiera yo soy la entrega que nunca llega
Para el bombero soy el incendio que no apagó
Para morir, nacer, crear, creer, salir, volver
tenés que entender
Para que veas que soy paciente voy a esperar, oh


(Riff chorus)

1)------------------------
2)------------------------
3)-2-0---------0-2-0------
4)-----2-----2-------2-0--
5)-------0-0--------------
6)------------------------

Hay para mi, para vos, para él
Para todos los demás
Hay para mi, para vos, para él
Para todos los demás

(Riff verso)

Para mi abuela yo soy la muela que perdió el juicio
Para mi vida soy el enfermo y soy el doctor
Para ser vos, ser yo, es si o es no, ayer es hoy
mañana es mejor
Lo que el dinero no va a comprar tiene mas valor

(Riff chorus)

Hay para mi, para vos, para él
Para todos los demás
Hay para mi, para vos, para él
Para todos los demás
Hay para mi!

1)--------------------------------------------------
2)--------------------------------------------------
3)--------------------------------------------------
4)-----------------2-2-2-2-2-2-2-2------------------
5)-2-2-2-2-2-2-2-2-0-0-2-0-3-0-2-3-2-2-2-2-2-2-2-2--
6)-0-0-2-0-3-0-2-3-----------------0-0-2-0-3-0-2-3--

1)------------------------------------------------
2)------------------------------------------------
3)------------------------------------------------
4)-2-2-2-2-2-2-2-2-2-2-2--5-5-5-5-5-5-5-5-5-5-5-5-
5)-2-2-4-2-2-4-2-2-4-2-2--5-5-7-5-5-7-5-5-7-5-5-7-
6)------------------------------------------------

A                  D                      A      D
Ya tenemos el tesoro, nadie te lo va a sacar...
A                  D                         A   D
No pensar en el futuro porque no se va a acabar

Hay para mi, para vos, para él
Para todos los demás
Hay para mi, para vos, para él
Para todos los demás
Hay para mi, hay para vos, hay para él,
hay para todos los que quieran estar...
Hay para mi, para vos, para él
Para todos los demás...
Hay para mi.....
Hay para vos...
Hay para todos...
Yo sé que hay, se que hay....
