%%%% rating:None %%%%
%%%% artist:Turnstyle Tabs %%%%
%%%% url:http://tabs.ultimate-guitar.com/t/turnstyle/spray_water_on_the_stereo_tab.htm %%%%
%%%% title:Spray Water On The Stereo Tab %%%%
%%%% comments:[] %%%%
%%%% difficulty:None %%%%
%%%% provider:ultimate-guitar %%%%
%%%% contributor:None %%%%
%%%% type:Tabs %%%%
%%%% Tab:<i></i>Song Name: Spray Water on the Stereo
CD: Turnstyle Country
Artist: Turnstyle
Transcribed By: paragon

The intro is actually played on a keyboard but i figured it
out on the guitar anyway, y'know, in case you wanted a lead
and a rhythym

intro (keyboard)
e|--------------------------------------------------------------|
B|--------------13-------------13-------------13----------------|
G|--12h14-12h14----12h14-12h14----12h14-12h14----12h14-12h14----|
D|-----------------------------------------------------------14-|
A|--------------------------------------------------------------|
E|--------------------------------------------------------------|


This is on the guitar while the keyboard is playing the
above - intro (guitar)
e|-------------------------------------------------------------|
B|--------------------------8----------------------------------|
G|-----9-------9-------9------9--------------------------------|
D|--10------10------10-----------------------------------------|
A|-------------------------------------------------------------|
E|-------------------------------------------------------------|


verse (clean)
(1)
e|-------------------------------------------------------------|
B|-------------------------------------------------------------|
G|--5-5-5-555-5-5-5--5-5-555-5-5-5--5-5-555-5-5-5--5-5-555-5-5-|
D|-------------------------------------------------------------|
A|-------------------------------------------------------------|
E|-------------------------------------------------------------|
(2)
e|-------------------------------------------------------------|
B|-------------------------------------------------------------|
G|--7-9p7/5--7-9p7/5--5-5-5-555-5-5-5--5-5-555-----------------|
D|-------------------------------------------------------------|
A|-------------------------------------------------------------|
E|-------------------------------------------------------------|

pre-chorus (distortion)
e|-------------------------------------------------------------|
B|-------------------------------------------------------------|
G|-------------------------------------------------------------|
D|--7-7-7-7-7-7-7-7-5-x-x-x------------------------------------|
A|--5-5-5-5-5-5-5-5-3-x-x-x------------------------------------|
E|-------------------------------------------------------------|

chorus
e|-------------------------------------------------------------|
B|-------------------------------------------------------------|
G|-------------------------------------------------------------|
D|----------7-7-7-7-5-5-5-5-5-5-5-5----------------------------|
A|--3-3-3-3-5-5-5-5-3-3-3-3-3-3-3-3----------------------------|
E|--1-1-1-1----------------------------------------------------|

solo
(1)
e|------------------------------------------------------------------------------|
B|------------------------------------------------------------------------------|
G|--12-12-------12-----12-12------12-----12-12-------12-12-------12-12-------12-|
D|--------10-10-----10------10-10-----10-------10-10-------10-10-------10-10----|
A|------------------------------------------------------------------------------|
E|------------------------------------------------------------------------------|
(2)
e|-------------------------------------------------------------|
B|-------------------------------------------------------------|
G|--14-14-12-12--------14-14-12-12-----------------------------|
D|--------------10--10-------------10--------------------------|
A|-------------------------------------------------------------|
E|-------------------------------------------------------------|
(3)
e|-------------------------------------------------------------|
B|-------------------------------------------------------------|
G|-----12-12-------12-----12-12---------12---------------------|
D|--10-------10-10-----10------10101010------------------------|
A|-------------------------------------------------------------|
E|-------------------------------------------------------------|

AND

Song Name: Portamento
CD: Turnstyle Country
Artist: Turnstyle
Transcribed By: paragon

Turnstyle used Casio throughout every single song (there might
be a few were the keyboard isn't featured) on the Country CD
so i figured out the keyboard part on the guitar and labeled
it as LEAD

intro (lead)
e|--12----12----12----15---12----12----12----------|
B|-----13----13----13----------13---13----13-------|
G|-------------------------------------------12----|
D|-------------------------------------------------|
A|-------------------------------------------------|
E|-------------------------------------------------|

e|--12----12----12----15---17----15----------------|
B|-----13----13----13------------------------------|
G|-------------------------------------------------|
D|-------------------------------------------------|
A|-------------------------------------------------|
E|-------------------------------------------------|

intro (rhythym) distortion
e|--------------------------------------------------|
B|--------------------------------------------------|
G|--------------------------------------------------|
D|--5-5-5-5-5-5-5-5---------------------------------|
A|--3-3-3-3-3-3-3-3-3-3-3-3-3-3-3-3-7-7-7-7-7-7-7-7-|
E|------------------1-1-1-1-1-1-1-1-5-5-5-5-5-5-5-5-|

e|-------------------------------------------------|
B|-------------------------------------------------|
G|-------------------------------------------------|
D|-------------------------------------------------|
A|--3-3-3-3--5-5--5-5------------------------------|
E|--1-1-1-1--3-3--3-3------------------------------|


verse (rhythym) clean

(a)
e|-------------------------------------------------|
B|--5-5-5-5-5-5-5-5-5-5-5-5-5-5-5-5----------------|
G|--5-5-5-5-5-5-5-5-5-5-5-5-5-5-5-5----------------|
D|--5-5-5-5-5-5-5-5-5-5-5-5-5-5-5-5----------------|
A|--3-3-3-3-3-3-3-3-3-3-3-3-3-3-3-3----------------|
E|-------------------------------------------------|

(b)
e|-------------------------------------------------|
B|--1-1-1-1-1-1-1-1-1-1-1-1------------------------|
G|--2-2-2-2-2-2-2-2-2-2-2-2------------------------|
D|--3-3-3-3-3-3-3-3-3-3-3-3------------------------|
A|--3-3-3-3-3-3-3-3-3-3-3-3--5-5--5-5--------------|
E|--1-1-1-1-1-1-1-1-1-1-1-1--3-3--3-3--------------|

verse (lead) This starts playing when rhythym goes into (b)
e|-------------------------------------------------|
B|--8--8/5--3/8-8/3/5------------------------------|
G|-------------------------------------------------|
D|-------------------------------------------------|
A|-------------------------------------------------|
E|-------------------------------------------------|

this part plays only on (a) in the second part of the verse
e|--12------12--------12------12-------------------|
B|-----13-------13-------13-------13---------------|
G|--------12------12--------12------12-------------|
D|-------------------------------------------------|
A|-------------------------------------------------|
E|-------------------------------------------------|

solo lead
(play the intro through once then move onto this)
e|--12--12--12--12--12----12----12----12-------|
B|----13--13--13--13---13----15----15----13----|
G|---------------------------------------------|
D|---------------------------------------------|
A|---------------------------------------------|
E|---------------------------------------------|
while the lead is playing, rhythym repeats intro twice
e|--12--------------------12------12---------------|
B|-----15-13-15-13-15-1315--151315--15-------------|
G|-------------------------------------------------|
D|-------------------------------------------------|
A|-------------------------------------------------|
E|-------------------------------------------------|

rhythym solo
( well, guitar solo anyway >:=> )
this is played straight after the keyboard solo and
the keyboard doesn't play anything in the background
e|-------------------------------------------------|
B|--8------------------------8---------------------|
G|-------9-7-5----5-7-9----9---9-5----5-5----------|
D|-------------------------------------------------|
A|-------------------------------------------------|
E|-------------------------------------------------|

rhythym distortion
e|-------------------------------------------------|
B|-------------------------------------------------|
G|-------------------------------------------------|
D|-------------------5-5-5-5-5-5--5-5--------------|
A|--5-5-5-5-5-5--5-5-3-3-3-3-3-3--3-3--------------|
E|--3-3-3-3-3-3--3-3-------------------------------|
repeat the above twice and on the end of the second time
(when it switches to the C power chord) take it off
distortion and strum for twice as long

I've put them as close to their 'order of play' as
possible but the only way you'll get is if you listen
to the song

if anyone knows the lyrics, mail them tooooo:
insygnite@hotmail.com

muchly appreciated
