%%%% rating:r_5 %%%%
%%%% artist:Turtles Tabs %%%%
%%%% url:http://tabs.ultimate-guitar.com/t/turtles/shed_rather_be_with_me_crd.htm %%%%
%%%% title:Shed Rather Be With Me Chords %%%%
%%%% comments:[u'<p class="mtop5">perfect, love it</p>'] %%%%
%%%% difficulty:None %%%%
%%%% provider:ultimate-guitar %%%%
%%%% contributor:None %%%%
%%%% type:Chords %%%%
%%%% Tab:<i></i>#----------------------------------PLEASE NOTE--------------------------------#
#This file is the author's own work and represents their interpretation of the#
#song. You may only use this file for private study, scholarship, or research.#
#-----------------------------------------------------------------------------#
                       "She'd Rather Be With Me"
                      (Gary Bonner - Alan Gordon)


Intro (rhythm guitar in eighth notes; slide into chords):

	<span>F#</span>       <span>C#</span>       <span>F#</span>      <span>F#</span> [arpeggiate xx4322]
	/ / / /  / / / /  / / / /  /

Verse 1:

	      <span>B</span>            <span>C#</span>
	Some girls love to run around
	         <span>E</span>           <span>F#</span>         <span>B</span>
	Like to handle everything they see
	        <span>B</span>            <span>C#</span>
	But my girl has more fun around
	         <span>E</span>                <span>F#</span>      <span>B</span>
	And you know she'd rather be with me

Chorus:

	      <span>B</span>         <span>B7</span>            <span>E</span>
	Me-oh-my, lucky guy is what I am
	         <span>C#</span>                <span>A</span>
	Tell you why you'll understand
	          <span>F#</span>                <span>B</span>       <span>G7</span>   <span>F#7</span>
	She don't fly although she can

Verse 2:

	Some boys love to run around
	They don't think about the things they do
	But this boy wants to settle down
	And you know he'd rather be with you

[repeat chorus]

Bridge/key change:

	<span>F#7</span>
	Ba ba ba ba  ba-ba ba	[2X]
	<span>G7</span>
	Ba ba ba ba  ba-ba ba	[2X]

Verse 3:

	      <span>C</span>             <span>D</span>
	Some girls love to run around
	         <span>F</span>           <span>G</span>          <span>C</span>
	Like to handle everything they see
	        <span>C</span>             <span>D</span>
	But my girl has more fun around
	         <span>F</span>                <span>G</span>
	And you know she'd rather be with
	<span>F</span>                <span>G</span>
	Yes she'd rather be with
	     <span>F</span>                 <span>G</span>      <span>C</span>
	You know she'd rather be with me

Coda:

	<span>C</span>        <span>D</span>        <span>F</span>   <span>G</span>    <span>C</span> [N.<span>C</span>.; horn (<span>G</span>) and cowbell]
	/ / / /  / / / /  / / / /  / / / /

	<span>C</span>         <span>D</span>              <span>F</span>                <span>G</span>       <span>C</span>
	Ba-ba-ba, ba-ba-ba, you know she'd rather be with me [repeat to fade]


-- another ace 60's tab from Andrew Rogers
