%%%% rating:None %%%%
%%%% artist:Tuzos Tabs %%%%
%%%% url:http://tabs.ultimate-guitar.com/t/tuzos/no_puedo_seguir_crd.htm %%%%
%%%% title:No Puedo Seguir Chords %%%%
%%%% comments:[] %%%%
%%%% difficulty:None %%%%
%%%% provider:ultimate-guitar %%%%
%%%% contributor:None %%%%
%%%% type:Chords %%%%
%%%% Tab:<i></i>
<span>G</span>      <span>D</span>             <span>C</span>               <span>G</span>              SOL
a pasado el tiempo y yo aun no he podido olvidarme de ti a pasado
<span>D</span>                    <span>C</span>                 <span>G</span>
el  tiempo y quizas mis ojos nunca nunca te vuelvan a mirar de
           <span>D</span>               <span>C</span>                        <span>G</span>
las flores tu eres lamejor la rosa que ami vida vino adarle color
             <span>D</span>              <span>C</span>                         <span>G</span>
yo quisiera volverte a mirar y es que estando atu lado me haces vibrar
<span>G</span>         <span>D</span>            <span>C</span>                  <span>G</span>
nena linda la vida te dio una linda bellesa que el destino envidio pues
          <span>D</span>                <span>C</span>                     <span>G</span>
el tiempo no puede entender que siendo prolongado yo te pueda querer
<span>G</span>   <span>D</span>           <span>C</span>                     <span>G</span>
no no puedo seguir viviendo de recuerdos y muriendo por ti cuando ni
<span>D</span>                <span>C</span>           <span>G</span>
cuenta tedas por ti enamorado vivo en la soledad.

nena linda la vida te dio una linda bellesa qu el destino envidio pues

el tiempo no puede entender que siendo prolongado yo te pueda querer

no no puedo seguir viviendo de recuerdos y muriendo por ti cuando ni

cuenta tedas por ti enamorado vivo en la soledad.
<span>G</span>   <span>D</span>          <span>C</span>                      <span>G</span>
no no puedo seguir viviendo de recuerdos y muriendo por ti cuando ni
<span>D</span>              <span>C</span>              <span>G</span>
cuenta tedas por ti enamorado vivo en la soledad.
<span>G</span>   <span>D</span>            <span>G</span>      <span>D</span>          <span>C</span>  SOL
no no puedo seguir iiiir no no puedo seguiiiir...

camara banda espero que les guste cualquier comentario al correo
jefhardeyw@ apoyen a los tuzos y que el rock sea....
