%%%% rating:None %%%%
%%%% artist:Tutti Frutti Band Tabs %%%%
%%%% url:http://tabs.ultimate-guitar.com/t/tutti_frutti_band/krila_leptira_crd.htm %%%%
%%%% title:Krila Leptira Chords %%%%
%%%% comments:[] %%%%
%%%% difficulty:None %%%%
%%%% provider:ultimate-guitar %%%%
%%%% contributor:
                                    intermediate                                 %%%%
%%%% type:Chords %%%%
%%%% Tab:<i></i>Intro:
E|--3-----3-2-----2-0-----0-----5-----7-8-----8-7----|
H|------0-------0-------0-----------5-------5--------|
G|----0-------0-------0-----------5-------5----------|
D|--2-------0-------------------7-------7------------|
A|------------------3---------------------------7----|
E|---------------------------------------------------|

E|-2-----3s5-2-0-----0-|
H|-----3-----------0---|
G|---2-----------0-----|
D|-0-----------2-------|
A|---------------------|
E|---------------------|

   Neki  ljudi padnu i opet polete...
   <span>Em7</span>     <span>H</span>       <span>H7</span>      <span>Em</span>      <span>Em7</span> ..
E|-3-----3-2-----2-2-----2-0-----0-3-----3------------|
H|-----0-------4-------4-------0-------0--------------|
G|---0-------4-------2-------0-------0----------------|
D|-2-------4-------4-------2-------2------------------|
A|----------------------------------------------------|
E|----------------------------------------------------|

Ovo razlaganje ide kroz strofe


 <span>Em7</span>         <span>H</span>      <span>H7</span>    <span>Em</span>
Neki ljudi padnu i opet polete...
Ja bi htio al ne mogu bez tebe....


Refren:
  <span>G</span>         <span>D</span>      <span>Am</span> [H]     <span>Em</span>   
A letio sam nekad, letio i ja...          
  <span>Em</span>       <span>H</span>      <span>H7</span>     <span>Em</span>               
Imao sam krila, krila leptira..  x2


 <span>Em7</span>        <span>H</span>      <span>H7</span>      <span>Em</span>
Imam nesto tuzno, tuzno u meni..
Sto mi neda da ja opet poletim..

Refren:
Solo:

 <span>Em7</span>        <span>H</span>    <span>H7</span>      <span>Em</span>
Visoko je nebo, bog i andjeli...
Ali ja nemogu gore, kao ti...

Refren:

outro:
isti je kao i intro
E|-[12]-
H|-[12]-
G|-[12]-

