%%%% rating:r_5 %%%%
%%%% artist:Turtles Tabs %%%%
%%%% url:http://tabs.ultimate-guitar.com/t/turtles/elenore_crd.htm %%%%
%%%% title:Elenore Chords %%%%
%%%% comments:[u'<p class="mtop5">What a great song and a great tab!!! Just heard the song and thought...**** yeah would be a good one to play. Cheers mate.</p>', u'<p class="mtop5">Great chords man! Sounds perfect!</p>', u'<p class="mtop5">Best version yet! KK.</p>'] %%%%
%%%% difficulty:None %%%%
%%%% provider:ultimate-guitar %%%%
%%%% contributor:None %%%%
%%%% type:Chords %%%%
%%%% Tab:<i></i>#----------------------------------PLEASE NOTE--------------------------------#
#This file is the author's own work and represents their interpretation of the#
#song. You may only use this file for private study, scholarship, or research.#
#-----------------------------------------------------------------------------#
                               "Elenore"
                             (The Turtles)

Intro:

	<span>Em</span>
	/ / / /  / / / /

Verse 1:

	<span>Em</span>
	You got a thing about you
	<span>Am</span>(add9)      <span>Am</span>
	I just can't live without you
	<span>B7</span>                           <span>Em</span>         <span>C</span>   <span>B7</span>
	I really want you, Elenore, near me
	<span>Em</span>
	Your looks intoxicate me
	<span>Am9</span>          <span>Am</span>
	Even though your folks hate me
	<span>B7</span>                                 <span>Em</span>   [<span>B</span> <span>C</span> <span>B</span> <span>G</span>  single notes]
	There's no one like you, Elenore, really

Chorus:

	<span>E</span>                            <span>G#m</span>
	Elenore, gee I think you're swell
	                      <span>A</span>
	And you really do me well
	           <span>E</span>                 <span>B7</span>
	You're my pride and joy, et cetera
	<span>F#m</span>    <span>F#m</span>/maj7         <span>F#m7</span>
	Elenore, can I take the time
	                          <span>B7</span>
	To ask you to speak your mind
	                          <span>E</span>      [1: <span>B</span> <span>C</span> <span>B</span> <span>G</span>   single notes]
	Tell me that you love me better  [2: E   B7    to coda]

Verse 2:

	I really think you're groovy
	Let's go out to a movie
	What do you say, now, Elenore, can we?
	They'll turn the lights way down low
	Maybe we won't watch the show
	I think I love you, Elenore, love me

[repeat chorus]

Coda:

	<span>E</span>                            <span>G#m</span>      <span>B7</span>
	Elenore, gee I think you're swell  ah-hah	[2X]
	    <span>E</span>
	...hah


-- another ace 60's tab from Andrew Rogers
