%%%% rating:None %%%%
%%%% artist:Tus Locas Razones Tabs %%%%
%%%% url:http://tabs.ultimate-guitar.com/t/tus_locas_razones/tu_controlas_tu_destino_crd.htm %%%%
%%%% title:Tu Controlas Tu Destino Chords %%%%
%%%% comments:[] %%%%
%%%% difficulty:None %%%%
%%%% provider:ultimate-guitar %%%%
%%%% contributor:None %%%%
%%%% type:Chords %%%%
%%%% Tab:<i></i>Mi segunda cancion (: wiiiiii ;D
i lo mejor qe nadie la sabe solo yoo (Soy el primero)

INTRO  <span>A5</span> <span>B5</span> <span>C#5</span>

<span>A5</span>                   <span>B5</span>
Porque la vida es irreal
                  <span>C#5</span>
y piensas que todo va mal
<span>A5</span>                    <span>B5</span>
querre justicia y soledad
                        <span>C#5</span>
son cosas que se pueden evitar


        <span>A5</span>
por eso hoy(por eso hoy)
<span>B5</span>             <span>C#5</span>
te voy a contar
          <span>A5</span>
lo que me das(lo que me das)
<span>B5</span>             <span>C#5</span>
quieres escuchar


<span>A</span>                      <span>B</span>
pero este cuento se acabo
                    <span>C#m</span>       <span>E5</span>-<span>F#5</span>-<span>E5</span>
abre los ojos y estaras mejor
<span>A</span>      <span>B</span>        <span>C#m</span>
y asi veras que no estas tan mal


<span>E5</span>
si te caes te volveras a levantar
<span>A5</span>                                  <span>C#5</span>
mira el cielo y te daras cuenta que alguien vendra
<span>B5</span>
te sacara de alli
<span>A5</span>
tu controlas tu destino
<span>E5</span>
si la vida te cierra una puerta mas
<span>A5</span>
no te asustes simpre te van a ayudar
<span>C#5</span>            <span>B5</span>
y esque no hay tiempo para llorar
<span>A5</span>                      <span>E5</span>
tu controlas tu destino


<span>A</span>
pasan los dias sin pensar
<span>B</span>                      <span>C#m</span>
me queda mucho por vivir
<span>A</span>
esta lucha no es en vano
<span>B</span>                    <span>C#m</span>
tu decides ser feliz


        <span>A5</span>
por eso hoy(por eso hoy)
<span>B5</span>             <span>C#5</span>
te voy a contar
          <span>A5</span>
lo que me das(lo que me das)
<span>B5</span>             <span>C#5</span>
quieres escuchar


<span>A</span>
y en el espejo mirarte
<span>B</span>                  <span>C#m</span>    <span>E5</span>-<span>F#5</span>-<span>E5</span>
sonrie un poco y liberate
<span>A</span>       <span>B</span>           <span>C#m</span>
y asi veras cual es tu realidad


<span>E5</span>
si te caes te volveras a levantar
<span>A5</span>                                  <span>C#5</span>
mira el cielo y te daras cuenta que alguien vendra
<span>B5</span>
te sacara de alli
<span>A5</span>
tu controlas tu destino
<span>E5</span>
si la vida te cierra una puerta mas
<span>A5</span>
no te asustes simpre te van a ayudar
<span>C#5</span>            <span>B5</span>
y esque no hay tiempo para llorar
<span>A5</span>                      <span>E5</span>
tu controlas tu destino
