%%%% rating:None %%%%
%%%% artist:Turisas Tabs %%%%
%%%% url:http://tabs.ultimate-guitar.com/t/turisas/cursed_be_iron_ver2_tab.htm %%%%
%%%% title:Cursed Be Iron (ver 2) Tab %%%%
%%%% comments:[] %%%%
%%%% difficulty:None %%%%
%%%% provider:ultimate-guitar %%%%
%%%% contributor:
                                     %%%%
%%%% type:Tabs %%%%
%%%% Tab:<i></i>----------------------------------------------------------------------------
                Cursed be Iron - Turisas
----------------------------------------------------------------------------
Tabbed by: Joel Keane (jk41)
Email:

Tuning: standard
Wicked riff, so Im going to have a crack at working it out
Hopefully will be better than the other version
All open E's are palm muted
e|--------------------------------------------------------------------------|
B|--------------------------------------------------------------------------|
G|--------------------------------------------------------------------------|
D|-9/10\9-----9-----9-----9-9/10\9-----9-7-12-10---9/10\9-----9-----9-----9-|
A|-7/8-\7-----7-----7-----7-7/8-\7-----7-5-10-8----7/8-\7-----7-----7-----7-|
E|--------0-0---0-0---0-0----------0-0--------------------0-0---0-0---0-0---|

e|--------------------------------------------------------------------------|
B|--------------------------------------------------------------------------|
G|--------------------------------------------------------------------------|
D|-9/10\9-------5-5-5-7-7-7--9/10\9-----9-----9-----9-9/10\9-----9-7-12-10--|
A|-7/8-\7-------3-3-3-5-5-5--7/8-\7-----7-----7-----7-7/8-\7-----7-5-10-8---|
E|--------0-0-0---------------------0-0---0-0---0-0----------0-0------------|

e|----------------------------------------------|
B|----------------------------------------------|
G|----------------------------------------------|
D|-8/10\9-----9-----9-----9-----------------4---|
A|-7/-8\7-----7-----7-----7-787-757-353-323-2---|
E|--------0-0---0-0---0-0-----------------------|
then singing over keyboard/organ
before 4crash symbols with a pick scrape
riff a
e|--------------------------------------------------------------------------|
B|--------------------------------------------------------------------------|
G|--------------------------------------------------------------------------|
D|-9/10\9-----9-----9-----9-9/10\9-----9-7-12-10---9/10\9-----9-----9-----9-|
A|-7/8-\7-----7-----7-----7-7/8-\7-----7-5-10-8----7/8-\7-----7-----7-----7-|
E|--------0-0---0-0---0-0----------0-0--------------------0-0---0-0---0-0---|

e|--------------------------------------------------------------------------|
B|--------------------------------------------------------------------------|
G|--------------------------------------------------------------------------|
D|-9/10\9-------5-5-5-7-7-7--9/10\9-----9-----9-----9-9/10\9-----9-7-12-10--|
A|-7/8-\7-------3-3-3-5-5-5--7/8-\7-----7-----7-----7-7/8-\7-----7-5-10-8---|
E|--------0-0-0---------------------0-0---0-0---0-0----------0-0------------|

e|---------------------------------------------------------------------------|
B|---------------------------------------------------------------------------|
G|---------------------------------------------------------------------------|
D|-9/10\9-----9-----9-----9-9/10\9-------5-5-5-7-7-7--9/10\9-----9-----9-----|
A|-7/8-\7-----7-----7-----7-7/8-\7-------3-3-3-5-5-5--7/8-\7-----7-----7-----|
E|--------0-0---0-0---0-0----------0-0-0---------------------0-0---0-0---0-0-|

e|--------------------------------------------------------------------------|
B|--------------------------------------------------------------------------|
G|--------------------------------------------------------------------------|
D|9-9/10\9-----9-7-12-10---9/10\9-----9-----9-----9-9/10\9-----5-5-5-7-7-7--|
A|7-7/8-\7-----7-5-10-8----7/-8\7-----7-----7-----7-7/8-\7-----3-3-3-5-5-5--|
E|---------0-0--------------------0-0---0-0---0-0----------000--------------|



e|---------------------------------------------------------------------------|
B|---------------------------------------------------------------------------|
G|---------------------------------------------------------------------------|
D|-9/10\9-----9-----9-----9-9/10\9-----9-7-12-10---8/10\9-----9-----9-----9--|
A|-7/8-\7-----7-----7-----7-7/8-\7-----7-5-10-8----7/-8\7-----7-----7-----7--|
E|--------0-0---0-0---0-0----------0-0--------------------0-0---0-0---0-0----|


e|---------------------|
B|---------------------|
G|---------------------|
D|-----------------4---|
A|-787-757-353-323-2---|
E|---------------------|

then halfway through the verse the guitar joins in the drumand bass rhythm
e|--------------------------------------------------------------------------|
B|--------------------------------------------------------------------------|
G|--------------------------------------------------------------------------|
D|--------------------------------------------------------------------------|
A|---------------------------------------------------10\7--5\3--------------|
E|-000-0000-00000-0000-000-0000-00000-0000-00000-000-8-\5--3\1--------------|

then after the anvil hitting it plays riff a
and after the tail it plays
riff b                           x2
e|--------------------------------------------------------|
B|--------------------------------------------------------|
G|--------------------------------------------------------|
D|--------------------------------------------------------|
A|-9-9--9/10-9-9--9\7-9-9--9/10-9-9--9\7-9-9--5-5-5-7-7-7-|
E|-7-7--7/8--7-7--7\5-7-7--7/8--7-7--7\5-7-7--3-3-3-5-5-5-|
then a riff which i cant quite hear properly
so it would only be a guess, mainly open e with a run of chords which ends
on the b
and finishes with riff b then riff a

wasnt as hard as i thought
************************************

| /   slide up
| \   slide down
| h   hammer-on
| p   pull-off
| ~   vibrato
| +   harmonic
| x   Mute note
| b   Bend
| pb  Pre-bend
| br  Bend release
| pbr Pre-bend release
| brb Bend release bend

************************************
