%%%% rating:None %%%%
%%%% artist:Nacho Vegas Tabs %%%%
%%%% url:http://tabs.ultimate-guitar.com/n/nacho_vegas/cosas_que_no_hay_que_contar_ver2_crd.htm %%%%
%%%% title:Cosas Que No Hay Que Contar (ver 2) Chords %%%%
%%%% comments:[] %%%%
%%%% difficulty:None %%%%
%%%% provider:ultimate-guitar %%%%
%%%% contributor:None %%%%
%%%% type:Chords %%%%
%%%% Tab:<i></i>Lleva capo en el 3er traste
La dedico con todo mi amor a Axell,, la niña mas hermosa en el mundo
y aunque me haya dejado yo la amo aun,, asi me duelan las cosas qe pasan
pero ni modo,, te amO (LL)$:


<span>G</span>                <span>C</span>
Trato de recomponer mi historia
<span>G</span>                 <span>C</span>
y aunque notes que podrías ver
<span>G</span>                <span>C</span>
la verdad fue escrita en las sombras
<span>Am</span>             <span>D</span>
-sucede así una y otra vez-

<span>G</span>              <span>C</span>
Me llamaste muy de madrugada
<span>G</span>               <span>C</span>
yo escuché alguien toser detrás
<span>G</span>               <span>C</span>
mientras definías el desprecio
<span>Bm</span>      <span>Em</span>          <span>Am</span>
me dije que podría hablar
<span>D7</span>                             <span>G</span>
pero hay cosas que no hay que contar.

<span>G</span>              <span>C</span>
Donde hay cenizas hubo un fuego
<span>G</span>            <span>C</span>
yo mataría por volver a arder
SOl               <span>C</span>
hoy mi voz es un tartamudeo
<span>Am</span>               <span>D</span>
que ni yo consigo entender.

<span>G</span>                <span>C</span>
Dices que hay ciertas conversaciones
<span>G</span>               <span>C</span>
que prefieres no tener jamás
<span>G</span>                   <span>C</span>
bien, por mí perfecto, han sido años
<span>Bm</span>          <span>Em</span>       <span>Am</span>
de hacerme el loco y de callar
      <span>D7</span>                      <span>G</span>
ciertas cosas que no hay que contar
<span>Em</span>    <span>Am</span>
jamás, jamás
 <span>D7</span>                   <span>G</span>
cosas que no hay que contar
<span>Em</span>         <span>Am</span>       <span>D7</span>
ni hablar, ni hablar

<span>G</span>            <span>C</span>
Yo agotaba tu precioso tiempo
<span>G</span>          <span>C</span>
tú querías largarte de allí
<span>G</span>         <span>C</span>
condujimos horas en silencio
<span>Am</span>        <span>D</span>          <span>G</span>
todo el camino hasta Madrid

<span>G</span>                <span>C</span>
Es muy triste no saber gran cosa
<span>G</span>             <span>C</span>
de la propia vida hasta que ya
<span>G</span>              <span>C</span>
es muy tarde y no vale la pena
<span>Bm</span>      <span>Em</span>         <span>Am</span>
todo esfuerzo por cambiar
<span>D7</span>                          <span>G</span>
estas cosas que no hay que contar
<span>Em</span>    <span>Am</span>
jamás, jamás
<span>D7</span>                    <span>G</span>
cosas que no hay que contar
<span>Em</span>        <span>Am</span>        <span>D7</span>
ni hablar, ni hablar

<span>G</span>

<span>B7</span>
Hay mil maneras de contar
<span>Em</span>
la misma historia
<span>B7</span>
y solo un puñado de ellas
<span>Em</span>         <span>Am</span>          <span>C</span>
se aproximará algo a la verdad
 <span>Am</span>
porque a mi me han enseñado
       <span>D7</span>               <span>G</span>
que hay cosas que no hay que contar
<span>Em</span>    <span>Am</span>
jamás, jamás
<span>D7</span>               <span>G</span>
cosas que no hay que contar
<span>Em</span>         <span>Am</span>
ni hablar, ni hablar.

<span>D7</span> - <span>G</span> - <span>Em</span> - <span>Am</span> - <span>D7</span> - <span>G</span>

