%%%% rating:None %%%%
%%%% artist:Turf Tabs %%%%
%%%% url:http://tabs.ultimate-guitar.com/t/turf/tarjeta_postal_tab.htm %%%%
%%%% title:Tarjeta Postal Tab %%%%
%%%% comments:[] %%%%
%%%% difficulty:None %%%%
%%%% provider:ultimate-guitar %%%%
%%%% contributor:None %%%%
%%%% type:Tabs %%%%
%%%% Tab:<i></i>Formación de acordes: 

      FA#     LA#     RE#      SI      DO#     SI* 
e:-----2-------6-------6-------7-------4-------2-------| 
B:-----2-------6-------7-------7-------6-------4-------| 
G:-----3-------7-------8-------8-------6-------4-------| 
D:-----4-------8-------8-------9-------6-------4-------| 
A:-----4-------8-------6-------9-------4-------2-------| 
E:-----2-------6-------6-------7-------4-------2-------| 


------------------------------------------------------------

FA#       LA#         RE# 
Quiero pensar que no voy a volver, 
SI        LA#        RE# 
arrastrandome como ayer, 
FA#       LA#        RE# 
Busco un lugar no lo voy a dudar, 
SI        LA#        RE# 
tengo tu tarjeta postal... 

DO#             FA# 
Tenes que entender, 
LA#          RE# 
mi tiempo se va, 
SI*            FA# 
y si venis conmigo sabes, 
           LA#  DO# 
que no hay naaaada... 

FA#        LA#        RE# 
Nada mejor que cuando cae el sol, 
SI         LA#        RE# 
dentro de nuestra habitación. 
FA#        LA#        RE# 
Busco un lugar no lo voy a dudar, 
SI         LA#        RE# 
tengo tu tarjeta postal.. 

DO#            FA# 
Tenes que entender, 
LA#          RE# 
mi tiempo se va, 
SI*           FA# 
y si venis conmigo sabes, 
           LA# 
que no hay ya...ya... 
           RE# SI 
Tiempo de más... 
LA#        RE# SI 
tiempo de más... 
LA#        RE# SI 
tiempo de más... 
LA#       RE# SI 
tiempo de más... 

Tenes que entender, 
mi tiempo se va, 
y si venis conmigo sabes, 
que no hay ya... ya... 

Tiempo de más... 
tiempo de más... 
tiempo de más... 
tiempo de más...
