%%%% rating:r_5 %%%%
%%%% artist:Smithereens Tabs %%%%
%%%% url:http://tabs.ultimate-guitar.com/s/smithereens/girl_like_you_btab.htm %%%%
%%%% title:Girl Like You Bass Tab %%%%
%%%% comments:[u'<p class="mtop5">It took a play through to realize you didn\'t mean 10th fret here!  Good tab, thanks.<br><br><nobr>|---------|---------|</nobr><br><nobr>|:--------|--------:|</nobr><br><nobr>|:------5-|--------:|</nobr><br><nobr>|-55535---|-1-10-34-|</nobr></p>'] %%%%
%%%% difficulty:None %%%%
%%%% provider:ultimate-guitar %%%%
%%%% contributor:
                                     %%%%
%%%% type:Bass Tabs %%%%
%%%% Tab:<i></i>-----------------------------------------------------------------------------
                        A GIRL LIKE YOU - Smithereens
-----------------------------------------------------------------------------

Tabbed by: Matt Broback
E-mail: 37hambone@gmail.com

Tuning: Eb Ab Db Gb


INTRO
|----------------|-----------------|-----------------|-----------------|
|----------------|-----------------|:----------------|----------------:|
|----------------|-----------------|:------------5---|----------------:|
|----------------|--------------12\|-5-5-5-3-5-------|--1---1-0---3-4--|


VERSE                                                               x3
|-----------------|----------------|----------------|-----------------|
|:----------------|----------------|----------------|--3-3---2-------:|
|:------------5---|----------------|------------5---|------3-----3-2-:|
|-5-5-5-3-5-------|--1---1-0---3-4-|5-5-5-3-5-------|-----------------|

|----------------|----------------|----------------|----------------|
|----------------|----------------|----------------|--3-3---2-------|
|------------5---|----------------|------------5---|------3---------|
|5-5-5-3-5-------|--1---1-0---3-4-|5-5-5-3-5-------|------------0-2-|


PRECHORUS 1
|----------------|----------------|----------------|----------------|
|----------------|----------------|----------------|----------------|
|----------------|----------------|------3-5-5---5-|------------3---|
|3---3---3-0-3-4-|5---5---5-0-5-4-|3---5-----------|5---5---3-5---5-|

|----------------|----------------|----------------|----------------|
|----------------|----------------|3-------3-3---3-|2-----------2---|
|----------------|------------3-5-|----3-------3---|----2-----------|
|3---3---3-0-3-4-|5---5---5-5-----|----------------|--------3-------|


CHORUS 1
|-----------------|-----------------|
|:----------------|----------------:|
|:------------5---|----------------:|
|-5-5-5-3-5-------|--1---1-0---3-4--|


VERSE                                                               x3
|-----------------|----------------|----------------|-----------------|
|:----------------|----------------|----------------|--3-3---2-------:|
|:------------5---|----------------|------------5---|------3-----3-2-:|
|-5-5-5-3-5-------|--1---1-0---3-4-|5-5-5-3-5-------|-----------------|

|----------------|----------------|----------------|----------------|
|----------------|----------------|----------------|--3-3---2-------|
|------------5---|----------------|------------5---|------3---------|
|5-5-5-3-5-------|--1---1-0---3-4-|5-5-5-3-5-------|------------0-2-|


PRECHORUS 2
|----------------|----------------|----------------|----------------|
|----------------|----------------|----------------|7---7-5---------|
|----------------|----------------|------3-5-5---5-|--------7-5-3---|
|3---3---3-0-3-4-|5---5---5-0-5-4-|3---5-----------|--------------5-|

|----------------|----------------|----------------|----------------|
|----------------|----------------|3-------3-3---3-|2-----------2---|
|----------------|------------3-5-|----3-------3---|----2-----------|
|3---3---3-0-3-4-|5---5---5-5-----|----------------|--------3-------|


CHORUS 2                          x4
|-----------------|-----------------|
|:----------------|----------------:|
|:------------5---|----------------:|
|-5-5-5-3-5-------|--1---1-0---3-4--|


SOLO
|----------------|------------------|-----------------|
|----------------|:----------------:|-----------------|
|----------------|:----------------:|--------------12\|
|5---------------|------------------|-----------------|

                                  x4
|-----------------|-----------------|
|:----------------|--3-3---2-------:|
|:------------5---|------3-----3-2-:|
|-5-5-5-3-5-------|-----------------|

|----------------|-----------------|----------------|----------------|
|5---5-------5-6-|7---7---7------7-|5---5-----------|----------------|
|--------5-5-----|----------/5-7---|--------5-5-5-5-|------------5-7-|
|----------------|-----------------|----------------|5---5---5-5-----|

|----------------|---------------2-|----------------|----------------|
|5---5---------6-|7---7---7----3---|3-------3-3---3-|2-----------2---|
|--------5-5-5---|----------/5-----|----3-------3---|----2-----------|
|----------------|-----------------|----------------|--------3-------|


BREAK                             x4
|-----------------|-----------------|
|:----------------|----------------:|
|:----------------|----------------:|
|-5-5-5-3-5---5-5-|5-3-5---3-5-5-3--|

|----------------|----------------|----------------|----------------|
|----------------|-------57-5-----|----------------|----------------|
|----------------|------7-----7-5-|------------5---|----------------|
|5---------------|----------------|5-5-5-3-5-------|--1---1-0---3-4-|

|----------------|----------------|----------------|----------------|
|----------------|--3-3---2-------|----------------|----------------|
|------------5---|------3-----3-2-|------------5---|----------------|
|5-5-5-3-5-------|----------------|5-5-5-3-5-------|--1---1-0---0-2-|


PRECHORUS 3
|----------------|----------------|----------------|----------------|
|----------------|----------------|----------------|7---7-5---------|
|----------------|----------------|------3-5-5---5-|--------7-5-3---|
|3---3---3-0-3-4-|5---5---5-0-5-4-|3---5-----------|--------------5-|

|----------------|----------------|----------------|----------------|
|----------------|----------------|3-------3-3---3-|2-----------2---|
|----------------|------------3-5-|----3-------3---|----2-----------|
|3---3---3-0-3-4-|5---5---5-5-----|----------------|--------3-------|


OUTRO                             x4
|-----------------|-----------------|
|:----------------|----------------:|
|:------------5---|----------------:|
|-5-5-5-3-5-------|--1---1-0---3-4--|
                                                                    x5
|-----------------|----------------|----------------|-----------------|
|:----------------|----------------|----------------|--3-3---2-------:|
|:------------5---|----------------|------------5---|------3-----3-2-:|
|-5-5-5-3-5-------|--1---1-0---3-4-|5-5-5-3-5-------|-----------------|

