%%%% rating:None %%%%
%%%% artist:Tush Tabs %%%%
%%%% url:http://tabs.ultimate-guitar.com/t/tush/me_voy_ver2_crd.htm %%%%
%%%% title:Me Voy (ver 2) Chords %%%%
%%%% comments:[] %%%%
%%%% difficulty:None %%%%
%%%% provider:ultimate-guitar %%%%
%%%% contributor:
                                    novice                                 %%%%
%%%% type:Chords %%%%
%%%% Tab:<i></i>Tush - Me Voy
_____________________________________________________________________________

    <span>D#</span>
Me voy de aquí
                  <span>Cm</span>
ya no quiero molestarte
                       <span>G#</span>
ya entendí que no soy nada para ti
                  <span>A#</span>
una media vuelta y se
                        <span>D#</span>
que habrá un camino nuevo para mí
                             <span>Cm</span>
lo que se pierde es por que viene algo mejor
                     <span>G#</span>
y a veces uno no entiende una razón
                   <span>A#</span>
y se miente a si mismo


PreCoro:
-------
       <span>D#</span>
Me canse de pretender

que era esa persona
      <span>Cm</span>
para ti me olvide de lo que era en verdad
       <span>G#</span>                     <span>A#</span>
solo puedo ser yo ... solo se que soy yo.


Coro:
----
              <span>D#</span>
Y por eso me voy
                     <span>Cm</span>
por que ya no siento nada
                     <span>G#</span>
ya se acabaron esas falsas ilusiones
          <span>A#</span>
que tenía para ti

Me voy
por que ya se que no te quiero
no me mereces por que se que como soy
me merezco alguien mejor


Estrofa:
-------

Me voy de aquí
ya no quiero lastimarte
ya entendí que no fui nada para ti
media vuelta y sabre
que habrá un camino nuevo para mí
lo que se pierde es por que viene algo mejor
y a veces uno no entiende una razón
y se miente a si mismo.


PreCoro:
-------

Me canse de pretender
que era esa persona
para ti me olvide de lo que era en verdad
solo puedo ser yo ... solo se que me voy


Coro:
----

Y por eso me voy
por que ya no siento nada
ya se acabaron esas falsas ilusiones
que tenía para ti

Me voy
por que ya se que no te quiero
no me mereces por que se que como soy
me merezco alguien mejor

(Solo)

Estrofa:
-------

Me voy de aquí                 ]
ya no quiero molestarte        ] --->>> (Solo voz)

ya entendí que no soy nada para ti
una media vuelta y se

Coro:
----

Me voy
por que ya se que no te quiero
no me mereces por que se que como soy
me merezco alguien mejor

(Punteo para llegar al fin)
