%%%% rating:r_3 %%%%
%%%% artist:Turf Tabs %%%%
%%%% url:http://tabs.ultimate-guitar.com/t/turf/yo_no_me_quiero_casar_y_usted_crd.htm %%%%
%%%% title:Yo No Me Quiero Casar Y Usted Chords %%%%
%%%% comments:[] %%%%
%%%% difficulty:None %%%%
%%%% provider:ultimate-guitar %%%%
%%%% contributor:
                                     %%%%
%%%% type:Chords %%%%
%%%% Tab:<i></i><span>C</span>               
No tengo tiempo para saber
<span>G</span>                
si hay un amor ideal.
<span>C</span>
A mí cualquiera me viene bien
<span>G</span>                 <span>G</span>  <span>F#</span>
cómo me voy a negar?
<span>F</span> 
Qué aburrido debe ser tener 
<span>G</span>
solo una mujer, 
<span>C</span>                <span>C7</span>
nunca me podría casar,
<span>F</span>              <span>G</span>                       <span>C</span>       <span>G</span>
No conozco a nadie que no haya terminado mal.

Después hay un coro haciendo “Chururururu” ahí hay
que alternar los acordes C y G.

Si el hombre no aparece, 
la gente se enloquece 
y empieza a destrozar el lugar.
Se queman las cortinas,
empiezan las corridas 
y el tiempo no parece pasar      
Libertad, frenesí,        
DO RE MI FA SOL LA SI
eso es el amor para mí,
<span>F</span>              <span>G</span>                       <span>C</span>       <span>C7</span>
y conozco nadie que me haya hecho sentir así!

ESTRIBILLO
        <span>F</span>
Yo soy así
<span>G</span>                  <span>C</span>  <span>C9</span>  <span>C</span>  <span>C9</span>
nací para cantar y ser felíz.
           <span>F</span>
No puedo estar 
    <span>G</span>                   <span>C</span>           <span>Am</span>
sin ver pasar las olas sobre el mar.
Fa
Ya no estoy,ya me fui, 
<span>G</span>
ya partí de aquí.

No tengo tiempo para saber 
si hay un amor ideal. 
A mi cualquiera me viene bien 
cómo me voy a negar?
Qué aburrido debe ser 
tener solo una mujer, 
nunca me podría casar.
No conozco a nadie que no haya terminado mal.

REPITE ESTRIBILLO

Termina haciendo los acordes de la marcha nupcial:
<span>C</span> <span>G</span> <span>C</span> 
<span>C</span> <span>F</span> <span>G</span> <span>C</span> <span>C9</span> <span>C</span>
