%%%% rating:None %%%%
%%%% artist:Turtle Shell Tanks Tabs %%%%
%%%% url:http://tabs.ultimate-guitar.com/t/turtle_shell_tanks/voodoo_2004_btab.htm %%%%
%%%% title:Voodoo 2004 Bass Tab %%%%
%%%% comments:[] %%%%
%%%% difficulty:None %%%%
%%%% provider:ultimate-guitar %%%%
%%%% contributor:
                                     %%%%
%%%% type:Bass Tabs %%%%
%%%% Tab:<i></i>This is Turtle Shell Tanks recreation of Voodoo by Godsmack
In Drop C
verse
|-----------|
|----565----|
|-------6565|
|5-55-------|

|-----------|
|----565----|
|-------6565|
|5-55-------|

|-----------|
|----565----|
|-------6565|
|5-55-------|

|-----------|
|----565----|
|-------6565|
|5-55-------|play this for the whole song except the chorus

|-----------------------|
|-----------------------|
|-----------------------|
|555-333-555555/6/5/6/5/|

|-----------------------|
|-----------------------|
|-----------------------|
|555-333-555555/6/5/6/5/|

And play that for the chorus
