%%%% rating:r_5 %%%%
%%%% artist:Turbowolf Tabs %%%%
%%%% url:http://tabs.ultimate-guitar.com/t/turbowolf/nine_lives_tab.htm %%%%
%%%% title:Nine Lives Tab %%%%
%%%% comments:[] %%%%
%%%% difficulty:
                                    intermediate                                 %%%%
%%%% provider:ultimate-guitar %%%%
%%%% contributor:
                                     %%%%
%%%% type:Tabs %%%%
%%%% Tab:<i></i>-------------------------------------------------------------------------------
                         NINE LIVES - Turbowolf
-------------------------------------------------------------------------------

Turbowolf's brand new single in promotion of their follow-up album, 'Two Hands'
which will be released 6 April 2015.

Tuning: Standard

INTRO
e|---------------------------------------------------------------------------|
B|---------------------------------------------------------------------------|
G|---------------------------------------------------------------------------|
D|---------------------------------------------------------------------------|
A|-7-7-7-7-5-7-5---------------------------------5-5-5-5-5---5-5-------------|
E|---------------7-7-7-7-7-5-7-5-3-3-3-3-3-3-5-7-----------7-----------------| x3

e|---------------------------------------------------------------------------|
B|---------------------------------------------------------------------------|
G|---------------------------------------------------------------------------|
D|---------------------------------------------------------------------------|
A|-7-7-7-7-5-7-5-------------------------------5-5---------------------------|
E|---------------7-7-7-7-7-5-7-5-3-3-3-3-3-5-7-----7-5-3-3-5-7---------------|

VERSE
e|---------------------------------------------------------------------------|
B|---------------------------------------------------------------------------|
G|---------------------------------------------------------------------------|
D|---------------------------------------------------------------------------|
A|-7-7-7-7-5-7-5---------------------------------5-5-5-5-5---5-5-------------|
E|---------------7-7-7-7-7-5-7-5-3-3-3-3-3-3-5-7-----------7-----------------| x3

e|---------------------------------------------------------------------------|
B|---------------------------------------------------------------------------|
G|---------------------------------------------------------------------------|
D|---------------------------------------------------------------------------|
A|-7-7-7-7-5-7-5---------------------------------5-5-5-5-5-5-5-5-------------|
E|---------------7-7-7-7-7-5-7-5-3-3-3-3-3-3-5-7-----------------------------|

CHORUS
e|---------------------------------------------------------------------------|
B|---------------------------------------------------------------------------|
G|---------------------------------------------------------------------------|
D|---------4-4-4-----------7-7-7-----------4-4-4-----------7-7-7-------------|
A|-2-2-2---2-2-2---5-5-5---5-5-5---2-2-2---2-2-2---5-5-5---5-5-5-------------|
E|-0-0-0-----------3-3-3-----------0-0-0-----------3-3-3---------------------| 

e|---------------------------------------------------------------------------|
B|---------------------------------------------------------------------------|
G|---------------------------------------------------------------------------|
D|---------4-4-4-----------7-7-7-----------4-4-4-----------------------------|
A|-2-2-2---2-2-2---5-5-5---5-5-5---2-2-2---2-2-2---5-5-5---7-7\--------------|
E|-0-0-0-----------3-3-3-----------0-0-0-----------3-3-3---5-5\--------------|

e|---------------------------------------------------------------------------|
B|---------------------------------------------------------------------------|
G|---------------------------------------------------------------------------|
D|---------------------------------------------------------------------------|
A|--------5----------5-------------------------------------------------------|
E|-0--3-5---0--0-3-5---0---0-3-----------------------------------------------|

e|---------------------------------------------------------------------------|
B|---------------------------------------------------------------------------|
G|---------------------------------------------------------------------------|
D|---------------------------------------------------------------------------|
A|-7-7-7-7-5-7-5---------------------------------5-5-5-5-5---5-5-------------|
E|---------------7-7-7-7-7-5-7-5-3-3-3-3-3-3-5-7-----------7-----------------|

e|---------------------------------------------------------------------------|
B|---------------------------------------------------------------------------|
G|---------------------------------------------------------------------------|
D|---------------------------------------------------------------------------|
A|-7-7-7-7-5-7-5---------------------------------5-5-5-5-5-5-5-5-------------|
E|---------------7-7-7-7-7-5-7-5-3-3-3-3-3-3-5-7-----------------------------|

VERSE
e|---------------------------------------------------------------------------|
B|---------------------------------------------------------------------------|
G|---------------------------------------------------------------------------|
D|---------------------------------------------------------------------------|
A|-7-7-7-7-5-7-5---------------------------------5-5-5-5-5---5-5-------------|
E|---------------7-7-7-7-7-5-7-5-3-3-3-3-3-3-5-7-----------7-----------------| 

e|---------------------------------------------------------------------------|
B|---------------------------------------------------------------------------|
G|---------------------------------------------------------------------------|
D|---------------------------------------------------------------------------|
A|-7-7-7-7-5-7-5---------------------------------5-5-5-5-5-5-5-5-------------|
E|---------------7-7-7-7-7-5-7-5-3-3-3-3-3-3-5-7-----------------------------|

CHORUS
e|---------------------------------------------------------------------------|
B|---------------------------------------------------------------------------|
G|---------------------------------------------------------------------------|
D|---------4-4-4-----------7-7-7-----------4-4-4-----------7-7-7-------------|
A|-2-2-2---2-2-2---5-5-5---5-5-5---2-2-2---2-2-2---5-5-5---5-5-5-------------|
E|-0-0-0-----------3-3-3-----------0-0-0-----------3-3-3---------------------| 

e|---------------------------------------------------------------------------|
B|---------------------------------------------------------------------------|
G|---------------------------------------------------------------------------|
D|---------4-4-4-----------7-7-7-----------4-4-4-----------7-7-7-------------|
A|-2-2-2---2-2-2---5-5-5---5-5-5---2-2-2---2-2-2---5-5-5---5-5-5-------------|
E|-0-0-0-----------3-3-3-----------0-0-0-----------3-3-3---------------------|

BRIDGE
e|---------------------------------------------------------------------------|
B|---------------------------------------------------------------------------|
G|---------------------------------------------------------------------------|
D|---------------------------4-------------------------------4---------------|
A|---------2-0-2-----------5---5-----------2-0-2-----------5---5-------------|
E|-0-3-0-----------3-2-3-----------0-3-0-----------3-2-3---------------------|

e|---------------------------------------------------------------------------|
B|---------------------------------------------------------------------------|
G|---------------------------------------------------------------------------|
D|---------------------------4-------------------------------4---------------|
A|---------2-0-2-----------5---5-----------2-0-2-----------5---5-------------|
E|-0-3-0-----------3-2-3-----------0-3-0-----------3-2-3---------------------|

e|---------------------------------------------------------------------------|
B|---------------------------------------------------------------------------|
G|---------------------------------------------------------------------------|
D|---------------------------4-------------------------------4---------------|
A|---------2-0-2-----------5---5-----------2-0-2-----------5---5-------------|
E|-0-3-0-----------3-2-3-----------0-3-0-----------3-2-3---------------------|

e|---------------------------------------------------------------------------|
B|---------------------------------------------------------------------------|
G|---------------------------------------------------------------------------|
D|---------------------------4-----------------------------------------------|
A|---------2-0-2-----------5---5-----------2-0-2---------5-5-5-5-5\----------|
E|-0-3-0-----------3-2-3-----------0-3-0-----------3-2-3---------------------|

e|---------------------------------------------------------------------------|
B|---------------------------------------------------------------------------|
G|---------------------------------------------------------------------------|
D|---------------------------------------------------------------------------|
A|--------5----------5-------------------5----------5-------5--4--3----------|
E|-0--3-5---0--0-3-5---0---0-3----0--3-5---0--0-3-5---0---0-3--2--1----------|

e|--_______________________________------------------------------------------|
B|-[P.M.---------------------------]-----------------------------------------|
G|---------------------------------------------------------------------------|
D|---------------------------------------------------------------------------|
A|--2-2-2-2-2-2-------2-2-2-2-2-2--------------------------------------------|
E|--0-0-0-0-0-0-------0-0-0-0-0-0--------------------------------------------|

VERSE
                 (on bass, not guitar)
G|---------------------------------------------------------------------------|
D|---------------------------------------------------------------------------|
A|-7-7-7-7-5-7-5---------------------------------5-5-5-5-5---5-5-------------|
E|---------------7-7-7-7-7-5-7-5-3-3-3-3-3-3-5-7-----------7-----------------| 

                 (back to guitar)
e|---------------------------------------------------------------------------|
B|---------------------------------------------------------------------------|
G|---------------------------------------------------------------------------|
D|-9---------------------------------------------7---------------------------|
A|-7-------------9-----------------5-------------5---------------------------|
E|---------------7-----------------3-----------------------------------------|

CHORUS
e|---------------------------------------------------------------------------|
B|---------------------------------------------------------------------------|
G|---------------------------------------------------------------------------|
D|---------4-4-4-----------7-7-7-----------4-4-4-----------7-7-7-------------|
A|-2-2-2---2-2-2---5-5-5---5-5-5---2-2-2---2-2-2---5-5-5---5-5-5-------------|
E|-0-0-0-----------3-3-3-----------0-0-0-----------3-3-3---------------------| 

e|---------------------------------------------------------------------------|
B|---------------------------------------------------------------------------|
G|---------------------------------------------------------------------------|
D|---------4-4-4-----------7-7-7-----------4-4-4-----------------------------|
A|-2-2-2---2-2-2---5-5-5---5-5-5---2-2-2---2-2-2---5-5-5---7-7\--------------|
E|-0-0-0-----------3-3-3-----------0-0-0-----------3-3-3---5-5\--------------|

OUTRO
e|---------------------------------------------------------------------------|
B|---------------------------------------------------------------------------|
G|---------------------------------------------------------------------------|
D|---------------------------------------------------------------------------|
A|--------5----------5-------------------5----------5------------------------|
E|-0--3-5---0--0-3-5---0---0-3----0--3-5---0--0-3-5---0---0-3----------------|

e|---------------------------------------------------------------------------|
B|---------------------------------------------------------------------------|
G|---------------------------------------------------------------------------|
D|---------------------------------------------------------------------------|
A|--------5----------5-------------------------------------------------------|
E|-0--3-5---0--0-3-5---0---0-3\----------------------------------------------|

************************************

| /   slide up
| \   slide down
| h   hammer-on
| p   pull-off
| ~   vibrato
| +   harmonic
| x   Mute note
| b   Bend
| pb  Pre-bend
| br  Bend release
| pbr Pre-bend release
| brb Bend release bend

************************************
