%%%% rating:None %%%%
%%%% artist:Tuzos Tabs %%%%
%%%% url:http://tabs.ultimate-guitar.com/tab/1586686 %%%%
%%%% title:Sólo Un Momento Chords %%%%
%%%% comments:[] %%%%
%%%% difficulty:None %%%%
%%%% provider:ultimate-guitar %%%%
%%%% contributor:None %%%%
%%%% type:Chords %%%%
%%%% Tab:<i></i> <span>C</span>                      <span>Am</span>                        <span>F</span>
todo lo que yo he pasado mucho lo aprendi contigo desde estar
                <span>G</span>                  <span>C</span>                <span>Am</span>
enamorado hasta estar en el olvido esta dulce melodia que quise
                  <span>F</span>                      <span>G</span>
escribir contigo no he podido terminarla por esa razon te pido
<span>C</span>                         <span>Am</span>                      <span>F</span>
todo lo que yo he pasado mucho lo aprendi contigo desde estar
          <span>G</span>                       <span>C</span>                 <span>Am</span>
enamorado hasta estar en el olvido esta dulce melodia que quise
                 <span>F</span>                                   <span>G</span>
escribir contigo no he podido terminarla por esa razon te pido
<span>C</span>             <span>A</span>     <span>F</span>                               <span>G</span>
aaa solo un momento para deshojar la flor con tu bello recuerdo
<span>C</span>            <span>Am</span>    <span>F</span>                                   <span>G</span>
aaa solo esta noche para disfrutar tu amor si guardarnos reproches
<span>F</span>                                      <span>G</span>  <span>F</span>
yo no puedo ser feliz por que ya no me amas pero guardare de ti
             <span>G</span>
esa dulce mirada

vuelta do-lam-fa-sol:
<span>F</span>                                      <span>G</span>  <span>F</span>
yo no puedo ser feliz por que ya no me amas pero guardare de ti
           <span>G</span>
esa dulce mirada
<span>C</span>                        <span>A</span>                   <span>F</span>
se que tu ya tienes otro y que estas enamorada voy a seguir mi
        <span>G</span>                      <span>C</span>                   <span>Am</span>
camino pero sin perder la calma esta dulce melodia la he bajado
            <span>F</span>                              <span>G</span>
del boseto para terminarla solo en honor a tu recuerdo

<span>C</span>             <span>A</span>     <span>F</span>                               <span>G</span>
aaa solo un momento para deshojar la flor con tu bello recuerdo
<span>C</span>            <span>Am</span>    <span>F</span>                                   <span>G</span>
aaa solo esta noche para disfrutar tu amor si guardarnos reproches
<span>F</span>                                      <span>G</span>  <span>F</span>
yo no puedo ser feliz por que ya no me amas pero guardare de ti
             <span>G</span>
esa dulce mirada

<span>C</span>             <span>A</span>     <span>F</span>                               <span>G</span>
aaa solo un momento para deshojar la flor con tu bello recuerdo
<span>C</span>            <span>Am</span>    <span>F</span>                                   <span>G</span>
aaa solo esta noche para disfrutar tu amor si guardarnos reproches
<span>F</span>                                      <span>G</span>  <span>F</span>
yo no puedo ser feliz por que ya no me amas pero guardare de ti
             <span>G</span>
esa dulce mirada
 <span>C</span> <span>Am</span> <span>F</span>  <span>G</span>          <span>C</span>
no  no  no  hay ay ay ay
