%%%% rating:None %%%%
%%%% artist:Turmanye Tabs %%%%
%%%% url:http://tabs.ultimate-guitar.com/t/turmanye/capitalina_crd.htm %%%%
%%%% title:Capitalina Chords %%%%
%%%% comments:[] %%%%
%%%% difficulty:None %%%%
%%%% provider:ultimate-guitar %%%%
%%%% contributor:None %%%%
%%%% type:Chords %%%%
%%%% Tab:<i></i>intro:
<span>Am</span>
<span>Am</span> <span>F</span> <span>Dm</span> <span>Am</span>

          <span>Am</span>                  <span>F</span>
Cuando te miro que orgullosa pasas
             <span>Dm</span>               <span>Am</span>
alguien me dice que tienes derecho...
         <span>F</span>                  <span>Em</span>
Yo no lo niego, yo no lo discuto
      <span>Dm</span>  <span>E</span>            <span>Am</span>
capitalina linda soledanita

<span>Dm</span> <span>E</span>

        <span>Am</span>              <span>F</span>
Tu orgullosa, con todo derecho
         <span>Dm</span>                 <span>Am</span>
bien salerosa por tus cualidades

          <span>F</span>                 <span>Em</span>
Muchos te miran, otros te admiran
      <span>Dm</span>  <span>E</span>            <span>Am</span>
capitalina linda soledanita

<span>Dm</span> <span>E</span>

      <span>C</span>          <span>E</span>        <span>Dm</span>  <span>E</span>          <span>Am</span>
Capitalina soledanita delicada flor eres tú
          <span>F</span>               <span>Em</span>      <span>Dm</span>   <span>E</span>         <span>Am</span>
cuando te miro, cuando pretendo, tener tu corazoncito

   <span>Dm</span>                                  <span>E</span>
uuuuuuuuuuuuhhh uuuuuuuuuuuuuuuuuuuhhh uh
<span>Am</span> <span>F</span> <span>Dm</span> <span>Am</span>

       <span>Am</span>              <span>F</span>
Tu orgullosa, con todo derecho
         <span>Dm</span>                 <span>Am</span>
bien salerosa por tus cualidades

          <span>F</span>                 <span>Em</span>
Muchos te miran, otros te admiran
      <span>Dm</span>  <span>E</span>            <span>Am</span>
capitalina linda soledanita

<span>Dm</span> <span>E</span>

      <span>C</span>          <span>E</span>        <span>Dm</span>  <span>E</span>          <span>Am</span>
Capitalina soledanita delicada flor eres tú
          <span>F</span>               <span>Em</span>      <span>Dm</span>  <span>E</span>          <span>Am</span>
cuando te miro, cuando pretendo, tener tu corazoncito

   <span>Dm</span>                                  <span>E</span>
uuuuuuuuuuuuhh oooohh uuououooohhhhhhh uh

      <span>C</span>          <span>E</span>        <span>Dm</span>  <span>E</span>          <span>Am</span>
Capitalina soledanita delicada flor eres tú
          <span>F</span>               <span>Em</span>      <span>Dm</span>  <span>E</span>          <span>Am</span>
cuando te miro, cuando pretendo, tener tu corazoncito

   <span>Dm</span>                                  <span>E</span>
uuuuuuuuuuuuhh oooohh uuouoooooohhhhhh uh

<span>C</span> <span>E</span> - <span>Dm</span> <span>E</span> <span>Am</span>
<span>F</span> <span>Em</span> - <span>Dm</span> <span>E</span> <span>Am</span>

 Esta canción se la dedico a una amiga que me banco varias veces.
esto es para vos Ana Paula ya sabemos que te gusta mucho
asi que es toda tuya.
subida por Roberto
