%%%% rating:None %%%%
%%%% artist:Turin Brakes Tabs %%%%
%%%% url:http://tabs.ultimate-guitar.com/t/turin_brakes/everybody_knows_tab.htm %%%%
%%%% title:Everybody Knows Tab %%%%
%%%% comments:[] %%%%
%%%% difficulty:None %%%%
%%%% provider:ultimate-guitar %%%%
%%%% contributor:
                                     %%%%
%%%% type:Tabs %%%%
%%%% Tab:<i></i>TURIN BRAKES - Everybody Knows
From the Emergency '72' CD2 single
Tabbed By Keir Alexander

Standard Tuning   4/4 time

Intro chords (same verse)

      G    Bb        A
E|----0----0----|----5----|
B|----0----0----|----5----|
G|----4----7----|----6----|
D|----5----8----|----7----|
A|----5----8----|----7----|
E|----3----6----|----5----|

Play chords 4 times for intro

(intro)
(verse)
G       Bb           A
From the look in your eyes
G       Bb               A
From the way you cross the boat
From the strength of your drink
The way you watch the TV

(chorus)

      A    C
E|----0----0----|
B|----0----0----|
G|----6----9----|
D|----7----10---|
A|----7----10---|
E|----5----8----|

A    C
Everybody Knows
A    C
Everybody Knows
Everybody Knows
Everybody Knows

(verse)

Gale plays over the chords on this verse...

E|----------------10-12------------|
B|----------10-12------10-12-------|
G|----9—10-------------------------|
D|---------------------------------|  [Repeat]
A|---------------------------------|
E|---------------------------------|

The way the words fall out your mouth
The way you break into a smile
The way you're biting your tongue
The way that you stumble home

(chorus)
Everybody Knows
Everybody Knows
Everybody Knows
Everybody Knows

(bridge)
      E    G         A    C
E|----0----3----|----0----0----|
B|----0----3----|----0----0----|
G|----1----0----|----6----9----|
D|----2----0----|----7----10---|
A|----2----2----|----7----10---|
E|----0----3----|----5----8----|

E        G
Don't you leave me on the floor
E         G
Put your answers for everything
E         G
Don't you leave me
A      C
Everybody Knows
A      C
Everybody Knows
Everybody Knows
Everybody Knows

Don't you leave me on the floor
Put your answers for everything
Don't you leave me
Everybody Knows
Everybody Knows
Everybody Knows
Everybody Knows

(verse)
G       Bb           A
From the look in your eyes
G       Bb               A
From the way you cross the boat
From the strength of your drink
The way you watch the TV

(chorus)
Everybody Knows
Everybody Knows
Everybody Knows
Everybody Knows

(Interlude)

(chorus)
Everybody Knows
Everybody Knows
Everybody Knows
Everybody Knows

(Interlude)
