%%%% rating:None %%%%
%%%% artist:Turtle Shell Tanks Tabs %%%%
%%%% url:http://tabs.ultimate-guitar.com/t/turtle_shell_tanks/shooting_star_tab.htm %%%%
%%%% title:Shooting Star Tab %%%%
%%%% comments:[] %%%%
%%%% difficulty:None %%%%
%%%% provider:ultimate-guitar %%%%
%%%% contributor:
                                     %%%%
%%%% type:Tabs %%%%
%%%% Tab:<i></i>This is the T.S.T. official website: http://www.mike-network.com/, for all your
turtle shell tanks needs. Turtle Shell Tanks is an rising band from Canada BC
(Kelowna) go to their website for further information.

This is one of my favorite songs in the whole wide world. here it is:

C# tuning

Intro

|-------------------------------|
|-------------------------------|
|-------------------------------|
|-------------------------------|
|----------11--------10--------9|
|0-0000000-9-0000000-8-0000000-7|
   Pm.....   pm.....   pm.....

Guitar 1

|-------------------------|             |-------------------------|
|-------------------------|             |-------------------------|
|-------------------------| x 3 then... |-------------------------| x 3
|-------5555--4444--7777--|             |--------5555--2222--4444-|
|-5555--3333--6666--5555--|             |--5555--3333--4444--6666-|
|-3333--------------------|             |--3333-------------------|

Guitar 2

|------------------------------------------|
|------------------------------------------|
|------------------------------------------|
|--77777777--33333333------------55555555--|
|--55555555--11111111--33333333--33333333--|
|----------------------11111111------------|

Bass line

|-----------------------------------|
|-----------------------------------|
|77777777-00000000-33333333-55555555|
|-----------------------------------|
