%%%% rating:r_5 %%%%
%%%% artist:Turtles Tabs %%%%
%%%% url:http://tabs.ultimate-guitar.com/t/turtles/outside_chance_ver2_crd.htm %%%%
%%%% title:Outside Chance (ver 2) Chords %%%%
%%%% comments:[] %%%%
%%%% difficulty:None %%%%
%%%% provider:ultimate-guitar %%%%
%%%% contributor:
                                     %%%%
%%%% type:Chords %%%%
%%%% Tab:<i></i>Outside Chance:The Turtles.
Released in 1966.

#1.
<span>E</span>
You can try to please me, but it won't be easy.
<span>Bm</span>             <span>A</span>                <span>G</span>
Stone walls surround me, I'm surprised that you
     <span>D</span>
even found me.

CHORUS:
        <span>A</span>                      <span>D</span>
And you don't stand an outside chance..
    <span>B7</span>                     <span>E</span>
You don't stand an outside chance,
            <span>A</span>   <span>G</span> <span>A</span> <span>G</span>
but you can try.

#2.
<span>E</span>
Whatever you do girl, you know you can't get 

through girl.
<span>Bm</span>             <span>A</span>             <span>G</span>                <span>D</span>
Can't bring me down, hang me up or even hang around.

CHORUS:
        <span>A</span>                      <span>D</span>
And you don't stand an outside chance..
    <span>B7</span>                     <span>E</span>
You don't stand an outside chance,
            <span>A</span>   <span>G</span> <span>A</span> <span>G</span>
but you can try.

#3.
<span>G</span>          <span>D</span>            <span>Em</span>      <span>G</span>        <span>D</span>         <span>Em</span>
I know you think you'll get me, I'm only flesh and bone.
        <span>G</span>      <span>D</span>           <span>Em</span>  <span>G</span>              <span>D</span>  <span>Em</span>
But you may as well forget me..cause my heart is stone.
                     <span>A</span>     <span>A7</span>
You better leave me alone, yeah.

#4.
<span>E</span>
You can try to please me, but it won't be easy.
<span>Bm</span>          <span>A</span>                   <span>G</span>
Stone walls surround me, I'm surprised that you
           <span>D</span>
even found me.

CHORUS:
        <span>A</span>                      <span>D</span>
And you don't stand an outside chance..
    <span>B7</span>                     <span>E</span>
You don't stand an outside chance,
            <span>A</span>   <span>G</span> <span>A</span> <span>G</span>
but you can try.

OUTRO:
          <span>E</span>                <span>A</span>
You don't stand an outside chance..(x2)(Fade.)
        

A sixties smash from Kraziekhat.


