%%%% rating:r_5 %%%%
%%%% artist:Turin Brakes Tabs %%%%
%%%% url:http://tabs.ultimate-guitar.com/t/turin_brakes/last_clown_crd.htm %%%%
%%%% title:Last Clown Chords %%%%
%%%% comments:[] %%%%
%%%% difficulty:
                                    novice                                 %%%%
%%%% provider:ultimate-guitar %%%%
%%%% contributor:
                                     %%%%
%%%% type:Chords %%%%
%%%% Tab:<i></i>-----------------------------------------------------------------------
                            Last Clown – Turin Brakes
-----------------------------------------------------------------------
Tabbed by: Bryan                
Email:bryan_miguez@hotmail.com

Tuning: Standard
This is my version of the chords and how they’re played in the song.

     <span>C#m</span>           <span>B</span>             <span>A</span>            <span>C</span>
e|----x----|  e|----7----|  e|----5----| e|----3----|
B|----9----|  b|----7----|  b|----5----| b|----5----|
G|----9----|  g|----8----|  g|----6----| g|----5----|
D|----9----|  d|----9----|  d|----7----| d|----5----|
A|----x----|  a|----9----|  a|----7----| a|----3----|
E|----9----|  e|----7----|  e|----5----| e|---------|


     <span>G</span>             <span>E</span>
E|----3----|  e|----7----|
B|----3----|  b|----9----|
G|----4----|  g|----9----|
D|----5----|  d|----9----|
A|----5----|  a|----7----|
E|----3----|  e|---------|

Verse
<span>C#m</span>    <span>B</span>       <span>A</span>                                    <span>B</span>
   Last clown drinking in a bar that's about to be closed down
<span>C#m</span> <span>B</span>      <span>A</span>                                    <span>B</span>                           
A hero I was in people's plans I was shaking their hands
<span>C#m</span>                <span>B</span>     <span>A</span>                        <span>B</span>                       
 I got lost in the world slow motion walking and diatribe talking
<span>C#m</span>          <span>B</span>            <span>A</span>               <span>B</span>
  As bad as things be, I’m a natural survivor 
          (Repeat same chords for next part of verse)

Chorus:
          <span>C</span>     <span>A</span>               <span>C</span>         <span>G</span>
oooooh, last clown with your dreams so shallow
           <span>C</span>              <span>A</span>     <span>E</span>
You will learn, you can never return
          <span>C</span>                   <span>A</span>     <span>C</span>         <span>G</span>        
Though the grand scheme of things may seem rearranged
        <span>C</span>                <span>A</span>          <span>E</span>
People smile, but they never ever change

