%%%% rating:None %%%%
%%%% artist:Snsd Jessica Seohyun Tiffany Tabs %%%%
%%%% url:http://tabs.ultimate-guitar.com/s/snsd_jessica_seohyun_tiffany/bad_oppa_love_hate_crd.htm %%%%
%%%% title:Bad Oppa Love Hate Chords %%%%
%%%% comments:[] %%%%
%%%% difficulty:
                                    intermediate                                 %%%%
%%%% provider:ultimate-guitar %%%%
%%%% contributor:
                                     %%%%
%%%% type:Chords %%%%
%%%% Tab:<i></i>Intro: <span>Gm</span> <span>F</span> <span>Bb</span> <span>Am</span> <span>Bb</span> <span>F#</span> <span>Db</span> <span>Ebm</span> <span>Db</span> <span>Ab</span>

[Verse 1]
<span>Ab</span>      <span>Db</span>         <span>F#</span>
da aneunde nan aninde
<span>Cm</span>    <span>F</span>           <span>Bbm</span>
Geuraedo nohchigi shilheunde
<span>Ab</span>          <span>F#</span>      <span>Ab</span>           <span>Fm</span>   <span>Db</span>
Ddak hanbeonman nae maleul deuleoyo
<span>Ebm</span>          <span>Ab</span>
Oppa apeseon yeojaranmaliya

[Chorus}
<span>Bbm</span>    <span>Eb</span>                 <span>Bb</span>
narang baphanbeon meokneunge
       <span>G</span>           <span>Cm</span>
Geureohge himdeungayo
<span>Bb</span>           <span>Ab</span>              <span>Gm</span>
Ijeossdamyeonseo honjaramyeonseo
           <span>Fm</span>         <span>Bb</span>
Geu eonnin wae mannanayo

     <span>Eb</span>            <span>Bb</span>
ajik naneun andoenayo
<span>Gm</span>              <span>Cm</span>
Manhi bujokhangayo
<span>Fm</span>             <span>Eb</span>
Hanbeonman nal mideobwayo
<span>Ab</span>        <span>Bb</span>            <span>Eb</span>
Naega jal hal su issneunde

[Verse 2]
<span>Ab</span>       <span>Db</span>
wae jagguman usgimanhaeyo
<span>Cm</span>     <span>F</span>              <span>Bbm</span>
 Naega geureohge aegi gatnayo
     <span>Ab</span>     <span>F#</span>      <span>Ab</span>            <span>Fm</span>   <span>Bb</span>
Ddak hanbeonman nae jinshim deuleoyo
<span>Ebm</span>             <span>Ab</span>
Oppa apeseon yeojaranmaliya

[Chorus]

[Bridge]
<span>Ab</span>   <span>Eb</span>          <span>Db</span>
 harue~ manbeon
       <span>Dbm</span>
saenggaki~ nayo
<span>Ab</span>       <span>Gm</span>         <span>Bbm</span>
nunmulinado na ireohge chama

<span>Ab</span>        <span>Db</span>            <span>Ab</span>        <span>Fm</span>       <span>Bbm</span>
  geudael saranghamyeon andoel iyurado innayo
             <span>F#</span>              <span>Db</span>
Ijeossdamyeonseo honjaramyeonseo
           <span>Ebm</span>        <span>Ab</span>
geu eonnin wae mannanayo

[Chorus]
