%%%% rating:r_5 %%%%
%%%% artist:Tuure Kilpelainen Tabs %%%%
%%%% url:http://tabs.ultimate-guitar.com/t/tuure_kilpelainen/vaeltava_aave_tab.htm %%%%
%%%% title:Vaeltava Aave Tab %%%%
%%%% comments:[] %%%%
%%%% difficulty:None %%%%
%%%% provider:ultimate-guitar %%%%
%%%% contributor:
                                     %%%%
%%%% type:Tabs %%%%
%%%% Tab:<i></i>TUURE KILPELAINEN - VAELTAVA AAVE

Tuning: Standard

Soinnut selvitti: JohnnyVeismylla (mikes___"at"hotmail.com)



Levyversiossa biisi soitetaan capo 5. nauhalla, jolloin soinnut menevat nain:



  Dm         F         C
|--5--|   |--5--|   |--8--|
|--6--|   |--6--|   |--5--|
|--7--|   |--5--|   |--5--|
|--7--|   |--7--|   |--5--|
|--5--|   |--8--|   |--7--|
|-----|   |-----|   |--8--|



Mutta samat soinnut voi soittaa myos normaalisti.


-----------------------------------------------------------------------------




Intro:

|--5---x-5-5-x-5-5-x-5-5-x-5-5---x-5-5-x-5-5-x-5-5-x-5--|
|--6---x-6-6-x-6-6-x-6-6-x-6-6---x-6-6-x-6-6-x-6-6-x-6--|
|--5---x-5-5-x-5-5-x-5-6-x-5-5---x-5-5-x-5-5-x-5-5-x-5--|
|--5h7-x-7-7-x-7-7-x-7-7-x-5-5h7-x-7-7-x-7-7-x-7-7-x-7--|
|--8---x-8-8-x-8-8-x-8-8-x-8-8---x-8-8-x-8-8-x-8-8-x-8--|
|-------------------------------------------------------|



                   Dm                           F
|---------------------------------------------------|
|---------------------------------------------------|
|---------------------------------------------------|
|--7-7-7-7-7-5-5---5---------7-7-7-7-7-5-5-----5h7--|
|----------------8----8-8------------------8-8------|
|---------------------------------------------------|

                  C                         Dm
|-------------------------------------------------------------|
|-------------------------------------------------------------|
|-------------------------------------------------------------|
|--7-7-7-7-7-5-5---5--------7-7-7-7-7-5-5---5-----------------|
|----------------8---8-7------------------8----8-8--7-7--5-5--|
|-------------------------------------------------------------|



Verse:

          Dm                  F                      C                Dm 
Ma kuljen kuin, mun lapsuuden sankari oisillä kaduilla kuin kuka tahansa
                              F                   C               Dm
Ja katkoissa takin ja hattuni alla ei ole voimamies, vaan heikkoutta



Chorus:

F            C                         Dm
Aijaijai, ma kuljen niin kuin vaeltava aave

   F                  C                 Dm
ja laulan vaan vaikka sydameni palasina on

F         C                  Dm
Aijaijai, mina olen vaeltava aave

   F                   C                 Dm
Ma tanssin vaan vaikka sydameni palasina on



Verse2:

          Dm                F                      C                      Dm
Ma harhailen lopulta Corona-baariin ja tilaan maitoa, mustanryssan ja jallua

           Dm                 F                C                        Dm
Mun kasvoilla on ikuinen paha merkki, nyt auta ei vanhat viidakon sanonnat



Chorus:

F            C                         Dm
Aijaijai, ma kuljen niin kuin vaeltava aave

   F                  C                 Dm
ja laulan vaan vaikka sydameni palasina on

F         C                  Dm
Aijaijai, mina olen vaeltava aave

   F                   C                 Dm
Ma tanssin vaan vaikka sydameni palasina on



Solo:

|-----------------------------------------------------------------------8--|
|--------------------------------------------------------------------------|
|------------------5------------7---7-5-----5-7/9-9-9-10-9-7-5-7--9--10----|
|-----------5--5h7----5---5-7-5---7-------7--------------------------------|
|--5--7--8--------------8--------------------------------------------------|
|--------------------------------------------------------------------------|



Official website: http://www.tuurekilpelainen.fi/
