%%%% rating:None %%%%
%%%% artist:Nacho Vegas Tabs %%%%
%%%% url:http://tabs.ultimate-guitar.com/n/nacho_vegas/la_fin_tab.htm %%%%
%%%% title:La Fin Tab %%%%
%%%% comments:[] %%%%
%%%% difficulty:None %%%%
%%%% provider:ultimate-guitar %%%%
%%%% contributor:None %%%%
%%%% type:Tabs %%%%
%%%% Tab:<i></i>Capo en el TERCER traste

Intro:
   Gm
E-------------------|
B---3-----3-----3---|
G-----3-----3-----3-|
D-------------5-----|X8
A-------5-----------|
E-3-----------------|

Verso:
    Gm                    Gm7                Cm
E-------------------|  -------------------|-------------------|
B---3-----3-----3---|  ---6-----6-----6---|---4-----4-----4---|
G-----3-----3-----3-|  -----3-----3-----3-|-----5-----5-----5-|
D-------------5-----|X7-------------5-----|-------5-----5-----|x4
A-------5-----------|  -------5-----------|-3-----------------|
E-3-----------------|  -3-----------------|-------------------|

    D7                    Gm
E-------------------|  -------------------|
B---3-----3-----3---|  ---3-----3-----3---|
G-----5-----5-----5-|  -----3-----3-----3-|
D-------4-----4-----|X4-------------5-----|
A-5-----------------|  -------5-----------|
E-------------------|  -3-----------------|


Coloquen el capo en el tercer trasto y toquen los acordes Em, Em7,Am y B7
en lugar de Gm, Gm7, Cm y D7
El final lo pueden tocar a ritmo ranchero o polka, eso es a su gusto.
Les recomiendo que la practiquen bastante porque se toca muy rapido,
pero es mas sencilla de lo que parece.
Suerte
