%%%% rating:None %%%%
%%%% artist:Snuff Tabs %%%%
%%%% url:http://tabs.ultimate-guitar.com/s/snuff/walk_tab.htm %%%%
%%%% title:Walk Tab %%%%
%%%% comments:[] %%%%
%%%% difficulty:
                                    novice                                 %%%%
%%%% provider:ultimate-guitar %%%%
%%%% contributor:
                                     %%%%
%%%% type:Tabs %%%%
%%%% Tab:<i></i>-------------------------------------------------------------------------------
                                Walk - Snuff
-------------------------------------------------------------------------------
Tabbed by: Juan "Thought you were John" Galvan 

Tuning: standard 
     
    Some cool sounding bass line then this
e|------------------------------------------------|
B|------------------------------------------------|
G|---7----7----77----77----77-----77----12-11-7-9-|
D|---7----7----77----77----77-----77--------------|
A|---5----5----55----55----55-----55----10-9--5-7-|
E|------------------------------------------------|
    Verse
e|-----------------------------------|
B|---777-777-------------------------|
G|---777-777-----------------77-7777-|
D|---777-777-99-7777-555-555-77-7777-|
A|---555-555-99-7777-555-555-55-5555-|
E|-----------77-5555-333-333---------|
    Chorous
e|----------------------------------------|
B|----------------------------------------|
G|---7-777777--------------------7-777777-|
D|---7-777777-9999-7777-5-555555-7-777777-|
A|---5-555555-9999-7777-5-555555-5-555555-|
E|------------7777-5555-3-333333----------|

  Verse and than Chorus again than
  this the solo or bridge or something after 
  second chorous
e|--------------------------------------|
B|--------------------------------------|
G|---777-777--------------------777-777-|
D|---777-777--999-777--555-555--777-777-|
A|---555-555--999-777--555-555--555-555-|
E|------------777-555--333-333----------|
  
  Verse, Chorus, solo or bridge? thing than 
  end with this
e|---------------|
B|---------------|
G|---12-11-7-9-7-|
D|-------------7-|
A|---10-9--5-7-5-|
E|---------------|

  Alright thats it doubt anyone listens to
  Bracket anymore but eff it its a good song!
  Peace foos
