%%%% rating:None %%%%
%%%% artist:Turf Tabs %%%%
%%%% url:http://tabs.ultimate-guitar.com/t/turf/magia_blanca_crd.htm %%%%
%%%% title:Magia Blanca Chords %%%%
%%%% comments:[u'<p class="mtop5">Horrible tu version, no me gusto...</p>'] %%%%
%%%% difficulty:
                                    intermediate                                 %%%%
%%%% provider:ultimate-guitar %%%%
%%%% contributor:
                                     %%%%
%%%% type:Chords %%%%
%%%% Tab:<i></i>Intro:

A: 2-2-2-2-2-0-2-0------0---2-0--2-2-2-2-2-5-7-5-3-2-0---0-2-0
E: ----------------3--3---3-----------------------------3-3---

Estrofa:
	<span>D</span>				<span>Bm</span>		<span>C</span>
Que decís que no vas a mentir, si te encanta.
	<span>D</span>				<span>Bm</span>		<span>C</span>
Que decís que no vas a reír, si te encanta.
<span>D</span>			   <span>Bm</span>
Que decís que no vas a venir,
      <span>Am</span>		          <span>C</span>
si pensás en venir cada vez que te alejas de mí.
	<span>D</span>				<span>Bm</span>		<span>C</span>
Que decís que no vas a llorar, si te encanta.

Estribillo:
<span>D</span>			<span>C</span>			<span>Am</span>	<span>C</span>	  <span>D</span>		<span>Bm</span>
Es una noche más llena de magia blanca, otra oportunidad...

Estrofa:
	<span>D</span>				<span>Bm</span>		<span>C</span>
Que decís que no vas a bailar, si te encanta.
	<span>D</span>				<span>Bm</span>		<span>C</span>
Que decís que no vas a probar, si te encanta.
<span>D</span>			   <span>Bm</span>
Que decís que no vas a salir,
      <span>Am</span>		          <span>C</span>
si pensás en salir cada vez que te alejas de aquí.
	<span>D</span>				<span>Bm</span>		<span>C</span>
Que decís que no vas a gritar, si te encanta.

Estribillo:
<span>D</span>			<span>C</span>			<span>Am</span>	<span>C</span>	  <span>D</span>		<span>Bm</span>
Es una noche más llena de magia blanca, otra oportunidad...
<span>D</span>			<span>C</span>	  <span>Am</span>	  <span>C</span>
De magia blanca… de magia blanca…

<span>D</span>			<span>C</span>			<span>Am</span>	<span>C</span>
Es una noche más llena de magia blanca,
<span>D</span>			<span>C</span>			<span>Am</span>	<span>C</span>
otra oportunidad donde el dolor descansa.

<span>D</span>			<span>C</span>			<span>Am</span>	<span>C</span>	  <span>D</span>		<span>Bm</span>
Es una noche más llena de magia blanca, otra oportunidad...
<span>D</span>			<span>C</span>			<span>Am</span>	<span>C</span>
De magia blanca… de magia blanca…oh oh ohoh ohh
<span>D</span>			<span>C</span>			<span>Am</span>	<span>C</span>
De magia blanca aaa, oh ohoh ohoh oh… de magia blanca…

