%%%% rating:None %%%%
%%%% artist:Tuzos Tabs %%%%
%%%% url:http://tabs.ultimate-guitar.com/tab/1586685 %%%%
%%%% title:Pensando En Tí Chords %%%%
%%%% comments:[] %%%%
%%%% difficulty:None %%%%
%%%% provider:ultimate-guitar %%%%
%%%% contributor:None %%%%
%%%% type:Chords %%%%
%%%% Tab:<i></i>BUENO BANDITA PS LES DEJO CON ESTA ROLITA
MUY BUENA DE TUZOS Y SE LA QUISIERA DEDIKAR
A LA PERSONA Q A ROBADO MIS PENSAMIENTOS Y
A LA CUAL AMO CON TODA MI ALMA ES MI TODO
Y ESTO TE LA DEDIKO A TI ?JESSICA? MI BEBE TE AMOO
MUCHISISISISIMOOOOO AMOR NUNK LO OLVIDES

<span>Em</span>         <span>A</span>         <span>B</span>          <span>A</span>
Como un suspiro tu recuerdo me llego
<span>E</span>            <span>A</span>        <span>B</span>           <span>A</span>
Me encuentro solo entonando mi canción
<span>Em</span>      <span>A</span>           <span>B</span>              <span>A</span>
Como quisiera q estuvieras junto a mi
<span>Em</span>         <span>A</span>           <span>B</span>            <span>A</span>
Y esq al besarte yo me siento muy feliz
<span>Em</span>          <span>A</span>           <span>B</span>         <span>A</span>
Los días se pasan ya no se ni q hacer
<span>Em</span>        <span>A</span>           <span>B</span>            <span>A</span>
Sin tu presencia loko me voy a volver
<span>Em</span>       <span>A</span>         <span>B</span>           <span>A</span>
Toma tus cosas y vayamos al lugar
<span>Em</span>        <span>A</span>            <span>B</span>             <span>A</span>
Donde los sueños se convierten realidad
Coro:
<span>C#m</span>                   <span>B</span>
Si tu me quieres y yo te quiero también
<span>C#m</span>                   <span>B</span>
Ya no suframos por no podernos ni ver
<span>Em</span>      <span>A</span>          <span>B</span>           <span>A</span>
Dame tu mano y caminemos sin parar
<span>Em</span>          <span>A</span>          <span>B</span>             <span>A</span>
Siempre de frente no miremos nunca atrás
<span>Em</span>         <span>A</span>           <span>B</span>           <span>A</span>
La vida es corta yo la quiero para mi
<span>Em</span>         <span>A</span>           <span>B</span>           <span>A</span>
La vida es corta yo la quiero para ti  [x2]
<span>Em</span>        <span>A</span>            <span>B</span>            <span>A</span>
Son tus palabras  tu deseo y tu decisión
<span>Em</span>      <span>A</span>             <span>B</span>           <span>A</span>
En q acabemos siempre juntos tu y yo
<span>Em</span>       <span>A</span>             <span>B</span>               <span>A</span>
La luna brilla y mediante empieza a llegar
<span>Em</span>        <span>A</span>              <span>B</span>        <span>A</span>
Como te extraño y siempre cada dia mas
CORO:
Si tu me quieres y yo te quiero tambn
Ya no suframos por no podernos?.etc  [x2]
<span>Em</span>        <span>A</span>          <span>B</span>         <span>A</span>
Huuuuu    huuuuu     huuuuu    huuuuu

BUENO BANDITA PS RECTIFIQUENLAY PS ESPERO Y LES
HAYA LATIDO ESTA CANCIONCITA CUALQUIERO DUDA O
COMENTARIO A MI CORREO leamsi_chiva@
O AL DE MIS COMPAS gared109@ Y
  toma2.i@
