%%%% rating:None %%%%
%%%% artist:Tus Locas Razones Tabs %%%%
%%%% url:http://tabs.ultimate-guitar.com/t/tus_locas_razones/tu_controlas_tu_destino_ver2_crd.htm %%%%
%%%% title:Tu Controlas Tu Destino (ver 2) Chords %%%%
%%%% comments:[] %%%%
%%%% difficulty:None %%%%
%%%% provider:ultimate-guitar %%%%
%%%% contributor:None %%%%
%%%% type:Chords %%%%
%%%% Tab:<i></i>       <span>A</span>             <span>B</span>
Por que la vida es irreal,
                  <span>C#m</span>
y piensas que todo va mal.
      <span>A</span>            <span>B</span>
La injusticia y soledad

                <span>C#m</span>
son cosas que se pueden evitar.
    .
           <span>A5</span>-<span>A5</span>   <span>A5</span>-<span>A5</span>
Por eso hoy, (por eso hoy)

<span>B5</span>-<span>B5</span>(x2)   -  <span>C5</span>-<span>C5</span>(x2)
te voy a contar.

           <span>A5</span>-<span>A5</span>   <span>A5</span>-<span>A5</span>
Lo que en verdad, (lo que en verdad)
<span>B5</span> -<span>B5</span>(x2)   <span>C5</span>-<span>C5</span>(x2)
quieres escuchar.

<span>A5</span>                  <span>B5</span>
Pero este cuento se acabó

                      <span>C5</span>
abre los ojos y estarás mejor.

<span>A5</span>      <span>B5</span>
Y así, verás

<span>C5</span>
que no estás tan mal.

<span>E5</span>
Si te caes te volverás a levantar.

<span>A5</span>
Mira al cielo y te darás cuenta que...

<span>C5</span>             <span>B5</span>
Alguien vendrá, te sacará de ahí.

<span>A5</span>
Tu controlas tu destino.
Si la vida te cierra una puerta más,
no te rindas siempre te van a ayudar.
Y esque no hay, tiempo para llorar.
Tu Controlas tu destino.

Pasan los días sin pensar,
te queda mucho por vivir.
Esta lucha no es vano
tu decides ser feliz

Por eso hoy, (por eso hoy)
te voy a contar.
Lo que en verdad, (lo que en verdad)
quieres escuchar.

Y en el espejo mirate
sonríe un poco y libérate.

Y así, verás,
cual es tu realidad.

Si te caes te volverás a levantar.
Mira al cielo y te darás cuenta que...
Alguien vendrá, te sacará de ahí.
Tu controlas tu destino.
Si la vida te cierra una puerta más,
no te rindas siempre te van a ayudar.
Y esque no hay, tiempo para llorar.
Tu Controlas tu destino.
