%%%% rating:None %%%%
%%%% artist:Turf Tabs %%%%
%%%% url:http://tabs.ultimate-guitar.com/t/turf/piolines_crd.htm %%%%
%%%% title:Piolines Chords %%%%
%%%% comments:[] %%%%
%%%% difficulty:None %%%%
%%%% provider:ultimate-guitar %%%%
%%%% contributor:None %%%%
%%%% type:Chords %%%%
%%%% Tab:<i></i>Interprete: TURF
Titulo: PIOLINES
Album: SIEMPRE LIBRE
Transcripción: Marcelo Villar (Río Cuarto, Córdoba)


ACORDES:  A     577655  (002220)  
          D     557775  (000232)
          Dm    557765  (000211)...tambien se puede tocar con Dm7 (557565)    
          Dmb   446654       
          Am    577555  (002210)
          Db    446664  
          E     012200  
          F     133211    
          G     355433  (320003)
          Ab    466544  

INTRODUCCIÓN:
             
    <span>A</span>                       <span>D</span>           <span>Dm</span>
1|--------0-----------0-----------2-----------1-----------
2|------2---2-------2---2-------3---3-------3-------------
3|----2-------2---2-------2---2-------2---2---------------
4|--2-----------2-----------0-----------0-----------------
5|--------------------------------------------------------
6|--------------------------------------------------------

(la primer estrofa es con arpejios en estas notas, con cejilla 
 es igual pero se comienza el arpejio desde la 5ta cuerda)


<span>A</span>
Días, semanas, y meses, y años 
   <span>D</span>                       <span>Dm</span> 
tenemos delante para conquistar
<span>A</span>
pueblos, ciudades, océanos, mares. 
     <span>D</span>                   <span>Dm</span>
El cielo quizás podamos tocar.

<span>A</span>                        <span>D</span>         <span>Dm</span>
Oh, mi amor...¡Como quisiera estar
    <span>A</span>           <span>D</span>      <span>Dm</span>
cerca de Dios!
<span>A</span>                    <span>D</span>         <span>Dm</span>    
Respirar el aire que al entrar
   <span>A</span>            <span>D</span>     <span>Dm</span>        <span>A</span>  
estalla en vos     y ya está en mí. 


<span>A</span>
No es donde estés
<span>C#</span>
sino donde quieras ir,
<span>D</span>
la visión fugaz
<span>Dm</span>
que nos guía donde ir


<span>A</span>        <span>Am</span>              <span>D</span>        <span>Dm</span>
Oh, mi amor...¡Como quisiera estar
    <span>A</span>        <span>Am</span>   <span>D</span>   <span>Dm</span>
cerca de vos.
<span>A</span>      <span>Am</span>            <span>D</span>        <span>Dm</span>
Respirar el aire que al entrar
         
en vos y ya... 


           <span>A</span>       <span>Db</span> 
No sé porqué imaginé
                <span>D</span>
que estábamos unidos
              <span>Dm</span>
y me sentí mejor.
             <span>A</span>                  <span>Db</span>
Pero aquí estoy tan solo en la vida
       <span>D</span>   
que mejor me voy.


<span>E</span>            <span>F</span> 
Voy a dejar, adonde estén,
<span>G</span>                    <span>Ab</span>             <span>A</span>     <span>Am</span> 
todas las cosas que no necesito llevar.
       <span>D</span> <span>Dm</span>    <span>A</span>   <span>Am</span>     <span>D</span>   <span>Dm7</span>
Si no hay       adonde llegar.
<span>A</span>             <span>Am</span>       <span>D</span>   <span>Dm7</span>
Nada más que ver y sentir.
<span>A</span>      <span>Am</span>    <span>D</span>   <span>Dm</span>
¿A dónde llegar?


Cualquier duda, consulta o sugerencia: marcelovillar@
