%%%% rating:None %%%%
%%%% artist:Sylwia Grzeszczak Tabs %%%%
%%%% url:http://tabs.ultimate-guitar.com/s/sylwia_grzeszczak/male_rzeczy_crd.htm %%%%
%%%% title:Male Rzeczy Chords %%%%
%%%% comments:[u'<p class="mtop5">Dzi\u0119kuje bardzo, to piosenka pi\u0119kna! Akordy s\u0105 niemal ca\u0142kowicie idealny, s\u0142ysz\u0119 </p>'] %%%%
%%%% difficulty:None %%%%
%%%% provider:ultimate-guitar %%%%
%%%% contributor:None %%%%
%%%% type:Chords %%%%
%%%% Tab:<i></i><span>G</span>                            <span>D</span>
1. Żadne z nas już nie pamięta, jak beztrosko biegły dni.
<span>E</span>                         <span>C</span>
Wiele nam nie było trzeba ja i ty, i długo nic.
<span>G</span>                      <span>D</span>
Nie zadawaliśmy pytań, nie prowadziliśmy gier,
<span>E</span>                          <span>C</span>
dziś kalkulujemy wszystko, nie ma w tym szaleństwa, wiem.
<span>A</span>
Co z tym możemy zrobić ?

      <span>G</span>                            <span>D</span>
Ref.: Budujemy nasz dom na piasku, cena nie gra roli dziś,
<span>E</span>                          <span>C</span>
kupiliśmy prawie wszystko, ale wciąż nie mamy nic.
<span>G</span>                           <span>D</span>
Chce pozbierać znowu myśli, słyszeć bicie naszych serc,
<span>E</span>                              <span>C</span>
widzieć, ile szczęścia w sobie kryje każda mała rzecz.

<span>G</span>                    <span>D</span>                  <span>E</span>                    <span>C</span>
Cieszmy się z małych rzeczy, bo wzór na szczęście w nich zapisany jest. /x2


2. Między nami znów zaiskrzy,
odnajdziemy blask i wdzięk
zakończymy smutny shopping
sztucznych, galerianych szczęść.
I będzie jak dawniej,
przestańmy się śpieszyć,
zacznijmy od nowa
od tych małych rzeczy. 

      <span>G</span>                            <span>D</span>
Ref.: Budujemy nasz dom na piasku, cena nie gra roli dziś,
<span>E</span>                          <span>C</span>
kupiliśmy prawie wszystko, ale wciąż nie mamy nic.
<span>G</span>                           <span>D</span>
Chce pozbierać znowu myśli, słyszeć bicie naszych serc,
<span>E</span>                              <span>C</span>
widzieć, ile szczęścia w sobie kryje każda mała rzecz.

<span>G</span>                    <span>D</span>                  <span>E</span>                    <span>C</span>
Cieszmy się z małych rzeczy, bo wzór na szczęście w nich zapisany jest. /x2

3.I będzie jak dawniej,
przestańmy się spieszyć,
zacznijmy od nowa, od tych małych rzeczy.
I będzie jak dawniej,
przestańmy się spieszyć,
zacznijmy od nowa, od tych małych rzeczy.

      <span>G</span>                            <span>D</span>
Ref.: Budujemy nasz dom na piasku, cena nie gra roli dziś,
<span>E</span>                          <span>C</span>
kupiliśmy prawie wszystko, ale wciąż nie mamy nic.
<span>G</span>                           <span>D</span>
Chce pozbierać znowu myśli, słyszeć bicie naszych serc,
<span>E</span>                              <span>C</span>
widzieć, ile szczęścia w sobie kryje każda mała rzecz.

<span>G</span>                    <span>D</span>                  <span>E</span>                    <span>C</span>
Cieszmy się z małych rzeczy, bo wzór na szczęście w nich zapisany jest. /x3
E
