%%%% rating:None %%%%
%%%% artist:Turell Francis Tabs %%%%
%%%% url:http://tabs.ultimate-guitar.com/t/turell_francis/the_medow_tab.htm %%%%
%%%% title:The Medow Tab %%%%
%%%% comments:[] %%%%
%%%% difficulty:
                                    intermediate                                 %%%%
%%%% provider:ultimate-guitar %%%%
%%%% contributor:
                                     %%%%
%%%% type:Tabs %%%%
%%%% Tab:<i></i>-------------------------------------------------------------------------------
                             The Medow (Instrumental) - Turell Francis
-------------------------------------------------------------------------------
Tuning: Eb Standard
Capo: 3rd

A                        x2  
e|-----------------------|
B|---0---1---3---5--3--1-|
G|-----------------------|
D|--0---0---0---0--------|
A|-----------------------|
E|-3---3---3---3---3--3--|

B
e|--5--3--2--3--2--0--0--------|
B|-----------------------3--1--|
G|-----------------------------|
D|-----------------------------|
A|-----------------------------|
E|-3--3--3--3--3--3--3--3--3---|

C
e|---------------------------------|
B|---3--3--3-3-3-3--3--3--3-3-3-0--|
G|-----0--0--------0--0--0---------|
D|--4-2--0--------4--2--0----------|
A|----------3-2-3----------3-2-0---|
E|-0-------------------------------|

D                                  
e|-------------------------------------------------------------------|   
B|---1--0-0--1--0-0--3--3-3--3--3-3--3--3-3--3--3-3--3--3-3--3--3-3--|    
G|-------------------------------------------------------------------|    
D|--0--0-0--0--0-0--0--0-0--0--0-0--0--0-0--0--0-0--0--0-0--0--0-0---|  
A|-------------------------------------------------------------------| 
E|-3--3----3--3----0--0----0--0----2--2----2--2----3--3----3--3------| 

Play A, B, C, And D Again

E
e|--0---------------0----------------|
B|----3-1-0-------0---3-1-0----------|
G|----------2-0-2-----------2-0-2-0--|
D|-----------------------------------|
A|-----------------------------------|
E|-3-3-3-3-3-3-3-3-3-3-3-3-3-3-3-3---|

F
e|-------------------------------------------------------------------------3--|
B|----0--0-0--0--0-0--0--0-0--0--0-0--0--0-0--0--0-0--0--0-0---0----------3---|
G|------------------------------------------------------------0-----0----0----|
D|---0--0-0--0--0-0--0--0-0--0--0-0--0--0-0--0--0-0--0--0-0--2--2p0-----0-----|
A|-----------------------------------------------------------------0---2------|
E|--3--3----3--3----5--5----5--5----7--7----7--7----8--8----5---------3-------|

SO THE ORDER OF EACH PART
A-Intro
A\
B/ Verse 1
C-Pre-Chorus
D-Chorus
A\
B/Verse 2
C-Pre-Chorus
D-Chorus
E-Bridge
F-Outro
************************************
| p   pull-off
************************************
