%%%% rating:r_5 %%%%
%%%% artist:Turtles Tabs %%%%
%%%% url:http://tabs.ultimate-guitar.com/t/turtles/elenore_ver3_crd.htm %%%%
%%%% title:Elenore (ver 3) Chords %%%%
%%%% comments:[u'<p class="mtop5">sounds good thank you for sharing</p>', u'<p class="mtop5">Great! As always.! KK.</p>'] %%%%
%%%% difficulty:
                                    intermediate                                 %%%%
%%%% provider:ultimate-guitar %%%%
%%%% contributor:
                                     %%%%
%%%% type:Chords %%%%
%%%% Tab:<i></i>#-------------------------------PLEASE NOTE-------------------------------------#
# This file is the author's own work and represents their interpretation of the #
# song. You may only use this file for private study, scholarship, or research. #
#-------------------------------------------------------------------------------#
Elenore chords
The Turtles *

<span>Em</span>
You got a thing about you
<span>Am</span>
I just can't live without you
<span>B7</span>                        <span>Em</span>     <span>C</span> <span>B7</span>
I really want you Elenore near me
<span>Em</span>
Your looks intoxicate me
<span>Am</span>
Even though your folks hate me
<span>B7</span>                              <span>Em</span>    <span>B7</span>
There's no one like you Elenore really

<span>E</span>                          <span>G#m</span>
Elenore gee I think you're swell
                     <span>A</span>
And you really do me well
          <span>E</span>                <span>B7</span>
You're my pride and joy et cetera
<span>F#m</span>                    <span>F#m7</span>
Elenore can I take the time
                         <span>B7</span>
To ask you to speak your mind
                         <span>E</span>    <span>B7</span>
Tell me that you love me better

<span>Em</span>
I really think you're groovy
<span>Am</span>
Let's go out to a movie
<span>B7</span>                          <span>Em</span>     <span>C</span> <span>B7</span>
What do ya say now, Elenore can we?
<span>Em</span>
They'll turn the lights way down low
<span>Am</span>
Maybe we won't watch the show
<span>B7</span>                           <span>Em</span>     <span>B7</span>
I think I love you, Elenore, love me

<span>E</span>                          <span>G#m</span>
Elenore gee I think you're swell
                     <span>A</span>
And you really do me well
          <span>E</span>                <span>B7</span>
You're my pride and joy et cetera
<span>F#m</span>                    <span>F#m7</span>
Elenore can I take the time
                         <span>B7</span>
To ask you to speak your mind
                         <span>E</span>    <span>B7</span>
Tell me that you love me better

One more time!

<span>E</span>                           <span>G#m</span>       <span>B7</span> 
Elenore, gee I think you're swell, ah-hah
<span>E</span>                           <span>G#m</span>       <span>B7</span>  <span>E</span>
Elenore, gee I think you're swell, ah-hah-hah

* Alternate:

Capo II

<span>Em</span>   = <span>Dm</span>
<span>Am</span>   = <span>Gm</span>
<span>B7</span>   = <span>A7</span>
<span>C</span>    = <span>Bb</span>
<span>E</span>    = <span>D</span>
<span>G#m</span>  = <span>F#m</span>
<span>A</span>    = <span>G</span>
<span>F#m</span>  = <span>Em</span>
<span>F#m7</span> = <span>Em7</span>


Set8

