%%%% rating:r_4 %%%%
%%%% artist:Turin Brakes Tabs %%%%
%%%% url:http://tabs.ultimate-guitar.com/t/turin_brakes/pain_killer_ver2_tab.htm %%%%
%%%% title:Pain Killer (ver 2) Tab %%%%
%%%% comments:[u'<p class="mtop5">dude, f@$%ing wicked tab ... wicked song too.</p>', u'<p class="mtop5">well done. sounds great</p>', u'<p class="mtop5">The \'A\' in the chorus is a C#m</p>'] %%%%
%%%% difficulty:None %%%%
%%%% provider:ultimate-guitar %%%%
%%%% contributor:
                                     %%%%
%%%% type:Tabs %%%%
%%%% Tab:<i></i>I've been looking through the tabs, all of them don't sound right.
This is the correct tab (or I think it is). Please rate it.

Stardard tuning

x = mute
p = pull off


Intro:
======

[guitar 1]
e------------------------------------------
B-----------------5------------------------
G-----------6-----6--------4------4p2------
D--------7-----7--7--------5---------------
A-----7-------------------------5----------
E------------------------------------------

                                                 x6 times
[guitar 2]
e----5-5-5-5-5--x-x-x-x--3--3-3------------
B----5-5-5-5-5--x-x-x-x--3--3-3------------
G----6-6-6-6-6--x-x-x-x--4--4-4------------
D----7-7-7-7-7--x-x-x-x--5--5-5------------
A----7-7-7-7-7--x-x-x-x--5--5-5------------
E----5-5-5-5-5--x-x-x-x--3--3-3------------



Verse:
======

[guitar 1 & 2]

e----5-5-5-5-5--x-x-x-x--3--3-3------------
B----5-5-5-5-5--x-x-x-x--3--3-3------------
G----6-6-6-6-6--x-x-x-x--4--4-4------------
D----7-7-7-7-7--x-x-x-x--5--5-5------------    repeat as neccesery
A----7-7-7-7-7--x-x-x-x--5--5-5------------
E----5-5-5-5-5--x-x-x-x--3--3-3------------



Chorus:
=======

[guitar 1 & 2]

e----0-------0-------2------0--------------
B----0-------2-------3------3--------------
G----1-------2-------2------2--------------
D----2-------2-------0------0--------------    repeat as neccesery
A----2-------0-----------------------------
E----0-------------------------------------

Solo:
=====

e-------------------------------------------------------------------
B-----------------------------------------13------------------------
G-----14-14---12--12----------------14--14---14--12-12-12-12--------
D--------------------14-12-----------------------------------14-----
A-------------------------------------------------------------------
E-------------------------------------------------------------------

e
B-----------13------------------------------------------------------
G----14--14----12---------------------------------------------------
D-----------------14-13--12-14-14-12--------------------------------
A------------------------------------14-12--------12-12-------------
E------------------------------------------14-12--------------------


Lyrics:
=======

Batten up the hatches, here comes the cold
I can feel it creeping, its making me old
You give me so much love that it blows my brains out

You need something better than the bacon and eggs
The creaking in the walls and the banging in the bed
You give me so much love that it blows my brains out

Summer rain, dripping on your face again
Summer rain, praying someone feels the same
Take the pain killer , cycle on your bicycle
Leave all these misery behind

(repeat intro 4 times)
 _                                               _
|    My love giving me head                       |
|    Feeling very guilty, breaking the bread      |  play with intro riff
|_   Losing my attention, taking the world on    _|

So batten up the hatches, here comes the cold
I can feel it creeping, its making me old
You give me so much love that it blows my brains out

Summer rain, dripping on your face again
Summer rain, praying someone feels the same
Take the pain killer , cycle on your bicycle
Leave all these misery behind

(Solo)

 _                                          _
|_ My love, my love, my love, my love.....  _|  play verse without mute


Summer rain, dripping on your face again
Summer rain, praying someone feels the same
Take the pain killer , cycle on your bicycle
Leave all these misery behind

Summer rain, dripping on your face again
Summer rain, praying someone feels the same
Take the pain killer , cycle on your bicycle
Leave all these misery behind

Leave all these misery behind
Leave all these misery behind
Leave all these misery behind
Leave all these misery behind
