%%%% rating:None %%%%
%%%% artist:Snuff Tabs %%%%
%%%% url:http://tabs.ultimate-guitar.com/s/snuff/slipt_tab.htm %%%%
%%%% title:Slipt Tab %%%%
%%%% comments:[] %%%%
%%%% difficulty:None %%%%
%%%% provider:ultimate-guitar %%%%
%%%% contributor:
                                     %%%%
%%%% type:Tabs %%%%
%%%% Tab:<i></i>-------------------------------------------------------------------------------
                             SLIPT - SNUFF
-------------------------------------------------------------------------------
Tabbed by:Pauly Person
Email:Philtrum69@hotmail.com


Well having a quick listen to the song, i think i have come up with a fairly accurate version.
 The chorus to me sounds like octave chords so i have tabbed what i think
is being played, it sounds ok to me when i play along with the original.


Tuning: Standard (E,A,D,G,B,E)

Verse
e|---------------------------------------------------------------------------|
B|---------------------5-----------------------------------------------------|
G|---2--------4--------6-------4---------------------------------------------|
D|---4--------4--------6-------4---------------------------------------------|
A|---4--------2--------4-------2---------------------------------------------|
E|---2-----------------------------------------------------------------------|
                                      (Repeat)

chorus (gtr 1)
e|---------------------------------------------------------------------------|
B|-------------------------5-------------------------------------------------|
G|----9---------8----------6---------6---------------------------------------|
D|----9---------9----------6---------7---------------------------------------|
A|----7---------9----------4---------7---------------------------------------|
E|--------------7--------------------5---------------------------------------|
    you know...lost.......world......point  (repeat)

chorus (gtr 2)
e|-----------------------------------------------------------------------------|
B|-----------------------------------------------------------------------------|
G|---16-----14-----13----11----------------------------14-----------11---------|
D|-----------------------------------------------------------------------------|
A|---14-----12-----11-----9----------last bar end with-12---- NOT----9---------|
E|-----------------------------------------------------------------------------|

Bridge part
e|-------------------------------------------------------------------------------|
B|---------------------------------4h5p4-----------------------------------------|
G|-------------4--------------------------6--------------------------------------|
D|----4--------4-------6--6----6------------6------------------------------------|
A|----4--------2-------4--4----4-------------------------------------------------|
E|----2--------------------------------------------------------------------------|
        palm mute----------------------------------------------------------------|

| /  slide up
| \  slide down
| h  hammer-on
| p  pull-off
| ~  vibrato
| +  harmonic
| x  Mute note
===============================================================================
