%%%% rating:None %%%%
%%%% artist:Smash Tabs %%%%
%%%% url:http://tabs.ultimate-guitar.com/s/smash/bittersweet_symphony_ukulele_crd.htm %%%%
%%%% title:Bittersweet Symphony Ukulele Chords %%%%
%%%% comments:[] %%%%
%%%% difficulty:None %%%%
%%%% provider:ultimate-guitar %%%%
%%%% contributor:
                                    intermediate                                 %%%%
%%%% type:Ukulele %%%%
%%%% Tab:<i></i>This is the version of Bittersweet Symphony sung by Megan Hilty which was played on the
TV show SMASH. This is probably my favorite cover of the song so I decided to figure out
the chords for it. This is my first time but I’m about 90% certain that this is correct 
(I have a good ear lol). If Bm7 is a struggle Bm works fine as well. Good luck and enjoy =]

Capo on 4th fret.

Intro: <span>D</span>   <span>Asus</span>| <span>Am7</span>   <span>D</span>|

              <span>D</span>     <span>Am7</span>   <span>Am7</span>   <span>D</span>        <span>D</span>    <span>Am7</span> <span>Am7</span> <span>D</span>
'Cause it's a bittersweet symphony, this life
       <span>D</span>         <span>Am7</span>
Try to make ends meet
         <span>Am7</span>      <span>D</span>             <span>D</span>    <span>Am7</span> <span>Am7</span> <span>D</span>
You're a slave to money then you die
              <span>D</span>        <span>Am7</span>  <span>Am7</span>       <span>D</span>         <span>D</span>    <span>Am7</span> <span>Am7</span> <span>D</span>
I'll take you down the only road I've ever been down
             <span>D</span>        <span>Am7</span>              <span>Am7</span>
You know the one that takes you to the places
      <span>D</span>             <span>D</span>         <span>Am7</span> <span>Am7</span> <span>D</span>
where all the veins meet yeah,

<span>D</span>                <span>Am7</span>
No change, I can change
      <span>Am7</span>           <span>D</span>
I can change, I can change
        <span>D</span>          <span>Am7</span>
But I'm here in my mold
     <span>Am7</span>        <span>D</span>
I am here in my mold
          <span>D</span>                  <span>Am7</span>
But I'm a million different people
     <span>Am7</span>            <span>D</span>
from one day to the next
        <span>D</span>
I can't change my mold
<span>Am7</span>     <span>Am7</span>     <span>D</span>
No, no, no, no, no

<span>D</span>    <span>Am7</span>|  <span>Am7</span>   <span>D</span>| x1

       <span>D</span>     <span>Am7</span>
Well I never pray
      <span>Am7</span>       <span>D</span>     <span>D</span>                <span>Am7</span> <span>Am7</span> <span>D</span>
But tonight I'm on my knees yeah
          <span>D</span>         <span>Am7</span>                <span>Am7</span>          <span>D</span>       <span>D</span>        <span>Am7</span> <span>Am7</span> <span>D</span>
I need to hear some sounds that recognize the pain in me, yeah
          <span>D</span>        <span>Am7</span>         <span>Am7</span>       <span>D</span>          <span>D</span>       <span>Am7</span> <span>Am7</span> <span>D</span>
I let the melody shine, let it cleanse my mind, I feel free now
         <span>D</span>          <span>Am7</span>                      <span>Am7</span>    <span>D</span>                <span>D</span>      <span>Am7</span> <span>Am7</span> <span>D</span>
But the airways are clean and there's nobody singing to me now
<span>D</span>     <span>Am7</span> <span>Am7</span> <span>D</span>
now

<span>D</span>                <span>Am7</span>
No change, I can change
      <span>Am7</span>           <span>D</span>
I can change, I can change
        <span>D</span>          <span>Am7</span>
But I'm here in my mold
     <span>Am7</span>        <span>D</span>
I am here in my mold
          <span>D</span>                 <span>Am7</span>
But I'm a million different people
     <span>Am7</span>            <span>D</span>
from one day to the next
        <span>D</span>
I can't change my mold
<span>Am7</span>     <span>Am7</span>     <span>D</span>
No, no, no, no, no

              <span>D</span>     <span>Am7</span>   <span>Am7</span>   <span>D</span>     <span>D</span>     <span>Am7</span> <span>Am7</span> <span>D</span>
'Cause it's a bittersweet symphony, this life
       <span>D</span>         <span>Am7</span>
Try to make ends meet
         <span>Am7</span>      <span>D</span>             <span>D</span>
You're a slave to money then you die
