%%%% rating:r_2 %%%%
%%%% artist:Turisas Tabs %%%%
%%%% url:http://tabs.ultimate-guitar.com/t/turisas/cursed_be_iron_tab.htm %%%%
%%%% title:Cursed Be Iron Tab %%%%
%%%% comments:[u'<p class="mtop5">Its very easy to read, especially with the timing put in!<br>But when I tried to play it, it didnt sound quite right.</p>', u'<p class="mtop5">yeah i think its a bit more complicated. also just to let you know turisas play in DADGBE i\'ve seen them live and thats how they do it. maybe i\'m blind but im pretty sure. it\'s a good tab it gives a good basis of the song.</p>', u'<p class="mtop5">sounds like shit</p>'] %%%%
%%%% difficulty:
                                    intermediate                                 %%%%
%%%% provider:ultimate-guitar %%%%
%%%% contributor:
                                     %%%%
%%%% type:Tabs %%%%
%%%% Tab:<i></i>                   Artist: Turisas
                   Song: Cursed Be Iron
                  Album:The Vargarian Way
                Posted By Chris Povey (metallica-best@hotmail.co.uk)
                Copyright 2007 All Rights Reserved.

Keys:
/- Slide Up
X- How Many Times Played
PM- Palm Mute
BU- Bend Up


Intro- Thunder Can Be Heard, Soon A Blacksmiths Hammer Joins In.


This Riff Can Be Heard Throughout Song- Use High Distortion   0:08

e|--------------------------------------------------------------------------|
b|--------------------------------------------------------------------------|
g|--------------------------------------------------------------------------|
d|-7--7--5--7--5-/-7--------------------------------------------------------|
a|-5--5--3--5--3-/-5---7---7--5--7--5-/--7----------------------------------|
D|---------------------5---5--3--5--3-/--5-------------X2-------------------|

In Comes Vocals Only Accordian plays


Pick Slide///////////////////////////////////////////////////////////// 1:19


Main Riff Plays Again                                               1:21
e|--------------------------------------------------------------------------|
b|--------------------------------------------------------------------------|
g|--------------------------------------------------------------------------|
d|-7--7--5--7--5-/-7--------------------------------------------------------|
a|-5--5--3--5--3-/-5---7---7--5--7--5-/--7----------------------------------|
D|---------------------5---5--3--5--3-/--5--------------X4------------------|


More Vocals


This Small Riff kicks In.                                           3:32
e|--------------------------------------------------------------------------|
b|--------------------------------------------------------------------------|
g|--------------------------------------------------------------------------|
d|--------------------------------------------------------------------------|
a|-------5--5--------4--4---------3-3---------2-----------------------------|
D|--5-5---------4-4----------3-3--------2-2-------------X1------------------|

This Fill-In Starts                                                 3:34
e|--------------------------------------------------------------------------|
b|--------------------------------------------------------------------------|
g|--------------------------------------------------------------------------|
d|--7--------7---------7----/--14----7--------------------------------------|
a|--5-BU-----5--BU-----5--BU/--12----5-BU-----------------------------------|
D|----------------------------------------------X2--------------------------|

Some Palm Muting Starts                                              3:51
e|--------------------------------------------------------------------------|
b|--------------------------------------------------------------------------|
g|--------------------------------------------------------------------------|
d|--------------------------------------------------------------------------|
a|--------------------------------------------------------------------------|
D|---3--3---3----3---3------3-----3---3-------3---------3-----3-----3--X2---|

e|--------------------------------------------------------------------------|
b|--------------------------------------------------------------------------|
g|--------------------------------------------------------------------------|
d|-7--7--5--7--5-/-7--------------------------------------------------------|
a|-5--5--3--5--3-/-5---7---7--5--7--5-/--7----------------------------------|
D|---------------------5---5--3--5--3-/--5--------------X4------------------|

Black smith comes in Hammer to keep up beat with original riff


e|--------------------------------------------------------------------------|
b|--------------------------------------------------------------------------|
g|--------------------------------------------------------------------------|
d|-7--7--5--7--5-/-7--------------------------------------------------------|
a|-5--5--3--5--3-/-5---7---7--5--7--5-/--7----------------------------------|
D|---------------------5---5--3--5--3-/--5--------------X1------------------|
