%%%% rating:None %%%%
%%%% artist:Smithereens Tabs %%%%
%%%% url:http://tabs.ultimate-guitar.com/s/smithereens/in_a_lonely_place_btab.htm %%%%
%%%% title:In A Lonely Place Bass Tab %%%%
%%%% comments:[u'<p class="mtop5">This is Tyner.<br><br>I like to add one more instruction to the legend.. The L instructs the player to "Let Ring" the previous note.</p>'] %%%%
%%%% difficulty:None %%%%
%%%% provider:ultimate-guitar %%%%
%%%% contributor:
                                     %%%%
%%%% type:Bass Tabs %%%%
%%%% Tab:<i></i>                In A Lonely Place 
                  (Bass Cheat)                          


                 Smithereens (The)



     W                   H.           E  E       E  Q    Q    Q    E   
G||-------------------|---------------------||---8--------------------|
D||-------------------|------------------8--||*-----8-----------------|
A||-------------------|---------------------||*----------9----6-------|
E||-------------------|---------------------||---------------------6--|


  E  E  Q    Q.     E     E  E  E  H        E     H        Q.     E     
-----------------------|-----------------------|----------------------||
--------6-----------L--|--6--------------------|------------------8--*||
-----6-----------------|-----6-----------------|---------------------*||
--9--------------------|--------7--4--------4--|--6--------L----------||


  E  E  E  Q.     E  E     E  H.           E       H        Q.     E   
------------------------|---------------------||----------------------|
--6---------------------|---------------------||*---------------------|
-----6------------------|---------------------||*---------------------|
--------7--4------L--4--|--6--L------------6--||---7--------L------7--|


  H        Q.     E     H        Q.     E     H        Q.     E   
---------------------|---------------------|---------------------|
---------------------|---------------------|---------------------|
---------------------|---------------------|---------------------|
--9--------L------9--|--7--------L------7--|--6--------L------6--|


  H        Q.     E     H        Q.     E     H        H         
---------------------|---------------------|--------------------|
---------------------|---------------------|--------------------|
---------------------|---------------------|--6-----------------|
--7--------L------7--|--9--------L------9--|--------------------|


  H.           E  E       Q.     Q.     Q       W                  
----------------------||---------------------|-------------------||
---------------------*||--8------6-----------|-------------------||
---------------L-----*||----------------9----|--8----------------||
------------------6---||---------------------|-------------------||




Duration Legend
---------------
W - whole
H - half
Q - quarter
E - 8th
S - 16th
T - 32nd
X - 64th
. - note dotted
|-n-|  - n-tuplets
