%%%% rating:r_5 %%%%
%%%% artist:Turin Brakes Tabs %%%%
%%%% url:http://tabs.ultimate-guitar.com/t/turin_brakes/rain_city_tab.htm %%%%
%%%% title:Rain City Tab %%%%
%%%% comments:[u'<p class="mtop5">Thank you, baby...<br><br>I love you, Jake ;)<br><br>"Oh, my love, I can\'t let you go..."</p>', u'<p class="mtop5">How do you do the strumming?</p>'] %%%%
%%%% difficulty:None %%%%
%%%% provider:ultimate-guitar %%%%
%%%% contributor:
                                     %%%%
%%%% type:Tabs %%%%
%%%% Tab:<i></i>   This is my girlfriend's favourite song (not to mention favourite band)so I
thought I'd learn it to make me look sexy and make her happy haha. It's a fairly
simple song once you get the strumming pattern down. It helps to play along with
the music. This song is probably my favourite from Turin Brakes as well and since
no one had tabbed it I thought I'd give it a shot. Love you Rhea, this one's for
you bazebey.

h   - hammer on
p   - pull off
\\  - slide down
//  - slide up
b   - bend
~~  - vibrato
 - natural harmonic
*   - let ring

 Tips: Try and stress on the notes played on the G String, they really carry the tune...

Order: Intro
       Verse
       Chorus
       Verse
       Chorus
       Bridge
       Outro


Intro: 0:08 strum softly (Below is a rough strumming pattern)

Guitar I

e------------------------------------|--------------------------|
B------------------------------------|--------------------------|
G--10---10-10-10-10-10--10-10-10-10--|--8---8-8-8-8-8--8-8-8-8--|
D--11---11-11-11-11-11--11-11-11-11--|--9---9-9-9-9-9--9-9-9-9--|
A--11---11-11-11-11-11--11-11-11-11--|--9---9-9-9-9-9--9-9-9-9--|
E--9----9--9--9--9--9---9--9--9--9---|--7---7-7-7-7-7--7-7-7-7--|

|--------------------------|--------------------------|
|--------------------------|--------------------------|
|--3---3-3-3-3-3--3-3-3-3--|--6---6-6-6-6-6--6-6-6-6--|
|--4---4-4-4-4-4--4-4-4-4--|--6---6-6-6-6-6--6-6-6-6--| x2
|--4---4-4-4-4-4--4-4-4-4--|--4---4-4-4-4-4--4-4-4-4--|
|--2---2-2-2-2-2--2-2-1-2--|--4---4-4-4-4-4--4-4-4-4--|

Guitar II (Finger picked very softly over the chords from Guitar I)

e----------------------------------------|
B----------------------------------------|
G----------------------------------------|  
D----------------------------------------|  x2 
A------------4---------------------------|
E--9~~--9\---4--7~~--7-9-7-6~--6-1-2/9*--|
   

Verse: 0:28 "Open my eyes, had a dream last night..."

Guitar I

e------------------------------------|--------------------------|
B------------------------------------|--------------------------|
G--10---10-10-10-10-10--10-10-10-10--|--8---8-8-8-8-8--8-8-8-8--|
D--11---11-11-11-11-11--11-11-11-11--|--9---9-9-9-9-9--9-9-9-9--|
A--11---11-11-11-11-11--11-11-11-11--|--9---9-9-9-9-9--9-9-9-9--|
E--9----9--9--9--9--9---9--9--9--9---|--7---7-7-7-7-7--7-7-7-7--|

|--------------------------|--------------------------|
|--------------------------|--------------------------|
|--3---3-3-3-3-3--3-3-3-3--|--6---6-6-6-6-6--6-6-6-6--|
|--4---4-4-4-4-4--4-4-4-4--|--6---6-6-6-6-6--6-6-6-6--| x4
|--4---4-4-4-4-4--4-4-4-4--|--4---4-4-4-4-4--4-4-4-4--|
|--2---2-2-2-2-2--2-2-2-2--|--4---4-4-4-4-4--4-4-4-4--|

Guitar II (Finger picked very softly over the chords from Guitar I)

e----------------------------------------|
B----------------------------------------|
G----------------------------------------|  
D----------------------------------------|  x4 
A------------4---------------------------|
E--9~~--9\---4--7~~--7-9-7-6~--6-1-2/9*--|


Chorus: 1:10 "Oh my love I can't let go..." (Strum the last chord as many times
as neccisarry.)

e-----------------------------------------------------------
B-----------------------------------------------------------
G--3---3-3-3-3--5---5-5-5-5--6---6-6-6-6--3---3-3-3-3--10---
D--4---4-4-4-4--6---6-6-6-6--6---6-6-6-6--4---4-4-4-4--11---  x3
A--4---4-4-4-4--6---6-6-6-6--4---4-4-4-4--4---4-4-4-4--11---
E--2---2-2-2-2--4---4-4-4-4--4---4-4-4-4--2---2-2-2-2--9----
                                                           
(On the third time, strum the last chord until he sings "...at me," then read the
following instructions...)

Chorus Continued: 1:34 "...she laughs at me." (Strumming patterns aren't exact)

|---------------------------------|
|---------------------------------|
|--10---10-10-10-10--5---5-5-5-5--|
|--11---11-11-11-11--6---6-6-6-6--|
|--11---11-11-11-11--6---6-6-6-6--|
|--9----9--9--9--9---4---4-4-4-4--|
"...laaaaaauuuuuughs at me..."


Bridge: 2:59 "Almost too much..." (Not accurate strumming patterns)

e------------------------------------------------
B------------------------------------------------
G--2---2-2-2-2-2--5---5-5-5-5-5--8---8-8-8-8-8---
D--3---3-3-3-3-3--6---6-6-6-6-6--8---8-8-8-8-8--- x2
A--3---3-3-3-3-3--6---6-6-6-6-6--6---6-6-6-6-6---
E--1---1-1-1-1-1--4---4-4-4-4-4--6---6-6-6-6-6---

Bridge Continued: 3:26 "...it rains so slowly..." (This part begins when he
sings "slowly", once again strumming is not too accurate)

|------------------------------------------------
|------------------------------------------------
|--6---6-6-6-6-6--3---3-3-3-3-3--5---5-5-5-5-5---
|--6---6-6-6-6-6--4---4-4-4-4-4--6---6-6-6-6-6---
|--4---4-4-4-4-4--4---4-4-4-4-4--6---6-6-6-6-6---
|--4---4-4-4-4-4--2---2-2-2-2-2--4---4-4-4-4-4---
"...slowwwwwwwww  lyyyyy, in the cityyyyy,where I'm..."

|----------------------------|
|----------------------------|
|--10---10-10-10--8---8-8-8--|
|--11---11-11-11--9---9-9-9--| x2
|--11---11-11-11--9---9-9-9--|
|--9----9--9--9---7---7-7-7--|
"...from."


Outro: End On This Chord

e|------|
B|------|
G|--10--|
D|--11--|
A|--11--|
E|--9---| Let Ring

Lyrics:

Opened my eyes had a dream last night that both my arms were broken,
Evenin' time,
Help me now or hold me down, i feel my world is tumblin',
Spiral down,
Oh my love i can`t let go,
Somethings wrong i can`t let go,
Natures cruel she laughs at me,
As i make my way through the century,
As i slowly turn to house dust,
Tumblin' down,
The rain comes down like a victory,
In sheets of shinin' memory,
Over and over,
Circlin' around,
Over and over,
can`t let go,
Somethings wrong i can`t let go,
Natures cruel she laughs at me,
Almost too much for my heart,
When it rains,
Oh tears my soul apart,
When it rains it rains so slowly,
In the city where i'm from,
